{"EventSourceName":"Microsoft-Windows-Sysmon","Provider":"Microsoft-Windows-Sysmon","ProviderGuid":"{5770385f-c22a-43e0-bf4c-06f5698ffbd9}","Level":"4","Keywords":"0x8000000000000000","Channel":"Microsoft-Windows-Sysmon/Operational","Computer":"WORKSTATION6.mssentinel.local","TimeCreated":"2022-09-22T12:31:24.050Z","TimeGenerated":"2022-09-22T04:31:24.050Z","EventRecordID":"3328625","EventID":7,"Message":"Image loaded:\r\nRuleName: -\r\nUtcTime: 2022-09-22 16:31:24.039\r\nProcessGuid: {03bfca49-8dd2-632c-550d-000000000b00}\r\nProcessId: 12372\r\nImage: C:\\Windows\\System32\\notepad.exe\r\nImageLoaded: C:\\Windows\\assembly\\NativeImages_v4.0.30319_64\\Microsoft.Mf49f6405#\\a2955307c77c7d2c69a199a8e803ef57\\Microsoft.Management.Infrastructure.ni.dll\r\nFileVersion: 10.0.19041.1\r\nDescription: cs\r\nProduct: Microsoft (R) Windows (R) Operating System\r\nCompany: Microsoft Corporation\r\nOriginalFileName: Microsoft.Management.Infrastructure.dll\r\nHashes: SHA1=76CDFE5C6F9BA2E61136B7F8B8AF8CFCD9FE47BB,MD5=DE70A461A7FD78EE6F74837FE470D8ED,SHA256=39C0B6BE1F8B98E644D20D66716D442518A0269E3F6056968EF5B4ED87168DB7,IMPHASH=00000000000000000000000000000000\r\nSigned: false\r\nSignature: -\r\nSignatureStatus: Unavailable\r\nUser: MSSENTINEL\\wardog","EventData":"\u003cEventData xmlns=\"http://schemas.microsoft.com/win/2004/08/events/event\"\u003e\u003cData Name=\"RuleName\"\u003e-\u003c/Data\u003e\u003cData Name=\"UtcTime\"\u003e2022-09-22 16:31:24.039\u003c/Data\u003e\u003cData Name=\"ProcessGuid\"\u003e{03bfca49-8dd2-632c-550d-000000000b00}\u003c/Data\u003e\u003cData Name=\"ProcessId\"\u003e12372\u003c/Data\u003e\u003cData Name=\"Image\"\u003eC:\\Windows\\System32\\notepad.exe\u003c/Data\u003e\u003cData Name=\"ImageLoaded\"\u003eC:\\Windows\\assembly\\NativeImages_v4.0.30319_64\\Microsoft.Mf49f6405#\\a2955307c77c7d2c69a199a8e803ef57\\Microsoft.Management.Infrastructure.ni.dll\u003c/Data\u003e\u003cData Name=\"FileVersion\"\u003e10.0.19041.1\u003c/Data\u003e\u003cData Name=\"Description\"\u003ecs\u003c/Data\u003e\u003cData Name=\"Product\"\u003eMicrosoft (R) Windows (R) Operating System\u003c/Data\u003e\u003cData Name=\"Company\"\u003eMicrosoft Corporation\u003c/Data\u003e\u003cData Name=\"OriginalFileName\"\u003eMicrosoft.Management.Infrastructure.dll\u003c/Data\u003e\u003cData Name=\"Hashes\"\u003eSHA1=76CDFE5C6F9BA2E61136B7F8B8AF8CFCD9FE47BB,MD5=DE70A461A7FD78EE6F74837FE470D8ED,SHA256=39C0B6BE1F8B98E644D20D66716D442518A0269E3F6056968EF5B4ED87168DB7,IMPHASH=00000000000000000000000000000000\u003c/Data\u003e\u003cData Name=\"Signed\"\u003efalse\u003c/Data\u003e\u003cData Name=\"Signature\"\u003e-\u003c/Data\u003e\u003cData Name=\"SignatureStatus\"\u003eUnavailable\u003c/Data\u003e\u003cData Name=\"User\"\u003eMSSENTINEL\\wardog\u003c/Data\u003e\u003c/EventData\u003e","Task":"7","RuleName":"-","UtcTime":"2022-09-22 16:31:24.039","ProcessGuid":"{03bfca49-8dd2-632c-550d-000000000b00}","ProcessId":"12372","Image":"C:\\Windows\\System32\\notepad.exe","ImageLoaded":"C:\\Windows\\assembly\\NativeImages_v4.0.30319_64\\Microsoft.Mf49f6405#\\a2955307c77c7d2c69a199a8e803ef57\\Microsoft.Management.Infrastructure.ni.dll","FileVersion":"10.0.19041.1","Description":"cs","Product":"Microsoft (R) Windows (R) Operating System","Company":"Microsoft Corporation","OriginalFileName":"Microsoft.Management.Infrastructure.dll","Hashes":"SHA1=76CDFE5C6F9BA2E61136B7F8B8AF8CFCD9FE47BB,MD5=DE70A461A7FD78EE6F74837FE470D8ED,SHA256=39C0B6BE1F8B98E644D20D66716D442518A0269E3F6056968EF5B4ED87168DB7,IMPHASH=00000000000000000000000000000000","Signed":"false","Signature":"-","SignatureStatus":"Unavailable","User":"MSSENTINEL\\wardog"},{"EventSourceName":"Microsoft-Windows-Sysmon","Provider":"Microsoft-Windows-Sysmon","ProviderGuid":"{5770385f-c22a-43e0-bf4c-06f5698ffbd9}","Level":"4","Keywords":"0x8000000000000000","Channel":"Microsoft-Windows-Sysmon/Operational","Computer":"WORKSTATION6.mssentinel.local","TimeCreated":"2022-09-22T12:31:24.053Z","TimeGenerated":"2022-09-22T04:31:24.053Z","EventRecordID":"3328626","EventID":7,"Message":"Image loaded:\r\nRuleName: -\r\nUtcTime: 2022-09-22 16:31:24.039\r\nProcessGuid: {03bfca49-8dd2-632c-550d-000000000b00}\r\nProcessId: 12372\r\nImage: C:\\Windows\\System32\\notepad.exe\r\nImageLoaded: C:\\Windows\\assembly\\NativeImages_v4.0.30319_64\\Microsoft.P6f792626#\\1991c277dfe5989b019794edf2692d3d\\Microsoft.PowerShell.Security.ni.dll\r\nFileVersion: 10.0.19041.1\r\nDescription: Microsoft Windows PowerShell Management Commands\r\nProduct: Microsoft (R) Windows (R) Operating System\r\nCompany: Microsoft Corporation\r\nOriginalFileName: Microsoft.PowerShell.Security.dll\r\nHashes: SHA1=E81912943A5AD0578CBD4BA1707AE1D812AB5940,MD5=7ECDE06B585C26969505FAF7EF9DB1DA,SHA256=C293D04A63F0CE81C7E660FF539DC8EC868F4F3A48805E69E087D80AC8FC2FE0,IMPHASH=00000000000000000000000000000000\r\nSigned: false\r\nSignature: -\r\nSignatureStatus: Unavailable\r\nUser: MSSENTINEL\\wardog","EventData":"\u003cEventData xmlns=\"http://schemas.microsoft.com/win/2004/08/events/event\"\u003e\u003cData Name=\"RuleName\"\u003e-\u003c/Data\u003e\u003cData Name=\"UtcTime\"\u003e2022-09-22 16:31:24.039\u003c/Data\u003e\u003cData Name=\"ProcessGuid\"\u003e{03bfca49-8dd2-632c-550d-000000000b00}\u003c/Data\u003e\u003cData Name=\"ProcessId\"\u003e12372\u003c/Data\u003e\u003cData Name=\"Image\"\u003eC:\\Windows\\System32\\notepad.exe\u003c/Data\u003e\u003cData Name=\"ImageLoaded\"\u003eC:\\Windows\\assembly\\NativeImages_v4.0.30319_64\\Microsoft.P6f792626#\\1991c277dfe5989b019794edf2692d3d\\Microsoft.PowerShell.Security.ni.dll\u003c/Data\u003e\u003cData Name=\"FileVersion\"\u003e10.0.19041.1\u003c/Data\u003e\u003cData Name=\"Description\"\u003eMicrosoft Windows PowerShell Management Commands\u003c/Data\u003e\u003cData Name=\"Product\"\u003eMicrosoft (R) Windows (R) Operating System\u003c/Data\u003e\u003cData Name=\"Company\"\u003eMicrosoft Corporation\u003c/Data\u003e\u003cData Name=\"OriginalFileName\"\u003eMicrosoft.PowerShell.Security.dll\u003c/Data\u003e\u003cData Name=\"Hashes\"\u003eSHA1=E81912943A5AD0578CBD4BA1707AE1D812AB5940,MD5=7ECDE06B585C26969505FAF7EF9DB1DA,SHA256=C293D04A63F0CE81C7E660FF539DC8EC868F4F3A48805E69E087D80AC8FC2FE0,IMPHASH=00000000000000000000000000000000\u003c/Data\u003e\u003cData Name=\"Signed\"\u003efalse\u003c/Data\u003e\u003cData Name=\"Signature\"\u003e-\u003c/Data\u003e\u003cData Name=\"SignatureStatus\"\u003eUnavailable\u003c/Data\u003e\u003cData Name=\"User\"\u003eMSSENTINEL\\wardog\u003c/Data\u003e\u003c/EventData\u003e","Task":"7","RuleName":"-","UtcTime":"2022-09-22 16:31:24.039","ProcessGuid":"{03bfca49-8dd2-632c-550d-000000000b00}","ProcessId":"12372","Image":"C:\\Windows\\System32\\notepad.exe","ImageLoaded":"C:\\Windows\\assembly\\NativeImages_v4.0.30319_64\\Microsoft.P6f792626#\\1991c277dfe5989b019794edf2692d3d\\Microsoft.PowerShell.Security.ni.dll","FileVersion":"10.0.19041.1","Description":"Microsoft Windows PowerShell Management Commands","Product":"Microsoft (R) Windows (R) Operating System","Company":"Microsoft Corporation","OriginalFileName":"Microsoft.PowerShell.Security.dll","Hashes":"SHA1=E81912943A5AD0578CBD4BA1707AE1D812AB5940,MD5=7ECDE06B585C26969505FAF7EF9DB1DA,SHA256=C293D04A63F0CE81C7E660FF539DC8EC868F4F3A48805E69E087D80AC8FC2FE0,IMPHASH=00000000000000000000000000000000","Signed":"false","Signature":"-","SignatureStatus":"Unavailable","User":"MSSENTINEL\\wardog"},{"EventSourceName":"Microsoft-Windows-Sysmon","Provider":"Microsoft-Windows-Sysmon","ProviderGuid":"{5770385f-c22a-43e0-bf4c-06f5698ffbd9}","Level":"4","Keywords":"0x8000000000000000","Channel":"Microsoft-Windows-Sysmon/Operational","Computer":"WORKSTATION6.mssentinel.local","TimeCreated":"2022-09-22T12:31:24.078Z","TimeGenerated":"2022-09-22T04:31:24.078Z","EventRecordID":"3328627","EventID":7,"Message":"Image loaded:\r\nRuleName: -\r\nUtcTime: 2022-09-22 16:31:24.055\r\nProcessGuid: {03bfca49-8dd2-632c-550d-000000000b00}\r\nProcessId: 12372\r\nImage: C:\\Windows\\System32\\notepad.exe\r\nImageLoaded: C:\\Windows\\assembly\\NativeImages_v4.0.30319_64\\Microsoft.We0722664#\\ccb3d326fcd044036d50702ecb75cae5\\Microsoft.WSMan.Management.ni.dll\r\nFileVersion: 10.0.19041.1\r\nDescription:  \r\nProduct: Microsoft (R) Windows (R) Operating System\r\nCompany: Microsoft Corporation\r\nOriginalFileName: Microsoft.WSMan.Management.dll\r\nHashes: SHA1=698CC704306279BBFD00016ECE577E534BF5CCA0,MD5=4F59DF13126BDDABB22CE60AF0656BA3,SHA256=E0940A3B996B103F9C312438C9F3F34F06D3D043FC9E2957D31599939F81766F,IMPHASH=00000000000000000000000000000000\r\nSigned: false\r\nSignature: -\r\nSignatureStatus: Unavailable\r\nUser: MSSENTINEL\\wardog","EventData":"\u003cEventData xmlns=\"http://schemas.microsoft.com/win/2004/08/events/event\"\u003e\u003cData Name=\"RuleName\"\u003e-\u003c/Data\u003e\u003cData Name=\"UtcTime\"\u003e2022-09-22 16:31:24.055\u003c/Data\u003e\u003cData Name=\"ProcessGuid\"\u003e{03bfca49-8dd2-632c-550d-000000000b00}\u003c/Data\u003e\u003cData Name=\"ProcessId\"\u003e12372\u003c/Data\u003e\u003cData Name=\"Image\"\u003eC:\\Windows\\System32\\notepad.exe\u003c/Data\u003e\u003cData Name=\"ImageLoaded\"\u003eC:\\Windows\\assembly\\NativeImages_v4.0.30319_64\\Microsoft.We0722664#\\ccb3d326fcd044036d50702ecb75cae5\\Microsoft.WSMan.Management.ni.dll\u003c/Data\u003e\u003cData Name=\"FileVersion\"\u003e10.0.19041.1\u003c/Data\u003e\u003cData Name=\"Description\"\u003e\u003c/Data\u003e\u003cData Name=\"Product\"\u003eMicrosoft (R) Windows (R) Operating System\u003c/Data\u003e\u003cData Name=\"Company\"\u003eMicrosoft Corporation\u003c/Data\u003e\u003cData Name=\"OriginalFileName\"\u003eMicrosoft.WSMan.Management.dll\u003c/Data\u003e\u003cData Name=\"Hashes\"\u003eSHA1=698CC704306279BBFD00016ECE577E534BF5CCA0,MD5=4F59DF13126BDDABB22CE60AF0656BA3,SHA256=E0940A3B996B103F9C312438C9F3F34F06D3D043FC9E2957D31599939F81766F,IMPHASH=00000000000000000000000000000000\u003c/Data\u003e\u003cData Name=\"Signed\"\u003efalse\u003c/Data\u003e\u003cData Name=\"Signature\"\u003e-\u003c/Data\u003e\u003cData Name=\"SignatureStatus\"\u003eUnavailable\u003c/Data\u003e\u003cData Name=\"User\"\u003eMSSENTINEL\\wardog\u003c/Data\u003e\u003c/EventData\u003e","Task":"7","RuleName":"-","UtcTime":"2022-09-22 16:31:24.055","ProcessGuid":"{03bfca49-8dd2-632c-550d-000000000b00}","ProcessId":"12372","Image":"C:\\Windows\\System32\\notepad.exe","ImageLoaded":"C:\\Windows\\assembly\\NativeImages_v4.0.30319_64\\Microsoft.We0722664#\\ccb3d326fcd044036d50702ecb75cae5\\Microsoft.WSMan.Management.ni.dll","FileVersion":"10.0.19041.1","Description":null,"Product":"Microsoft (R) Windows (R) Operating System","Company":"Microsoft Corporation","OriginalFileName":"Microsoft.WSMan.Management.dll","Hashes":"SHA1=698CC704306279BBFD00016ECE577E534BF5CCA0,MD5=4F59DF13126BDDABB22CE60AF0656BA3,SHA256=E0940A3B996B103F9C312438C9F3F34F06D3D043FC9E2957D31599939F81766F,IMPHASH=00000000000000000000000000000000","Signed":"false","Signature":"-","SignatureStatus":"Unavailable","User":"MSSENTINEL\\wardog"},{"EventSourceName":"Microsoft-Windows-Sysmon","Provider":"Microsoft-Windows-Sysmon","ProviderGuid":"{5770385f-c22a-43e0-bf4c-06f5698ffbd9}","Level":"4","Keywords":"0x8000000000000000","Channel":"Microsoft-Windows-Sysmon/Operational","Computer":"WORKSTATION6.mssentinel.local","TimeCreated":"2022-09-22T12:31:24.082Z","TimeGenerated":"2022-09-22T04:31:24.082Z","EventRecordID":"3328628","EventID":7,"Message":"Image loaded:\r\nRuleName: -\r\nUtcTime: 2022-09-22 16:31:24.071\r\nProcessGuid: {03bfca49-8dd2-632c-550d-000000000b00}\r\nProcessId: 12372\r\nImage: C:\\Windows\\System32\\notepad.exe\r\nImageLoaded: C:\\Windows\\assembly\\NativeImages_v4.0.30319_64\\System.Configuration\\5b72adac32c4073289e2cf56ad7790d5\\System.Configuration.ni.dll\r\nFileVersion: 4.8.4190.0 built by: NET48REL1LAST_B\r\nDescription: System.Configuration.dll\r\nProduct: Microsoft® .NET Framework\r\nCompany: Microsoft Corporation\r\nOriginalFileName: System.Configuration.dll\r\nHashes: SHA1=0E1BDF9DF26BD060E167098AD2BFFE14FE28410D,MD5=5D72508B7A8736BC38984E2EC49BF515,SHA256=AEEFA622B1D4DB1AED61EB5F9589E54CC6C98548BAB280E298CB0AAC8E9AE3B1,IMPHASH=00000000000000000000000000000000\r\nSigned: false\r\nSignature: -\r\nSignatureStatus: Unavailable\r\nUser: MSSENTINEL\\wardog","EventData":"\u003cEventData xmlns=\"http://schemas.microsoft.com/win/2004/08/events/event\"\u003e\u003cData Name=\"RuleName\"\u003e-\u003c/Data\u003e\u003cData Name=\"UtcTime\"\u003e2022-09-22 16:31:24.071\u003c/Data\u003e\u003cData Name=\"ProcessGuid\"\u003e{03bfca49-8dd2-632c-550d-000000000b00}\u003c/Data\u003e\u003cData Name=\"ProcessId\"\u003e12372\u003c/Data\u003e\u003cData Name=\"Image\"\u003eC:\\Windows\\System32\\notepad.exe\u003c/Data\u003e\u003cData Name=\"ImageLoaded\"\u003eC:\\Windows\\assembly\\NativeImages_v4.0.30319_64\\System.Configuration\\5b72adac32c4073289e2cf56ad7790d5\\System.Configuration.ni.dll\u003c/Data\u003e\u003cData Name=\"FileVersion\"\u003e4.8.4190.0 built by: NET48REL1LAST_B\u003c/Data\u003e\u003cData Name=\"Description\"\u003eSystem.Configuration.dll\u003c/Data\u003e\u003cData Name=\"Product\"\u003eMicrosoft® .NET Framework\u003c/Data\u003e\u003cData Name=\"Company\"\u003eMicrosoft Corporation\u003c/Data\u003e\u003cData Name=\"OriginalFileName\"\u003eSystem.Configuration.dll\u003c/Data\u003e\u003cData Name=\"Hashes\"\u003eSHA1=0E1BDF9DF26BD060E167098AD2BFFE14FE28410D,MD5=5D72508B7A8736BC38984E2EC49BF515,SHA256=AEEFA622B1D4DB1AED61EB5F9589E54CC6C98548BAB280E298CB0AAC8E9AE3B1,IMPHASH=00000000000000000000000000000000\u003c/Data\u003e\u003cData Name=\"Signed\"\u003efalse\u003c/Data\u003e\u003cData Name=\"Signature\"\u003e-\u003c/Data\u003e\u003cData Name=\"SignatureStatus\"\u003eUnavailable\u003c/Data\u003e\u003cData Name=\"User\"\u003eMSSENTINEL\\wardog\u003c/Data\u003e\u003c/EventData\u003e","Task":"7","RuleName":"-","UtcTime":"2022-09-22 16:31:24.071","ProcessGuid":"{03bfca49-8dd2-632c-550d-000000000b00}","ProcessId":"12372","Image":"C:\\Windows\\System32\\notepad.exe","ImageLoaded":"C:\\Windows\\assembly\\NativeImages_v4.0.30319_64\\System.Configuration\\5b72adac32c4073289e2cf56ad7790d5\\System.Configuration.ni.dll","FileVersion":"4.8.4190.0 built by: NET48REL1LAST_B","Description":"System.Configuration.dll","Product":"Microsoft® .NET Framework","Company":"Microsoft Corporation","OriginalFileName":"System.Configuration.dll","Hashes":"SHA1=0E1BDF9DF26BD060E167098AD2BFFE14FE28410D,MD5=5D72508B7A8736BC38984E2EC49BF515,SHA256=AEEFA622B1D4DB1AED61EB5F9589E54CC6C98548BAB280E298CB0AAC8E9AE3B1,IMPHASH=00000000000000000000000000000000","Signed":"false","Signature":"-","SignatureStatus":"Unavailable","User":"MSSENTINEL\\wardog"},{"EventSourceName":"Microsoft-Windows-Sysmon","Provider":"Microsoft-Windows-Sysmon","ProviderGuid":"{5770385f-c22a-43e0-bf4c-06f5698ffbd9}","Level":"4","Keywords":"0x8000000000000000","Channel":"Microsoft-Windows-Sysmon/Operational","Computer":"WORKSTATION6.mssentinel.local","TimeCreated":"2022-09-22T12:31:24.176Z","TimeGenerated":"2022-09-22T04:31:24.176Z","EventRecordID":"3328629","EventID":7,"Message":"Image loaded:\r\nRuleName: -\r\nUtcTime: 2022-09-22 16:31:24.164\r\nProcessGuid: {03bfca49-8dd2-632c-550d-000000000b00}\r\nProcessId: 12372\r\nImage: C:\\Windows\\System32\\notepad.exe\r\nImageLoaded: C:\\Windows\\assembly\\NativeImages_v4.0.30319_64\\System.Xml\\f11e12906b10e17aa60f233acfd67d67\\System.Xml.ni.dll\r\nFileVersion: 4.8.4084.0 built by: NET48REL1\r\nDescription: .NET Framework\r\nProduct: Microsoft® .NET Framework\r\nCompany: Microsoft Corporation\r\nOriginalFileName: System.Xml.dll\r\nHashes: SHA1=2F54B3A25E81FA01D4ECCA4E0411FD22C47C8468,MD5=8180B1EB51A1F55FCF131C668625C915,SHA256=AD6BC21F0C35432C2C59679BC3102189515548F8C82973F07E3DA96840C72469,IMPHASH=00000000000000000000000000000000\r\nSigned: false\r\nSignature: -\r\nSignatureStatus: Unavailable\r\nUser: MSSENTINEL\\wardog","EventData":"\u003cEventData xmlns=\"http://schemas.microsoft.com/win/2004/08/events/event\"\u003e\u003cData Name=\"RuleName\"\u003e-\u003c/Data\u003e\u003cData Name=\"UtcTime\"\u003e2022-09-22 16:31:24.164\u003c/Data\u003e\u003cData Name=\"ProcessGuid\"\u003e{03bfca49-8dd2-632c-550d-000000000b00}\u003c/Data\u003e\u003cData Name=\"ProcessId\"\u003e12372\u003c/Data\u003e\u003cData Name=\"Image\"\u003eC:\\Windows\\System32\\notepad.exe\u003c/Data\u003e\u003cData Name=\"ImageLoaded\"\u003eC:\\Windows\\assembly\\NativeImages_v4.0.30319_64\\System.Xml\\f11e12906b10e17aa60f233acfd67d67\\System.Xml.ni.dll\u003c/Data\u003e\u003cData Name=\"FileVersion\"\u003e4.8.4084.0 built by: NET48REL1\u003c/Data\u003e\u003cData Name=\"Description\"\u003e.NET Framework\u003c/Data\u003e\u003cData Name=\"Product\"\u003eMicrosoft® .NET Framework\u003c/Data\u003e\u003cData Name=\"Company\"\u003eMicrosoft Corporation\u003c/Data\u003e\u003cData Name=\"OriginalFileName\"\u003eSystem.Xml.dll\u003c/Data\u003e\u003cData Name=\"Hashes\"\u003eSHA1=2F54B3A25E81FA01D4ECCA4E0411FD22C47C8468,MD5=8180B1EB51A1F55FCF131C668625C915,SHA256=AD6BC21F0C35432C2C59679BC3102189515548F8C82973F07E3DA96840C72469,IMPHASH=00000000000000000000000000000000\u003c/Data\u003e\u003cData Name=\"Signed\"\u003efalse\u003c/Data\u003e\u003cData Name=\"Signature\"\u003e-\u003c/Data\u003e\u003cData Name=\"SignatureStatus\"\u003eUnavailable\u003c/Data\u003e\u003cData Name=\"User\"\u003eMSSENTINEL\\wardog\u003c/Data\u003e\u003c/EventData\u003e","Task":"7","RuleName":"-","UtcTime":"2022-09-22 16:31:24.164","ProcessGuid":"{03bfca49-8dd2-632c-550d-000000000b00}","ProcessId":"12372","Image":"C:\\Windows\\System32\\notepad.exe","ImageLoaded":"C:\\Windows\\assembly\\NativeImages_v4.0.30319_64\\System.Xml\\f11e12906b10e17aa60f233acfd67d67\\System.Xml.ni.dll","FileVersion":"4.8.4084.0 built by: NET48REL1","Description":".NET Framework","Product":"Microsoft® .NET Framework","Company":"Microsoft Corporation","OriginalFileName":"System.Xml.dll","Hashes":"SHA1=2F54B3A25E81FA01D4ECCA4E0411FD22C47C8468,MD5=8180B1EB51A1F55FCF131C668625C915,SHA256=AD6BC21F0C35432C2C59679BC3102189515548F8C82973F07E3DA96840C72469,IMPHASH=00000000000000000000000000000000","Signed":"false","Signature":"-","SignatureStatus":"Unavailable","User":"MSSENTINEL\\wardog"},{"EventSourceName":"Microsoft-Windows-Sysmon","Provider":"Microsoft-Windows-Sysmon","ProviderGuid":"{5770385f-c22a-43e0-bf4c-06f5698ffbd9}","Level":"4","Keywords":"0x8000000000000000","Channel":"Microsoft-Windows-Sysmon/Operational","Computer":"WORKSTATION6.mssentinel.local","TimeCreated":"2022-09-22T12:31:24.190Z","TimeGenerated":"2022-09-22T04:31:24.190Z","EventRecordID":"3328630","EventID":17,"Message":"Pipe Created:\r\nRuleName: -\r\nEventType: CreatePipe\r\nUtcTime: 2022-09-22 16:31:24.180\r\nProcessGuid: {03bfca49-8dd2-632c-550d-000000000b00}\r\nProcessId: 12372\r\nPipeName: \\PSHost.133083378742590282.12372.DefaultAppDomain.notepad\r\nImage: C:\\Windows\\system32\\notepad.exe\r\nUser: MSSENTINEL\\wardog","EventData":"\u003cEventData xmlns=\"http://schemas.microsoft.com/win/2004/08/events/event\"\u003e\u003cData Name=\"RuleName\"\u003e-\u003c/Data\u003e\u003cData Name=\"EventType\"\u003eCreatePipe\u003c/Data\u003e\u003cData Name=\"UtcTime\"\u003e2022-09-22 16:31:24.180\u003c/Data\u003e\u003cData Name=\"ProcessGuid\"\u003e{03bfca49-8dd2-632c-550d-000000000b00}\u003c/Data\u003e\u003cData Name=\"ProcessId\"\u003e12372\u003c/Data\u003e\u003cData Name=\"PipeName\"\u003e\\PSHost.133083378742590282.12372.DefaultAppDomain.notepad\u003c/Data\u003e\u003cData Name=\"Image\"\u003eC:\\Windows\\system32\\notepad.exe\u003c/Data\u003e\u003cData Name=\"User\"\u003eMSSENTINEL\\wardog\u003c/Data\u003e\u003c/EventData\u003e","Task":"17","RuleName":"-","EventType":"CreatePipe","UtcTime":"2022-09-22 16:31:24.180","ProcessGuid":"{03bfca49-8dd2-632c-550d-000000000b00}","ProcessId":"12372","PipeName":"\\PSHost.133083378742590282.12372.DefaultAppDomain.notepad","Image":"C:\\Windows\\system32\\notepad.exe","User":"MSSENTINEL\\wardog"},{"EventSourceName":"Microsoft-Windows-Sysmon","Provider":"Microsoft-Windows-Sysmon","ProviderGuid":"{5770385f-c22a-43e0-bf4c-06f5698ffbd9}","Level":"4","Keywords":"0x8000000000000000","Channel":"Microsoft-Windows-Sysmon/Operational","Computer":"WORKSTATION6.mssentinel.local","TimeCreated":"2022-09-22T12:31:24.300Z","TimeGenerated":"2022-09-22T04:31:24.300Z","EventRecordID":"3328631","EventID":7,"Message":"Image loaded:\r\nRuleName: -\r\nUtcTime: 2022-09-22 16:31:24.289\r\nProcessGuid: {03bfca49-8dd2-632c-550d-000000000b00}\r\nProcessId: 12372\r\nImage: C:\\Windows\\System32\\notepad.exe\r\nImageLoaded: C:\\Windows\\assembly\\NativeImages_v4.0.30319_64\\System.Data\\72c8db7124ae2dddc4429cb6c8b6a3bc\\System.Data.ni.dll\r\nFileVersion: 4.8.4270.0 built by: NET48REL1LAST_C\r\nDescription: .NET Framework\r\nProduct: Microsoft® .NET Framework\r\nCompany: Microsoft Corporation\r\nOriginalFileName: system.data.dll\r\nHashes: SHA1=179AC833CAE5D67BF68C754F871380F265FC10F5,MD5=5E385BD4147602AB5C27C7F64CD91F6B,SHA256=91014CF7111FFAF50E849316F5017B324E1A59DC3E78E0A4938DD6EE07D103DE,IMPHASH=00000000000000000000000000000000\r\nSigned: false\r\nSignature: -\r\nSignatureStatus: Unavailable\r\nUser: MSSENTINEL\\wardog","EventData":"\u003cEventData xmlns=\"http://schemas.microsoft.com/win/2004/08/events/event\"\u003e\u003cData Name=\"RuleName\"\u003e-\u003c/Data\u003e\u003cData Name=\"UtcTime\"\u003e2022-09-22 16:31:24.289\u003c/Data\u003e\u003cData Name=\"ProcessGuid\"\u003e{03bfca49-8dd2-632c-550d-000000000b00}\u003c/Data\u003e\u003cData Name=\"ProcessId\"\u003e12372\u003c/Data\u003e\u003cData Name=\"Image\"\u003eC:\\Windows\\System32\\notepad.exe\u003c/Data\u003e\u003cData Name=\"ImageLoaded\"\u003eC:\\Windows\\assembly\\NativeImages_v4.0.30319_64\\System.Data\\72c8db7124ae2dddc4429cb6c8b6a3bc\\System.Data.ni.dll\u003c/Data\u003e\u003cData Name=\"FileVersion\"\u003e4.8.4270.0 built by: NET48REL1LAST_C\u003c/Data\u003e\u003cData Name=\"Description\"\u003e.NET Framework\u003c/Data\u003e\u003cData Name=\"Product\"\u003eMicrosoft® .NET Framework\u003c/Data\u003e\u003cData Name=\"Company\"\u003eMicrosoft Corporation\u003c/Data\u003e\u003cData Name=\"OriginalFileName\"\u003esystem.data.dll\u003c/Data\u003e\u003cData Name=\"Hashes\"\u003eSHA1=179AC833CAE5D67BF68C754F871380F265FC10F5,MD5=5E385BD4147602AB5C27C7F64CD91F6B,SHA256=91014CF7111FFAF50E849316F5017B324E1A59DC3E78E0A4938DD6EE07D103DE,IMPHASH=00000000000000000000000000000000\u003c/Data\u003e\u003cData Name=\"Signed\"\u003efalse\u003c/Data\u003e\u003cData Name=\"Signature\"\u003e-\u003c/Data\u003e\u003cData Name=\"SignatureStatus\"\u003eUnavailable\u003c/Data\u003e\u003cData Name=\"User\"\u003eMSSENTINEL\\wardog\u003c/Data\u003e\u003c/EventData\u003e","Task":"7","RuleName":"-","UtcTime":"2022-09-22 16:31:24.289","ProcessGuid":"{03bfca49-8dd2-632c-550d-000000000b00}","ProcessId":"12372","Image":"C:\\Windows\\System32\\notepad.exe","ImageLoaded":"C:\\Windows\\assembly\\NativeImages_v4.0.30319_64\\System.Data\\72c8db7124ae2dddc4429cb6c8b6a3bc\\System.Data.ni.dll","FileVersion":"4.8.4270.0 built by: NET48REL1LAST_C","Description":".NET Framework","Product":"Microsoft® .NET Framework","Company":"Microsoft Corporation","OriginalFileName":"system.data.dll","Hashes":"SHA1=179AC833CAE5D67BF68C754F871380F265FC10F5,MD5=5E385BD4147602AB5C27C7F64CD91F6B,SHA256=91014CF7111FFAF50E849316F5017B324E1A59DC3E78E0A4938DD6EE07D103DE,IMPHASH=00000000000000000000000000000000","Signed":"false","Signature":"-","SignatureStatus":"Unavailable","User":"MSSENTINEL\\wardog"},{"EventSourceName":"Microsoft-Windows-Sysmon","Provider":"Microsoft-Windows-Sysmon","ProviderGuid":"{5770385f-c22a-43e0-bf4c-06f5698ffbd9}","Level":"4","Keywords":"0x8000000000000000","Channel":"Microsoft-Windows-Sysmon/Operational","Computer":"WORKSTATION6.mssentinel.local","TimeCreated":"2022-09-22T12:31:24.337Z","TimeGenerated":"2022-09-22T04:31:24.337Z","EventRecordID":"3328632","EventID":7,"Message":"Image loaded:\r\nRuleName: -\r\nUtcTime: 2022-09-22 16:31:24.336\r\nProcessGuid: {03bfca49-8dd2-632c-550d-000000000b00}\r\nProcessId: 12372\r\nImage: C:\\Windows\\System32\\notepad.exe\r\nImageLoaded: C:\\Windows\\Microsoft.NET\\assembly\\GAC_64\\System.Data\\v4.0_4.0.0.0__b77a5c561934e089\\System.Data.dll\r\nFileVersion: 4.8.4270.0 built by: NET48REL1LAST_C\r\nDescription: .NET Framework\r\nProduct: Microsoft® .NET Framework\r\nCompany: Microsoft Corporation\r\nOriginalFileName: system.data.dll\r\nHashes: SHA1=F0FC774EA3A424C4272059F3C218295ECFD9DAB7,MD5=F2244DFE1DB43431F2F95953D897E218,SHA256=BC516A0ADFCCEA2C8BFB2A64FB7C17EF6FF1863D8C479203B5AEB3DD1CCF5691,IMPHASH=9FE0ED33D42CDA291AE72F170DE4D48F\r\nSigned: true\r\nSignature: Microsoft Corporation\r\nSignatureStatus: Valid\r\nUser: MSSENTINEL\\wardog","EventData":"\u003cEventData xmlns=\"http://schemas.microsoft.com/win/2004/08/events/event\"\u003e\u003cData Name=\"RuleName\"\u003e-\u003c/Data\u003e\u003cData Name=\"UtcTime\"\u003e2022-09-22 16:31:24.336\u003c/Data\u003e\u003cData Name=\"ProcessGuid\"\u003e{03bfca49-8dd2-632c-550d-000000000b00}\u003c/Data\u003e\u003cData Name=\"ProcessId\"\u003e12372\u003c/Data\u003e\u003cData Name=\"Image\"\u003eC:\\Windows\\System32\\notepad.exe\u003c/Data\u003e\u003cData Name=\"ImageLoaded\"\u003eC:\\Windows\\Microsoft.NET\\assembly\\GAC_64\\System.Data\\v4.0_4.0.0.0__b77a5c561934e089\\System.Data.dll\u003c/Data\u003e\u003cData Name=\"FileVersion\"\u003e4.8.4270.0 built by: NET48REL1LAST_C\u003c/Data\u003e\u003cData Name=\"Description\"\u003e.NET Framework\u003c/Data\u003e\u003cData Name=\"Product\"\u003eMicrosoft® .NET Framework\u003c/Data\u003e\u003cData Name=\"Company\"\u003eMicrosoft Corporation\u003c/Data\u003e\u003cData Name=\"OriginalFileName\"\u003esystem.data.dll\u003c/Data\u003e\u003cData Name=\"Hashes\"\u003eSHA1=F0FC774EA3A424C4272059F3C218295ECFD9DAB7,MD5=F2244DFE1DB43431F2F95953D897E218,SHA256=BC516A0ADFCCEA2C8BFB2A64FB7C17EF6FF1863D8C479203B5AEB3DD1CCF5691,IMPHASH=9FE0ED33D42CDA291AE72F170DE4D48F\u003c/Data\u003e\u003cData Name=\"Signed\"\u003etrue\u003c/Data\u003e\u003cData Name=\"Signature\"\u003eMicrosoft Corporation\u003c/Data\u003e\u003cData Name=\"SignatureStatus\"\u003eValid\u003c/Data\u003e\u003cData Name=\"User\"\u003eMSSENTINEL\\wardog\u003c/Data\u003e\u003c/EventData\u003e","Task":"7","RuleName":"-","UtcTime":"2022-09-22 16:31:24.336","ProcessGuid":"{03bfca49-8dd2-632c-550d-000000000b00}","ProcessId":"12372","Image":"C:\\Windows\\System32\\notepad.exe","ImageLoaded":"C:\\Windows\\Microsoft.NET\\assembly\\GAC_64\\System.Data\\v4.0_4.0.0.0__b77a5c561934e089\\System.Data.dll","FileVersion":"4.8.4270.0 built by: NET48REL1LAST_C","Description":".NET Framework","Product":"Microsoft® .NET Framework","Company":"Microsoft Corporation","OriginalFileName":"system.data.dll","Hashes":"SHA1=F0FC774EA3A424C4272059F3C218295ECFD9DAB7,MD5=F2244DFE1DB43431F2F95953D897E218,SHA256=BC516A0ADFCCEA2C8BFB2A64FB7C17EF6FF1863D8C479203B5AEB3DD1CCF5691,IMPHASH=9FE0ED33D42CDA291AE72F170DE4D48F","Signed":"true","Signature":"Microsoft Corporation","SignatureStatus":"Valid","User":"MSSENTINEL\\wardog"},{"EventSourceName":"Microsoft-Windows-Sysmon","Provider":"Microsoft-Windows-Sysmon","ProviderGuid":"{5770385f-c22a-43e0-bf4c-06f5698ffbd9}","Level":"4","Keywords":"0x8000000000000000","Channel":"Microsoft-Windows-Sysmon/Operational","Computer":"WORKSTATION6.mssentinel.local","TimeCreated":"2022-09-22T12:31:24.356Z","TimeGenerated":"2022-09-22T04:31:24.356Z","EventRecordID":"3328633","EventID":7,"Message":"Image loaded:\r\nRuleName: -\r\nUtcTime: 2022-09-22 16:31:24.352\r\nProcessGuid: {03bfca49-8dd2-632c-550d-000000000b00}\r\nProcessId: 12372\r\nImage: C:\\Windows\\System32\\notepad.exe\r\nImageLoaded: C:\\Windows\\assembly\\NativeImages_v4.0.30319_64\\System.Management\\de44e34c321d0d33b7d5b2ca556ebe0e\\System.Management.ni.dll\r\nFileVersion: 4.8.4435.0 built by: NET48REL1LAST_C\r\nDescription: .NET Framework\r\nProduct: Microsoft® .NET Framework\r\nCompany: Microsoft Corporation\r\nOriginalFileName: System.Management.dll\r\nHashes: SHA1=8B9F90F55B92B545350B6652F9CC6A44243D2EDE,MD5=1352EF036D12F460724A4A11148D44BE,SHA256=376CC6001376837F14020BB3A49E0AC14740E36917CFD248FB3B8DE3286EDAF6,IMPHASH=00000000000000000000000000000000\r\nSigned: false\r\nSignature: -\r\nSignatureStatus: Unavailable\r\nUser: MSSENTINEL\\wardog","EventData":"\u003cEventData xmlns=\"http://schemas.microsoft.com/win/2004/08/events/event\"\u003e\u003cData Name=\"RuleName\"\u003e-\u003c/Data\u003e\u003cData Name=\"UtcTime\"\u003e2022-09-22 16:31:24.352\u003c/Data\u003e\u003cData Name=\"ProcessGuid\"\u003e{03bfca49-8dd2-632c-550d-000000000b00}\u003c/Data\u003e\u003cData Name=\"ProcessId\"\u003e12372\u003c/Data\u003e\u003cData Name=\"Image\"\u003eC:\\Windows\\System32\\notepad.exe\u003c/Data\u003e\u003cData Name=\"ImageLoaded\"\u003eC:\\Windows\\assembly\\NativeImages_v4.0.30319_64\\System.Management\\de44e34c321d0d33b7d5b2ca556ebe0e\\System.Management.ni.dll\u003c/Data\u003e\u003cData Name=\"FileVersion\"\u003e4.8.4435.0 built by: NET48REL1LAST_C\u003c/Data\u003e\u003cData Name=\"Description\"\u003e.NET Framework\u003c/Data\u003e\u003cData Name=\"Product\"\u003eMicrosoft® .NET Framework\u003c/Data\u003e\u003cData Name=\"Company\"\u003eMicrosoft Corporation\u003c/Data\u003e\u003cData Name=\"OriginalFileName\"\u003eSystem.Management.dll\u003c/Data\u003e\u003cData Name=\"Hashes\"\u003eSHA1=8B9F90F55B92B545350B6652F9CC6A44243D2EDE,MD5=1352EF036D12F460724A4A11148D44BE,SHA256=376CC6001376837F14020BB3A49E0AC14740E36917CFD248FB3B8DE3286EDAF6,IMPHASH=00000000000000000000000000000000\u003c/Data\u003e\u003cData Name=\"Signed\"\u003efalse\u003c/Data\u003e\u003cData Name=\"Signature\"\u003e-\u003c/Data\u003e\u003cData Name=\"SignatureStatus\"\u003eUnavailable\u003c/Data\u003e\u003cData Name=\"User\"\u003eMSSENTINEL\\wardog\u003c/Data\u003e\u003c/EventData\u003e","Task":"7","RuleName":"-","UtcTime":"2022-09-22 16:31:24.352","ProcessGuid":"{03bfca49-8dd2-632c-550d-000000000b00}","ProcessId":"12372","Image":"C:\\Windows\\System32\\notepad.exe","ImageLoaded":"C:\\Windows\\assembly\\NativeImages_v4.0.30319_64\\System.Management\\de44e34c321d0d33b7d5b2ca556ebe0e\\System.Management.ni.dll","FileVersion":"4.8.4435.0 built by: NET48REL1LAST_C","Description":".NET Framework","Product":"Microsoft® .NET Framework","Company":"Microsoft Corporation","OriginalFileName":"System.Management.dll","Hashes":"SHA1=8B9F90F55B92B545350B6652F9CC6A44243D2EDE,MD5=1352EF036D12F460724A4A11148D44BE,SHA256=376CC6001376837F14020BB3A49E0AC14740E36917CFD248FB3B8DE3286EDAF6,IMPHASH=00000000000000000000000000000000","Signed":"false","Signature":"-","SignatureStatus":"Unavailable","User":"MSSENTINEL\\wardog"},{"EventSourceName":"Microsoft-Windows-Sysmon","Provider":"Microsoft-Windows-Sysmon","ProviderGuid":"{5770385f-c22a-43e0-bf4c-06f5698ffbd9}","Level":"4","Keywords":"0x8000000000000000","Channel":"Microsoft-Windows-Sysmon/Operational","Computer":"WORKSTATION6.mssentinel.local","TimeCreated":"2022-09-22T12:31:24.372Z","TimeGenerated":"2022-09-22T04:31:24.372Z","EventRecordID":"3328634","EventID":7,"Message":"Image loaded:\r\nRuleName: -\r\nUtcTime: 2022-09-22 16:31:24.367\r\nProcessGuid: {03bfca49-8dd2-632c-550d-000000000b00}\r\nProcessId: 12372\r\nImage: C:\\Windows\\System32\\notepad.exe\r\nImageLoaded: C:\\Windows\\assembly\\NativeImages_v4.0.30319_64\\System.Dired13b18a9#\\59e709d6505daeb07157c8780689bab6\\System.DirectoryServices.ni.dll\r\nFileVersion: 4.8.4084.0 built by: NET48REL1\r\nDescription: .NET Framework\r\nProduct: Microsoft® .NET Framework\r\nCompany: Microsoft Corporation\r\nOriginalFileName: System.DirectoryServices.dll\r\nHashes: SHA1=D26CD8982527979FD6E09FDAF4EB1460622F8704,MD5=1FB795B19E6CAE9BA1645D5F05E3CEF5,SHA256=D5C1D4D69D942ED9A17C3CD46BA4D6A6E2935CE382BB8B31A1B2D17DD9D33E99,IMPHASH=00000000000000000000000000000000\r\nSigned: false\r\nSignature: -\r\nSignatureStatus: Unavailable\r\nUser: MSSENTINEL\\wardog","EventData":"\u003cEventData xmlns=\"http://schemas.microsoft.com/win/2004/08/events/event\"\u003e\u003cData Name=\"RuleName\"\u003e-\u003c/Data\u003e\u003cData Name=\"UtcTime\"\u003e2022-09-22 16:31:24.367\u003c/Data\u003e\u003cData Name=\"ProcessGuid\"\u003e{03bfca49-8dd2-632c-550d-000000000b00}\u003c/Data\u003e\u003cData Name=\"ProcessId\"\u003e12372\u003c/Data\u003e\u003cData Name=\"Image\"\u003eC:\\Windows\\System32\\notepad.exe\u003c/Data\u003e\u003cData Name=\"ImageLoaded\"\u003eC:\\Windows\\assembly\\NativeImages_v4.0.30319_64\\System.Dired13b18a9#\\59e709d6505daeb07157c8780689bab6\\System.DirectoryServices.ni.dll\u003c/Data\u003e\u003cData Name=\"FileVersion\"\u003e4.8.4084.0 built by: NET48REL1\u003c/Data\u003e\u003cData Name=\"Description\"\u003e.NET Framework\u003c/Data\u003e\u003cData Name=\"Product\"\u003eMicrosoft® .NET Framework\u003c/Data\u003e\u003cData Name=\"Company\"\u003eMicrosoft Corporation\u003c/Data\u003e\u003cData Name=\"OriginalFileName\"\u003eSystem.DirectoryServices.dll\u003c/Data\u003e\u003cData Name=\"Hashes\"\u003eSHA1=D26CD8982527979FD6E09FDAF4EB1460622F8704,MD5=1FB795B19E6CAE9BA1645D5F05E3CEF5,SHA256=D5C1D4D69D942ED9A17C3CD46BA4D6A6E2935CE382BB8B31A1B2D17DD9D33E99,IMPHASH=00000000000000000000000000000000\u003c/Data\u003e\u003cData Name=\"Signed\"\u003efalse\u003c/Data\u003e\u003cData Name=\"Signature\"\u003e-\u003c/Data\u003e\u003cData Name=\"SignatureStatus\"\u003eUnavailable\u003c/Data\u003e\u003cData Name=\"User\"\u003eMSSENTINEL\\wardog\u003c/Data\u003e\u003c/EventData\u003e","Task":"7","RuleName":"-","UtcTime":"2022-09-22 16:31:24.367","ProcessGuid":"{03bfca49-8dd2-632c-550d-000000000b00}","ProcessId":"12372","Image":"C:\\Windows\\System32\\notepad.exe","ImageLoaded":"C:\\Windows\\assembly\\NativeImages_v4.0.30319_64\\System.Dired13b18a9#\\59e709d6505daeb07157c8780689bab6\\System.DirectoryServices.ni.dll","FileVersion":"4.8.4084.0 built by: NET48REL1","Description":".NET Framework","Product":"Microsoft® .NET Framework","Company":"Microsoft Corporation","OriginalFileName":"System.DirectoryServices.dll","Hashes":"SHA1=D26CD8982527979FD6E09FDAF4EB1460622F8704,MD5=1FB795B19E6CAE9BA1645D5F05E3CEF5,SHA256=D5C1D4D69D942ED9A17C3CD46BA4D6A6E2935CE382BB8B31A1B2D17DD9D33E99,IMPHASH=00000000000000000000000000000000","Signed":"false","Signature":"-","SignatureStatus":"Unavailable","User":"MSSENTINEL\\wardog"},{"EventSourceName":"Microsoft-Windows-Sysmon","Provider":"Microsoft-Windows-Sysmon","ProviderGuid":"{5770385f-c22a-43e0-bf4c-06f5698ffbd9}","Level":"4","Keywords":"0x8000000000000000","Channel":"Microsoft-Windows-Sysmon/Operational","Computer":"WORKSTATION6.mssentinel.local","TimeCreated":"2022-09-22T12:31:24.394Z","TimeGenerated":"2022-09-22T04:31:24.394Z","EventRecordID":"3328635","EventID":7,"Message":"Image loaded:\r\nRuleName: -\r\nUtcTime: 2022-09-22 16:31:24.383\r\nProcessGuid: {03bfca49-8dd2-632c-550d-000000000b00}\r\nProcessId: 12372\r\nImage: C:\\Windows\\System32\\notepad.exe\r\nImageLoaded: C:\\Windows\\assembly\\NativeImages_v4.0.30319_64\\System.Numerics\\8fdd4ee70c2cdcd03c0eb25e4874a122\\System.Numerics.ni.dll\r\nFileVersion: 4.8.4084.0 built by: NET48REL1\r\nDescription: .NET Framework\r\nProduct: Microsoft® .NET Framework\r\nCompany: Microsoft Corporation\r\nOriginalFileName: System.Numerics.dll\r\nHashes: SHA1=3D2C72717E9C8C8564314B863BA3151F41F662FF,MD5=216028BA77CB0465B49C88F784541278,SHA256=C585A2B0BC53EFE32B282B40BD348631CFBCDC6A682C57C25D3AEE3C1029CC38,IMPHASH=00000000000000000000000000000000\r\nSigned: false\r\nSignature: -\r\nSignatureStatus: Unavailable\r\nUser: MSSENTINEL\\wardog","EventData":"\u003cEventData xmlns=\"http://schemas.microsoft.com/win/2004/08/events/event\"\u003e\u003cData Name=\"RuleName\"\u003e-\u003c/Data\u003e\u003cData Name=\"UtcTime\"\u003e2022-09-22 16:31:24.383\u003c/Data\u003e\u003cData Name=\"ProcessGuid\"\u003e{03bfca49-8dd2-632c-550d-000000000b00}\u003c/Data\u003e\u003cData Name=\"ProcessId\"\u003e12372\u003c/Data\u003e\u003cData Name=\"Image\"\u003eC:\\Windows\\System32\\notepad.exe\u003c/Data\u003e\u003cData Name=\"ImageLoaded\"\u003eC:\\Windows\\assembly\\NativeImages_v4.0.30319_64\\System.Numerics\\8fdd4ee70c2cdcd03c0eb25e4874a122\\System.Numerics.ni.dll\u003c/Data\u003e\u003cData Name=\"FileVersion\"\u003e4.8.4084.0 built by: NET48REL1\u003c/Data\u003e\u003cData Name=\"Description\"\u003e.NET Framework\u003c/Data\u003e\u003cData Name=\"Product\"\u003eMicrosoft® .NET Framework\u003c/Data\u003e\u003cData Name=\"Company\"\u003eMicrosoft Corporation\u003c/Data\u003e\u003cData Name=\"OriginalFileName\"\u003eSystem.Numerics.dll\u003c/Data\u003e\u003cData Name=\"Hashes\"\u003eSHA1=3D2C72717E9C8C8564314B863BA3151F41F662FF,MD5=216028BA77CB0465B49C88F784541278,SHA256=C585A2B0BC53EFE32B282B40BD348631CFBCDC6A682C57C25D3AEE3C1029CC38,IMPHASH=00000000000000000000000000000000\u003c/Data\u003e\u003cData Name=\"Signed\"\u003efalse\u003c/Data\u003e\u003cData Name=\"Signature\"\u003e-\u003c/Data\u003e\u003cData Name=\"SignatureStatus\"\u003eUnavailable\u003c/Data\u003e\u003cData Name=\"User\"\u003eMSSENTINEL\\wardog\u003c/Data\u003e\u003c/EventData\u003e","Task":"7","RuleName":"-","UtcTime":"2022-09-22 16:31:24.383","ProcessGuid":"{03bfca49-8dd2-632c-550d-000000000b00}","ProcessId":"12372","Image":"C:\\Windows\\System32\\notepad.exe","ImageLoaded":"C:\\Windows\\assembly\\NativeImages_v4.0.30319_64\\System.Numerics\\8fdd4ee70c2cdcd03c0eb25e4874a122\\System.Numerics.ni.dll","FileVersion":"4.8.4084.0 built by: NET48REL1","Description":".NET Framework","Product":"Microsoft® .NET Framework","Company":"Microsoft Corporation","OriginalFileName":"System.Numerics.dll","Hashes":"SHA1=3D2C72717E9C8C8564314B863BA3151F41F662FF,MD5=216028BA77CB0465B49C88F784541278,SHA256=C585A2B0BC53EFE32B282B40BD348631CFBCDC6A682C57C25D3AEE3C1029CC38,IMPHASH=00000000000000000000000000000000","Signed":"false","Signature":"-","SignatureStatus":"Unavailable","User":"MSSENTINEL\\wardog"},{"EventSourceName":"Microsoft-Windows-Sysmon","Provider":"Microsoft-Windows-Sysmon","ProviderGuid":"{5770385f-c22a-43e0-bf4c-06f5698ffbd9}","Level":"4","Keywords":"0x8000000000000000","Channel":"Microsoft-Windows-Sysmon/Operational","Computer":"WORKSTATION6.mssentinel.local","TimeCreated":"2022-09-22T12:31:24.406Z","TimeGenerated":"2022-09-22T04:31:24.406Z","EventRecordID":"3328636","EventID":7,"Message":"Image loaded:\r\nRuleName: -\r\nUtcTime: 2022-09-22 16:31:24.398\r\nProcessGuid: {03bfca49-8dd2-632c-550d-000000000b00}\r\nProcessId: 12372\r\nImage: C:\\Windows\\System32\\notepad.exe\r\nImageLoaded: C:\\Windows\\assembly\\NativeImages_v4.0.30319_64\\System.Transactions\\50391493de203349fead9ce243708483\\System.Transactions.ni.dll\r\nFileVersion: 4.8.4084.0 built by: NET48REL1\r\nDescription: .NET Framework\r\nProduct: Microsoft® .NET Framework\r\nCompany: Microsoft Corporation\r\nOriginalFileName: system.transactions.dll\r\nHashes: SHA1=F79CCFE423A5618A58AEDD53D259A016ACC32EF7,MD5=4C60743E8A7327857182637FD29A04C2,SHA256=442C873DCD96B512D99FA20B846893341D16AD4D4B1C8B174EA948CFC0053340,IMPHASH=00000000000000000000000000000000\r\nSigned: false\r\nSignature: -\r\nSignatureStatus: Unavailable\r\nUser: MSSENTINEL\\wardog","EventData":"\u003cEventData xmlns=\"http://schemas.microsoft.com/win/2004/08/events/event\"\u003e\u003cData Name=\"RuleName\"\u003e-\u003c/Data\u003e\u003cData Name=\"UtcTime\"\u003e2022-09-22 16:31:24.398\u003c/Data\u003e\u003cData Name=\"ProcessGuid\"\u003e{03bfca49-8dd2-632c-550d-000000000b00}\u003c/Data\u003e\u003cData Name=\"ProcessId\"\u003e12372\u003c/Data\u003e\u003cData Name=\"Image\"\u003eC:\\Windows\\System32\\notepad.exe\u003c/Data\u003e\u003cData Name=\"ImageLoaded\"\u003eC:\\Windows\\assembly\\NativeImages_v4.0.30319_64\\System.Transactions\\50391493de203349fead9ce243708483\\System.Transactions.ni.dll\u003c/Data\u003e\u003cData Name=\"FileVersion\"\u003e4.8.4084.0 built by: NET48REL1\u003c/Data\u003e\u003cData Name=\"Description\"\u003e.NET Framework\u003c/Data\u003e\u003cData Name=\"Product\"\u003eMicrosoft® .NET Framework\u003c/Data\u003e\u003cData Name=\"Company\"\u003eMicrosoft Corporation\u003c/Data\u003e\u003cData Name=\"OriginalFileName\"\u003esystem.transactions.dll\u003c/Data\u003e\u003cData Name=\"Hashes\"\u003eSHA1=F79CCFE423A5618A58AEDD53D259A016ACC32EF7,MD5=4C60743E8A7327857182637FD29A04C2,SHA256=442C873DCD96B512D99FA20B846893341D16AD4D4B1C8B174EA948CFC0053340,IMPHASH=00000000000000000000000000000000\u003c/Data\u003e\u003cData Name=\"Signed\"\u003efalse\u003c/Data\u003e\u003cData Name=\"Signature\"\u003e-\u003c/Data\u003e\u003cData Name=\"SignatureStatus\"\u003eUnavailable\u003c/Data\u003e\u003cData Name=\"User\"\u003eMSSENTINEL\\wardog\u003c/Data\u003e\u003c/EventData\u003e","Task":"7","RuleName":"-","UtcTime":"2022-09-22 16:31:24.398","ProcessGuid":"{03bfca49-8dd2-632c-550d-000000000b00}","ProcessId":"12372","Image":"C:\\Windows\\System32\\notepad.exe","ImageLoaded":"C:\\Windows\\assembly\\NativeImages_v4.0.30319_64\\System.Transactions\\50391493de203349fead9ce243708483\\System.Transactions.ni.dll","FileVersion":"4.8.4084.0 built by: NET48REL1","Description":".NET Framework","Product":"Microsoft® .NET Framework","Company":"Microsoft Corporation","OriginalFileName":"system.transactions.dll","Hashes":"SHA1=F79CCFE423A5618A58AEDD53D259A016ACC32EF7,MD5=4C60743E8A7327857182637FD29A04C2,SHA256=442C873DCD96B512D99FA20B846893341D16AD4D4B1C8B174EA948CFC0053340,IMPHASH=00000000000000000000000000000000","Signed":"false","Signature":"-","SignatureStatus":"Unavailable","User":"MSSENTINEL\\wardog"},{"EventSourceName":"Microsoft-Windows-Sysmon","Provider":"Microsoft-Windows-Sysmon","ProviderGuid":"{5770385f-c22a-43e0-bf4c-06f5698ffbd9}","Level":"4","Keywords":"0x8000000000000000","Channel":"Microsoft-Windows-Sysmon/Operational","Computer":"WORKSTATION6.mssentinel.local","TimeCreated":"2022-09-22T12:31:24.406Z","TimeGenerated":"2022-09-22T04:31:24.406Z","EventRecordID":"3328637","EventID":11,"Message":"File created:\r\nRuleName: -\r\nUtcTime: 2022-09-22 16:31:24.398\r\nProcessGuid: {03bfca49-b066-632b-3000-000000000b00}\r\nProcessId: 1560\r\nImage: C:\\Windows\\system32\\svchost.exe\r\nTargetFilename: C:\\Windows\\Prefetch\\NOTEPAD.EXE-D8414F97.pf\r\nCreationUtcTime: 2022-09-19 20:27:52.371\r\nUser: NT AUTHORITY\\SYSTEM","EventData":"\u003cEventData xmlns=\"http://schemas.microsoft.com/win/2004/08/events/event\"\u003e\u003cData Name=\"RuleName\"\u003e-\u003c/Data\u003e\u003cData Name=\"UtcTime\"\u003e2022-09-22 16:31:24.398\u003c/Data\u003e\u003cData Name=\"ProcessGuid\"\u003e{03bfca49-b066-632b-3000-000000000b00}\u003c/Data\u003e\u003cData Name=\"ProcessId\"\u003e1560\u003c/Data\u003e\u003cData Name=\"Image\"\u003eC:\\Windows\\system32\\svchost.exe\u003c/Data\u003e\u003cData Name=\"TargetFilename\"\u003eC:\\Windows\\Prefetch\\NOTEPAD.EXE-D8414F97.pf\u003c/Data\u003e\u003cData Name=\"CreationUtcTime\"\u003e2022-09-19 20:27:52.371\u003c/Data\u003e\u003cData Name=\"User\"\u003eNT AUTHORITY\\SYSTEM\u003c/Data\u003e\u003c/EventData\u003e","Task":"11","RuleName":"-","UtcTime":"2022-09-22 16:31:24.398","ProcessGuid":"{03bfca49-b066-632b-3000-000000000b00}","ProcessId":"1560","Image":"C:\\Windows\\system32\\svchost.exe","TargetFilename":"C:\\Windows\\Prefetch\\NOTEPAD.EXE-D8414F97.pf","CreationUtcTime":"2022-09-19 20:27:52.371","User":"NT AUTHORITY\\SYSTEM"},{"EventSourceName":"Microsoft-Windows-Sysmon","Provider":"Microsoft-Windows-Sysmon","ProviderGuid":"{5770385f-c22a-43e0-bf4c-06f5698ffbd9}","Level":"4","Keywords":"0x8000000000000000","Channel":"Microsoft-Windows-Sysmon/Operational","Computer":"WORKSTATION6.mssentinel.local","TimeCreated":"2022-09-22T12:31:24.409Z","TimeGenerated":"2022-09-22T04:31:24.409Z","EventRecordID":"3328638","EventID":7,"Message":"Image loaded:\r\nRuleName: -\r\nUtcTime: 2022-09-22 16:31:24.398\r\nProcessGuid: {03bfca49-8dd2-632c-550d-000000000b00}\r\nProcessId: 12372\r\nImage: C:\\Windows\\System32\\notepad.exe\r\nImageLoaded: C:\\Windows\\Microsoft.NET\\assembly\\GAC_64\\System.Transactions\\v4.0_4.0.0.0__b77a5c561934e089\\System.Transactions.dll\r\nFileVersion: 4.8.4084.0 built by: NET48REL1\r\nDescription: .NET Framework\r\nProduct: Microsoft® .NET Framework\r\nCompany: Microsoft Corporation\r\nOriginalFileName: system.transactions.dll\r\nHashes: SHA1=27398D7810EA779DE6AC84E32D1075DE84C265B4,MD5=7799CCC01448F58A1426F09BB23451AF,SHA256=871C970A373DAF15EE023EC5D7A1EEBDFB3AFD9217E344178C232618A8A35D9E,IMPHASH=1C67DA46DE146D5C03F7C75A4E4CCCA4\r\nSigned: true\r\nSignature: Microsoft Corporation\r\nSignatureStatus: Valid\r\nUser: MSSENTINEL\\wardog","EventData":"\u003cEventData xmlns=\"http://schemas.microsoft.com/win/2004/08/events/event\"\u003e\u003cData Name=\"RuleName\"\u003e-\u003c/Data\u003e\u003cData Name=\"UtcTime\"\u003e2022-09-22 16:31:24.398\u003c/Data\u003e\u003cData Name=\"ProcessGuid\"\u003e{03bfca49-8dd2-632c-550d-000000000b00}\u003c/Data\u003e\u003cData Name=\"ProcessId\"\u003e12372\u003c/Data\u003e\u003cData Name=\"Image\"\u003eC:\\Windows\\System32\\notepad.exe\u003c/Data\u003e\u003cData Name=\"ImageLoaded\"\u003eC:\\Windows\\Microsoft.NET\\assembly\\GAC_64\\System.Transactions\\v4.0_4.0.0.0__b77a5c561934e089\\System.Transactions.dll\u003c/Data\u003e\u003cData Name=\"FileVersion\"\u003e4.8.4084.0 built by: NET48REL1\u003c/Data\u003e\u003cData Name=\"Description\"\u003e.NET Framework\u003c/Data\u003e\u003cData Name=\"Product\"\u003eMicrosoft® .NET Framework\u003c/Data\u003e\u003cData Name=\"Company\"\u003eMicrosoft Corporation\u003c/Data\u003e\u003cData Name=\"OriginalFileName\"\u003esystem.transactions.dll\u003c/Data\u003e\u003cData Name=\"Hashes\"\u003eSHA1=27398D7810EA779DE6AC84E32D1075DE84C265B4,MD5=7799CCC01448F58A1426F09BB23451AF,SHA256=871C970A373DAF15EE023EC5D7A1EEBDFB3AFD9217E344178C232618A8A35D9E,IMPHASH=1C67DA46DE146D5C03F7C75A4E4CCCA4\u003c/Data\u003e\u003cData Name=\"Signed\"\u003etrue\u003c/Data\u003e\u003cData Name=\"Signature\"\u003eMicrosoft Corporation\u003c/Data\u003e\u003cData Name=\"SignatureStatus\"\u003eValid\u003c/Data\u003e\u003cData Name=\"User\"\u003eMSSENTINEL\\wardog\u003c/Data\u003e\u003c/EventData\u003e","Task":"7","RuleName":"-","UtcTime":"2022-09-22 16:31:24.398","ProcessGuid":"{03bfca49-8dd2-632c-550d-000000000b00}","ProcessId":"12372","Image":"C:\\Windows\\System32\\notepad.exe","ImageLoaded":"C:\\Windows\\Microsoft.NET\\assembly\\GAC_64\\System.Transactions\\v4.0_4.0.0.0__b77a5c561934e089\\System.Transactions.dll","FileVersion":"4.8.4084.0 built by: NET48REL1","Description":".NET Framework","Product":"Microsoft® .NET Framework","Company":"Microsoft Corporation","OriginalFileName":"system.transactions.dll","Hashes":"SHA1=27398D7810EA779DE6AC84E32D1075DE84C265B4,MD5=7799CCC01448F58A1426F09BB23451AF,SHA256=871C970A373DAF15EE023EC5D7A1EEBDFB3AFD9217E344178C232618A8A35D9E,IMPHASH=1C67DA46DE146D5C03F7C75A4E4CCCA4","Signed":"true","Signature":"Microsoft Corporation","SignatureStatus":"Valid","User":"MSSENTINEL\\wardog"},