{"EventSourceName":"Microsoft-Windows-Sysmon","Provider":"Microsoft-Windows-Sysmon","ProviderGuid":"{5770385f-c22a-43e0-bf4c-06f5698ffbd9}","Level":"4","Keywords":"0x8000000000000000","Channel":"Microsoft-Windows-Sysmon/Operational","Computer":"WORKSTATION6.mssentinel.local","TimeCreated":"2022-09-22T12:31:16.249Z","TimeGenerated":"2022-09-22T04:31:16.249Z","EventRecordID":"3328115","EventID":10,"Message":"Process accessed:\r\nRuleName: -\r\nUtcTime: 2022-09-22 16:31:16.242\r\nSourceProcessGUID: {03bfca49-7152-632c-7a0b-000000000b00}\r\nSourceProcessId: 8740\r\nSourceThreadId: 10892\r\nSourceImage: C:\\Windows\\Explorer.EXE\r\nTargetProcessGUID: {03bfca49-8c7c-632c-440d-000000000b00}\r\nTargetProcessId: 10604\r\nTargetImage: C:\\Windows\\system32\\conhost.exe\r\nGrantedAccess: 0x1000\r\nCallTrace: C:\\Windows\\SYSTEM32\\ntdll.dll+9d234|C:\\Windows\\System32\\KERNELBASE.dll+2c0ce|C:\\Windows\\System32\\appresolver.dll+25016|C:\\Windows\\System32\\appresolver.dll+21b43|C:\\Windows\\system32\\twinui.pcshell.dll+33f07|C:\\Windows\\system32\\twinui.pcshell.dll+13719e|C:\\Windows\\System32\\KERNEL32.DLL+17034|C:\\Windows\\SYSTEM32\\ntdll.dll+52651\r\nSourceUser: MSSENTINEL\\wardog\r\nTargetUser: MSSENTINEL\\wardog","EventData":"\u003cEventData xmlns=\"http://schemas.microsoft.com/win/2004/08/events/event\"\u003e\u003cData Name=\"RuleName\"\u003e-\u003c/Data\u003e\u003cData Name=\"UtcTime\"\u003e2022-09-22 16:31:16.242\u003c/Data\u003e\u003cData Name=\"SourceProcessGUID\"\u003e{03bfca49-7152-632c-7a0b-000000000b00}\u003c/Data\u003e\u003cData Name=\"SourceProcessId\"\u003e8740\u003c/Data\u003e\u003cData Name=\"SourceThreadId\"\u003e10892\u003c/Data\u003e\u003cData Name=\"SourceImage\"\u003eC:\\Windows\\Explorer.EXE\u003c/Data\u003e\u003cData Name=\"TargetProcessGUID\"\u003e{03bfca49-8c7c-632c-440d-000000000b00}\u003c/Data\u003e\u003cData Name=\"TargetProcessId\"\u003e10604\u003c/Data\u003e\u003cData Name=\"TargetImage\"\u003eC:\\Windows\\system32\\conhost.exe\u003c/Data\u003e\u003cData Name=\"GrantedAccess\"\u003e0x1000\u003c/Data\u003e\u003cData Name=\"CallTrace\"\u003eC:\\Windows\\SYSTEM32\\ntdll.dll+9d234|C:\\Windows\\System32\\KERNELBASE.dll+2c0ce|C:\\Windows\\System32\\appresolver.dll+25016|C:\\Windows\\System32\\appresolver.dll+21b43|C:\\Windows\\system32\\twinui.pcshell.dll+33f07|C:\\Windows\\system32\\twinui.pcshell.dll+13719e|C:\\Windows\\System32\\KERNEL32.DLL+17034|C:\\Windows\\SYSTEM32\\ntdll.dll+52651\u003c/Data\u003e\u003cData Name=\"SourceUser\"\u003eMSSENTINEL\\wardog\u003c/Data\u003e\u003cData Name=\"TargetUser\"\u003eMSSENTINEL\\wardog\u003c/Data\u003e\u003c/EventData\u003e","Task":"10","RuleName":"-","UtcTime":"2022-09-22 16:31:16.242","SourceProcessGUID":"{03bfca49-7152-632c-7a0b-000000000b00}","SourceProcessId":"8740","SourceThreadId":"10892","SourceImage":"C:\\Windows\\Explorer.EXE","TargetProcessGUID":"{03bfca49-8c7c-632c-440d-000000000b00}","TargetProcessId":"10604","TargetImage":"C:\\Windows\\system32\\conhost.exe","GrantedAccess":"0x1000","CallTrace":"C:\\Windows\\SYSTEM32\\ntdll.dll+9d234|C:\\Windows\\System32\\KERNELBASE.dll+2c0ce|C:\\Windows\\System32\\appresolver.dll+25016|C:\\Windows\\System32\\appresolver.dll+21b43|C:\\Windows\\system32\\twinui.pcshell.dll+33f07|C:\\Windows\\system32\\twinui.pcshell.dll+13719e|C:\\Windows\\System32\\KERNEL32.DLL+17034|C:\\Windows\\SYSTEM32\\ntdll.dll+52651","SourceUser":"MSSENTINEL\\wardog","TargetUser":"MSSENTINEL\\wardog"},{"EventSourceName":"Microsoft-Windows-Sysmon","Provider":"Microsoft-Windows-Sysmon","ProviderGuid":"{5770385f-c22a-43e0-bf4c-06f5698ffbd9}","Level":"4","Keywords":"0x8000000000000000","Channel":"Microsoft-Windows-Sysmon/Operational","Computer":"WORKSTATION6.mssentinel.local","TimeCreated":"2022-09-22T12:31:16.249Z","TimeGenerated":"2022-09-22T04:31:16.249Z","EventRecordID":"3328116","EventID":10,"Message":"Process accessed:\r\nRuleName: -\r\nUtcTime: 2022-09-22 16:31:16.242\r\nSourceProcessGUID: {03bfca49-7152-632c-7a0b-000000000b00}\r\nSourceProcessId: 8740\r\nSourceThreadId: 10892\r\nSourceImage: C:\\Windows\\Explorer.EXE\r\nTargetProcessGUID: {03bfca49-8c7c-632c-440d-000000000b00}\r\nTargetProcessId: 10604\r\nTargetImage: C:\\Windows\\system32\\conhost.exe\r\nGrantedAccess: 0x1000\r\nCallTrace: C:\\Windows\\SYSTEM32\\ntdll.dll+9d234|C:\\Windows\\System32\\KERNELBASE.dll+2c0ce|C:\\Windows\\System32\\appresolver.dll+21c0b|C:\\Windows\\system32\\twinui.pcshell.dll+33f07|C:\\Windows\\system32\\twinui.pcshell.dll+13719e|C:\\Windows\\System32\\KERNEL32.DLL+17034|C:\\Windows\\SYSTEM32\\ntdll.dll+52651\r\nSourceUser: MSSENTINEL\\wardog\r\nTargetUser: MSSENTINEL\\wardog","EventData":"\u003cEventData xmlns=\"http://schemas.microsoft.com/win/2004/08/events/event\"\u003e\u003cData Name=\"RuleName\"\u003e-\u003c/Data\u003e\u003cData Name=\"UtcTime\"\u003e2022-09-22 16:31:16.242\u003c/Data\u003e\u003cData Name=\"SourceProcessGUID\"\u003e{03bfca49-7152-632c-7a0b-000000000b00}\u003c/Data\u003e\u003cData Name=\"SourceProcessId\"\u003e8740\u003c/Data\u003e\u003cData Name=\"SourceThreadId\"\u003e10892\u003c/Data\u003e\u003cData Name=\"SourceImage\"\u003eC:\\Windows\\Explorer.EXE\u003c/Data\u003e\u003cData Name=\"TargetProcessGUID\"\u003e{03bfca49-8c7c-632c-440d-000000000b00}\u003c/Data\u003e\u003cData Name=\"TargetProcessId\"\u003e10604\u003c/Data\u003e\u003cData Name=\"TargetImage\"\u003eC:\\Windows\\system32\\conhost.exe\u003c/Data\u003e\u003cData Name=\"GrantedAccess\"\u003e0x1000\u003c/Data\u003e\u003cData Name=\"CallTrace\"\u003eC:\\Windows\\SYSTEM32\\ntdll.dll+9d234|C:\\Windows\\System32\\KERNELBASE.dll+2c0ce|C:\\Windows\\System32\\appresolver.dll+21c0b|C:\\Windows\\system32\\twinui.pcshell.dll+33f07|C:\\Windows\\system32\\twinui.pcshell.dll+13719e|C:\\Windows\\System32\\KERNEL32.DLL+17034|C:\\Windows\\SYSTEM32\\ntdll.dll+52651\u003c/Data\u003e\u003cData Name=\"SourceUser\"\u003eMSSENTINEL\\wardog\u003c/Data\u003e\u003cData Name=\"TargetUser\"\u003eMSSENTINEL\\wardog\u003c/Data\u003e\u003c/EventData\u003e","Task":"10","RuleName":"-","UtcTime":"2022-09-22 16:31:16.242","SourceProcessGUID":"{03bfca49-7152-632c-7a0b-000000000b00}","SourceProcessId":"8740","SourceThreadId":"10892","SourceImage":"C:\\Windows\\Explorer.EXE","TargetProcessGUID":"{03bfca49-8c7c-632c-440d-000000000b00}","TargetProcessId":"10604","TargetImage":"C:\\Windows\\system32\\conhost.exe","GrantedAccess":"0x1000","CallTrace":"C:\\Windows\\SYSTEM32\\ntdll.dll+9d234|C:\\Windows\\System32\\KERNELBASE.dll+2c0ce|C:\\Windows\\System32\\appresolver.dll+21c0b|C:\\Windows\\system32\\twinui.pcshell.dll+33f07|C:\\Windows\\system32\\twinui.pcshell.dll+13719e|C:\\Windows\\System32\\KERNEL32.DLL+17034|C:\\Windows\\SYSTEM32\\ntdll.dll+52651","SourceUser":"MSSENTINEL\\wardog","TargetUser":"MSSENTINEL\\wardog"},{"EventSourceName":"Microsoft-Windows-Sysmon","Provider":"Microsoft-Windows-Sysmon","ProviderGuid":"{5770385f-c22a-43e0-bf4c-06f5698ffbd9}","Level":"4","Keywords":"0x8000000000000000","Channel":"Microsoft-Windows-Sysmon/Operational","Computer":"WORKSTATION6.mssentinel.local","TimeCreated":"2022-09-22T12:31:16.249Z","TimeGenerated":"2022-09-22T04:31:16.249Z","EventRecordID":"3328117","EventID":10,"Message":"Process accessed:\r\nRuleName: -\r\nUtcTime: 2022-09-22 16:31:16.242\r\nSourceProcessGUID: {03bfca49-7152-632c-7a0b-000000000b00}\r\nSourceProcessId: 8740\r\nSourceThreadId: 10892\r\nSourceImage: C:\\Windows\\Explorer.EXE\r\nTargetProcessGUID: {03bfca49-8c7c-632c-440d-000000000b00}\r\nTargetProcessId: 10604\r\nTargetImage: C:\\Windows\\system32\\conhost.exe\r\nGrantedAccess: 0x1410\r\nCallTrace: C:\\Windows\\SYSTEM32\\ntdll.dll+9d234|C:\\Windows\\System32\\KERNELBASE.dll+2c0ce|C:\\Windows\\System32\\appresolver.dll+24d21|C:\\Windows\\System32\\appresolver.dll+21ce7|C:\\Windows\\system32\\twinui.pcshell.dll+33f07|C:\\Windows\\system32\\twinui.pcshell.dll+13719e|C:\\Windows\\System32\\KERNEL32.DLL+17034|C:\\Windows\\SYSTEM32\\ntdll.dll+52651\r\nSourceUser: MSSENTINEL\\wardog\r\nTargetUser: MSSENTINEL\\wardog","EventData":"\u003cEventData xmlns=\"http://schemas.microsoft.com/win/2004/08/events/event\"\u003e\u003cData Name=\"RuleName\"\u003e-\u003c/Data\u003e\u003cData Name=\"UtcTime\"\u003e2022-09-22 16:31:16.242\u003c/Data\u003e\u003cData Name=\"SourceProcessGUID\"\u003e{03bfca49-7152-632c-7a0b-000000000b00}\u003c/Data\u003e\u003cData Name=\"SourceProcessId\"\u003e8740\u003c/Data\u003e\u003cData Name=\"SourceThreadId\"\u003e10892\u003c/Data\u003e\u003cData Name=\"SourceImage\"\u003eC:\\Windows\\Explorer.EXE\u003c/Data\u003e\u003cData Name=\"TargetProcessGUID\"\u003e{03bfca49-8c7c-632c-440d-000000000b00}\u003c/Data\u003e\u003cData Name=\"TargetProcessId\"\u003e10604\u003c/Data\u003e\u003cData Name=\"TargetImage\"\u003eC:\\Windows\\system32\\conhost.exe\u003c/Data\u003e\u003cData Name=\"GrantedAccess\"\u003e0x1410\u003c/Data\u003e\u003cData Name=\"CallTrace\"\u003eC:\\Windows\\SYSTEM32\\ntdll.dll+9d234|C:\\Windows\\System32\\KERNELBASE.dll+2c0ce|C:\\Windows\\System32\\appresolver.dll+24d21|C:\\Windows\\System32\\appresolver.dll+21ce7|C:\\Windows\\system32\\twinui.pcshell.dll+33f07|C:\\Windows\\system32\\twinui.pcshell.dll+13719e|C:\\Windows\\System32\\KERNEL32.DLL+17034|C:\\Windows\\SYSTEM32\\ntdll.dll+52651\u003c/Data\u003e\u003cData Name=\"SourceUser\"\u003eMSSENTINEL\\wardog\u003c/Data\u003e\u003cData Name=\"TargetUser\"\u003eMSSENTINEL\\wardog\u003c/Data\u003e\u003c/EventData\u003e","Task":"10","RuleName":"-","UtcTime":"2022-09-22 16:31:16.242","SourceProcessGUID":"{03bfca49-7152-632c-7a0b-000000000b00}","SourceProcessId":"8740","SourceThreadId":"10892","SourceImage":"C:\\Windows\\Explorer.EXE","TargetProcessGUID":"{03bfca49-8c7c-632c-440d-000000000b00}","TargetProcessId":"10604","TargetImage":"C:\\Windows\\system32\\conhost.exe","GrantedAccess":"0x1410","CallTrace":"C:\\Windows\\SYSTEM32\\ntdll.dll+9d234|C:\\Windows\\System32\\KERNELBASE.dll+2c0ce|C:\\Windows\\System32\\appresolver.dll+24d21|C:\\Windows\\System32\\appresolver.dll+21ce7|C:\\Windows\\system32\\twinui.pcshell.dll+33f07|C:\\Windows\\system32\\twinui.pcshell.dll+13719e|C:\\Windows\\System32\\KERNEL32.DLL+17034|C:\\Windows\\SYSTEM32\\ntdll.dll+52651","SourceUser":"MSSENTINEL\\wardog","TargetUser":"MSSENTINEL\\wardog"},{"EventSourceName":"Microsoft-Windows-Sysmon","Provider":"Microsoft-Windows-Sysmon","ProviderGuid":"{5770385f-c22a-43e0-bf4c-06f5698ffbd9}","Level":"4","Keywords":"0x8000000000000000","Channel":"Microsoft-Windows-Sysmon/Operational","Computer":"WORKSTATION6.mssentinel.local","TimeCreated":"2022-09-22T12:31:16.249Z","TimeGenerated":"2022-09-22T04:31:16.249Z","EventRecordID":"3328118","EventID":10,"Message":"Process accessed:\r\nRuleName: -\r\nUtcTime: 2022-09-22 16:31:16.242\r\nSourceProcessGUID: {03bfca49-7152-632c-7a0b-000000000b00}\r\nSourceProcessId: 8740\r\nSourceThreadId: 9524\r\nSourceImage: C:\\Windows\\Explorer.EXE\r\nTargetProcessGUID: {03bfca49-8c7c-632c-430d-000000000b00}\r\nTargetProcessId: 11720\r\nTargetImage: C:\\Windows\\System32\\WindowsPowerShell\\v1.0\\powershell.exe\r\nGrantedAccess: 0x2000\r\nCallTrace: C:\\Windows\\SYSTEM32\\ntdll.dll+9d234|C:\\Windows\\System32\\KERNELBASE.dll+2c0ce|C:\\Windows\\system32\\twinui.dll+31da3|C:\\Windows\\system32\\twinui.dll+68ebc|C:\\Windows\\system32\\twinui.dll+68e1c|C:\\Windows\\system32\\twinui.dll+6101a|C:\\Windows\\system32\\twinui.dll+6094a|C:\\Windows\\system32\\twinui.dll+611eb|C:\\Windows\\system32\\twinui.dll+60a0d|C:\\Windows\\System32\\user32.dll+e7e8|C:\\Windows\\System32\\user32.dll+e229|C:\\Windows\\System32\\windows.immersiveshell.serviceprovider.dll+cc93|C:\\Windows\\System32\\windows.immersiveshell.serviceprovider.dll+c823|C:\\Windows\\System32\\windows.immersiveshell.serviceprovider.dll+f523|C:\\Windows\\System32\\windows.immersiveshell.serviceprovider.dll+f582|C:\\Windows\\System32\\KERNEL32.DLL+17034|C:\\Windows\\SYSTEM32\\ntdll.dll+52651\r\nSourceUser: MSSENTINEL\\wardog\r\nTargetUser: MSSENTINEL\\wardog","EventData":"\u003cEventData xmlns=\"http://schemas.microsoft.com/win/2004/08/events/event\"\u003e\u003cData Name=\"RuleName\"\u003e-\u003c/Data\u003e\u003cData Name=\"UtcTime\"\u003e2022-09-22 16:31:16.242\u003c/Data\u003e\u003cData Name=\"SourceProcessGUID\"\u003e{03bfca49-7152-632c-7a0b-000000000b00}\u003c/Data\u003e\u003cData Name=\"SourceProcessId\"\u003e8740\u003c/Data\u003e\u003cData Name=\"SourceThreadId\"\u003e9524\u003c/Data\u003e\u003cData Name=\"SourceImage\"\u003eC:\\Windows\\Explorer.EXE\u003c/Data\u003e\u003cData Name=\"TargetProcessGUID\"\u003e{03bfca49-8c7c-632c-430d-000000000b00}\u003c/Data\u003e\u003cData Name=\"TargetProcessId\"\u003e11720\u003c/Data\u003e\u003cData Name=\"TargetImage\"\u003eC:\\Windows\\System32\\WindowsPowerShell\\v1.0\\powershell.exe\u003c/Data\u003e\u003cData Name=\"GrantedAccess\"\u003e0x2000\u003c/Data\u003e\u003cData Name=\"CallTrace\"\u003eC:\\Windows\\SYSTEM32\\ntdll.dll+9d234|C:\\Windows\\System32\\KERNELBASE.dll+2c0ce|C:\\Windows\\system32\\twinui.dll+31da3|C:\\Windows\\system32\\twinui.dll+68ebc|C:\\Windows\\system32\\twinui.dll+68e1c|C:\\Windows\\system32\\twinui.dll+6101a|C:\\Windows\\system32\\twinui.dll+6094a|C:\\Windows\\system32\\twinui.dll+611eb|C:\\Windows\\system32\\twinui.dll+60a0d|C:\\Windows\\System32\\user32.dll+e7e8|C:\\Windows\\System32\\user32.dll+e229|C:\\Windows\\System32\\windows.immersiveshell.serviceprovider.dll+cc93|C:\\Windows\\System32\\windows.immersiveshell.serviceprovider.dll+c823|C:\\Windows\\System32\\windows.immersiveshell.serviceprovider.dll+f523|C:\\Windows\\System32\\windows.immersiveshell.serviceprovider.dll+f582|C:\\Windows\\System32\\KERNEL32.DLL+17034|C:\\Windows\\SYSTEM32\\ntdll.dll+52651\u003c/Data\u003e\u003cData Name=\"SourceUser\"\u003eMSSENTINEL\\wardog\u003c/Data\u003e\u003cData Name=\"TargetUser\"\u003eMSSENTINEL\\wardog\u003c/Data\u003e\u003c/EventData\u003e","Task":"10","RuleName":"-","UtcTime":"2022-09-22 16:31:16.242","SourceProcessGUID":"{03bfca49-7152-632c-7a0b-000000000b00}","SourceProcessId":"8740","SourceThreadId":"9524","SourceImage":"C:\\Windows\\Explorer.EXE","TargetProcessGUID":"{03bfca49-8c7c-632c-430d-000000000b00}","TargetProcessId":"11720","TargetImage":"C:\\Windows\\System32\\WindowsPowerShell\\v1.0\\powershell.exe","GrantedAccess":"0x2000","CallTrace":"C:\\Windows\\SYSTEM32\\ntdll.dll+9d234|C:\\Windows\\System32\\KERNELBASE.dll+2c0ce|C:\\Windows\\system32\\twinui.dll+31da3|C:\\Windows\\system32\\twinui.dll+68ebc|C:\\Windows\\system32\\twinui.dll+68e1c|C:\\Windows\\system32\\twinui.dll+6101a|C:\\Windows\\system32\\twinui.dll+6094a|C:\\Windows\\system32\\twinui.dll+611eb|C:\\Windows\\system32\\twinui.dll+60a0d|C:\\Windows\\System32\\user32.dll+e7e8|C:\\Windows\\System32\\user32.dll+e229|C:\\Windows\\System32\\windows.immersiveshell.serviceprovider.dll+cc93|C:\\Windows\\System32\\windows.immersiveshell.serviceprovider.dll+c823|C:\\Windows\\System32\\windows.immersiveshell.serviceprovider.dll+f523|C:\\Windows\\System32\\windows.immersiveshell.serviceprovider.dll+f582|C:\\Windows\\System32\\KERNEL32.DLL+17034|C:\\Windows\\SYSTEM32\\ntdll.dll+52651","SourceUser":"MSSENTINEL\\wardog","TargetUser":"MSSENTINEL\\wardog"},{"EventSourceName":"Microsoft-Windows-Sysmon","Provider":"Microsoft-Windows-Sysmon","ProviderGuid":"{5770385f-c22a-43e0-bf4c-06f5698ffbd9}","Level":"4","Keywords":"0x8000000000000000","Channel":"Microsoft-Windows-Sysmon/Operational","Computer":"WORKSTATION6.mssentinel.local","TimeCreated":"2022-09-22T12:31:16.250Z","TimeGenerated":"2022-09-22T04:31:16.250Z","EventRecordID":"3328119","EventID":10,"Message":"Process accessed:\r\nRuleName: -\r\nUtcTime: 2022-09-22 16:31:16.242\r\nSourceProcessGUID: {03bfca49-7152-632c-7a0b-000000000b00}\r\nSourceProcessId: 8740\r\nSourceThreadId: 9524\r\nSourceImage: C:\\Windows\\Explorer.EXE\r\nTargetProcessGUID: {03bfca49-71f6-632c-c70b-000000000b00}\r\nTargetProcessId: 1924\r\nTargetImage: C:\\Windows\\system32\\ApplicationFrameHost.exe\r\nGrantedAccess: 0x2000\r\nCallTrace: C:\\Windows\\SYSTEM32\\ntdll.dll+9d234|C:\\Windows\\System32\\KERNELBASE.dll+2c0ce|C:\\Windows\\system32\\twinui.dll+3273b|C:\\Windows\\system32\\twinui.dll+31fac|C:\\Windows\\system32\\twinui.dll+68ebc|C:\\Windows\\system32\\twinui.dll+68e1c|C:\\Windows\\system32\\twinui.dll+6101a|C:\\Windows\\system32\\twinui.dll+6094a|C:\\Windows\\system32\\twinui.dll+611eb|C:\\Windows\\system32\\twinui.dll+60a0d|C:\\Windows\\System32\\user32.dll+e7e8|C:\\Windows\\System32\\user32.dll+e229|C:\\Windows\\System32\\windows.immersiveshell.serviceprovider.dll+cc93|C:\\Windows\\System32\\windows.immersiveshell.serviceprovider.dll+c823|C:\\Windows\\System32\\windows.immersiveshell.serviceprovider.dll+f523|C:\\Windows\\System32\\windows.immersiveshell.serviceprovider.dll+f582|C:\\Windows\\System32\\KERNEL32.DLL+17034|C:\\Windows\\SYSTEM32\\ntdll.dll+52651\r\nSourceUser: MSSENTINEL\\wardog\r\nTargetUser: MSSENTINEL\\wardog","EventData":"\u003cEventData xmlns=\"http://schemas.microsoft.com/win/2004/08/events/event\"\u003e\u003cData Name=\"RuleName\"\u003e-\u003c/Data\u003e\u003cData Name=\"UtcTime\"\u003e2022-09-22 16:31:16.242\u003c/Data\u003e\u003cData Name=\"SourceProcessGUID\"\u003e{03bfca49-7152-632c-7a0b-000000000b00}\u003c/Data\u003e\u003cData Name=\"SourceProcessId\"\u003e8740\u003c/Data\u003e\u003cData Name=\"SourceThreadId\"\u003e9524\u003c/Data\u003e\u003cData Name=\"SourceImage\"\u003eC:\\Windows\\Explorer.EXE\u003c/Data\u003e\u003cData Name=\"TargetProcessGUID\"\u003e{03bfca49-71f6-632c-c70b-000000000b00}\u003c/Data\u003e\u003cData Name=\"TargetProcessId\"\u003e1924\u003c/Data\u003e\u003cData Name=\"TargetImage\"\u003eC:\\Windows\\system32\\ApplicationFrameHost.exe\u003c/Data\u003e\u003cData Name=\"GrantedAccess\"\u003e0x2000\u003c/Data\u003e\u003cData Name=\"CallTrace\"\u003eC:\\Windows\\SYSTEM32\\ntdll.dll+9d234|C:\\Windows\\System32\\KERNELBASE.dll+2c0ce|C:\\Windows\\system32\\twinui.dll+3273b|C:\\Windows\\system32\\twinui.dll+31fac|C:\\Windows\\system32\\twinui.dll+68ebc|C:\\Windows\\system32\\twinui.dll+68e1c|C:\\Windows\\system32\\twinui.dll+6101a|C:\\Windows\\system32\\twinui.dll+6094a|C:\\Windows\\system32\\twinui.dll+611eb|C:\\Windows\\system32\\twinui.dll+60a0d|C:\\Windows\\System32\\user32.dll+e7e8|C:\\Windows\\System32\\user32.dll+e229|C:\\Windows\\System32\\windows.immersiveshell.serviceprovider.dll+cc93|C:\\Windows\\System32\\windows.immersiveshell.serviceprovider.dll+c823|C:\\Windows\\System32\\windows.immersiveshell.serviceprovider.dll+f523|C:\\Windows\\System32\\windows.immersiveshell.serviceprovider.dll+f582|C:\\Windows\\System32\\KERNEL32.DLL+17034|C:\\Windows\\SYSTEM32\\ntdll.dll+52651\u003c/Data\u003e\u003cData Name=\"SourceUser\"\u003eMSSENTINEL\\wardog\u003c/Data\u003e\u003cData Name=\"TargetUser\"\u003eMSSENTINEL\\wardog\u003c/Data\u003e\u003c/EventData\u003e","Task":"10","RuleName":"-","UtcTime":"2022-09-22 16:31:16.242","SourceProcessGUID":"{03bfca49-7152-632c-7a0b-000000000b00}","SourceProcessId":"8740","SourceThreadId":"9524","SourceImage":"C:\\Windows\\Explorer.EXE","TargetProcessGUID":"{03bfca49-71f6-632c-c70b-000000000b00}","TargetProcessId":"1924","TargetImage":"C:\\Windows\\system32\\ApplicationFrameHost.exe","GrantedAccess":"0x2000","CallTrace":"C:\\Windows\\SYSTEM32\\ntdll.dll+9d234|C:\\Windows\\System32\\KERNELBASE.dll+2c0ce|C:\\Windows\\system32\\twinui.dll+3273b|C:\\Windows\\system32\\twinui.dll+31fac|C:\\Windows\\system32\\twinui.dll+68ebc|C:\\Windows\\system32\\twinui.dll+68e1c|C:\\Windows\\system32\\twinui.dll+6101a|C:\\Windows\\system32\\twinui.dll+6094a|C:\\Windows\\system32\\twinui.dll+611eb|C:\\Windows\\system32\\twinui.dll+60a0d|C:\\Windows\\System32\\user32.dll+e7e8|C:\\Windows\\System32\\user32.dll+e229|C:\\Windows\\System32\\windows.immersiveshell.serviceprovider.dll+cc93|C:\\Windows\\System32\\windows.immersiveshell.serviceprovider.dll+c823|C:\\Windows\\System32\\windows.immersiveshell.serviceprovider.dll+f523|C:\\Windows\\System32\\windows.immersiveshell.serviceprovider.dll+f582|C:\\Windows\\System32\\KERNEL32.DLL+17034|C:\\Windows\\SYSTEM32\\ntdll.dll+52651","SourceUser":"MSSENTINEL\\wardog","TargetUser":"MSSENTINEL\\wardog"},{"EventSourceName":"Microsoft-Windows-Sysmon","Provider":"Microsoft-Windows-Sysmon","ProviderGuid":"{5770385f-c22a-43e0-bf4c-06f5698ffbd9}","Level":"4","Keywords":"0x8000000000000000","Channel":"Microsoft-Windows-Sysmon/Operational","Computer":"WORKSTATION6.mssentinel.local","TimeCreated":"2022-09-22T12:31:16.251Z","TimeGenerated":"2022-09-22T04:31:16.251Z","EventRecordID":"3328120","EventID":10,"Message":"Process accessed:\r\nRuleName: -\r\nUtcTime: 2022-09-22 16:31:16.242\r\nSourceProcessGUID: {03bfca49-7152-632c-7a0b-000000000b00}\r\nSourceProcessId: 8740\r\nSourceThreadId: 9524\r\nSourceImage: C:\\Windows\\Explorer.EXE\r\nTargetProcessGUID: {03bfca49-7557-632c-200c-000000000b00}\r\nTargetProcessId: 13280\r\nTargetImage: C:\\Windows\\system32\\wwahost.exe\r\nGrantedAccess: 0x2000\r\nCallTrace: C:\\Windows\\SYSTEM32\\ntdll.dll+9d234|C:\\Windows\\System32\\KERNELBASE.dll+2c0ce|C:\\Windows\\system32\\twinui.dll+3273b|C:\\Windows\\system32\\twinui.dll+31fac|C:\\Windows\\system32\\twinui.dll+68ebc|C:\\Windows\\system32\\twinui.dll+68e1c|C:\\Windows\\system32\\twinui.dll+6101a|C:\\Windows\\system32\\twinui.dll+6094a|C:\\Windows\\system32\\twinui.dll+611eb|C:\\Windows\\system32\\twinui.dll+60a0d|C:\\Windows\\System32\\user32.dll+e7e8|C:\\Windows\\System32\\user32.dll+e229|C:\\Windows\\System32\\windows.immersiveshell.serviceprovider.dll+cc93|C:\\Windows\\System32\\windows.immersiveshell.serviceprovider.dll+c823|C:\\Windows\\System32\\windows.immersiveshell.serviceprovider.dll+f523|C:\\Windows\\System32\\windows.immersiveshell.serviceprovider.dll+f582|C:\\Windows\\System32\\KERNEL32.DLL+17034|C:\\Windows\\SYSTEM32\\ntdll.dll+52651\r\nSourceUser: MSSENTINEL\\wardog\r\nTargetUser: MSSENTINEL\\wardog","EventData":"\u003cEventData xmlns=\"http://schemas.microsoft.com/win/2004/08/events/event\"\u003e\u003cData Name=\"RuleName\"\u003e-\u003c/Data\u003e\u003cData Name=\"UtcTime\"\u003e2022-09-22 16:31:16.242\u003c/Data\u003e\u003cData Name=\"SourceProcessGUID\"\u003e{03bfca49-7152-632c-7a0b-000000000b00}\u003c/Data\u003e\u003cData Name=\"SourceProcessId\"\u003e8740\u003c/Data\u003e\u003cData Name=\"SourceThreadId\"\u003e9524\u003c/Data\u003e\u003cData Name=\"SourceImage\"\u003eC:\\Windows\\Explorer.EXE\u003c/Data\u003e\u003cData Name=\"TargetProcessGUID\"\u003e{03bfca49-7557-632c-200c-000000000b00}\u003c/Data\u003e\u003cData Name=\"TargetProcessId\"\u003e13280\u003c/Data\u003e\u003cData Name=\"TargetImage\"\u003eC:\\Windows\\system32\\wwahost.exe\u003c/Data\u003e\u003cData Name=\"GrantedAccess\"\u003e0x2000\u003c/Data\u003e\u003cData Name=\"CallTrace\"\u003eC:\\Windows\\SYSTEM32\\ntdll.dll+9d234|C:\\Windows\\System32\\KERNELBASE.dll+2c0ce|C:\\Windows\\system32\\twinui.dll+3273b|C:\\Windows\\system32\\twinui.dll+31fac|C:\\Windows\\system32\\twinui.dll+68ebc|C:\\Windows\\system32\\twinui.dll+68e1c|C:\\Windows\\system32\\twinui.dll+6101a|C:\\Windows\\system32\\twinui.dll+6094a|C:\\Windows\\system32\\twinui.dll+611eb|C:\\Windows\\system32\\twinui.dll+60a0d|C:\\Windows\\System32\\user32.dll+e7e8|C:\\Windows\\System32\\user32.dll+e229|C:\\Windows\\System32\\windows.immersiveshell.serviceprovider.dll+cc93|C:\\Windows\\System32\\windows.immersiveshell.serviceprovider.dll+c823|C:\\Windows\\System32\\windows.immersiveshell.serviceprovider.dll+f523|C:\\Windows\\System32\\windows.immersiveshell.serviceprovider.dll+f582|C:\\Windows\\System32\\KERNEL32.DLL+17034|C:\\Windows\\SYSTEM32\\ntdll.dll+52651\u003c/Data\u003e\u003cData Name=\"SourceUser\"\u003eMSSENTINEL\\wardog\u003c/Data\u003e\u003cData Name=\"TargetUser\"\u003eMSSENTINEL\\wardog\u003c/Data\u003e\u003c/EventData\u003e","Task":"10","RuleName":"-","UtcTime":"2022-09-22 16:31:16.242","SourceProcessGUID":"{03bfca49-7152-632c-7a0b-000000000b00}","SourceProcessId":"8740","SourceThreadId":"9524","SourceImage":"C:\\Windows\\Explorer.EXE","TargetProcessGUID":"{03bfca49-7557-632c-200c-000000000b00}","TargetProcessId":"13280","TargetImage":"C:\\Windows\\system32\\wwahost.exe","GrantedAccess":"0x2000","CallTrace":"C:\\Windows\\SYSTEM32\\ntdll.dll+9d234|C:\\Windows\\System32\\KERNELBASE.dll+2c0ce|C:\\Windows\\system32\\twinui.dll+3273b|C:\\Windows\\system32\\twinui.dll+31fac|C:\\Windows\\system32\\twinui.dll+68ebc|C:\\Windows\\system32\\twinui.dll+68e1c|C:\\Windows\\system32\\twinui.dll+6101a|C:\\Windows\\system32\\twinui.dll+6094a|C:\\Windows\\system32\\twinui.dll+611eb|C:\\Windows\\system32\\twinui.dll+60a0d|C:\\Windows\\System32\\user32.dll+e7e8|C:\\Windows\\System32\\user32.dll+e229|C:\\Windows\\System32\\windows.immersiveshell.serviceprovider.dll+cc93|C:\\Windows\\System32\\windows.immersiveshell.serviceprovider.dll+c823|C:\\Windows\\System32\\windows.immersiveshell.serviceprovider.dll+f523|C:\\Windows\\System32\\windows.immersiveshell.serviceprovider.dll+f582|C:\\Windows\\System32\\KERNEL32.DLL+17034|C:\\Windows\\SYSTEM32\\ntdll.dll+52651","SourceUser":"MSSENTINEL\\wardog","TargetUser":"MSSENTINEL\\wardog"},{"EventSourceName":"Microsoft-Windows-Sysmon","Provider":"Microsoft-Windows-Sysmon","ProviderGuid":"{5770385f-c22a-43e0-bf4c-06f5698ffbd9}","Level":"4","Keywords":"0x8000000000000000","Channel":"Microsoft-Windows-Sysmon/Operational","Computer":"WORKSTATION6.mssentinel.local","TimeCreated":"2022-09-22T12:31:16.251Z","TimeGenerated":"2022-09-22T04:31:16.251Z","EventRecordID":"3328121","EventID":10,"Message":"Process accessed:\r\nRuleName: -\r\nUtcTime: 2022-09-22 16:31:16.242\r\nSourceProcessGUID: {03bfca49-7152-632c-7a0b-000000000b00}\r\nSourceProcessId: 8740\r\nSourceThreadId: 9524\r\nSourceImage: C:\\Windows\\Explorer.EXE\r\nTargetProcessGUID: {03bfca49-8c7c-632c-430d-000000000b00}\r\nTargetProcessId: 11720\r\nTargetImage: C:\\Windows\\System32\\WindowsPowerShell\\v1.0\\powershell.exe\r\nGrantedAccess: 0x2000\r\nCallTrace: C:\\Windows\\SYSTEM32\\ntdll.dll+9d234|C:\\Windows\\System32\\KERNELBASE.dll+2c0ce|C:\\Windows\\system32\\twinui.dll+3273b|C:\\Windows\\system32\\twinui.dll+31fac|C:\\Windows\\system32\\twinui.dll+68ebc|C:\\Windows\\system32\\twinui.dll+68e1c|C:\\Windows\\system32\\twinui.dll+6101a|C:\\Windows\\system32\\twinui.dll+6094a|C:\\Windows\\system32\\twinui.dll+611eb|C:\\Windows\\system32\\twinui.dll+60a0d|C:\\Windows\\System32\\user32.dll+e7e8|C:\\Windows\\System32\\user32.dll+e229|C:\\Windows\\System32\\windows.immersiveshell.serviceprovider.dll+cc93|C:\\Windows\\System32\\windows.immersiveshell.serviceprovider.dll+c823|C:\\Windows\\System32\\windows.immersiveshell.serviceprovider.dll+f523|C:\\Windows\\System32\\windows.immersiveshell.serviceprovider.dll+f582|C:\\Windows\\System32\\KERNEL32.DLL+17034|C:\\Windows\\SYSTEM32\\ntdll.dll+52651\r\nSourceUser: MSSENTINEL\\wardog\r\nTargetUser: MSSENTINEL\\wardog","EventData":"\u003cEventData xmlns=\"http://schemas.microsoft.com/win/2004/08/events/event\"\u003e\u003cData Name=\"RuleName\"\u003e-\u003c/Data\u003e\u003cData Name=\"UtcTime\"\u003e2022-09-22 16:31:16.242\u003c/Data\u003e\u003cData Name=\"SourceProcessGUID\"\u003e{03bfca49-7152-632c-7a0b-000000000b00}\u003c/Data\u003e\u003cData Name=\"SourceProcessId\"\u003e8740\u003c/Data\u003e\u003cData Name=\"SourceThreadId\"\u003e9524\u003c/Data\u003e\u003cData Name=\"SourceImage\"\u003eC:\\Windows\\Explorer.EXE\u003c/Data\u003e\u003cData Name=\"TargetProcessGUID\"\u003e{03bfca49-8c7c-632c-430d-000000000b00}\u003c/Data\u003e\u003cData Name=\"TargetProcessId\"\u003e11720\u003c/Data\u003e\u003cData Name=\"TargetImage\"\u003eC:\\Windows\\System32\\WindowsPowerShell\\v1.0\\powershell.exe\u003c/Data\u003e\u003cData Name=\"GrantedAccess\"\u003e0x2000\u003c/Data\u003e\u003cData Name=\"CallTrace\"\u003eC:\\Windows\\SYSTEM32\\ntdll.dll+9d234|C:\\Windows\\System32\\KERNELBASE.dll+2c0ce|C:\\Windows\\system32\\twinui.dll+3273b|C:\\Windows\\system32\\twinui.dll+31fac|C:\\Windows\\system32\\twinui.dll+68ebc|C:\\Windows\\system32\\twinui.dll+68e1c|C:\\Windows\\system32\\twinui.dll+6101a|C:\\Windows\\system32\\twinui.dll+6094a|C:\\Windows\\system32\\twinui.dll+611eb|C:\\Windows\\system32\\twinui.dll+60a0d|C:\\Windows\\System32\\user32.dll+e7e8|C:\\Windows\\System32\\user32.dll+e229|C:\\Windows\\System32\\windows.immersiveshell.serviceprovider.dll+cc93|C:\\Windows\\System32\\windows.immersiveshell.serviceprovider.dll+c823|C:\\Windows\\System32\\windows.immersiveshell.serviceprovider.dll+f523|C:\\Windows\\System32\\windows.immersiveshell.serviceprovider.dll+f582|C:\\Windows\\System32\\KERNEL32.DLL+17034|C:\\Windows\\SYSTEM32\\ntdll.dll+52651\u003c/Data\u003e\u003cData Name=\"SourceUser\"\u003eMSSENTINEL\\wardog\u003c/Data\u003e\u003cData Name=\"TargetUser\"\u003eMSSENTINEL\\wardog\u003c/Data\u003e\u003c/EventData\u003e","Task":"10","RuleName":"-","UtcTime":"2022-09-22 16:31:16.242","SourceProcessGUID":"{03bfca49-7152-632c-7a0b-000000000b00}","SourceProcessId":"8740","SourceThreadId":"9524","SourceImage":"C:\\Windows\\Explorer.EXE","TargetProcessGUID":"{03bfca49-8c7c-632c-430d-000000000b00}","TargetProcessId":"11720","TargetImage":"C:\\Windows\\System32\\WindowsPowerShell\\v1.0\\powershell.exe","GrantedAccess":"0x2000","CallTrace":"C:\\Windows\\SYSTEM32\\ntdll.dll+9d234|C:\\Windows\\System32\\KERNELBASE.dll+2c0ce|C:\\Windows\\system32\\twinui.dll+3273b|C:\\Windows\\system32\\twinui.dll+31fac|C:\\Windows\\system32\\twinui.dll+68ebc|C:\\Windows\\system32\\twinui.dll+68e1c|C:\\Windows\\system32\\twinui.dll+6101a|C:\\Windows\\system32\\twinui.dll+6094a|C:\\Windows\\system32\\twinui.dll+611eb|C:\\Windows\\system32\\twinui.dll+60a0d|C:\\Windows\\System32\\user32.dll+e7e8|C:\\Windows\\System32\\user32.dll+e229|C:\\Windows\\System32\\windows.immersiveshell.serviceprovider.dll+cc93|C:\\Windows\\System32\\windows.immersiveshell.serviceprovider.dll+c823|C:\\Windows\\System32\\windows.immersiveshell.serviceprovider.dll+f523|C:\\Windows\\System32\\windows.immersiveshell.serviceprovider.dll+f582|C:\\Windows\\System32\\KERNEL32.DLL+17034|C:\\Windows\\SYSTEM32\\ntdll.dll+52651","SourceUser":"MSSENTINEL\\wardog","TargetUser":"MSSENTINEL\\wardog"},{"EventSourceName":"Microsoft-Windows-Sysmon","Provider":"Microsoft-Windows-Sysmon","ProviderGuid":"{5770385f-c22a-43e0-bf4c-06f5698ffbd9}","Level":"4","Keywords":"0x8000000000000000","Channel":"Microsoft-Windows-Sysmon/Operational","Computer":"WORKSTATION6.mssentinel.local","TimeCreated":"2022-09-22T12:31:16.258Z","TimeGenerated":"2022-09-22T04:31:16.258Z","EventRecordID":"3328122","EventID":10,"Message":"Process accessed:\r\nRuleName: -\r\nUtcTime: 2022-09-22 16:31:16.242\r\nSourceProcessGUID: {03bfca49-7152-632c-7a0b-000000000b00}\r\nSourceProcessId: 8740\r\nSourceThreadId: 9524\r\nSourceImage: C:\\Windows\\Explorer.EXE\r\nTargetProcessGUID: {03bfca49-8dd2-632c-550d-000000000b00}\r\nTargetProcessId: 12372\r\nTargetImage: C:\\Windows\\system32\\notepad.exe\r\nGrantedAccess: 0x2000\r\nCallTrace: C:\\Windows\\SYSTEM32\\ntdll.dll+9d234|C:\\Windows\\System32\\KERNELBASE.dll+2c0ce|C:\\Windows\\system32\\twinui.dll+3273b|C:\\Windows\\system32\\twinui.dll+31fac|C:\\Windows\\system32\\twinui.dll+68ebc|C:\\Windows\\system32\\twinui.dll+68e1c|C:\\Windows\\system32\\twinui.dll+6101a|C:\\Windows\\system32\\twinui.dll+6094a|C:\\Windows\\system32\\twinui.dll+611eb|C:\\Windows\\system32\\twinui.dll+60a0d|C:\\Windows\\System32\\user32.dll+e7e8|C:\\Windows\\System32\\user32.dll+e229|C:\\Windows\\System32\\windows.immersiveshell.serviceprovider.dll+cc93|C:\\Windows\\System32\\windows.immersiveshell.serviceprovider.dll+c823|C:\\Windows\\System32\\windows.immersiveshell.serviceprovider.dll+f523|C:\\Windows\\System32\\windows.immersiveshell.serviceprovider.dll+f582|C:\\Windows\\System32\\KERNEL32.DLL+17034|C:\\Windows\\SYSTEM32\\ntdll.dll+52651\r\nSourceUser: MSSENTINEL\\wardog\r\nTargetUser: MSSENTINEL\\wardog","EventData":"\u003cEventData xmlns=\"http://schemas.microsoft.com/win/2004/08/events/event\"\u003e\u003cData Name=\"RuleName\"\u003e-\u003c/Data\u003e\u003cData Name=\"UtcTime\"\u003e2022-09-22 16:31:16.242\u003c/Data\u003e\u003cData Name=\"SourceProcessGUID\"\u003e{03bfca49-7152-632c-7a0b-000000000b00}\u003c/Data\u003e\u003cData Name=\"SourceProcessId\"\u003e8740\u003c/Data\u003e\u003cData Name=\"SourceThreadId\"\u003e9524\u003c/Data\u003e\u003cData Name=\"SourceImage\"\u003eC:\\Windows\\Explorer.EXE\u003c/Data\u003e\u003cData Name=\"TargetProcessGUID\"\u003e{03bfca49-8dd2-632c-550d-000000000b00}\u003c/Data\u003e\u003cData Name=\"TargetProcessId\"\u003e12372\u003c/Data\u003e\u003cData Name=\"TargetImage\"\u003eC:\\Windows\\system32\\notepad.exe\u003c/Data\u003e\u003cData Name=\"GrantedAccess\"\u003e0x2000\u003c/Data\u003e\u003cData Name=\"CallTrace\"\u003eC:\\Windows\\SYSTEM32\\ntdll.dll+9d234|C:\\Windows\\System32\\KERNELBASE.dll+2c0ce|C:\\Windows\\system32\\twinui.dll+3273b|C:\\Windows\\system32\\twinui.dll+31fac|C:\\Windows\\system32\\twinui.dll+68ebc|C:\\Windows\\system32\\twinui.dll+68e1c|C:\\Windows\\system32\\twinui.dll+6101a|C:\\Windows\\system32\\twinui.dll+6094a|C:\\Windows\\system32\\twinui.dll+611eb|C:\\Windows\\system32\\twinui.dll+60a0d|C:\\Windows\\System32\\user32.dll+e7e8|C:\\Windows\\System32\\user32.dll+e229|C:\\Windows\\System32\\windows.immersiveshell.serviceprovider.dll+cc93|C:\\Windows\\System32\\windows.immersiveshell.serviceprovider.dll+c823|C:\\Windows\\System32\\windows.immersiveshell.serviceprovider.dll+f523|C:\\Windows\\System32\\windows.immersiveshell.serviceprovider.dll+f582|C:\\Windows\\System32\\KERNEL32.DLL+17034|C:\\Windows\\SYSTEM32\\ntdll.dll+52651\u003c/Data\u003e\u003cData Name=\"SourceUser\"\u003eMSSENTINEL\\wardog\u003c/Data\u003e\u003cData Name=\"TargetUser\"\u003eMSSENTINEL\\wardog\u003c/Data\u003e\u003c/EventData\u003e","Task":"10","RuleName":"-","UtcTime":"2022-09-22 16:31:16.242","SourceProcessGUID":"{03bfca49-7152-632c-7a0b-000000000b00}","SourceProcessId":"8740","SourceThreadId":"9524","SourceImage":"C:\\Windows\\Explorer.EXE","TargetProcessGUID":"{03bfca49-8dd2-632c-550d-000000000b00}","TargetProcessId":"12372","TargetImage":"C:\\Windows\\system32\\notepad.exe","GrantedAccess":"0x2000","CallTrace":"C:\\Windows\\SYSTEM32\\ntdll.dll+9d234|C:\\Windows\\System32\\KERNELBASE.dll+2c0ce|C:\\Windows\\system32\\twinui.dll+3273b|C:\\Windows\\system32\\twinui.dll+31fac|C:\\Windows\\system32\\twinui.dll+68ebc|C:\\Windows\\system32\\twinui.dll+68e1c|C:\\Windows\\system32\\twinui.dll+6101a|C:\\Windows\\system32\\twinui.dll+6094a|C:\\Windows\\system32\\twinui.dll+611eb|C:\\Windows\\system32\\twinui.dll+60a0d|C:\\Windows\\System32\\user32.dll+e7e8|C:\\Windows\\System32\\user32.dll+e229|C:\\Windows\\System32\\windows.immersiveshell.serviceprovider.dll+cc93|C:\\Windows\\System32\\windows.immersiveshell.serviceprovider.dll+c823|C:\\Windows\\System32\\windows.immersiveshell.serviceprovider.dll+f523|C:\\Windows\\System32\\windows.immersiveshell.serviceprovider.dll+f582|C:\\Windows\\System32\\KERNEL32.DLL+17034|C:\\Windows\\SYSTEM32\\ntdll.dll+52651","SourceUser":"MSSENTINEL\\wardog","TargetUser":"MSSENTINEL\\wardog"},{"EventSourceName":"Microsoft-Windows-Sysmon","Provider":"Microsoft-Windows-Sysmon","ProviderGuid":"{5770385f-c22a-43e0-bf4c-06f5698ffbd9}","Level":"4","Keywords":"0x8000000000000000","Channel":"Microsoft-Windows-Sysmon/Operational","Computer":"WORKSTATION6.mssentinel.local","TimeCreated":"2022-09-22T12:31:16.258Z","TimeGenerated":"2022-09-22T04:31:16.258Z","EventRecordID":"3328123","EventID":10,"Message":"Process accessed:\r\nRuleName: -\r\nUtcTime: 2022-09-22 16:31:16.242\r\nSourceProcessGUID: {03bfca49-7152-632c-7a0b-000000000b00}\r\nSourceProcessId: 8740\r\nSourceThreadId: 9524\r\nSourceImage: C:\\Windows\\Explorer.EXE\r\nTargetProcessGUID: {03bfca49-7634-632c-400c-000000000b00}\r\nTargetProcessId: 1228\r\nTargetImage: C:\\Windows\\System32\\WindowsPowerShell\\v1.0\\powershell.exe\r\nGrantedAccess: 0x2000\r\nCallTrace: C:\\Windows\\SYSTEM32\\ntdll.dll+9d234|C:\\Windows\\System32\\KERNELBASE.dll+2c0ce|C:\\Windows\\system32\\twinui.dll+3273b|C:\\Windows\\system32\\twinui.dll+31fac|C:\\Windows\\system32\\twinui.dll+68ebc|C:\\Windows\\system32\\twinui.dll+68e1c|C:\\Windows\\system32\\twinui.dll+6101a|C:\\Windows\\system32\\twinui.dll+6094a|C:\\Windows\\system32\\twinui.dll+611eb|C:\\Windows\\system32\\twinui.dll+60a0d|C:\\Windows\\System32\\user32.dll+e7e8|C:\\Windows\\System32\\user32.dll+e229|C:\\Windows\\System32\\windows.immersiveshell.serviceprovider.dll+cc93|C:\\Windows\\System32\\windows.immersiveshell.serviceprovider.dll+c823|C:\\Windows\\System32\\windows.immersiveshell.serviceprovider.dll+f523|C:\\Windows\\System32\\windows.immersiveshell.serviceprovider.dll+f582|C:\\Windows\\System32\\KERNEL32.DLL+17034|C:\\Windows\\SYSTEM32\\ntdll.dll+52651\r\nSourceUser: MSSENTINEL\\wardog\r\nTargetUser: MSSENTINEL\\wardog","EventData":"\u003cEventData xmlns=\"http://schemas.microsoft.com/win/2004/08/events/event\"\u003e\u003cData Name=\"RuleName\"\u003e-\u003c/Data\u003e\u003cData Name=\"UtcTime\"\u003e2022-09-22 16:31:16.242\u003c/Data\u003e\u003cData Name=\"SourceProcessGUID\"\u003e{03bfca49-7152-632c-7a0b-000000000b00}\u003c/Data\u003e\u003cData Name=\"SourceProcessId\"\u003e8740\u003c/Data\u003e\u003cData Name=\"SourceThreadId\"\u003e9524\u003c/Data\u003e\u003cData Name=\"SourceImage\"\u003eC:\\Windows\\Explorer.EXE\u003c/Data\u003e\u003cData Name=\"TargetProcessGUID\"\u003e{03bfca49-7634-632c-400c-000000000b00}\u003c/Data\u003e\u003cData Name=\"TargetProcessId\"\u003e1228\u003c/Data\u003e\u003cData Name=\"TargetImage\"\u003eC:\\Windows\\System32\\WindowsPowerShell\\v1.0\\powershell.exe\u003c/Data\u003e\u003cData Name=\"GrantedAccess\"\u003e0x2000\u003c/Data\u003e\u003cData Name=\"CallTrace\"\u003eC:\\Windows\\SYSTEM32\\ntdll.dll+9d234|C:\\Windows\\System32\\KERNELBASE.dll+2c0ce|C:\\Windows\\system32\\twinui.dll+3273b|C:\\Windows\\system32\\twinui.dll+31fac|C:\\Windows\\system32\\twinui.dll+68ebc|C:\\Windows\\system32\\twinui.dll+68e1c|C:\\Windows\\system32\\twinui.dll+6101a|C:\\Windows\\system32\\twinui.dll+6094a|C:\\Windows\\system32\\twinui.dll+611eb|C:\\Windows\\system32\\twinui.dll+60a0d|C:\\Windows\\System32\\user32.dll+e7e8|C:\\Windows\\System32\\user32.dll+e229|C:\\Windows\\System32\\windows.immersiveshell.serviceprovider.dll+cc93|C:\\Windows\\System32\\windows.immersiveshell.serviceprovider.dll+c823|C:\\Windows\\System32\\windows.immersiveshell.serviceprovider.dll+f523|C:\\Windows\\System32\\windows.immersiveshell.serviceprovider.dll+f582|C:\\Windows\\System32\\KERNEL32.DLL+17034|C:\\Windows\\SYSTEM32\\ntdll.dll+52651\u003c/Data\u003e\u003cData Name=\"SourceUser\"\u003eMSSENTINEL\\wardog\u003c/Data\u003e\u003cData Name=\"TargetUser\"\u003eMSSENTINEL\\wardog\u003c/Data\u003e\u003c/EventData\u003e","Task":"10","RuleName":"-","UtcTime":"2022-09-22 16:31:16.242","SourceProcessGUID":"{03bfca49-7152-632c-7a0b-000000000b00}","SourceProcessId":"8740","SourceThreadId":"9524","SourceImage":"C:\\Windows\\Explorer.EXE","TargetProcessGUID":"{03bfca49-7634-632c-400c-000000000b00}","TargetProcessId":"1228","TargetImage":"C:\\Windows\\System32\\WindowsPowerShell\\v1.0\\powershell.exe","GrantedAccess":"0x2000","CallTrace":"C:\\Windows\\SYSTEM32\\ntdll.dll+9d234|C:\\Windows\\System32\\KERNELBASE.dll+2c0ce|C:\\Windows\\system32\\twinui.dll+3273b|C:\\Windows\\system32\\twinui.dll+31fac|C:\\Windows\\system32\\twinui.dll+68ebc|C:\\Windows\\system32\\twinui.dll+68e1c|C:\\Windows\\system32\\twinui.dll+6101a|C:\\Windows\\system32\\twinui.dll+6094a|C:\\Windows\\system32\\twinui.dll+611eb|C:\\Windows\\system32\\twinui.dll+60a0d|C:\\Windows\\System32\\user32.dll+e7e8|C:\\Windows\\System32\\user32.dll+e229|C:\\Windows\\System32\\windows.immersiveshell.serviceprovider.dll+cc93|C:\\Windows\\System32\\windows.immersiveshell.serviceprovider.dll+c823|C:\\Windows\\System32\\windows.immersiveshell.serviceprovider.dll+f523|C:\\Windows\\System32\\windows.immersiveshell.serviceprovider.dll+f582|C:\\Windows\\System32\\KERNEL32.DLL+17034|C:\\Windows\\SYSTEM32\\ntdll.dll+52651","SourceUser":"MSSENTINEL\\wardog","TargetUser":"MSSENTINEL\\wardog"},{"EventSourceName":"Microsoft-Windows-Sysmon","Provider":"Microsoft-Windows-Sysmon","ProviderGuid":"{5770385f-c22a-43e0-bf4c-06f5698ffbd9}","Level":"4","Keywords":"0x8000000000000000","Channel":"Microsoft-Windows-Sysmon/Operational","Computer":"WORKSTATION6.mssentinel.local","TimeCreated":"2022-09-22T12:31:16.258Z","TimeGenerated":"2022-09-22T04:31:16.258Z","EventRecordID":"3328124","EventID":10,"Message":"Process accessed:\r\nRuleName: -\r\nUtcTime: 2022-09-22 16:31:16.242\r\nSourceProcessGUID: {03bfca49-7152-632c-7a0b-000000000b00}\r\nSourceProcessId: 8740\r\nSourceThreadId: 10340\r\nSourceImage: C:\\Windows\\Explorer.EXE\r\nTargetProcessGUID: {03bfca49-8c7c-632c-430d-000000000b00}\r\nTargetProcessId: 11720\r\nTargetImage: C:\\Windows\\System32\\WindowsPowerShell\\v1.0\\powershell.exe\r\nGrantedAccess: 0x1000\r\nCallTrace: C:\\Windows\\SYSTEM32\\ntdll.dll+9d234|C:\\Windows\\System32\\KERNELBASE.dll+2c0ce|C:\\Windows\\System32\\NPSMDesktopProvider.dll+1ef1b|C:\\Windows\\System32\\NPSMDesktopProvider.dll+149b4|C:\\Windows\\System32\\NPSMDesktopProvider.dll+1510a|C:\\Windows\\System32\\shcore.dll+3e0b6|C:\\Windows\\System32\\shcore.dll+17295|C:\\Windows\\System32\\shcore.dll+17170|C:\\Windows\\System32\\shcore.dll+15971|C:\\Windows\\System32\\KERNEL32.DLL+17034|C:\\Windows\\SYSTEM32\\ntdll.dll+52651\r\nSourceUser: MSSENTINEL\\wardog\r\nTargetUser: MSSENTINEL\\wardog","EventData":"\u003cEventData xmlns=\"http://schemas.microsoft.com/win/2004/08/events/event\"\u003e\u003cData Name=\"RuleName\"\u003e-\u003c/Data\u003e\u003cData Name=\"UtcTime\"\u003e2022-09-22 16:31:16.242\u003c/Data\u003e\u003cData Name=\"SourceProcessGUID\"\u003e{03bfca49-7152-632c-7a0b-000000000b00}\u003c/Data\u003e\u003cData Name=\"SourceProcessId\"\u003e8740\u003c/Data\u003e\u003cData Name=\"SourceThreadId\"\u003e10340\u003c/Data\u003e\u003cData Name=\"SourceImage\"\u003eC:\\Windows\\Explorer.EXE\u003c/Data\u003e\u003cData Name=\"TargetProcessGUID\"\u003e{03bfca49-8c7c-632c-430d-000000000b00}\u003c/Data\u003e\u003cData Name=\"TargetProcessId\"\u003e11720\u003c/Data\u003e\u003cData Name=\"TargetImage\"\u003eC:\\Windows\\System32\\WindowsPowerShell\\v1.0\\powershell.exe\u003c/Data\u003e\u003cData Name=\"GrantedAccess\"\u003e0x1000\u003c/Data\u003e\u003cData Name=\"CallTrace\"\u003eC:\\Windows\\SYSTEM32\\ntdll.dll+9d234|C:\\Windows\\System32\\KERNELBASE.dll+2c0ce|C:\\Windows\\System32\\NPSMDesktopProvider.dll+1ef1b|C:\\Windows\\System32\\NPSMDesktopProvider.dll+149b4|C:\\Windows\\System32\\NPSMDesktopProvider.dll+1510a|C:\\Windows\\System32\\shcore.dll+3e0b6|C:\\Windows\\System32\\shcore.dll+17295|C:\\Windows\\System32\\shcore.dll+17170|C:\\Windows\\System32\\shcore.dll+15971|C:\\Windows\\System32\\KERNEL32.DLL+17034|C:\\Windows\\SYSTEM32\\ntdll.dll+52651\u003c/Data\u003e\u003cData Name=\"SourceUser\"\u003eMSSENTINEL\\wardog\u003c/Data\u003e\u003cData Name=\"TargetUser\"\u003eMSSENTINEL\\wardog\u003c/Data\u003e\u003c/EventData\u003e","Task":"10","RuleName":"-","UtcTime":"2022-09-22 16:31:16.242","SourceProcessGUID":"{03bfca49-7152-632c-7a0b-000000000b00}","SourceProcessId":"8740","SourceThreadId":"10340","SourceImage":"C:\\Windows\\Explorer.EXE","TargetProcessGUID":"{03bfca49-8c7c-632c-430d-000000000b00}","TargetProcessId":"11720","TargetImage":"C:\\Windows\\System32\\WindowsPowerShell\\v1.0\\powershell.exe","GrantedAccess":"0x1000","CallTrace":"C:\\Windows\\SYSTEM32\\ntdll.dll+9d234|C:\\Windows\\System32\\KERNELBASE.dll+2c0ce|C:\\Windows\\System32\\NPSMDesktopProvider.dll+1ef1b|C:\\Windows\\System32\\NPSMDesktopProvider.dll+149b4|C:\\Windows\\System32\\NPSMDesktopProvider.dll+1510a|C:\\Windows\\System32\\shcore.dll+3e0b6|C:\\Windows\\System32\\shcore.dll+17295|C:\\Windows\\System32\\shcore.dll+17170|C:\\Windows\\System32\\shcore.dll+15971|C:\\Windows\\System32\\KERNEL32.DLL+17034|C:\\Windows\\SYSTEM32\\ntdll.dll+52651","SourceUser":"MSSENTINEL\\wardog","TargetUser":"MSSENTINEL\\wardog"},{"EventSourceName":"Microsoft-Windows-Sysmon","Provider":"Microsoft-Windows-Sysmon","ProviderGuid":"{5770385f-c22a-43e0-bf4c-06f5698ffbd9}","Level":"4","Keywords":"0x8000000000000000","Channel":"Microsoft-Windows-Sysmon/Operational","Computer":"WORKSTATION6.mssentinel.local","TimeCreated":"2022-09-22T12:31:16.262Z","TimeGenerated":"2022-09-22T04:31:16.262Z","EventRecordID":"3328125","EventID":10,"Message":"Process accessed:\r\nRuleName: -\r\nUtcTime: 2022-09-22 16:31:16.258\r\nSourceProcessGUID: {03bfca49-7152-632c-7a0b-000000000b00}\r\nSourceProcessId: 8740\r\nSourceThreadId: 4540\r\nSourceImage: C:\\Windows\\Explorer.EXE\r\nTargetProcessGUID: {03bfca49-8c7c-632c-430d-000000000b00}\r\nTargetProcessId: 11720\r\nTargetImage: C:\\Windows\\System32\\WindowsPowerShell\\v1.0\\powershell.exe\r\nGrantedAccess: 0x1000\r\nCallTrace: C:\\Windows\\SYSTEM32\\ntdll.dll+9d234|C:\\Windows\\System32\\KERNELBASE.dll+2c0ce|C:\\Windows\\System32\\TaskFlowDataEngine.dll+d0e63|C:\\Windows\\System32\\TaskFlowDataEngine.dll+9cf99|C:\\Windows\\System32\\TaskFlowDataEngine.dll+9c6f2|C:\\Windows\\System32\\TaskFlowDataEngine.dll+9c1f9|C:\\Windows\\System32\\TaskFlowDataEngine.dll+9bc02|C:\\Windows\\System32\\TaskFlowDataEngine.dll+99a79|C:\\Windows\\System32\\TaskFlowDataEngine.dll+98394|C:\\Windows\\System32\\TaskFlowDataEngine.dll+a3341|C:\\Windows\\System32\\shcore.dll+3e0b6|C:\\Windows\\System32\\shcore.dll+17295|C:\\Windows\\System32\\shcore.dll+17170|C:\\Windows\\System32\\shcore.dll+15971|C:\\Windows\\System32\\KERNEL32.DLL+17034|C:\\Windows\\SYSTEM32\\ntdll.dll+52651\r\nSourceUser: MSSENTINEL\\wardog\r\nTargetUser: MSSENTINEL\\wardog","EventData":"\u003cEventData xmlns=\"http://schemas.microsoft.com/win/2004/08/events/event\"\u003e\u003cData Name=\"RuleName\"\u003e-\u003c/Data\u003e\u003cData Name=\"UtcTime\"\u003e2022-09-22 16:31:16.258\u003c/Data\u003e\u003cData Name=\"SourceProcessGUID\"\u003e{03bfca49-7152-632c-7a0b-000000000b00}\u003c/Data\u003e\u003cData Name=\"SourceProcessId\"\u003e8740\u003c/Data\u003e\u003cData Name=\"SourceThreadId\"\u003e4540\u003c/Data\u003e\u003cData Name=\"SourceImage\"\u003eC:\\Windows\\Explorer.EXE\u003c/Data\u003e\u003cData Name=\"TargetProcessGUID\"\u003e{03bfca49-8c7c-632c-430d-000000000b00}\u003c/Data\u003e\u003cData Name=\"TargetProcessId\"\u003e11720\u003c/Data\u003e\u003cData Name=\"TargetImage\"\u003eC:\\Windows\\System32\\WindowsPowerShell\\v1.0\\powershell.exe\u003c/Data\u003e\u003cData Name=\"GrantedAccess\"\u003e0x1000\u003c/Data\u003e\u003cData Name=\"CallTrace\"\u003eC:\\Windows\\SYSTEM32\\ntdll.dll+9d234|C:\\Windows\\System32\\KERNELBASE.dll+2c0ce|C:\\Windows\\System32\\TaskFlowDataEngine.dll+d0e63|C:\\Windows\\System32\\TaskFlowDataEngine.dll+9cf99|C:\\Windows\\System32\\TaskFlowDataEngine.dll+9c6f2|C:\\Windows\\System32\\TaskFlowDataEngine.dll+9c1f9|C:\\Windows\\System32\\TaskFlowDataEngine.dll+9bc02|C:\\Windows\\System32\\TaskFlowDataEngine.dll+99a79|C:\\Windows\\System32\\TaskFlowDataEngine.dll+98394|C:\\Windows\\System32\\TaskFlowDataEngine.dll+a3341|C:\\Windows\\System32\\shcore.dll+3e0b6|C:\\Windows\\System32\\shcore.dll+17295|C:\\Windows\\System32\\shcore.dll+17170|C:\\Windows\\System32\\shcore.dll+15971|C:\\Windows\\System32\\KERNEL32.DLL+17034|C:\\Windows\\SYSTEM32\\ntdll.dll+52651\u003c/Data\u003e\u003cData Name=\"SourceUser\"\u003eMSSENTINEL\\wardog\u003c/Data\u003e\u003cData Name=\"TargetUser\"\u003eMSSENTINEL\\wardog\u003c/Data\u003e\u003c/EventData\u003e","Task":"10","RuleName":"-","UtcTime":"2022-09-22 16:31:16.258","SourceProcessGUID":"{03bfca49-7152-632c-7a0b-000000000b00}","SourceProcessId":"8740","SourceThreadId":"4540","SourceImage":"C:\\Windows\\Explorer.EXE","TargetProcessGUID":"{03bfca49-8c7c-632c-430d-000000000b00}","TargetProcessId":"11720","TargetImage":"C:\\Windows\\System32\\WindowsPowerShell\\v1.0\\powershell.exe","GrantedAccess":"0x1000","CallTrace":"C:\\Windows\\SYSTEM32\\ntdll.dll+9d234|C:\\Windows\\System32\\KERNELBASE.dll+2c0ce|C:\\Windows\\System32\\TaskFlowDataEngine.dll+d0e63|C:\\Windows\\System32\\TaskFlowDataEngine.dll+9cf99|C:\\Windows\\System32\\TaskFlowDataEngine.dll+9c6f2|C:\\Windows\\System32\\TaskFlowDataEngine.dll+9c1f9|C:\\Windows\\System32\\TaskFlowDataEngine.dll+9bc02|C:\\Windows\\System32\\TaskFlowDataEngine.dll+99a79|C:\\Windows\\System32\\TaskFlowDataEngine.dll+98394|C:\\Windows\\System32\\TaskFlowDataEngine.dll+a3341|C:\\Windows\\System32\\shcore.dll+3e0b6|C:\\Windows\\System32\\shcore.dll+17295|C:\\Windows\\System32\\shcore.dll+17170|C:\\Windows\\System32\\shcore.dll+15971|C:\\Windows\\System32\\KERNEL32.DLL+17034|C:\\Windows\\SYSTEM32\\ntdll.dll+52651","SourceUser":"MSSENTINEL\\wardog","TargetUser":"MSSENTINEL\\wardog"},