[{"EventSourceName":"Microsoft-Windows-Sysmon","Provider":"Microsoft-Windows-Sysmon","ProviderGuid":"{5770385f-c22a-43e0-bf4c-06f5698ffbd9}","Level":"4","Keywords":"0x8000000000000000","Channel":"Microsoft-Windows-Sysmon/Operational","Computer":"WORKSTATION6.mssentinel.local","TimeCreated":"2022-09-22T12:31:14.074Z","TimeGenerated":"2022-09-22T04:31:14.074Z","EventRecordID":"3327973","EventID":11,"Message":"File created:\r\nRuleName: -\r\nUtcTime: 2022-09-22 16:31:14.070\r\nProcessGuid: {03bfca49-b066-632b-3000-000000000b00}\r\nProcessId: 1560\r\nImage: C:\\Windows\\system32\\svchost.exe\r\nTargetFilename: C:\\Windows\\Prefetch\\SVCHOST.EXE-E8610451.pf\r\nCreationUtcTime: 2022-09-19 20:14:29.828\r\nUser: NT AUTHORITY\\SYSTEM","EventData":"\u003cEventData xmlns=\"http://schemas.microsoft.com/win/2004/08/events/event\"\u003e\u003cData Name=\"RuleName\"\u003e-\u003c/Data\u003e\u003cData Name=\"UtcTime\"\u003e2022-09-22 16:31:14.070\u003c/Data\u003e\u003cData Name=\"ProcessGuid\"\u003e{03bfca49-b066-632b-3000-000000000b00}\u003c/Data\u003e\u003cData Name=\"ProcessId\"\u003e1560\u003c/Data\u003e\u003cData Name=\"Image\"\u003eC:\\Windows\\system32\\svchost.exe\u003c/Data\u003e\u003cData Name=\"TargetFilename\"\u003eC:\\Windows\\Prefetch\\SVCHOST.EXE-E8610451.pf\u003c/Data\u003e\u003cData Name=\"CreationUtcTime\"\u003e2022-09-19 20:14:29.828\u003c/Data\u003e\u003cData Name=\"User\"\u003eNT AUTHORITY\\SYSTEM\u003c/Data\u003e\u003c/EventData\u003e","Task":"11","RuleName":"-","UtcTime":"2022-09-22 16:31:14.070","ProcessGuid":"{03bfca49-b066-632b-3000-000000000b00}","ProcessId":"1560","Image":"C:\\Windows\\system32\\svchost.exe","TargetFilename":"C:\\Windows\\Prefetch\\SVCHOST.EXE-E8610451.pf","CreationUtcTime":"2022-09-19 20:14:29.828","User":"NT AUTHORITY\\SYSTEM"},{"EventSourceName":"Microsoft-Windows-Sysmon","Provider":"Microsoft-Windows-Sysmon","ProviderGuid":"{5770385f-c22a-43e0-bf4c-06f5698ffbd9}","Level":"4","Keywords":"0x8000000000000000","Channel":"Microsoft-Windows-Sysmon/Operational","Computer":"WORKSTATION6.mssentinel.local","TimeCreated":"2022-09-22T12:31:14.266Z","TimeGenerated":"2022-09-22T04:31:14.266Z","EventRecordID":"3327974","EventID":1,"Message":"Process Create:\r\nRuleName: -\r\nUtcTime: 2022-09-22 16:31:14.259\r\nProcessGuid: {03bfca49-8dd2-632c-550d-000000000b00}\r\nProcessId: 12372\r\nImage: C:\\Windows\\System32\\notepad.exe\r\nFileVersion: 10.0.19041.1320 (WinBuild.160101.0800)\r\nDescription: Notepad\r\nProduct: Microsoft® Windows® Operating System\r\nCompany: Microsoft Corporation\r\nOriginalFileName: NOTEPAD.EXE\r\nCommandLine: \"C:\\Windows\\system32\\notepad.exe\"\r\nCurrentDirectory: C:\\Users\\wardog.MSSENTINEL\\\r\nUser: MSSENTINEL\\wardog\r\nLogonGuid: {03bfca49-714b-632c-8e7e-ef0100000000}\r\nLogonId: 0x1EF7E8E\r\nTerminalSessionId: 3\r\nIntegrityLevel: High\r\nHashes: SHA1=026E2007E94060B3A2A32538669C2E98E13650FA,MD5=8003F61648CB72F9F647D44A95FE788A,SHA256=236F5A0247BA02EAB637157DC792ADA4AF59347B2F07ED754124E22280DC5258,IMPHASH=337B720A2E3C4B164326BE6E85584B2D\r\nParentProcessGuid: {03bfca49-8c7c-632c-430d-000000000b00}\r\nParentProcessId: 11720\r\nParentImage: C:\\Windows\\System32\\WindowsPowerShell\\v1.0\\powershell.exe\r\nParentCommandLine: \"C:\\Windows\\System32\\WindowsPowerShell\\v1.0\\powershell.exe\" \r\nParentUser: MSSENTINEL\\wardog","EventData":"\u003cEventData xmlns=\"http://schemas.microsoft.com/win/2004/08/events/event\"\u003e\u003cData Name=\"RuleName\"\u003e-\u003c/Data\u003e\u003cData Name=\"UtcTime\"\u003e2022-09-22 16:31:14.259\u003c/Data\u003e\u003cData Name=\"ProcessGuid\"\u003e{03bfca49-8dd2-632c-550d-000000000b00}\u003c/Data\u003e\u003cData Name=\"ProcessId\"\u003e12372\u003c/Data\u003e\u003cData Name=\"Image\"\u003eC:\\Windows\\System32\\notepad.exe\u003c/Data\u003e\u003cData Name=\"FileVersion\"\u003e10.0.19041.1320 (WinBuild.160101.0800)\u003c/Data\u003e\u003cData Name=\"Description\"\u003eNotepad\u003c/Data\u003e\u003cData Name=\"Product\"\u003eMicrosoft® Windows® Operating System\u003c/Data\u003e\u003cData Name=\"Company\"\u003eMicrosoft Corporation\u003c/Data\u003e\u003cData Name=\"OriginalFileName\"\u003eNOTEPAD.EXE\u003c/Data\u003e\u003cData Name=\"CommandLine\"\u003e\"C:\\Windows\\system32\\notepad.exe\"\u003c/Data\u003e\u003cData Name=\"CurrentDirectory\"\u003eC:\\Users\\wardog.MSSENTINEL\\\u003c/Data\u003e\u003cData Name=\"User\"\u003eMSSENTINEL\\wardog\u003c/Data\u003e\u003cData Name=\"LogonGuid\"\u003e{03bfca49-714b-632c-8e7e-ef0100000000}\u003c/Data\u003e\u003cData Name=\"LogonId\"\u003e0x1ef7e8e\u003c/Data\u003e\u003cData Name=\"TerminalSessionId\"\u003e3\u003c/Data\u003e\u003cData Name=\"IntegrityLevel\"\u003eHigh\u003c/Data\u003e\u003cData Name=\"Hashes\"\u003eSHA1=026E2007E94060B3A2A32538669C2E98E13650FA,MD5=8003F61648CB72F9F647D44A95FE788A,SHA256=236F5A0247BA02EAB637157DC792ADA4AF59347B2F07ED754124E22280DC5258,IMPHASH=337B720A2E3C4B164326BE6E85584B2D\u003c/Data\u003e\u003cData Name=\"ParentProcessGuid\"\u003e{03bfca49-8c7c-632c-430d-000000000b00}\u003c/Data\u003e\u003cData Name=\"ParentProcessId\"\u003e11720\u003c/Data\u003e\u003cData Name=\"ParentImage\"\u003eC:\\Windows\\System32\\WindowsPowerShell\\v1.0\\powershell.exe\u003c/Data\u003e\u003cData Name=\"ParentCommandLine\"\u003e\"C:\\Windows\\System32\\WindowsPowerShell\\v1.0\\powershell.exe\" \u003c/Data\u003e\u003cData Name=\"ParentUser\"\u003eMSSENTINEL\\wardog\u003c/Data\u003e\u003c/EventData\u003e","Task":"1","RuleName":"-","UtcTime":"2022-09-22 16:31:14.259","ProcessGuid":"{03bfca49-8dd2-632c-550d-000000000b00}","ProcessId":"12372","Image":"C:\\Windows\\System32\\notepad.exe","FileVersion":"10.0.19041.1320 (WinBuild.160101.0800)","Description":"Notepad","Product":"Microsoft® Windows® Operating System","Company":"Microsoft Corporation","OriginalFileName":"NOTEPAD.EXE","CommandLine":"\"C:\\Windows\\system32\\notepad.exe\"","CurrentDirectory":"C:\\Users\\wardog.MSSENTINEL\\","User":"MSSENTINEL\\wardog","LogonGuid":"{03bfca49-714b-632c-8e7e-ef0100000000}","LogonId":"0x1ef7e8e","TerminalSessionId":"3","IntegrityLevel":"High","Hashes":"SHA1=026E2007E94060B3A2A32538669C2E98E13650FA,MD5=8003F61648CB72F9F647D44A95FE788A,SHA256=236F5A0247BA02EAB637157DC792ADA4AF59347B2F07ED754124E22280DC5258,IMPHASH=337B720A2E3C4B164326BE6E85584B2D","ParentProcessGuid":"{03bfca49-8c7c-632c-430d-000000000b00}","ParentProcessId":"11720","ParentImage":"C:\\Windows\\System32\\WindowsPowerShell\\v1.0\\powershell.exe","ParentCommandLine":"\"C:\\Windows\\System32\\WindowsPowerShell\\v1.0\\powershell.exe\" ","ParentUser":"MSSENTINEL\\wardog"},{"EventSourceName":"Microsoft-Windows-Sysmon","Provider":"Microsoft-Windows-Sysmon","ProviderGuid":"{5770385f-c22a-43e0-bf4c-06f5698ffbd9}","Level":"4","Keywords":"0x8000000000000000","Channel":"Microsoft-Windows-Sysmon/Operational","Computer":"WORKSTATION6.mssentinel.local","TimeCreated":"2022-09-22T12:31:14.266Z","TimeGenerated":"2022-09-22T04:31:14.266Z","EventRecordID":"3327975","EventID":10,"Message":"Process accessed:\r\nRuleName: -\r\nUtcTime: 2022-09-22 16:31:14.258\r\nSourceProcessGUID: {03bfca49-8c7c-632c-430d-000000000b00}\r\nSourceProcessId: 11720\r\nSourceThreadId: 9560\r\nSourceImage: C:\\Windows\\System32\\WindowsPowerShell\\v1.0\\powershell.exe\r\nTargetProcessGUID: {03bfca49-8dd2-632c-550d-000000000b00}\r\nTargetProcessId: 12372\r\nTargetImage: C:\\Windows\\system32\\notepad.exe\r\nGrantedAccess: 0x1FFFFF\r\nCallTrace: C:\\Windows\\SYSTEM32\\ntdll.dll+9e664|C:\\Windows\\System32\\KERNELBASE.dll+8e73|C:\\Windows\\System32\\KERNELBASE.dll+71a6|C:\\Windows\\System32\\KERNEL32.DLL+1cbb4|C:\\Windows\\assembly\\NativeImages_v4.0.30319_64\\System\\43b97e99fab55055761ec7618b2bf77b\\System.ni.dll+384146|C:\\Windows\\assembly\\NativeImages_v4.0.30319_64\\System\\43b97e99fab55055761ec7618b2bf77b\\System.ni.dll+2c4809|C:\\Windows\\assembly\\NativeImages_v4.0.30319_64\\System\\43b97e99fab55055761ec7618b2bf77b\\System.ni.dll+2c4179|C:\\Windows\\assembly\\NativeImages_v4.0.30319_64\\System.Manaa57fc8cc#\\114042a0c4aeda626718774656205dad\\System.Management.Automation.ni.dll+111dec9|C:\\Windows\\assembly\\NativeImages_v4.0.30319_64\\System.Manaa57fc8cc#\\114042a0c4aeda626718774656205dad\\System.Management.Automation.ni.dll+10750ca|C:\\Windows\\assembly\\NativeImages_v4.0.30319_64\\System.Manaa57fc8cc#\\114042a0c4aeda626718774656205dad\\System.Management.Automation.ni.dll+10ff7bd|C:\\Windows\\assembly\\NativeImages_v4.0.30319_64\\System.Manaa57fc8cc#\\114042a0c4aeda626718774656205dad\\System.Management.Automation.ni.dll+10ff47b|C:\\Windows\\assembly\\NativeImages_v4.0.30319_64\\System.Manaa57fc8cc#\\114042a0c4aeda626718774656205dad\\System.Management.Automation.ni.dll+12028bf|UNKNOWN(00007FFC75705251)\r\nSourceUser: MSSENTINEL\\wardog\r\nTargetUser: MSSENTINEL\\wardog","EventData":"\u003cEventData xmlns=\"http://schemas.microsoft.com/win/2004/08/events/event\"\u003e\u003cData Name=\"RuleName\"\u003e-\u003c/Data\u003e\u003cData Name=\"UtcTime\"\u003e2022-09-22 16:31:14.258\u003c/Data\u003e\u003cData Name=\"SourceProcessGUID\"\u003e{03bfca49-8c7c-632c-430d-000000000b00}\u003c/Data\u003e\u003cData Name=\"SourceProcessId\"\u003e11720\u003c/Data\u003e\u003cData Name=\"SourceThreadId\"\u003e9560\u003c/Data\u003e\u003cData Name=\"SourceImage\"\u003eC:\\Windows\\System32\\WindowsPowerShell\\v1.0\\powershell.exe\u003c/Data\u003e\u003cData Name=\"TargetProcessGUID\"\u003e{03bfca49-8dd2-632c-550d-000000000b00}\u003c/Data\u003e\u003cData Name=\"TargetProcessId\"\u003e12372\u003c/Data\u003e\u003cData Name=\"TargetImage\"\u003eC:\\Windows\\system32\\notepad.exe\u003c/Data\u003e\u003cData Name=\"GrantedAccess\"\u003e0x1fffff\u003c/Data\u003e\u003cData Name=\"CallTrace\"\u003eC:\\Windows\\SYSTEM32\\ntdll.dll+9e664|C:\\Windows\\System32\\KERNELBASE.dll+8e73|C:\\Windows\\System32\\KERNELBASE.dll+71a6|C:\\Windows\\System32\\KERNEL32.DLL+1cbb4|C:\\Windows\\assembly\\NativeImages_v4.0.30319_64\\System\\43b97e99fab55055761ec7618b2bf77b\\System.ni.dll+384146|C:\\Windows\\assembly\\NativeImages_v4.0.30319_64\\System\\43b97e99fab55055761ec7618b2bf77b\\System.ni.dll+2c4809|C:\\Windows\\assembly\\NativeImages_v4.0.30319_64\\System\\43b97e99fab55055761ec7618b2bf77b\\System.ni.dll+2c4179|C:\\Windows\\assembly\\NativeImages_v4.0.30319_64\\System.Manaa57fc8cc#\\114042a0c4aeda626718774656205dad\\System.Management.Automation.ni.dll+111dec9|C:\\Windows\\assembly\\NativeImages_v4.0.30319_64\\System.Manaa57fc8cc#\\114042a0c4aeda626718774656205dad\\System.Management.Automation.ni.dll+10750ca|C:\\Windows\\assembly\\NativeImages_v4.0.30319_64\\System.Manaa57fc8cc#\\114042a0c4aeda626718774656205dad\\System.Management.Automation.ni.dll+10ff7bd|C:\\Windows\\assembly\\NativeImages_v4.0.30319_64\\System.Manaa57fc8cc#\\114042a0c4aeda626718774656205dad\\System.Management.Automation.ni.dll+10ff47b|C:\\Windows\\assembly\\NativeImages_v4.0.30319_64\\System.Manaa57fc8cc#\\114042a0c4aeda626718774656205dad\\System.Management.Automation.ni.dll+12028bf|UNKNOWN(00007FFC75705251)\u003c/Data\u003e\u003cData Name=\"SourceUser\"\u003eMSSENTINEL\\wardog\u003c/Data\u003e\u003cData Name=\"TargetUser\"\u003eMSSENTINEL\\wardog\u003c/Data\u003e\u003c/EventData\u003e","Task":"10","RuleName":"-","UtcTime":"2022-09-22 16:31:14.258","SourceProcessGUID":"{03bfca49-8c7c-632c-430d-000000000b00}","SourceProcessId":"11720","SourceThreadId":"9560","SourceImage":"C:\\Windows\\System32\\WindowsPowerShell\\v1.0\\powershell.exe","TargetProcessGUID":"{03bfca49-8dd2-632c-550d-000000000b00}","TargetProcessId":"12372","TargetImage":"C:\\Windows\\system32\\notepad.exe","GrantedAccess":"0x1fffff","CallTrace":"C:\\Windows\\SYSTEM32\\ntdll.dll+9e664|C:\\Windows\\System32\\KERNELBASE.dll+8e73|C:\\Windows\\System32\\KERNELBASE.dll+71a6|C:\\Windows\\System32\\KERNEL32.DLL+1cbb4|C:\\Windows\\assembly\\NativeImages_v4.0.30319_64\\System\\43b97e99fab55055761ec7618b2bf77b\\System.ni.dll+384146|C:\\Windows\\assembly\\NativeImages_v4.0.30319_64\\System\\43b97e99fab55055761ec7618b2bf77b\\System.ni.dll+2c4809|C:\\Windows\\assembly\\NativeImages_v4.0.30319_64\\System\\43b97e99fab55055761ec7618b2bf77b\\System.ni.dll+2c4179|C:\\Windows\\assembly\\NativeImages_v4.0.30319_64\\System.Manaa57fc8cc#\\114042a0c4aeda626718774656205dad\\System.Management.Automation.ni.dll+111dec9|C:\\Windows\\assembly\\NativeImages_v4.0.30319_64\\System.Manaa57fc8cc#\\114042a0c4aeda626718774656205dad\\System.Management.Automation.ni.dll+10750ca|C:\\Windows\\assembly\\NativeImages_v4.0.30319_64\\System.Manaa57fc8cc#\\114042a0c4aeda626718774656205dad\\System.Management.Automation.ni.dll+10ff7bd|C:\\Windows\\assembly\\NativeImages_v4.0.30319_64\\System.Manaa57fc8cc#\\114042a0c4aeda626718774656205dad\\System.Management.Automation.ni.dll+10ff47b|C:\\Windows\\assembly\\NativeImages_v4.0.30319_64\\System.Manaa57fc8cc#\\114042a0c4aeda626718774656205dad\\System.Management.Automation.ni.dll+12028bf|UNKNOWN(00007FFC75705251)","SourceUser":"MSSENTINEL\\wardog","TargetUser":"MSSENTINEL\\wardog"},{"EventSourceName":"Microsoft-Windows-Sysmon","Provider":"Microsoft-Windows-Sysmon","ProviderGuid":"{5770385f-c22a-43e0-bf4c-06f5698ffbd9}","Level":"4","Keywords":"0x8000000000000000","Channel":"Microsoft-Windows-Sysmon/Operational","Computer":"WORKSTATION6.mssentinel.local","TimeCreated":"2022-09-22T12:31:14.266Z","TimeGenerated":"2022-09-22T04:31:14.266Z","EventRecordID":"3327976","EventID":10,"Message":"Process accessed:\r\nRuleName: -\r\nUtcTime: 2022-09-22 16:31:14.258\r\nSourceProcessGUID: {03bfca49-7147-632c-5b0b-000000000b00}\r\nSourceProcessId: 3092\r\nSourceThreadId: 2840\r\nSourceImage: C:\\Windows\\system32\\csrss.exe\r\nTargetProcessGUID: {03bfca49-8dd2-632c-550d-000000000b00}\r\nTargetProcessId: 12372\r\nTargetImage: C:\\Windows\\system32\\notepad.exe\r\nGrantedAccess: 0x1FFFFF\r\nCallTrace: C:\\Windows\\SYSTEM32\\ntdll.dll+9d234|C:\\Windows\\system32\\basesrv.DLL+326f|C:\\Windows\\SYSTEM32\\CSRSRV.dll+6490|C:\\Windows\\SYSTEM32\\ntdll.dll+5265f\r\nSourceUser: NT AUTHORITY\\SYSTEM\r\nTargetUser: MSSENTINEL\\wardog","EventData":"\u003cEventData xmlns=\"http://schemas.microsoft.com/win/2004/08/events/event\"\u003e\u003cData Name=\"RuleName\"\u003e-\u003c/Data\u003e\u003cData Name=\"UtcTime\"\u003e2022-09-22 16:31:14.258\u003c/Data\u003e\u003cData Name=\"SourceProcessGUID\"\u003e{03bfca49-7147-632c-5b0b-000000000b00}\u003c/Data\u003e\u003cData Name=\"SourceProcessId\"\u003e3092\u003c/Data\u003e\u003cData Name=\"SourceThreadId\"\u003e2840\u003c/Data\u003e\u003cData Name=\"SourceImage\"\u003eC:\\Windows\\system32\\csrss.exe\u003c/Data\u003e\u003cData Name=\"TargetProcessGUID\"\u003e{03bfca49-8dd2-632c-550d-000000000b00}\u003c/Data\u003e\u003cData Name=\"TargetProcessId\"\u003e12372\u003c/Data\u003e\u003cData Name=\"TargetImage\"\u003eC:\\Windows\\system32\\notepad.exe\u003c/Data\u003e\u003cData Name=\"GrantedAccess\"\u003e0x1fffff\u003c/Data\u003e\u003cData Name=\"CallTrace\"\u003eC:\\Windows\\SYSTEM32\\ntdll.dll+9d234|C:\\Windows\\system32\\basesrv.DLL+326f|C:\\Windows\\SYSTEM32\\CSRSRV.dll+6490|C:\\Windows\\SYSTEM32\\ntdll.dll+5265f\u003c/Data\u003e\u003cData Name=\"SourceUser\"\u003eNT AUTHORITY\\SYSTEM\u003c/Data\u003e\u003cData Name=\"TargetUser\"\u003eMSSENTINEL\\wardog\u003c/Data\u003e\u003c/EventData\u003e","Task":"10","RuleName":"-","UtcTime":"2022-09-22 16:31:14.258","SourceProcessGUID":"{03bfca49-7147-632c-5b0b-000000000b00}","SourceProcessId":"3092","SourceThreadId":"2840","SourceImage":"C:\\Windows\\system32\\csrss.exe","TargetProcessGUID":"{03bfca49-8dd2-632c-550d-000000000b00}","TargetProcessId":"12372","TargetImage":"C:\\Windows\\system32\\notepad.exe","GrantedAccess":"0x1fffff","CallTrace":"C:\\Windows\\SYSTEM32\\ntdll.dll+9d234|C:\\Windows\\system32\\basesrv.DLL+326f|C:\\Windows\\SYSTEM32\\CSRSRV.dll+6490|C:\\Windows\\SYSTEM32\\ntdll.dll+5265f","SourceUser":"NT AUTHORITY\\SYSTEM","TargetUser":"MSSENTINEL\\wardog"},{"EventSourceName":"Microsoft-Windows-Sysmon","Provider":"Microsoft-Windows-Sysmon","ProviderGuid":"{5770385f-c22a-43e0-bf4c-06f5698ffbd9}","Level":"4","Keywords":"0x8000000000000000","Channel":"Microsoft-Windows-Sysmon/Operational","Computer":"WORKSTATION6.mssentinel.local","TimeCreated":"2022-09-22T12:31:14.280Z","TimeGenerated":"2022-09-22T04:31:14.280Z","EventRecordID":"3327977","EventID":7,"Message":"Image loaded:\r\nRuleName: -\r\nUtcTime: 2022-09-22 16:31:14.258\r\nProcessGuid: {03bfca49-8dd2-632c-550d-000000000b00}\r\nProcessId: 12372\r\nImage: C:\\Windows\\System32\\notepad.exe\r\nImageLoaded: C:\\Windows\\System32\\notepad.exe\r\nFileVersion: 10.0.19041.1320 (WinBuild.160101.0800)\r\nDescription: Notepad\r\nProduct: Microsoft® Windows® Operating System\r\nCompany: Microsoft Corporation\r\nOriginalFileName: NOTEPAD.EXE\r\nHashes: SHA1=026E2007E94060B3A2A32538669C2E98E13650FA,MD5=8003F61648CB72F9F647D44A95FE788A,SHA256=236F5A0247BA02EAB637157DC792ADA4AF59347B2F07ED754124E22280DC5258,IMPHASH=337B720A2E3C4B164326BE6E85584B2D\r\nSigned: true\r\nSignature: Microsoft Windows\r\nSignatureStatus: Valid\r\nUser: MSSENTINEL\\wardog","EventData":"\u003cEventData xmlns=\"http://schemas.microsoft.com/win/2004/08/events/event\"\u003e\u003cData Name=\"RuleName\"\u003e-\u003c/Data\u003e\u003cData Name=\"UtcTime\"\u003e2022-09-22 16:31:14.258\u003c/Data\u003e\u003cData Name=\"ProcessGuid\"\u003e{03bfca49-8dd2-632c-550d-000000000b00}\u003c/Data\u003e\u003cData Name=\"ProcessId\"\u003e12372\u003c/Data\u003e\u003cData Name=\"Image\"\u003eC:\\Windows\\System32\\notepad.exe\u003c/Data\u003e\u003cData Name=\"ImageLoaded\"\u003eC:\\Windows\\System32\\notepad.exe\u003c/Data\u003e\u003cData Name=\"FileVersion\"\u003e10.0.19041.1320 (WinBuild.160101.0800)\u003c/Data\u003e\u003cData Name=\"Description\"\u003eNotepad\u003c/Data\u003e\u003cData Name=\"Product\"\u003eMicrosoft® Windows® Operating System\u003c/Data\u003e\u003cData Name=\"Company\"\u003eMicrosoft Corporation\u003c/Data\u003e\u003cData Name=\"OriginalFileName\"\u003eNOTEPAD.EXE\u003c/Data\u003e\u003cData Name=\"Hashes\"\u003eSHA1=026E2007E94060B3A2A32538669C2E98E13650FA,MD5=8003F61648CB72F9F647D44A95FE788A,SHA256=236F5A0247BA02EAB637157DC792ADA4AF59347B2F07ED754124E22280DC5258,IMPHASH=337B720A2E3C4B164326BE6E85584B2D\u003c/Data\u003e\u003cData Name=\"Signed\"\u003etrue\u003c/Data\u003e\u003cData Name=\"Signature\"\u003eMicrosoft Windows\u003c/Data\u003e\u003cData Name=\"SignatureStatus\"\u003eValid\u003c/Data\u003e\u003cData Name=\"User\"\u003eMSSENTINEL\\wardog\u003c/Data\u003e\u003c/EventData\u003e","Task":"7","RuleName":"-","UtcTime":"2022-09-22 16:31:14.258","ProcessGuid":"{03bfca49-8dd2-632c-550d-000000000b00}","ProcessId":"12372","Image":"C:\\Windows\\System32\\notepad.exe","ImageLoaded":"C:\\Windows\\System32\\notepad.exe","FileVersion":"10.0.19041.1320 (WinBuild.160101.0800)","Description":"Notepad","Product":"Microsoft® Windows® Operating System","Company":"Microsoft Corporation","OriginalFileName":"NOTEPAD.EXE","Hashes":"SHA1=026E2007E94060B3A2A32538669C2E98E13650FA,MD5=8003F61648CB72F9F647D44A95FE788A,SHA256=236F5A0247BA02EAB637157DC792ADA4AF59347B2F07ED754124E22280DC5258,IMPHASH=337B720A2E3C4B164326BE6E85584B2D","Signed":"true","Signature":"Microsoft Windows","SignatureStatus":"Valid","User":"MSSENTINEL\\wardog"},{"EventSourceName":"Microsoft-Windows-Sysmon","Provider":"Microsoft-Windows-Sysmon","ProviderGuid":"{5770385f-c22a-43e0-bf4c-06f5698ffbd9}","Level":"4","Keywords":"0x8000000000000000","Channel":"Microsoft-Windows-Sysmon/Operational","Computer":"WORKSTATION6.mssentinel.local","TimeCreated":"2022-09-22T12:31:14.286Z","TimeGenerated":"2022-09-22T04:31:14.286Z","EventRecordID":"3327978","EventID":7,"Message":"Image loaded:\r\nRuleName: -\r\nUtcTime: 2022-09-22 16:31:14.274\r\nProcessGuid: {03bfca49-8dd2-632c-550d-000000000b00}\r\nProcessId: 12372\r\nImage: C:\\Windows\\System32\\notepad.exe\r\nImageLoaded: C:\\Windows\\System32\\ntdll.dll\r\nFileVersion: 10.0.19041.1288 (WinBuild.160101.0800)\r\nDescription: NT Layer DLL\r\nProduct: Microsoft® Windows® Operating System\r\nCompany: Microsoft Corporation\r\nOriginalFileName: ntdll.dll\r\nHashes: SHA1=63E6167944DF951AD2D279D0B64E37BF2F604C07,MD5=47CCB0E28D73F695C5D5266FFBB300EC,SHA256=12D1BAC765448DB638ADC8327DE1101E5E2EB5829B8DA7EDD5B216A45C717EEC,IMPHASH=00000000000000000000000000000000\r\nSigned: true\r\nSignature: Microsoft Windows\r\nSignatureStatus: Valid\r\nUser: MSSENTINEL\\wardog","EventData":"\u003cEventData xmlns=\"http://schemas.microsoft.com/win/2004/08/events/event\"\u003e\u003cData Name=\"RuleName\"\u003e-\u003c/Data\u003e\u003cData Name=\"UtcTime\"\u003e2022-09-22 16:31:14.274\u003c/Data\u003e\u003cData Name=\"ProcessGuid\"\u003e{03bfca49-8dd2-632c-550d-000000000b00}\u003c/Data\u003e\u003cData Name=\"ProcessId\"\u003e12372\u003c/Data\u003e\u003cData Name=\"Image\"\u003eC:\\Windows\\System32\\notepad.exe\u003c/Data\u003e\u003cData Name=\"ImageLoaded\"\u003eC:\\Windows\\System32\\ntdll.dll\u003c/Data\u003e\u003cData Name=\"FileVersion\"\u003e10.0.19041.1288 (WinBuild.160101.0800)\u003c/Data\u003e\u003cData Name=\"Description\"\u003eNT Layer DLL\u003c/Data\u003e\u003cData Name=\"Product\"\u003eMicrosoft® Windows® Operating System\u003c/Data\u003e\u003cData Name=\"Company\"\u003eMicrosoft Corporation\u003c/Data\u003e\u003cData Name=\"OriginalFileName\"\u003entdll.dll\u003c/Data\u003e\u003cData Name=\"Hashes\"\u003eSHA1=63E6167944DF951AD2D279D0B64E37BF2F604C07,MD5=47CCB0E28D73F695C5D5266FFBB300EC,SHA256=12D1BAC765448DB638ADC8327DE1101E5E2EB5829B8DA7EDD5B216A45C717EEC,IMPHASH=00000000000000000000000000000000\u003c/Data\u003e\u003cData Name=\"Signed\"\u003etrue\u003c/Data\u003e\u003cData Name=\"Signature\"\u003eMicrosoft Windows\u003c/Data\u003e\u003cData Name=\"SignatureStatus\"\u003eValid\u003c/Data\u003e\u003cData Name=\"User\"\u003eMSSENTINEL\\wardog\u003c/Data\u003e\u003c/EventData\u003e","Task":"7","RuleName":"-","UtcTime":"2022-09-22 16:31:14.274","ProcessGuid":"{03bfca49-8dd2-632c-550d-000000000b00}","ProcessId":"12372","Image":"C:\\Windows\\System32\\notepad.exe","ImageLoaded":"C:\\Windows\\System32\\ntdll.dll","FileVersion":"10.0.19041.1288 (WinBuild.160101.0800)","Description":"NT Layer DLL","Product":"Microsoft® Windows® Operating System","Company":"Microsoft Corporation","OriginalFileName":"ntdll.dll","Hashes":"SHA1=63E6167944DF951AD2D279D0B64E37BF2F604C07,MD5=47CCB0E28D73F695C5D5266FFBB300EC,SHA256=12D1BAC765448DB638ADC8327DE1101E5E2EB5829B8DA7EDD5B216A45C717EEC,IMPHASH=00000000000000000000000000000000","Signed":"true","Signature":"Microsoft Windows","SignatureStatus":"Valid","User":"MSSENTINEL\\wardog"},{"EventSourceName":"Microsoft-Windows-Sysmon","Provider":"Microsoft-Windows-Sysmon","ProviderGuid":"{5770385f-c22a-43e0-bf4c-06f5698ffbd9}","Level":"4","Keywords":"0x8000000000000000","Channel":"Microsoft-Windows-Sysmon/Operational","Computer":"WORKSTATION6.mssentinel.local","TimeCreated":"2022-09-22T12:31:14.286Z","TimeGenerated":"2022-09-22T04:31:14.286Z","EventRecordID":"3327979","EventID":9,"Message":"RawAccessRead detected:\r\nRuleName: -\r\nUtcTime: 2022-09-22 16:31:14.274\r\nProcessGuid: {03bfca49-b052-632b-eb03-000000000000}\r\nProcessId: 4\r\nImage: System\r\nDevice: \\Device\\HarddiskVolume2\r\nUser: NT AUTHORITY\\SYSTEM","EventData":"\u003cEventData xmlns=\"http://schemas.microsoft.com/win/2004/08/events/event\"\u003e\u003cData Name=\"RuleName\"\u003e-\u003c/Data\u003e\u003cData Name=\"UtcTime\"\u003e2022-09-22 16:31:14.274\u003c/Data\u003e\u003cData Name=\"ProcessGuid\"\u003e{03bfca49-b052-632b-eb03-000000000000}\u003c/Data\u003e\u003cData Name=\"ProcessId\"\u003e4\u003c/Data\u003e\u003cData Name=\"Image\"\u003eSystem\u003c/Data\u003e\u003cData Name=\"Device\"\u003e\\Device\\HarddiskVolume2\u003c/Data\u003e\u003cData Name=\"User\"\u003eNT AUTHORITY\\SYSTEM\u003c/Data\u003e\u003c/EventData\u003e","Task":"9","RuleName":"-","UtcTime":"2022-09-22 16:31:14.274","ProcessGuid":"{03bfca49-b052-632b-eb03-000000000000}","ProcessId":"4","Image":"System","Device":"\\Device\\HarddiskVolume2","User":"NT AUTHORITY\\SYSTEM"},{"EventSourceName":"Microsoft-Windows-Sysmon","Provider":"Microsoft-Windows-Sysmon","ProviderGuid":"{5770385f-c22a-43e0-bf4c-06f5698ffbd9}","Level":"4","Keywords":"0x8000000000000000","Channel":"Microsoft-Windows-Sysmon/Operational","Computer":"WORKSTATION6.mssentinel.local","TimeCreated":"2022-09-22T12:31:14.287Z","TimeGenerated":"2022-09-22T04:31:14.287Z","EventRecordID":"3327980","EventID":9,"Message":"RawAccessRead detected:\r\nRuleName: -\r\nUtcTime: 2022-09-22 16:31:14.274\r\nProcessGuid: {03bfca49-b052-632b-eb03-000000000000}\r\nProcessId: 4\r\nImage: System\r\nDevice: \\Device\\HarddiskVolume3\r\nUser: NT AUTHORITY\\SYSTEM","EventData":"\u003cEventData xmlns=\"http://schemas.microsoft.com/win/2004/08/events/event\"\u003e\u003cData Name=\"RuleName\"\u003e-\u003c/Data\u003e\u003cData Name=\"UtcTime\"\u003e2022-09-22 16:31:14.274\u003c/Data\u003e\u003cData Name=\"ProcessGuid\"\u003e{03bfca49-b052-632b-eb03-000000000000}\u003c/Data\u003e\u003cData Name=\"ProcessId\"\u003e4\u003c/Data\u003e\u003cData Name=\"Image\"\u003eSystem\u003c/Data\u003e\u003cData Name=\"Device\"\u003e\\Device\\HarddiskVolume3\u003c/Data\u003e\u003cData Name=\"User\"\u003eNT AUTHORITY\\SYSTEM\u003c/Data\u003e\u003c/EventData\u003e","Task":"9","RuleName":"-","UtcTime":"2022-09-22 16:31:14.274","ProcessGuid":"{03bfca49-b052-632b-eb03-000000000000}","ProcessId":"4","Image":"System","Device":"\\Device\\HarddiskVolume3","User":"NT AUTHORITY\\SYSTEM"},{"EventSourceName":"Microsoft-Windows-Sysmon","Provider":"Microsoft-Windows-Sysmon","ProviderGuid":"{5770385f-c22a-43e0-bf4c-06f5698ffbd9}","Level":"4","Keywords":"0x8000000000000000","Channel":"Microsoft-Windows-Sysmon/Operational","Computer":"WORKSTATION6.mssentinel.local","TimeCreated":"2022-09-22T12:31:14.287Z","TimeGenerated":"2022-09-22T04:31:14.287Z","EventRecordID":"3327981","EventID":9,"Message":"RawAccessRead detected:\r\nRuleName: -\r\nUtcTime: 2022-09-22 16:31:14.274\r\nProcessGuid: {03bfca49-b052-632b-eb03-000000000000}\r\nProcessId: 4\r\nImage: System\r\nDevice: \\Device\\HarddiskVolume1\r\nUser: NT AUTHORITY\\SYSTEM","EventData":"\u003cEventData xmlns=\"http://schemas.microsoft.com/win/2004/08/events/event\"\u003e\u003cData Name=\"RuleName\"\u003e-\u003c/Data\u003e\u003cData Name=\"UtcTime\"\u003e2022-09-22 16:31:14.274\u003c/Data\u003e\u003cData Name=\"ProcessGuid\"\u003e{03bfca49-b052-632b-eb03-000000000000}\u003c/Data\u003e\u003cData Name=\"ProcessId\"\u003e4\u003c/Data\u003e\u003cData Name=\"Image\"\u003eSystem\u003c/Data\u003e\u003cData Name=\"Device\"\u003e\\Device\\HarddiskVolume1\u003c/Data\u003e\u003cData Name=\"User\"\u003eNT AUTHORITY\\SYSTEM\u003c/Data\u003e\u003c/EventData\u003e","Task":"9","RuleName":"-","UtcTime":"2022-09-22 16:31:14.274","ProcessGuid":"{03bfca49-b052-632b-eb03-000000000000}","ProcessId":"4","Image":"System","Device":"\\Device\\HarddiskVolume1","User":"NT AUTHORITY\\SYSTEM"},{"EventSourceName":"Microsoft-Windows-Sysmon","Provider":"Microsoft-Windows-Sysmon","ProviderGuid":"{5770385f-c22a-43e0-bf4c-06f5698ffbd9}","Level":"4","Keywords":"0x8000000000000000","Channel":"Microsoft-Windows-Sysmon/Operational","Computer":"WORKSTATION6.mssentinel.local","TimeCreated":"2022-09-22T12:31:14.309Z","TimeGenerated":"2022-09-22T04:31:14.309Z","EventRecordID":"3327982","EventID":7,"Message":"Image loaded:\r\nRuleName: -\r\nUtcTime: 2022-09-22 16:31:14.305\r\nProcessGuid: {03bfca49-8dd2-632c-550d-000000000b00}\r\nProcessId: 12372\r\nImage: C:\\Windows\\System32\\notepad.exe\r\nImageLoaded: C:\\Windows\\System32\\kernel32.dll\r\nFileVersion: 10.0.19041.1348 (WinBuild.160101.0800)\r\nDescription: Windows NT BASE API Client DLL\r\nProduct: Microsoft® Windows® Operating System\r\nCompany: Microsoft Corporation\r\nOriginalFileName: kernel32\r\nHashes: SHA1=25DC8EBBAFBE5503DD1B863FADE063F93E350261,MD5=6CECC33A62E935F5E8665B9597479A36,SHA256=FFB8182763C23B8ABCEF35E85291422A1D6D165A0F4407BC68FFED0A58A2D03C,IMPHASH=D4DB3FB69E1EAF44E96269F1A467DCB9\r\nSigned: true\r\nSignature: Microsoft Windows\r\nSignatureStatus: Valid\r\nUser: MSSENTINEL\\wardog","EventData":"\u003cEventData xmlns=\"http://schemas.microsoft.com/win/2004/08/events/event\"\u003e\u003cData Name=\"RuleName\"\u003e-\u003c/Data\u003e\u003cData Name=\"UtcTime\"\u003e2022-09-22 16:31:14.305\u003c/Data\u003e\u003cData Name=\"ProcessGuid\"\u003e{03bfca49-8dd2-632c-550d-000000000b00}\u003c/Data\u003e\u003cData Name=\"ProcessId\"\u003e12372\u003c/Data\u003e\u003cData Name=\"Image\"\u003eC:\\Windows\\System32\\notepad.exe\u003c/Data\u003e\u003cData Name=\"ImageLoaded\"\u003eC:\\Windows\\System32\\kernel32.dll\u003c/Data\u003e\u003cData Name=\"FileVersion\"\u003e10.0.19041.1348 (WinBuild.160101.0800)\u003c/Data\u003e\u003cData Name=\"Description\"\u003eWindows NT BASE API Client DLL\u003c/Data\u003e\u003cData Name=\"Product\"\u003eMicrosoft® Windows® Operating System\u003c/Data\u003e\u003cData Name=\"Company\"\u003eMicrosoft Corporation\u003c/Data\u003e\u003cData Name=\"OriginalFileName\"\u003ekernel32\u003c/Data\u003e\u003cData Name=\"Hashes\"\u003eSHA1=25DC8EBBAFBE5503DD1B863FADE063F93E350261,MD5=6CECC33A62E935F5E8665B9597479A36,SHA256=FFB8182763C23B8ABCEF35E85291422A1D6D165A0F4407BC68FFED0A58A2D03C,IMPHASH=D4DB3FB69E1EAF44E96269F1A467DCB9\u003c/Data\u003e\u003cData Name=\"Signed\"\u003etrue\u003c/Data\u003e\u003cData Name=\"Signature\"\u003eMicrosoft Windows\u003c/Data\u003e\u003cData Name=\"SignatureStatus\"\u003eValid\u003c/Data\u003e\u003cData Name=\"User\"\u003eMSSENTINEL\\wardog\u003c/Data\u003e\u003c/EventData\u003e","Task":"7","RuleName":"-","UtcTime":"2022-09-22 16:31:14.305","ProcessGuid":"{03bfca49-8dd2-632c-550d-000000000b00}","ProcessId":"12372","Image":"C:\\Windows\\System32\\notepad.exe","ImageLoaded":"C:\\Windows\\System32\\kernel32.dll","FileVersion":"10.0.19041.1348 (WinBuild.160101.0800)","Description":"Windows NT BASE API Client DLL","Product":"Microsoft® Windows® Operating System","Company":"Microsoft Corporation","OriginalFileName":"kernel32","Hashes":"SHA1=25DC8EBBAFBE5503DD1B863FADE063F93E350261,MD5=6CECC33A62E935F5E8665B9597479A36,SHA256=FFB8182763C23B8ABCEF35E85291422A1D6D165A0F4407BC68FFED0A58A2D03C,IMPHASH=D4DB3FB69E1EAF44E96269F1A467DCB9","Signed":"true","Signature":"Microsoft Windows","SignatureStatus":"Valid","User":"MSSENTINEL\\wardog"},{"EventSourceName":"Microsoft-Windows-Sysmon","Provider":"Microsoft-Windows-Sysmon","ProviderGuid":"{5770385f-c22a-43e0-bf4c-06f5698ffbd9}","Level":"4","Keywords":"0x8000000000000000","Channel":"Microsoft-Windows-Sysmon/Operational","Computer":"WORKSTATION6.mssentinel.local","TimeCreated":"2022-09-22T12:31:14.309Z","TimeGenerated":"2022-09-22T04:31:14.309Z","EventRecordID":"3327983","EventID":7,"Message":"Image loaded:\r\nRuleName: -\r\nUtcTime: 2022-09-22 16:31:14.305\r\nProcessGuid: {03bfca49-8dd2-632c-550d-000000000b00}\r\nProcessId: 12372\r\nImage: C:\\Windows\\System32\\notepad.exe\r\nImageLoaded: C:\\Windows\\System32\\KernelBase.dll\r\nFileVersion: 10.0.19041.1387 (WinBuild.160101.0800)\r\nDescription: Windows NT BASE API Client DLL\r\nProduct: Microsoft® Windows® Operating System\r\nCompany: Microsoft Corporation\r\nOriginalFileName: Kernelbase.dll\r\nHashes: SHA1=D680D512026558300F86909C2DC9AD47400A7C5C,MD5=245DD16913DF918752FCEBFED9415F7A,SHA256=9401B4E07CEC3474EFD8429C0DF3E3DE1C7FFF7C3E914E135FCDCE0962654F94,IMPHASH=A28B494D0C0C82F1EEF0999B1549C6A6\r\nSigned: true\r\nSignature: Microsoft Windows\r\nSignatureStatus: Valid\r\nUser: MSSENTINEL\\wardog","EventData":"\u003cEventData xmlns=\"http://schemas.microsoft.com/win/2004/08/events/event\"\u003e\u003cData Name=\"RuleName\"\u003e-\u003c/Data\u003e\u003cData Name=\"UtcTime\"\u003e2022-09-22 16:31:14.305\u003c/Data\u003e\u003cData Name=\"ProcessGuid\"\u003e{03bfca49-8dd2-632c-550d-000000000b00}\u003c/Data\u003e\u003cData Name=\"ProcessId\"\u003e12372\u003c/Data\u003e\u003cData Name=\"Image\"\u003eC:\\Windows\\System32\\notepad.exe\u003c/Data\u003e\u003cData Name=\"ImageLoaded\"\u003eC:\\Windows\\System32\\KernelBase.dll\u003c/Data\u003e\u003cData Name=\"FileVersion\"\u003e10.0.19041.1387 (WinBuild.160101.0800)\u003c/Data\u003e\u003cData Name=\"Description\"\u003eWindows NT BASE API Client DLL\u003c/Data\u003e\u003cData Name=\"Product\"\u003eMicrosoft® Windows® Operating System\u003c/Data\u003e\u003cData Name=\"Company\"\u003eMicrosoft Corporation\u003c/Data\u003e\u003cData Name=\"OriginalFileName\"\u003eKernelbase.dll\u003c/Data\u003e\u003cData Name=\"Hashes\"\u003eSHA1=D680D512026558300F86909C2DC9AD47400A7C5C,MD5=245DD16913DF918752FCEBFED9415F7A,SHA256=9401B4E07CEC3474EFD8429C0DF3E3DE1C7FFF7C3E914E135FCDCE0962654F94,IMPHASH=A28B494D0C0C82F1EEF0999B1549C6A6\u003c/Data\u003e\u003cData Name=\"Signed\"\u003etrue\u003c/Data\u003e\u003cData Name=\"Signature\"\u003eMicrosoft Windows\u003c/Data\u003e\u003cData Name=\"SignatureStatus\"\u003eValid\u003c/Data\u003e\u003cData Name=\"User\"\u003eMSSENTINEL\\wardog\u003c/Data\u003e\u003c/EventData\u003e","Task":"7","RuleName":"-","UtcTime":"2022-09-22 16:31:14.305","ProcessGuid":"{03bfca49-8dd2-632c-550d-000000000b00}","ProcessId":"12372","Image":"C:\\Windows\\System32\\notepad.exe","ImageLoaded":"C:\\Windows\\System32\\KernelBase.dll","FileVersion":"10.0.19041.1387 (WinBuild.160101.0800)","Description":"Windows NT BASE API Client DLL","Product":"Microsoft® Windows® Operating System","Company":"Microsoft Corporation","OriginalFileName":"Kernelbase.dll","Hashes":"SHA1=D680D512026558300F86909C2DC9AD47400A7C5C,MD5=245DD16913DF918752FCEBFED9415F7A,SHA256=9401B4E07CEC3474EFD8429C0DF3E3DE1C7FFF7C3E914E135FCDCE0962654F94,IMPHASH=A28B494D0C0C82F1EEF0999B1549C6A6","Signed":"true","Signature":"Microsoft Windows","SignatureStatus":"Valid","User":"MSSENTINEL\\wardog"},{"EventSourceName":"Microsoft-Windows-Sysmon","Provider":"Microsoft-Windows-Sysmon","ProviderGuid":"{5770385f-c22a-43e0-bf4c-06f5698ffbd9}","Level":"4","Keywords":"0x8000000000000000","Channel":"Microsoft-Windows-Sysmon/Operational","Computer":"WORKSTATION6.mssentinel.local","TimeCreated":"2022-09-22T12:31:14.310Z","TimeGenerated":"2022-09-22T04:31:14.310Z","EventRecordID":"3327984","EventID":7,"Message":"Image loaded:\r\nRuleName: -\r\nUtcTime: 2022-09-22 16:31:14.305\r\nProcessGuid: {03bfca49-8dd2-632c-550d-000000000b00}\r\nProcessId: 12372\r\nImage: C:\\Windows\\System32\\notepad.exe\r\nImageLoaded: C:\\Windows\\System32\\gdi32.dll\r\nFileVersion: 10.0.19041.1202 (WinBuild.160101.0800)\r\nDescription: GDI Client DLL\r\nProduct: Microsoft® Windows® Operating System\r\nCompany: Microsoft Corporation\r\nOriginalFileName: gdi32\r\nHashes: SHA1=9B3C7713828BDA35BB3E4F30A56D61A2C19811DC,MD5=F1590BDB1C95293CD3B487FFC97353E0,SHA256=DE75AEA74BF6453F42F02B949A6A3DC00ECEF4AE16310FC4A0ACB6D869E1FD2A,IMPHASH=C755BDD59358173DBE2F101E9344F039\r\nSigned: true\r\nSignature: Microsoft Windows\r\nSignatureStatus: Valid\r\nUser: MSSENTINEL\\wardog","EventData":"\u003cEventData xmlns=\"http://schemas.microsoft.com/win/2004/08/events/event\"\u003e\u003cData Name=\"RuleName\"\u003e-\u003c/Data\u003e\u003cData Name=\"UtcTime\"\u003e2022-09-22 16:31:14.305\u003c/Data\u003e\u003cData Name=\"ProcessGuid\"\u003e{03bfca49-8dd2-632c-550d-000000000b00}\u003c/Data\u003e\u003cData Name=\"ProcessId\"\u003e12372\u003c/Data\u003e\u003cData Name=\"Image\"\u003eC:\\Windows\\System32\\notepad.exe\u003c/Data\u003e\u003cData Name=\"ImageLoaded\"\u003eC:\\Windows\\System32\\gdi32.dll\u003c/Data\u003e\u003cData Name=\"FileVersion\"\u003e10.0.19041.1202 (WinBuild.160101.0800)\u003c/Data\u003e\u003cData Name=\"Description\"\u003eGDI Client DLL\u003c/Data\u003e\u003cData Name=\"Product\"\u003eMicrosoft® Windows® Operating System\u003c/Data\u003e\u003cData Name=\"Company\"\u003eMicrosoft Corporation\u003c/Data\u003e\u003cData Name=\"OriginalFileName\"\u003egdi32\u003c/Data\u003e\u003cData Name=\"Hashes\"\u003eSHA1=9B3C7713828BDA35BB3E4F30A56D61A2C19811DC,MD5=F1590BDB1C95293CD3B487FFC97353E0,SHA256=DE75AEA74BF6453F42F02B949A6A3DC00ECEF4AE16310FC4A0ACB6D869E1FD2A,IMPHASH=C755BDD59358173DBE2F101E9344F039\u003c/Data\u003e\u003cData Name=\"Signed\"\u003etrue\u003c/Data\u003e\u003cData Name=\"Signature\"\u003eMicrosoft Windows\u003c/Data\u003e\u003cData Name=\"SignatureStatus\"\u003eValid\u003c/Data\u003e\u003cData Name=\"User\"\u003eMSSENTINEL\\wardog\u003c/Data\u003e\u003c/EventData\u003e","Task":"7","RuleName":"-","UtcTime":"2022-09-22 16:31:14.305","ProcessGuid":"{03bfca49-8dd2-632c-550d-000000000b00}","ProcessId":"12372","Image":"C:\\Windows\\System32\\notepad.exe","ImageLoaded":"C:\\Windows\\System32\\gdi32.dll","FileVersion":"10.0.19041.1202 (WinBuild.160101.0800)","Description":"GDI Client DLL","Product":"Microsoft® Windows® Operating System","Company":"Microsoft Corporation","OriginalFileName":"gdi32","Hashes":"SHA1=9B3C7713828BDA35BB3E4F30A56D61A2C19811DC,MD5=F1590BDB1C95293CD3B487FFC97353E0,SHA256=DE75AEA74BF6453F42F02B949A6A3DC00ECEF4AE16310FC4A0ACB6D869E1FD2A,IMPHASH=C755BDD59358173DBE2F101E9344F039","Signed":"true","Signature":"Microsoft Windows","SignatureStatus":"Valid","User":"MSSENTINEL\\wardog"},{"EventSourceName":"Microsoft-Windows-Sysmon","Provider":"Microsoft-Windows-Sysmon","ProviderGuid":"{5770385f-c22a-43e0-bf4c-06f5698ffbd9}","Level":"4","Keywords":"0x8000000000000000","Channel":"Microsoft-Windows-Sysmon/Operational","Computer":"WORKSTATION6.mssentinel.local","TimeCreated":"2022-09-22T12:31:14.322Z","TimeGenerated":"2022-09-22T04:31:14.322Z","EventRecordID":"3327985","EventID":7,"Message":"Image loaded:\r\nRuleName: -\r\nUtcTime: 2022-09-22 16:31:14.320\r\nProcessGuid: {03bfca49-8dd2-632c-550d-000000000b00}\r\nProcessId: 12372\r\nImage: C:\\Windows\\System32\\notepad.exe\r\nImageLoaded: C:\\Windows\\System32\\win32u.dll\r\nFileVersion: 10.0.19041.1387 (WinBuild.160101.0800)\r\nDescription: Win32u\r\nProduct: Microsoft® Windows® Operating System\r\nCompany: Microsoft Corporation\r\nOriginalFileName: Win32u.DLL\r\nHashes: SHA1=FA247D6CF6D067C196FB79A61A150B8C6ECF7296,MD5=1BEF2FC49504DD693DF4C867E5E52CCC,SHA256=96D0ABC6D2ECD2728B49D3CCD5898CB0ED11D38AAE46584982A2F33B8D4CD86A,IMPHASH=00000000000000000000000000000000\r\nSigned: true\r\nSignature: Microsoft Windows\r\nSignatureStatus: Valid\r\nUser: MSSENTINEL\\wardog","EventData":"\u003cEventData xmlns=\"http://schemas.microsoft.com/win/2004/08/events/event\"\u003e\u003cData Name=\"RuleName\"\u003e-\u003c/Data\u003e\u003cData Name=\"UtcTime\"\u003e2022-09-22 16:31:14.320\u003c/Data\u003e\u003cData Name=\"ProcessGuid\"\u003e{03bfca49-8dd2-632c-550d-000000000b00}\u003c/Data\u003e\u003cData Name=\"ProcessId\"\u003e12372\u003c/Data\u003e\u003cData Name=\"Image\"\u003eC:\\Windows\\System32\\notepad.exe\u003c/Data\u003e\u003cData Name=\"ImageLoaded\"\u003eC:\\Windows\\System32\\win32u.dll\u003c/Data\u003e\u003cData Name=\"FileVersion\"\u003e10.0.19041.1387 (WinBuild.160101.0800)\u003c/Data\u003e\u003cData Name=\"Description\"\u003eWin32u\u003c/Data\u003e\u003cData Name=\"Product\"\u003eMicrosoft® Windows® Operating System\u003c/Data\u003e\u003cData Name=\"Company\"\u003eMicrosoft Corporation\u003c/Data\u003e\u003cData Name=\"OriginalFileName\"\u003eWin32u.DLL\u003c/Data\u003e\u003cData Name=\"Hashes\"\u003eSHA1=FA247D6CF6D067C196FB79A61A150B8C6ECF7296,MD5=1BEF2FC49504DD693DF4C867E5E52CCC,SHA256=96D0ABC6D2ECD2728B49D3CCD5898CB0ED11D38AAE46584982A2F33B8D4CD86A,IMPHASH=00000000000000000000000000000000\u003c/Data\u003e\u003cData Name=\"Signed\"\u003etrue\u003c/Data\u003e\u003cData Name=\"Signature\"\u003eMicrosoft Windows\u003c/Data\u003e\u003cData Name=\"SignatureStatus\"\u003eValid\u003c/Data\u003e\u003cData Name=\"User\"\u003eMSSENTINEL\\wardog\u003c/Data\u003e\u003c/EventData\u003e","Task":"7","RuleName":"-","UtcTime":"2022-09-22 16:31:14.320","ProcessGuid":"{03bfca49-8dd2-632c-550d-000000000b00}","ProcessId":"12372","Image":"C:\\Windows\\System32\\notepad.exe","ImageLoaded":"C:\\Windows\\System32\\win32u.dll","FileVersion":"10.0.19041.1387 (WinBuild.160101.0800)","Description":"Win32u","Product":"Microsoft® Windows® Operating System","Company":"Microsoft Corporation","OriginalFileName":"Win32u.DLL","Hashes":"SHA1=FA247D6CF6D067C196FB79A61A150B8C6ECF7296,MD5=1BEF2FC49504DD693DF4C867E5E52CCC,SHA256=96D0ABC6D2ECD2728B49D3CCD5898CB0ED11D38AAE46584982A2F33B8D4CD86A,IMPHASH=00000000000000000000000000000000","Signed":"true","Signature":"Microsoft Windows","SignatureStatus":"Valid","User":"MSSENTINEL\\wardog"},{"EventSourceName":"Microsoft-Windows-Sysmon","Provider":"Microsoft-Windows-Sysmon","ProviderGuid":"{5770385f-c22a-43e0-bf4c-06f5698ffbd9}","Level":"4","Keywords":"0x8000000000000000","Channel":"Microsoft-Windows-Sysmon/Operational","Computer":"WORKSTATION6.mssentinel.local","TimeCreated":"2022-09-22T12:31:14.323Z","TimeGenerated":"2022-09-22T04:31:14.323Z","EventRecordID":"3327986","EventID":7,"Message":"Image loaded:\r\nRuleName: -\r\nUtcTime: 2022-09-22 16:31:14.320\r\nProcessGuid: {03bfca49-8dd2-632c-550d-000000000b00}\r\nProcessId: 12372\r\nImage: C:\\Windows\\System32\\notepad.exe\r\nImageLoaded: C:\\Windows\\System32\\gdi32full.dll\r\nFileVersion: 10.0.19041.1387 (WinBuild.160101.0800)\r\nDescription: GDI Client DLL\r\nProduct: Microsoft® Windows® Operating System\r\nCompany: Microsoft Corporation\r\nOriginalFileName: gdi32\r\nHashes: SHA1=4B65466981218222246DF975B667E3AC55B512E3,MD5=7B73F6BAB524DA95AAB83F487DDB5117,SHA256=9A977D61ECE63F18BEA79AE348CFB61484447FE21347E763764E81D4C7A3BF67,IMPHASH=46D0C5B9D3B1456A90C3FF92B6DA0B1A\r\nSigned: true\r\nSignature: Microsoft Windows\r\nSignatureStatus: Valid\r\nUser: MSSENTINEL\\wardog","EventData":"\u003cEventData xmlns=\"http://schemas.microsoft.com/win/2004/08/events/event\"\u003e\u003cData Name=\"RuleName\"\u003e-\u003c/Data\u003e\u003cData Name=\"UtcTime\"\u003e2022-09-22 16:31:14.320\u003c/Data\u003e\u003cData Name=\"ProcessGuid\"\u003e{03bfca49-8dd2-632c-550d-000000000b00}\u003c/Data\u003e\u003cData Name=\"ProcessId\"\u003e12372\u003c/Data\u003e\u003cData Name=\"Image\"\u003eC:\\Windows\\System32\\notepad.exe\u003c/Data\u003e\u003cData Name=\"ImageLoaded\"\u003eC:\\Windows\\System32\\gdi32full.dll\u003c/Data\u003e\u003cData Name=\"FileVersion\"\u003e10.0.19041.1387 (WinBuild.160101.0800)\u003c/Data\u003e\u003cData Name=\"Description\"\u003eGDI Client DLL\u003c/Data\u003e\u003cData Name=\"Product\"\u003eMicrosoft® Windows® Operating System\u003c/Data\u003e\u003cData Name=\"Company\"\u003eMicrosoft Corporation\u003c/Data\u003e\u003cData Name=\"OriginalFileName\"\u003egdi32\u003c/Data\u003e\u003cData Name=\"Hashes\"\u003eSHA1=4B65466981218222246DF975B667E3AC55B512E3,MD5=7B73F6BAB524DA95AAB83F487DDB5117,SHA256=9A977D61ECE63F18BEA79AE348CFB61484447FE21347E763764E81D4C7A3BF67,IMPHASH=46D0C5B9D3B1456A90C3FF92B6DA0B1A\u003c/Data\u003e\u003cData Name=\"Signed\"\u003etrue\u003c/Data\u003e\u003cData Name=\"Signature\"\u003eMicrosoft Windows\u003c/Data\u003e\u003cData Name=\"SignatureStatus\"\u003eValid\u003c/Data\u003e\u003cData Name=\"User\"\u003eMSSENTINEL\\wardog\u003c/Data\u003e\u003c/EventData\u003e","Task":"7","RuleName":"-","UtcTime":"2022-09-22 16:31:14.320","ProcessGuid":"{03bfca49-8dd2-632c-550d-000000000b00}","ProcessId":"12372","Image":"C:\\Windows\\System32\\notepad.exe","ImageLoaded":"C:\\Windows\\System32\\gdi32full.dll","FileVersion":"10.0.19041.1387 (WinBuild.160101.0800)","Description":"GDI Client DLL","Product":"Microsoft® Windows® Operating System","Company":"Microsoft Corporation","OriginalFileName":"gdi32","Hashes":"SHA1=4B65466981218222246DF975B667E3AC55B512E3,MD5=7B73F6BAB524DA95AAB83F487DDB5117,SHA256=9A977D61ECE63F18BEA79AE348CFB61484447FE21347E763764E81D4C7A3BF67,IMPHASH=46D0C5B9D3B1456A90C3FF92B6DA0B1A","Signed":"true","Signature":"Microsoft Windows","SignatureStatus":"Valid","User":"MSSENTINEL\\wardog"},{"EventSourceName":"Microsoft-Windows-Sysmon","Provider":"Microsoft-Windows-Sysmon","ProviderGuid":"{5770385f-c22a-43e0-bf4c-06f5698ffbd9}","Level":"4","Keywords":"0x8000000000000000","Channel":"Microsoft-Windows-Sysmon/Operational","Computer":"WORKSTATION6.mssentinel.local","TimeCreated":"2022-09-22T12:31:14.324Z","TimeGenerated":"2022-09-22T04:31:14.324Z","EventRecordID":"3327987","EventID":7,"Message":"Image loaded:\r\nRuleName: -\r\nUtcTime: 2022-09-22 16:31:14.320\r\nProcessGuid: {03bfca49-8dd2-632c-550d-000000000b00}\r\nProcessId: 12372\r\nImage: C:\\Windows\\System32\\notepad.exe\r\nImageLoaded: C:\\Windows\\System32\\msvcp_win.dll\r\nFileVersion: 10.0.19041.789 (WinBuild.160101.0800)\r\nDescription: Microsoft® C Runtime Library\r\nProduct: Microsoft® Windows® Operating System\r\nCompany: Microsoft Corporation\r\nOriginalFileName: msvcp_win.dll\r\nHashes: SHA1=09C6A238C7B2936207F261562079A327AA9FF34E,MD5=34692D0BDE33641B576C32165FBAAF6D,SHA256=FD1D0CC8A5AC8BF20AF9E1A7EC360DD76DC022DFE992556948DF1C17F7A714D2,IMPHASH=6395B9FE9663F603C53213439199897E\r\nSigned: true\r\nSignature: Microsoft Windows\r\nSignatureStatus: Valid\r\nUser: MSSENTINEL\\wardog","EventData":"\u003cEventData xmlns=\"http://schemas.microsoft.com/win/2004/08/events/event\"\u003e\u003cData Name=\"RuleName\"\u003e-\u003c/Data\u003e\u003cData Name=\"UtcTime\"\u003e2022-09-22 16:31:14.320\u003c/Data\u003e\u003cData Name=\"ProcessGuid\"\u003e{03bfca49-8dd2-632c-550d-000000000b00}\u003c/Data\u003e\u003cData Name=\"ProcessId\"\u003e12372\u003c/Data\u003e\u003cData Name=\"Image\"\u003eC:\\Windows\\System32\\notepad.exe\u003c/Data\u003e\u003cData Name=\"ImageLoaded\"\u003eC:\\Windows\\System32\\msvcp_win.dll\u003c/Data\u003e\u003cData Name=\"FileVersion\"\u003e10.0.19041.789 (WinBuild.160101.0800)\u003c/Data\u003e\u003cData Name=\"Description\"\u003eMicrosoft® C Runtime Library\u003c/Data\u003e\u003cData Name=\"Product\"\u003eMicrosoft® Windows® Operating System\u003c/Data\u003e\u003cData Name=\"Company\"\u003eMicrosoft Corporation\u003c/Data\u003e\u003cData Name=\"OriginalFileName\"\u003emsvcp_win.dll\u003c/Data\u003e\u003cData Name=\"Hashes\"\u003eSHA1=09C6A238C7B2936207F261562079A327AA9FF34E,MD5=34692D0BDE33641B576C32165FBAAF6D,SHA256=FD1D0CC8A5AC8BF20AF9E1A7EC360DD76DC022DFE992556948DF1C17F7A714D2,IMPHASH=6395B9FE9663F603C53213439199897E\u003c/Data\u003e\u003cData Name=\"Signed\"\u003etrue\u003c/Data\u003e\u003cData Name=\"Signature\"\u003eMicrosoft Windows\u003c/Data\u003e\u003cData Name=\"SignatureStatus\"\u003eValid\u003c/Data\u003e\u003cData Name=\"User\"\u003eMSSENTINEL\\wardog\u003c/Data\u003e\u003c/EventData\u003e","Task":"7","RuleName":"-","UtcTime":"2022-09-22 16:31:14.320","ProcessGuid":"{03bfca49-8dd2-632c-550d-000000000b00}","ProcessId":"12372","Image":"C:\\Windows\\System32\\notepad.exe","ImageLoaded":"C:\\Windows\\System32\\msvcp_win.dll","FileVersion":"10.0.19041.789 (WinBuild.160101.0800)","Description":"Microsoft® C Runtime Library","Product":"Microsoft® Windows® Operating System","Company":"Microsoft Corporation","OriginalFileName":"msvcp_win.dll","Hashes":"SHA1=09C6A238C7B2936207F261562079A327AA9FF34E,MD5=34692D0BDE33641B576C32165FBAAF6D,SHA256=FD1D0CC8A5AC8BF20AF9E1A7EC360DD76DC022DFE992556948DF1C17F7A714D2,IMPHASH=6395B9FE9663F603C53213439199897E","Signed":"true","Signature":"Microsoft Windows","SignatureStatus":"Valid","User":"MSSENTINEL\\wardog"},