{"EventSourceName":"Microsoft-Windows-Sysmon","Provider":"Microsoft-Windows-Sysmon","ProviderGuid":"{5770385f-c22a-43e0-bf4c-06f5698ffbd9}","Level":"4","Keywords":"0x8000000000000000","Channel":"Microsoft-Windows-Sysmon/Operational","Computer":"WORKSTATION6.mssentinel.local","TimeCreated":"2022-09-22T12:31:23.683Z","TimeGenerated":"2022-09-22T04:31:23.683Z","EventRecordID":"3328596","EventID":10,"Message":"Process accessed:\r\nRuleName: -\r\nUtcTime: 2022-09-22 16:31:23.680\r\nSourceProcessGUID: {03bfca49-b064-632b-0d00-000000000b00}\r\nSourceProcessId: 888\r\nSourceThreadId: 1220\r\nSourceImage: C:\\Windows\\system32\\svchost.exe\r\nTargetProcessGUID: {03bfca49-7557-632c-200c-000000000b00}\r\nTargetProcessId: 13280\r\nTargetImage: C:\\Windows\\system32\\wwahost.exe\r\nGrantedAccess: 0x1000\r\nCallTrace: C:\\Windows\\SYSTEM32\\ntdll.dll+9d234|C:\\Windows\\SYSTEM32\\psmserviceexthost.dll+2ae5f|C:\\Windows\\SYSTEM32\\psmserviceexthost.dll+2a88f|C:\\Windows\\SYSTEM32\\psmserviceexthost.dll+6cac6|C:\\Windows\\SYSTEM32\\psmserviceexthost.dll+731d2|C:\\Windows\\SYSTEM32\\psmserviceexthost.dll+74730|C:\\Windows\\SYSTEM32\\psmserviceexthost.dll+32660|C:\\Windows\\SYSTEM32\\psmserviceexthost.dll+7465c|C:\\Windows\\SYSTEM32\\psmserviceexthost.dll+766c5|C:\\Windows\\SYSTEM32\\psmserviceexthost.dll+4cf38|C:\\Windows\\SYSTEM32\\psmserviceexthost.dll+3f25d|C:\\Windows\\System32\\KERNEL32.DLL+17034|C:\\Windows\\SYSTEM32\\ntdll.dll+52651\r\nSourceUser: NT AUTHORITY\\SYSTEM\r\nTargetUser: MSSENTINEL\\wardog","EventData":"\u003cEventData xmlns=\"http://schemas.microsoft.com/win/2004/08/events/event\"\u003e\u003cData Name=\"RuleName\"\u003e-\u003c/Data\u003e\u003cData Name=\"UtcTime\"\u003e2022-09-22 16:31:23.680\u003c/Data\u003e\u003cData Name=\"SourceProcessGUID\"\u003e{03bfca49-b064-632b-0d00-000000000b00}\u003c/Data\u003e\u003cData Name=\"SourceProcessId\"\u003e888\u003c/Data\u003e\u003cData Name=\"SourceThreadId\"\u003e1220\u003c/Data\u003e\u003cData Name=\"SourceImage\"\u003eC:\\Windows\\system32\\svchost.exe\u003c/Data\u003e\u003cData Name=\"TargetProcessGUID\"\u003e{03bfca49-7557-632c-200c-000000000b00}\u003c/Data\u003e\u003cData Name=\"TargetProcessId\"\u003e13280\u003c/Data\u003e\u003cData Name=\"TargetImage\"\u003eC:\\Windows\\system32\\wwahost.exe\u003c/Data\u003e\u003cData Name=\"GrantedAccess\"\u003e0x1000\u003c/Data\u003e\u003cData Name=\"CallTrace\"\u003eC:\\Windows\\SYSTEM32\\ntdll.dll+9d234|C:\\Windows\\SYSTEM32\\psmserviceexthost.dll+2ae5f|C:\\Windows\\SYSTEM32\\psmserviceexthost.dll+2a88f|C:\\Windows\\SYSTEM32\\psmserviceexthost.dll+6cac6|C:\\Windows\\SYSTEM32\\psmserviceexthost.dll+731d2|C:\\Windows\\SYSTEM32\\psmserviceexthost.dll+74730|C:\\Windows\\SYSTEM32\\psmserviceexthost.dll+32660|C:\\Windows\\SYSTEM32\\psmserviceexthost.dll+7465c|C:\\Windows\\SYSTEM32\\psmserviceexthost.dll+766c5|C:\\Windows\\SYSTEM32\\psmserviceexthost.dll+4cf38|C:\\Windows\\SYSTEM32\\psmserviceexthost.dll+3f25d|C:\\Windows\\System32\\KERNEL32.DLL+17034|C:\\Windows\\SYSTEM32\\ntdll.dll+52651\u003c/Data\u003e\u003cData Name=\"SourceUser\"\u003eNT AUTHORITY\\SYSTEM\u003c/Data\u003e\u003cData Name=\"TargetUser\"\u003eMSSENTINEL\\wardog\u003c/Data\u003e\u003c/EventData\u003e","Task":"10","RuleName":"-","UtcTime":"2022-09-22 16:31:23.680","SourceProcessGUID":"{03bfca49-b064-632b-0d00-000000000b00}","SourceProcessId":"888","SourceThreadId":"1220","SourceImage":"C:\\Windows\\system32\\svchost.exe","TargetProcessGUID":"{03bfca49-7557-632c-200c-000000000b00}","TargetProcessId":"13280","TargetImage":"C:\\Windows\\system32\\wwahost.exe","GrantedAccess":"0x1000","CallTrace":"C:\\Windows\\SYSTEM32\\ntdll.dll+9d234|C:\\Windows\\SYSTEM32\\psmserviceexthost.dll+2ae5f|C:\\Windows\\SYSTEM32\\psmserviceexthost.dll+2a88f|C:\\Windows\\SYSTEM32\\psmserviceexthost.dll+6cac6|C:\\Windows\\SYSTEM32\\psmserviceexthost.dll+731d2|C:\\Windows\\SYSTEM32\\psmserviceexthost.dll+74730|C:\\Windows\\SYSTEM32\\psmserviceexthost.dll+32660|C:\\Windows\\SYSTEM32\\psmserviceexthost.dll+7465c|C:\\Windows\\SYSTEM32\\psmserviceexthost.dll+766c5|C:\\Windows\\SYSTEM32\\psmserviceexthost.dll+4cf38|C:\\Windows\\SYSTEM32\\psmserviceexthost.dll+3f25d|C:\\Windows\\System32\\KERNEL32.DLL+17034|C:\\Windows\\SYSTEM32\\ntdll.dll+52651","SourceUser":"NT AUTHORITY\\SYSTEM","TargetUser":"MSSENTINEL\\wardog"},{"EventSourceName":"Microsoft-Windows-Sysmon","Provider":"Microsoft-Windows-Sysmon","ProviderGuid":"{5770385f-c22a-43e0-bf4c-06f5698ffbd9}","Level":"4","Keywords":"0x8000000000000000","Channel":"Microsoft-Windows-Sysmon/Operational","Computer":"WORKSTATION6.mssentinel.local","TimeCreated":"2022-09-22T12:31:23.709Z","TimeGenerated":"2022-09-22T04:31:23.709Z","EventRecordID":"3328597","EventID":7,"Message":"Image loaded:\r\nRuleName: -\r\nUtcTime: 2022-09-22 16:31:23.695\r\nProcessGuid: {03bfca49-8dd2-632c-550d-000000000b00}\r\nProcessId: 12372\r\nImage: C:\\Windows\\System32\\notepad.exe\r\nImageLoaded: C:\\Windows\\assembly\\NativeImages_v4.0.30319_64\\System.Manaa57fc8cc#\\114042a0c4aeda626718774656205dad\\System.Management.Automation.ni.dll\r\nFileVersion: 10.0.19041.1320\r\nDescription: System.Management.Automation\r\nProduct: Microsoft (R) Windows (R) Operating System\r\nCompany: Microsoft Corporation\r\nOriginalFileName: System.Management.Automation.dll\r\nHashes: SHA1=1C42C42700BF597FFD5246DD9F1CDE5A7A8EF3D9,MD5=9A668DCEC816FE6512B28933AC1C8423,SHA256=BC34AEDF93935D633CB3D465F0BC9CF6DF94BE25F77DF12EA6C5C114A566E755,IMPHASH=00000000000000000000000000000000\r\nSigned: false\r\nSignature: -\r\nSignatureStatus: Unavailable\r\nUser: MSSENTINEL\\wardog","EventData":"\u003cEventData xmlns=\"http://schemas.microsoft.com/win/2004/08/events/event\"\u003e\u003cData Name=\"RuleName\"\u003e-\u003c/Data\u003e\u003cData Name=\"UtcTime\"\u003e2022-09-22 16:31:23.695\u003c/Data\u003e\u003cData Name=\"ProcessGuid\"\u003e{03bfca49-8dd2-632c-550d-000000000b00}\u003c/Data\u003e\u003cData Name=\"ProcessId\"\u003e12372\u003c/Data\u003e\u003cData Name=\"Image\"\u003eC:\\Windows\\System32\\notepad.exe\u003c/Data\u003e\u003cData Name=\"ImageLoaded\"\u003eC:\\Windows\\assembly\\NativeImages_v4.0.30319_64\\System.Manaa57fc8cc#\\114042a0c4aeda626718774656205dad\\System.Management.Automation.ni.dll\u003c/Data\u003e\u003cData Name=\"FileVersion\"\u003e10.0.19041.1320\u003c/Data\u003e\u003cData Name=\"Description\"\u003eSystem.Management.Automation\u003c/Data\u003e\u003cData Name=\"Product\"\u003eMicrosoft (R) Windows (R) Operating System\u003c/Data\u003e\u003cData Name=\"Company\"\u003eMicrosoft Corporation\u003c/Data\u003e\u003cData Name=\"OriginalFileName\"\u003eSystem.Management.Automation.dll\u003c/Data\u003e\u003cData Name=\"Hashes\"\u003eSHA1=1C42C42700BF597FFD5246DD9F1CDE5A7A8EF3D9,MD5=9A668DCEC816FE6512B28933AC1C8423,SHA256=BC34AEDF93935D633CB3D465F0BC9CF6DF94BE25F77DF12EA6C5C114A566E755,IMPHASH=00000000000000000000000000000000\u003c/Data\u003e\u003cData Name=\"Signed\"\u003efalse\u003c/Data\u003e\u003cData Name=\"Signature\"\u003e-\u003c/Data\u003e\u003cData Name=\"SignatureStatus\"\u003eUnavailable\u003c/Data\u003e\u003cData Name=\"User\"\u003eMSSENTINEL\\wardog\u003c/Data\u003e\u003c/EventData\u003e","Task":"7","RuleName":"-","UtcTime":"2022-09-22 16:31:23.695","ProcessGuid":"{03bfca49-8dd2-632c-550d-000000000b00}","ProcessId":"12372","Image":"C:\\Windows\\System32\\notepad.exe","ImageLoaded":"C:\\Windows\\assembly\\NativeImages_v4.0.30319_64\\System.Manaa57fc8cc#\\114042a0c4aeda626718774656205dad\\System.Management.Automation.ni.dll","FileVersion":"10.0.19041.1320","Description":"System.Management.Automation","Product":"Microsoft (R) Windows (R) Operating System","Company":"Microsoft Corporation","OriginalFileName":"System.Management.Automation.dll","Hashes":"SHA1=1C42C42700BF597FFD5246DD9F1CDE5A7A8EF3D9,MD5=9A668DCEC816FE6512B28933AC1C8423,SHA256=BC34AEDF93935D633CB3D465F0BC9CF6DF94BE25F77DF12EA6C5C114A566E755,IMPHASH=00000000000000000000000000000000","Signed":"false","Signature":"-","SignatureStatus":"Unavailable","User":"MSSENTINEL\\wardog"},{"EventSourceName":"Microsoft-Windows-Sysmon","Provider":"Microsoft-Windows-Sysmon","ProviderGuid":"{5770385f-c22a-43e0-bf4c-06f5698ffbd9}","Level":"4","Keywords":"0x8000000000000000","Channel":"Microsoft-Windows-Sysmon/Operational","Computer":"WORKSTATION6.mssentinel.local","TimeCreated":"2022-09-22T12:31:23.710Z","TimeGenerated":"2022-09-22T04:31:23.710Z","EventRecordID":"3328598","EventID":7,"Message":"Image loaded:\r\nRuleName: -\r\nUtcTime: 2022-09-22 16:31:23.695\r\nProcessGuid: {03bfca49-8dd2-632c-550d-000000000b00}\r\nProcessId: 12372\r\nImage: C:\\Windows\\System32\\notepad.exe\r\nImageLoaded: C:\\Windows\\System32\\cryptsp.dll\r\nFileVersion: 10.0.19041.546 (WinBuild.160101.0800)\r\nDescription: Cryptographic Service Provider API\r\nProduct: Microsoft® Windows® Operating System\r\nCompany: Microsoft Corporation\r\nOriginalFileName: cryptsp.dll\r\nHashes: SHA1=03AAA61CFDD8C9830383DEE534FC984EF0B815F7,MD5=A26D9BD5FE9F31F2D47F81EF95876749,SHA256=82027B8C6CE412F9C9731AF5E904291DAE944C3845EBFEF2AF86C8543C8AD5A7,IMPHASH=A9B9D04D0B53DC48ABB37BE77AD01B55\r\nSigned: true\r\nSignature: Microsoft Windows\r\nSignatureStatus: Valid\r\nUser: MSSENTINEL\\wardog","EventData":"\u003cEventData xmlns=\"http://schemas.microsoft.com/win/2004/08/events/event\"\u003e\u003cData Name=\"RuleName\"\u003e-\u003c/Data\u003e\u003cData Name=\"UtcTime\"\u003e2022-09-22 16:31:23.695\u003c/Data\u003e\u003cData Name=\"ProcessGuid\"\u003e{03bfca49-8dd2-632c-550d-000000000b00}\u003c/Data\u003e\u003cData Name=\"ProcessId\"\u003e12372\u003c/Data\u003e\u003cData Name=\"Image\"\u003eC:\\Windows\\System32\\notepad.exe\u003c/Data\u003e\u003cData Name=\"ImageLoaded\"\u003eC:\\Windows\\System32\\cryptsp.dll\u003c/Data\u003e\u003cData Name=\"FileVersion\"\u003e10.0.19041.546 (WinBuild.160101.0800)\u003c/Data\u003e\u003cData Name=\"Description\"\u003eCryptographic Service Provider API\u003c/Data\u003e\u003cData Name=\"Product\"\u003eMicrosoft® Windows® Operating System\u003c/Data\u003e\u003cData Name=\"Company\"\u003eMicrosoft Corporation\u003c/Data\u003e\u003cData Name=\"OriginalFileName\"\u003ecryptsp.dll\u003c/Data\u003e\u003cData Name=\"Hashes\"\u003eSHA1=03AAA61CFDD8C9830383DEE534FC984EF0B815F7,MD5=A26D9BD5FE9F31F2D47F81EF95876749,SHA256=82027B8C6CE412F9C9731AF5E904291DAE944C3845EBFEF2AF86C8543C8AD5A7,IMPHASH=A9B9D04D0B53DC48ABB37BE77AD01B55\u003c/Data\u003e\u003cData Name=\"Signed\"\u003etrue\u003c/Data\u003e\u003cData Name=\"Signature\"\u003eMicrosoft Windows\u003c/Data\u003e\u003cData Name=\"SignatureStatus\"\u003eValid\u003c/Data\u003e\u003cData Name=\"User\"\u003eMSSENTINEL\\wardog\u003c/Data\u003e\u003c/EventData\u003e","Task":"7","RuleName":"-","UtcTime":"2022-09-22 16:31:23.695","ProcessGuid":"{03bfca49-8dd2-632c-550d-000000000b00}","ProcessId":"12372","Image":"C:\\Windows\\System32\\notepad.exe","ImageLoaded":"C:\\Windows\\System32\\cryptsp.dll","FileVersion":"10.0.19041.546 (WinBuild.160101.0800)","Description":"Cryptographic Service Provider API","Product":"Microsoft® Windows® Operating System","Company":"Microsoft Corporation","OriginalFileName":"cryptsp.dll","Hashes":"SHA1=03AAA61CFDD8C9830383DEE534FC984EF0B815F7,MD5=A26D9BD5FE9F31F2D47F81EF95876749,SHA256=82027B8C6CE412F9C9731AF5E904291DAE944C3845EBFEF2AF86C8543C8AD5A7,IMPHASH=A9B9D04D0B53DC48ABB37BE77AD01B55","Signed":"true","Signature":"Microsoft Windows","SignatureStatus":"Valid","User":"MSSENTINEL\\wardog"},{"EventSourceName":"Microsoft-Windows-Sysmon","Provider":"Microsoft-Windows-Sysmon","ProviderGuid":"{5770385f-c22a-43e0-bf4c-06f5698ffbd9}","Level":"4","Keywords":"0x8000000000000000","Channel":"Microsoft-Windows-Sysmon/Operational","Computer":"WORKSTATION6.mssentinel.local","TimeCreated":"2022-09-22T12:31:23.711Z","TimeGenerated":"2022-09-22T04:31:23.711Z","EventRecordID":"3328599","EventID":7,"Message":"Image loaded:\r\nRuleName: -\r\nUtcTime: 2022-09-22 16:31:23.695\r\nProcessGuid: {03bfca49-8dd2-632c-550d-000000000b00}\r\nProcessId: 12372\r\nImage: C:\\Windows\\System32\\notepad.exe\r\nImageLoaded: C:\\Windows\\System32\\rsaenh.dll\r\nFileVersion: 10.0.19041.1052 (WinBuild.160101.0800)\r\nDescription: Microsoft Enhanced Cryptographic Provider\r\nProduct: Microsoft® Windows® Operating System\r\nCompany: Microsoft Corporation\r\nOriginalFileName: rsaenh.dll\r\nHashes: SHA1=822C4FADBE633D524C6921CDF48848227FB60AB5,MD5=745A6645F03EFE4B893575565301E677,SHA256=C9FD8377D6C328B2F01C687DAC95E9005C8BB0A4AA230B12DAA7C3CD3367F19A,IMPHASH=A4C20B1A7B632846186AD47A0810709E\r\nSigned: true\r\nSignature: Microsoft Windows\r\nSignatureStatus: Valid\r\nUser: MSSENTINEL\\wardog","EventData":"\u003cEventData xmlns=\"http://schemas.microsoft.com/win/2004/08/events/event\"\u003e\u003cData Name=\"RuleName\"\u003e-\u003c/Data\u003e\u003cData Name=\"UtcTime\"\u003e2022-09-22 16:31:23.695\u003c/Data\u003e\u003cData Name=\"ProcessGuid\"\u003e{03bfca49-8dd2-632c-550d-000000000b00}\u003c/Data\u003e\u003cData Name=\"ProcessId\"\u003e12372\u003c/Data\u003e\u003cData Name=\"Image\"\u003eC:\\Windows\\System32\\notepad.exe\u003c/Data\u003e\u003cData Name=\"ImageLoaded\"\u003eC:\\Windows\\System32\\rsaenh.dll\u003c/Data\u003e\u003cData Name=\"FileVersion\"\u003e10.0.19041.1052 (WinBuild.160101.0800)\u003c/Data\u003e\u003cData Name=\"Description\"\u003eMicrosoft Enhanced Cryptographic Provider\u003c/Data\u003e\u003cData Name=\"Product\"\u003eMicrosoft® Windows® Operating System\u003c/Data\u003e\u003cData Name=\"Company\"\u003eMicrosoft Corporation\u003c/Data\u003e\u003cData Name=\"OriginalFileName\"\u003ersaenh.dll\u003c/Data\u003e\u003cData Name=\"Hashes\"\u003eSHA1=822C4FADBE633D524C6921CDF48848227FB60AB5,MD5=745A6645F03EFE4B893575565301E677,SHA256=C9FD8377D6C328B2F01C687DAC95E9005C8BB0A4AA230B12DAA7C3CD3367F19A,IMPHASH=A4C20B1A7B632846186AD47A0810709E\u003c/Data\u003e\u003cData Name=\"Signed\"\u003etrue\u003c/Data\u003e\u003cData Name=\"Signature\"\u003eMicrosoft Windows\u003c/Data\u003e\u003cData Name=\"SignatureStatus\"\u003eValid\u003c/Data\u003e\u003cData Name=\"User\"\u003eMSSENTINEL\\wardog\u003c/Data\u003e\u003c/EventData\u003e","Task":"7","RuleName":"-","UtcTime":"2022-09-22 16:31:23.695","ProcessGuid":"{03bfca49-8dd2-632c-550d-000000000b00}","ProcessId":"12372","Image":"C:\\Windows\\System32\\notepad.exe","ImageLoaded":"C:\\Windows\\System32\\rsaenh.dll","FileVersion":"10.0.19041.1052 (WinBuild.160101.0800)","Description":"Microsoft Enhanced Cryptographic Provider","Product":"Microsoft® Windows® Operating System","Company":"Microsoft Corporation","OriginalFileName":"rsaenh.dll","Hashes":"SHA1=822C4FADBE633D524C6921CDF48848227FB60AB5,MD5=745A6645F03EFE4B893575565301E677,SHA256=C9FD8377D6C328B2F01C687DAC95E9005C8BB0A4AA230B12DAA7C3CD3367F19A,IMPHASH=A4C20B1A7B632846186AD47A0810709E","Signed":"true","Signature":"Microsoft Windows","SignatureStatus":"Valid","User":"MSSENTINEL\\wardog"},{"EventSourceName":"Microsoft-Windows-Sysmon","Provider":"Microsoft-Windows-Sysmon","ProviderGuid":"{5770385f-c22a-43e0-bf4c-06f5698ffbd9}","Level":"4","Keywords":"0x8000000000000000","Channel":"Microsoft-Windows-Sysmon/Operational","Computer":"WORKSTATION6.mssentinel.local","TimeCreated":"2022-09-22T12:31:23.712Z","TimeGenerated":"2022-09-22T04:31:23.712Z","EventRecordID":"3328600","EventID":7,"Message":"Image loaded:\r\nRuleName: -\r\nUtcTime: 2022-09-22 16:31:23.711\r\nProcessGuid: {03bfca49-8dd2-632c-550d-000000000b00}\r\nProcessId: 12372\r\nImage: C:\\Windows\\System32\\notepad.exe\r\nImageLoaded: C:\\Windows\\System32\\bcrypt.dll\r\nFileVersion: 10.0.19041.1023 (WinBuild.160101.0800)\r\nDescription: Windows Cryptographic Primitives Library\r\nProduct: Microsoft® Windows® Operating System\r\nCompany: Microsoft Corporation\r\nOriginalFileName: bcrypt.dll\r\nHashes: SHA1=FB5DE507FC8CC3622D225CB3F5E551C98DC10B51,MD5=A4BE5153C4441FFEDA74AA99D4B2E830,SHA256=0F14BB6286686143D6192376C2F965D7E71A0C3FAE73773DA56A7FCD5E355F4D,IMPHASH=F8A5CF8F7AF31A59E7541332D16C6ABA\r\nSigned: true\r\nSignature: Microsoft Windows\r\nSignatureStatus: Valid\r\nUser: MSSENTINEL\\wardog","EventData":"\u003cEventData xmlns=\"http://schemas.microsoft.com/win/2004/08/events/event\"\u003e\u003cData Name=\"RuleName\"\u003e-\u003c/Data\u003e\u003cData Name=\"UtcTime\"\u003e2022-09-22 16:31:23.711\u003c/Data\u003e\u003cData Name=\"ProcessGuid\"\u003e{03bfca49-8dd2-632c-550d-000000000b00}\u003c/Data\u003e\u003cData Name=\"ProcessId\"\u003e12372\u003c/Data\u003e\u003cData Name=\"Image\"\u003eC:\\Windows\\System32\\notepad.exe\u003c/Data\u003e\u003cData Name=\"ImageLoaded\"\u003eC:\\Windows\\System32\\bcrypt.dll\u003c/Data\u003e\u003cData Name=\"FileVersion\"\u003e10.0.19041.1023 (WinBuild.160101.0800)\u003c/Data\u003e\u003cData Name=\"Description\"\u003eWindows Cryptographic Primitives Library\u003c/Data\u003e\u003cData Name=\"Product\"\u003eMicrosoft® Windows® Operating System\u003c/Data\u003e\u003cData Name=\"Company\"\u003eMicrosoft Corporation\u003c/Data\u003e\u003cData Name=\"OriginalFileName\"\u003ebcrypt.dll\u003c/Data\u003e\u003cData Name=\"Hashes\"\u003eSHA1=FB5DE507FC8CC3622D225CB3F5E551C98DC10B51,MD5=A4BE5153C4441FFEDA74AA99D4B2E830,SHA256=0F14BB6286686143D6192376C2F965D7E71A0C3FAE73773DA56A7FCD5E355F4D,IMPHASH=F8A5CF8F7AF31A59E7541332D16C6ABA\u003c/Data\u003e\u003cData Name=\"Signed\"\u003etrue\u003c/Data\u003e\u003cData Name=\"Signature\"\u003eMicrosoft Windows\u003c/Data\u003e\u003cData Name=\"SignatureStatus\"\u003eValid\u003c/Data\u003e\u003cData Name=\"User\"\u003eMSSENTINEL\\wardog\u003c/Data\u003e\u003c/EventData\u003e","Task":"7","RuleName":"-","UtcTime":"2022-09-22 16:31:23.711","ProcessGuid":"{03bfca49-8dd2-632c-550d-000000000b00}","ProcessId":"12372","Image":"C:\\Windows\\System32\\notepad.exe","ImageLoaded":"C:\\Windows\\System32\\bcrypt.dll","FileVersion":"10.0.19041.1023 (WinBuild.160101.0800)","Description":"Windows Cryptographic Primitives Library","Product":"Microsoft® Windows® Operating System","Company":"Microsoft Corporation","OriginalFileName":"bcrypt.dll","Hashes":"SHA1=FB5DE507FC8CC3622D225CB3F5E551C98DC10B51,MD5=A4BE5153C4441FFEDA74AA99D4B2E830,SHA256=0F14BB6286686143D6192376C2F965D7E71A0C3FAE73773DA56A7FCD5E355F4D,IMPHASH=F8A5CF8F7AF31A59E7541332D16C6ABA","Signed":"true","Signature":"Microsoft Windows","SignatureStatus":"Valid","User":"MSSENTINEL\\wardog"},{"EventSourceName":"Microsoft-Windows-Sysmon","Provider":"Microsoft-Windows-Sysmon","ProviderGuid":"{5770385f-c22a-43e0-bf4c-06f5698ffbd9}","Level":"4","Keywords":"0x8000000000000000","Channel":"Microsoft-Windows-Sysmon/Operational","Computer":"WORKSTATION6.mssentinel.local","TimeCreated":"2022-09-22T12:31:23.713Z","TimeGenerated":"2022-09-22T04:31:23.713Z","EventRecordID":"3328601","EventID":7,"Message":"Image loaded:\r\nRuleName: -\r\nUtcTime: 2022-09-22 16:31:23.711\r\nProcessGuid: {03bfca49-8dd2-632c-550d-000000000b00}\r\nProcessId: 12372\r\nImage: C:\\Windows\\System32\\notepad.exe\r\nImageLoaded: C:\\Windows\\System32\\cryptbase.dll\r\nFileVersion: 10.0.19041.546 (WinBuild.160101.0800)\r\nDescription: Base cryptographic API DLL\r\nProduct: Microsoft® Windows® Operating System\r\nCompany: Microsoft Corporation\r\nOriginalFileName: cryptbase.dll\r\nHashes: SHA1=9356BB02FC42E850639F001A104717233B441DDF,MD5=095B8F1C0F8EE3CAA09FCCA6CB92F6C0,SHA256=B50D007EE8764F7CADA9D9A395DA396201C8B18E6501B50AB809914A7588BAF1,IMPHASH=947563122A564336B8FE403CBB94531C\r\nSigned: true\r\nSignature: Microsoft Windows\r\nSignatureStatus: Valid\r\nUser: MSSENTINEL\\wardog","EventData":"\u003cEventData xmlns=\"http://schemas.microsoft.com/win/2004/08/events/event\"\u003e\u003cData Name=\"RuleName\"\u003e-\u003c/Data\u003e\u003cData Name=\"UtcTime\"\u003e2022-09-22 16:31:23.711\u003c/Data\u003e\u003cData Name=\"ProcessGuid\"\u003e{03bfca49-8dd2-632c-550d-000000000b00}\u003c/Data\u003e\u003cData Name=\"ProcessId\"\u003e12372\u003c/Data\u003e\u003cData Name=\"Image\"\u003eC:\\Windows\\System32\\notepad.exe\u003c/Data\u003e\u003cData Name=\"ImageLoaded\"\u003eC:\\Windows\\System32\\cryptbase.dll\u003c/Data\u003e\u003cData Name=\"FileVersion\"\u003e10.0.19041.546 (WinBuild.160101.0800)\u003c/Data\u003e\u003cData Name=\"Description\"\u003eBase cryptographic API DLL\u003c/Data\u003e\u003cData Name=\"Product\"\u003eMicrosoft® Windows® Operating System\u003c/Data\u003e\u003cData Name=\"Company\"\u003eMicrosoft Corporation\u003c/Data\u003e\u003cData Name=\"OriginalFileName\"\u003ecryptbase.dll\u003c/Data\u003e\u003cData Name=\"Hashes\"\u003eSHA1=9356BB02FC42E850639F001A104717233B441DDF,MD5=095B8F1C0F8EE3CAA09FCCA6CB92F6C0,SHA256=B50D007EE8764F7CADA9D9A395DA396201C8B18E6501B50AB809914A7588BAF1,IMPHASH=947563122A564336B8FE403CBB94531C\u003c/Data\u003e\u003cData Name=\"Signed\"\u003etrue\u003c/Data\u003e\u003cData Name=\"Signature\"\u003eMicrosoft Windows\u003c/Data\u003e\u003cData Name=\"SignatureStatus\"\u003eValid\u003c/Data\u003e\u003cData Name=\"User\"\u003eMSSENTINEL\\wardog\u003c/Data\u003e\u003c/EventData\u003e","Task":"7","RuleName":"-","UtcTime":"2022-09-22 16:31:23.711","ProcessGuid":"{03bfca49-8dd2-632c-550d-000000000b00}","ProcessId":"12372","Image":"C:\\Windows\\System32\\notepad.exe","ImageLoaded":"C:\\Windows\\System32\\cryptbase.dll","FileVersion":"10.0.19041.546 (WinBuild.160101.0800)","Description":"Base cryptographic API DLL","Product":"Microsoft® Windows® Operating System","Company":"Microsoft Corporation","OriginalFileName":"cryptbase.dll","Hashes":"SHA1=9356BB02FC42E850639F001A104717233B441DDF,MD5=095B8F1C0F8EE3CAA09FCCA6CB92F6C0,SHA256=B50D007EE8764F7CADA9D9A395DA396201C8B18E6501B50AB809914A7588BAF1,IMPHASH=947563122A564336B8FE403CBB94531C","Signed":"true","Signature":"Microsoft Windows","SignatureStatus":"Valid","User":"MSSENTINEL\\wardog"},{"EventSourceName":"Microsoft-Windows-Sysmon","Provider":"Microsoft-Windows-Sysmon","ProviderGuid":"{5770385f-c22a-43e0-bf4c-06f5698ffbd9}","Level":"4","Keywords":"0x8000000000000000","Channel":"Microsoft-Windows-Sysmon/Operational","Computer":"WORKSTATION6.mssentinel.local","TimeCreated":"2022-09-22T12:31:23.721Z","TimeGenerated":"2022-09-22T04:31:23.721Z","EventRecordID":"3328602","EventID":11,"Message":"File created:\r\nRuleName: -\r\nUtcTime: 2022-09-22 16:31:23.711\r\nProcessGuid: {03bfca49-8dd2-632c-550d-000000000b00}\r\nProcessId: 12372\r\nImage: C:\\Windows\\system32\\notepad.exe\r\nTargetFilename: C:\\Users\\wardog.MSSENTINEL\\AppData\\Local\\Temp\\__PSScriptPolicyTest_13zg2uwn.zhu.ps1\r\nCreationUtcTime: 2022-09-22 16:31:23.711\r\nUser: MSSENTINEL\\wardog","EventData":"\u003cEventData xmlns=\"http://schemas.microsoft.com/win/2004/08/events/event\"\u003e\u003cData Name=\"RuleName\"\u003e-\u003c/Data\u003e\u003cData Name=\"UtcTime\"\u003e2022-09-22 16:31:23.711\u003c/Data\u003e\u003cData Name=\"ProcessGuid\"\u003e{03bfca49-8dd2-632c-550d-000000000b00}\u003c/Data\u003e\u003cData Name=\"ProcessId\"\u003e12372\u003c/Data\u003e\u003cData Name=\"Image\"\u003eC:\\Windows\\system32\\notepad.exe\u003c/Data\u003e\u003cData Name=\"TargetFilename\"\u003eC:\\Users\\wardog.MSSENTINEL\\AppData\\Local\\Temp\\__PSScriptPolicyTest_13zg2uwn.zhu.ps1\u003c/Data\u003e\u003cData Name=\"CreationUtcTime\"\u003e2022-09-22 16:31:23.711\u003c/Data\u003e\u003cData Name=\"User\"\u003eMSSENTINEL\\wardog\u003c/Data\u003e\u003c/EventData\u003e","Task":"11","RuleName":"-","UtcTime":"2022-09-22 16:31:23.711","ProcessGuid":"{03bfca49-8dd2-632c-550d-000000000b00}","ProcessId":"12372","Image":"C:\\Windows\\system32\\notepad.exe","TargetFilename":"C:\\Users\\wardog.MSSENTINEL\\AppData\\Local\\Temp\\__PSScriptPolicyTest_13zg2uwn.zhu.ps1","CreationUtcTime":"2022-09-22 16:31:23.711","User":"MSSENTINEL\\wardog"},{"EventSourceName":"Microsoft-Windows-Sysmon","Provider":"Microsoft-Windows-Sysmon","ProviderGuid":"{5770385f-c22a-43e0-bf4c-06f5698ffbd9}","Level":"4","Keywords":"0x8000000000000000","Channel":"Microsoft-Windows-Sysmon/Operational","Computer":"WORKSTATION6.mssentinel.local","TimeCreated":"2022-09-22T12:31:23.722Z","TimeGenerated":"2022-09-22T04:31:23.722Z","EventRecordID":"3328603","EventID":11,"Message":"File created:\r\nRuleName: -\r\nUtcTime: 2022-09-22 16:31:23.711\r\nProcessGuid: {03bfca49-8dd2-632c-550d-000000000b00}\r\nProcessId: 12372\r\nImage: C:\\Windows\\system32\\notepad.exe\r\nTargetFilename: C:\\Users\\wardog.MSSENTINEL\\AppData\\Local\\Temp\\__PSScriptPolicyTest_aywruud0.vh3.psm1\r\nCreationUtcTime: 2022-09-22 16:31:23.711\r\nUser: MSSENTINEL\\wardog","EventData":"\u003cEventData xmlns=\"http://schemas.microsoft.com/win/2004/08/events/event\"\u003e\u003cData Name=\"RuleName\"\u003e-\u003c/Data\u003e\u003cData Name=\"UtcTime\"\u003e2022-09-22 16:31:23.711\u003c/Data\u003e\u003cData Name=\"ProcessGuid\"\u003e{03bfca49-8dd2-632c-550d-000000000b00}\u003c/Data\u003e\u003cData Name=\"ProcessId\"\u003e12372\u003c/Data\u003e\u003cData Name=\"Image\"\u003eC:\\Windows\\system32\\notepad.exe\u003c/Data\u003e\u003cData Name=\"TargetFilename\"\u003eC:\\Users\\wardog.MSSENTINEL\\AppData\\Local\\Temp\\__PSScriptPolicyTest_aywruud0.vh3.psm1\u003c/Data\u003e\u003cData Name=\"CreationUtcTime\"\u003e2022-09-22 16:31:23.711\u003c/Data\u003e\u003cData Name=\"User\"\u003eMSSENTINEL\\wardog\u003c/Data\u003e\u003c/EventData\u003e","Task":"11","RuleName":"-","UtcTime":"2022-09-22 16:31:23.711","ProcessGuid":"{03bfca49-8dd2-632c-550d-000000000b00}","ProcessId":"12372","Image":"C:\\Windows\\system32\\notepad.exe","TargetFilename":"C:\\Users\\wardog.MSSENTINEL\\AppData\\Local\\Temp\\__PSScriptPolicyTest_aywruud0.vh3.psm1","CreationUtcTime":"2022-09-22 16:31:23.711","User":"MSSENTINEL\\wardog"},{"EventSourceName":"Microsoft-Windows-Sysmon","Provider":"Microsoft-Windows-Sysmon","ProviderGuid":"{5770385f-c22a-43e0-bf4c-06f5698ffbd9}","Level":"4","Keywords":"0x8000000000000000","Channel":"Microsoft-Windows-Sysmon/Operational","Computer":"WORKSTATION6.mssentinel.local","TimeCreated":"2022-09-22T12:31:23.725Z","TimeGenerated":"2022-09-22T04:31:23.725Z","EventRecordID":"3328604","EventID":7,"Message":"Image loaded:\r\nRuleName: -\r\nUtcTime: 2022-09-22 16:31:23.711\r\nProcessGuid: {03bfca49-8dd2-632c-550d-000000000b00}\r\nProcessId: 12372\r\nImage: C:\\Windows\\System32\\notepad.exe\r\nImageLoaded: C:\\Windows\\System32\\wintrust.dll\r\nFileVersion: 10.0.19041.1266 (WinBuild.160101.0800)\r\nDescription: Microsoft Trust Verification APIs\r\nProduct: Microsoft® Windows® Operating System\r\nCompany: Microsoft Corporation\r\nOriginalFileName: WINTRUST.DLL\r\nHashes: SHA1=EE41FE9AAD7AF986C966EF4EB3FCB80C75CA7259,MD5=6C4825C4643834D6E4BB2EF697CAE2AB,SHA256=8367A56E75F623DEBF2064C6954D2B7215F6E6ED657332CE43C26270469D94A7,IMPHASH=535395085773D709DDD7A1DE7E97336E\r\nSigned: true\r\nSignature: Microsoft Windows\r\nSignatureStatus: Valid\r\nUser: MSSENTINEL\\wardog","EventData":"\u003cEventData xmlns=\"http://schemas.microsoft.com/win/2004/08/events/event\"\u003e\u003cData Name=\"RuleName\"\u003e-\u003c/Data\u003e\u003cData Name=\"UtcTime\"\u003e2022-09-22 16:31:23.711\u003c/Data\u003e\u003cData Name=\"ProcessGuid\"\u003e{03bfca49-8dd2-632c-550d-000000000b00}\u003c/Data\u003e\u003cData Name=\"ProcessId\"\u003e12372\u003c/Data\u003e\u003cData Name=\"Image\"\u003eC:\\Windows\\System32\\notepad.exe\u003c/Data\u003e\u003cData Name=\"ImageLoaded\"\u003eC:\\Windows\\System32\\wintrust.dll\u003c/Data\u003e\u003cData Name=\"FileVersion\"\u003e10.0.19041.1266 (WinBuild.160101.0800)\u003c/Data\u003e\u003cData Name=\"Description\"\u003eMicrosoft Trust Verification APIs\u003c/Data\u003e\u003cData Name=\"Product\"\u003eMicrosoft® Windows® Operating System\u003c/Data\u003e\u003cData Name=\"Company\"\u003eMicrosoft Corporation\u003c/Data\u003e\u003cData Name=\"OriginalFileName\"\u003eWINTRUST.DLL\u003c/Data\u003e\u003cData Name=\"Hashes\"\u003eSHA1=EE41FE9AAD7AF986C966EF4EB3FCB80C75CA7259,MD5=6C4825C4643834D6E4BB2EF697CAE2AB,SHA256=8367A56E75F623DEBF2064C6954D2B7215F6E6ED657332CE43C26270469D94A7,IMPHASH=535395085773D709DDD7A1DE7E97336E\u003c/Data\u003e\u003cData Name=\"Signed\"\u003etrue\u003c/Data\u003e\u003cData Name=\"Signature\"\u003eMicrosoft Windows\u003c/Data\u003e\u003cData Name=\"SignatureStatus\"\u003eValid\u003c/Data\u003e\u003cData Name=\"User\"\u003eMSSENTINEL\\wardog\u003c/Data\u003e\u003c/EventData\u003e","Task":"7","RuleName":"-","UtcTime":"2022-09-22 16:31:23.711","ProcessGuid":"{03bfca49-8dd2-632c-550d-000000000b00}","ProcessId":"12372","Image":"C:\\Windows\\System32\\notepad.exe","ImageLoaded":"C:\\Windows\\System32\\wintrust.dll","FileVersion":"10.0.19041.1266 (WinBuild.160101.0800)","Description":"Microsoft Trust Verification APIs","Product":"Microsoft® Windows® Operating System","Company":"Microsoft Corporation","OriginalFileName":"WINTRUST.DLL","Hashes":"SHA1=EE41FE9AAD7AF986C966EF4EB3FCB80C75CA7259,MD5=6C4825C4643834D6E4BB2EF697CAE2AB,SHA256=8367A56E75F623DEBF2064C6954D2B7215F6E6ED657332CE43C26270469D94A7,IMPHASH=535395085773D709DDD7A1DE7E97336E","Signed":"true","Signature":"Microsoft Windows","SignatureStatus":"Valid","User":"MSSENTINEL\\wardog"},{"EventSourceName":"Microsoft-Windows-Sysmon","Provider":"Microsoft-Windows-Sysmon","ProviderGuid":"{5770385f-c22a-43e0-bf4c-06f5698ffbd9}","Level":"4","Keywords":"0x8000000000000000","Channel":"Microsoft-Windows-Sysmon/Operational","Computer":"WORKSTATION6.mssentinel.local","TimeCreated":"2022-09-22T12:31:23.726Z","TimeGenerated":"2022-09-22T04:31:23.726Z","EventRecordID":"3328605","EventID":7,"Message":"Image loaded:\r\nRuleName: -\r\nUtcTime: 2022-09-22 16:31:23.711\r\nProcessGuid: {03bfca49-8dd2-632c-550d-000000000b00}\r\nProcessId: 12372\r\nImage: C:\\Windows\\System32\\notepad.exe\r\nImageLoaded: C:\\Windows\\System32\\crypt32.dll\r\nFileVersion: 10.0.19041.1320 (WinBuild.160101.0800)\r\nDescription: Crypto API32\r\nProduct: Microsoft® Windows® Operating System\r\nCompany: Microsoft Corporation\r\nOriginalFileName: CRYPT32.DLL\r\nHashes: SHA1=2AEAFDC2841F3145100C7EA94962EF5AA0198CB3,MD5=1C46946CCE849BB9082A8BDF9CA246C8,SHA256=C1291C4860DFE5A103C92992335CA32956F41AB0290CDA205AA28C884D28CB29,IMPHASH=413FEAC1692A33A188E4B9A1A8ECC63E\r\nSigned: true\r\nSignature: Microsoft Windows\r\nSignatureStatus: Valid\r\nUser: MSSENTINEL\\wardog","EventData":"\u003cEventData xmlns=\"http://schemas.microsoft.com/win/2004/08/events/event\"\u003e\u003cData Name=\"RuleName\"\u003e-\u003c/Data\u003e\u003cData Name=\"UtcTime\"\u003e2022-09-22 16:31:23.711\u003c/Data\u003e\u003cData Name=\"ProcessGuid\"\u003e{03bfca49-8dd2-632c-550d-000000000b00}\u003c/Data\u003e\u003cData Name=\"ProcessId\"\u003e12372\u003c/Data\u003e\u003cData Name=\"Image\"\u003eC:\\Windows\\System32\\notepad.exe\u003c/Data\u003e\u003cData Name=\"ImageLoaded\"\u003eC:\\Windows\\System32\\crypt32.dll\u003c/Data\u003e\u003cData Name=\"FileVersion\"\u003e10.0.19041.1320 (WinBuild.160101.0800)\u003c/Data\u003e\u003cData Name=\"Description\"\u003eCrypto API32\u003c/Data\u003e\u003cData Name=\"Product\"\u003eMicrosoft® Windows® Operating System\u003c/Data\u003e\u003cData Name=\"Company\"\u003eMicrosoft Corporation\u003c/Data\u003e\u003cData Name=\"OriginalFileName\"\u003eCRYPT32.DLL\u003c/Data\u003e\u003cData Name=\"Hashes\"\u003eSHA1=2AEAFDC2841F3145100C7EA94962EF5AA0198CB3,MD5=1C46946CCE849BB9082A8BDF9CA246C8,SHA256=C1291C4860DFE5A103C92992335CA32956F41AB0290CDA205AA28C884D28CB29,IMPHASH=413FEAC1692A33A188E4B9A1A8ECC63E\u003c/Data\u003e\u003cData Name=\"Signed\"\u003etrue\u003c/Data\u003e\u003cData Name=\"Signature\"\u003eMicrosoft Windows\u003c/Data\u003e\u003cData Name=\"SignatureStatus\"\u003eValid\u003c/Data\u003e\u003cData Name=\"User\"\u003eMSSENTINEL\\wardog\u003c/Data\u003e\u003c/EventData\u003e","Task":"7","RuleName":"-","UtcTime":"2022-09-22 16:31:23.711","ProcessGuid":"{03bfca49-8dd2-632c-550d-000000000b00}","ProcessId":"12372","Image":"C:\\Windows\\System32\\notepad.exe","ImageLoaded":"C:\\Windows\\System32\\crypt32.dll","FileVersion":"10.0.19041.1320 (WinBuild.160101.0800)","Description":"Crypto API32","Product":"Microsoft® Windows® Operating System","Company":"Microsoft Corporation","OriginalFileName":"CRYPT32.DLL","Hashes":"SHA1=2AEAFDC2841F3145100C7EA94962EF5AA0198CB3,MD5=1C46946CCE849BB9082A8BDF9CA246C8,SHA256=C1291C4860DFE5A103C92992335CA32956F41AB0290CDA205AA28C884D28CB29,IMPHASH=413FEAC1692A33A188E4B9A1A8ECC63E","Signed":"true","Signature":"Microsoft Windows","SignatureStatus":"Valid","User":"MSSENTINEL\\wardog"},{"EventSourceName":"Microsoft-Windows-Sysmon","Provider":"Microsoft-Windows-Sysmon","ProviderGuid":"{5770385f-c22a-43e0-bf4c-06f5698ffbd9}","Level":"4","Keywords":"0x8000000000000000","Channel":"Microsoft-Windows-Sysmon/Operational","Computer":"WORKSTATION6.mssentinel.local","TimeCreated":"2022-09-22T12:31:23.727Z","TimeGenerated":"2022-09-22T04:31:23.727Z","EventRecordID":"3328606","EventID":7,"Message":"Image loaded:\r\nRuleName: -\r\nUtcTime: 2022-09-22 16:31:23.727\r\nProcessGuid: {03bfca49-8dd2-632c-550d-000000000b00}\r\nProcessId: 12372\r\nImage: C:\\Windows\\System32\\notepad.exe\r\nImageLoaded: C:\\Windows\\System32\\msasn1.dll\r\nFileVersion: 10.0.19041.546 (WinBuild.160101.0800)\r\nDescription: ASN.1 Runtime APIs\r\nProduct: Microsoft® Windows® Operating System\r\nCompany: Microsoft Corporation\r\nOriginalFileName: msasn1.dll\r\nHashes: SHA1=67B5BE0F3BAF074FEA76182878C757A5DB1863DE,MD5=353B595137ED00ADFC8BBB180C3CE30C,SHA256=589F8393DEE90934AFD9E70739CAAC7CD8E85F6A9501635F0B9026E272B349FD,IMPHASH=F79599CA729D557E0381EC0A41471A27\r\nSigned: true\r\nSignature: Microsoft Windows\r\nSignatureStatus: Valid\r\nUser: MSSENTINEL\\wardog","EventData":"\u003cEventData xmlns=\"http://schemas.microsoft.com/win/2004/08/events/event\"\u003e\u003cData Name=\"RuleName\"\u003e-\u003c/Data\u003e\u003cData Name=\"UtcTime\"\u003e2022-09-22 16:31:23.727\u003c/Data\u003e\u003cData Name=\"ProcessGuid\"\u003e{03bfca49-8dd2-632c-550d-000000000b00}\u003c/Data\u003e\u003cData Name=\"ProcessId\"\u003e12372\u003c/Data\u003e\u003cData Name=\"Image\"\u003eC:\\Windows\\System32\\notepad.exe\u003c/Data\u003e\u003cData Name=\"ImageLoaded\"\u003eC:\\Windows\\System32\\msasn1.dll\u003c/Data\u003e\u003cData Name=\"FileVersion\"\u003e10.0.19041.546 (WinBuild.160101.0800)\u003c/Data\u003e\u003cData Name=\"Description\"\u003eASN.1 Runtime APIs\u003c/Data\u003e\u003cData Name=\"Product\"\u003eMicrosoft® Windows® Operating System\u003c/Data\u003e\u003cData Name=\"Company\"\u003eMicrosoft Corporation\u003c/Data\u003e\u003cData Name=\"OriginalFileName\"\u003emsasn1.dll\u003c/Data\u003e\u003cData Name=\"Hashes\"\u003eSHA1=67B5BE0F3BAF074FEA76182878C757A5DB1863DE,MD5=353B595137ED00ADFC8BBB180C3CE30C,SHA256=589F8393DEE90934AFD9E70739CAAC7CD8E85F6A9501635F0B9026E272B349FD,IMPHASH=F79599CA729D557E0381EC0A41471A27\u003c/Data\u003e\u003cData Name=\"Signed\"\u003etrue\u003c/Data\u003e\u003cData Name=\"Signature\"\u003eMicrosoft Windows\u003c/Data\u003e\u003cData Name=\"SignatureStatus\"\u003eValid\u003c/Data\u003e\u003cData Name=\"User\"\u003eMSSENTINEL\\wardog\u003c/Data\u003e\u003c/EventData\u003e","Task":"7","RuleName":"-","UtcTime":"2022-09-22 16:31:23.727","ProcessGuid":"{03bfca49-8dd2-632c-550d-000000000b00}","ProcessId":"12372","Image":"C:\\Windows\\System32\\notepad.exe","ImageLoaded":"C:\\Windows\\System32\\msasn1.dll","FileVersion":"10.0.19041.546 (WinBuild.160101.0800)","Description":"ASN.1 Runtime APIs","Product":"Microsoft® Windows® Operating System","Company":"Microsoft Corporation","OriginalFileName":"msasn1.dll","Hashes":"SHA1=67B5BE0F3BAF074FEA76182878C757A5DB1863DE,MD5=353B595137ED00ADFC8BBB180C3CE30C,SHA256=589F8393DEE90934AFD9E70739CAAC7CD8E85F6A9501635F0B9026E272B349FD,IMPHASH=F79599CA729D557E0381EC0A41471A27","Signed":"true","Signature":"Microsoft Windows","SignatureStatus":"Valid","User":"MSSENTINEL\\wardog"},{"EventSourceName":"Microsoft-Windows-Sysmon","Provider":"Microsoft-Windows-Sysmon","ProviderGuid":"{5770385f-c22a-43e0-bf4c-06f5698ffbd9}","Level":"4","Keywords":"0x8000000000000000","Channel":"Microsoft-Windows-Sysmon/Operational","Computer":"WORKSTATION6.mssentinel.local","TimeCreated":"2022-09-22T12:31:23.728Z","TimeGenerated":"2022-09-22T04:31:23.728Z","EventRecordID":"3328607","EventID":12,"Message":"Registry object added or deleted:\r\nRuleName: -\r\nEventType: CreateKey\r\nUtcTime: 2022-09-22 16:31:23.727\r\nProcessGuid: {03bfca49-8dd2-632c-550d-000000000b00}\r\nProcessId: 12372\r\nImage: C:\\Windows\\system32\\notepad.exe\r\nTargetObject: HKU\\S-1-5-21-1569727641-2518674866-3296776394-500\\SOFTWARE\\Microsoft\\Windows\\CurrentVersion\\WinTrust\\Trust Providers\\Software Publishing\r\nUser: MSSENTINEL\\wardog","EventData":"\u003cEventData xmlns=\"http://schemas.microsoft.com/win/2004/08/events/event\"\u003e\u003cData Name=\"RuleName\"\u003e-\u003c/Data\u003e\u003cData Name=\"EventType\"\u003eCreateKey\u003c/Data\u003e\u003cData Name=\"UtcTime\"\u003e2022-09-22 16:31:23.727\u003c/Data\u003e\u003cData Name=\"ProcessGuid\"\u003e{03bfca49-8dd2-632c-550d-000000000b00}\u003c/Data\u003e\u003cData Name=\"ProcessId\"\u003e12372\u003c/Data\u003e\u003cData Name=\"Image\"\u003eC:\\Windows\\system32\\notepad.exe\u003c/Data\u003e\u003cData Name=\"TargetObject\"\u003eHKU\\S-1-5-21-1569727641-2518674866-3296776394-500\\SOFTWARE\\Microsoft\\Windows\\CurrentVersion\\WinTrust\\Trust Providers\\Software Publishing\u003c/Data\u003e\u003cData Name=\"User\"\u003eMSSENTINEL\\wardog\u003c/Data\u003e\u003c/EventData\u003e","Task":"12","RuleName":"-","EventType":"CreateKey","UtcTime":"2022-09-22 16:31:23.727","ProcessGuid":"{03bfca49-8dd2-632c-550d-000000000b00}","ProcessId":"12372","Image":"C:\\Windows\\system32\\notepad.exe","TargetObject":"HKU\\S-1-5-21-1569727641-2518674866-3296776394-500\\SOFTWARE\\Microsoft\\Windows\\CurrentVersion\\WinTrust\\Trust Providers\\Software Publishing","User":"MSSENTINEL\\wardog"},{"EventSourceName":"Microsoft-Windows-Sysmon","Provider":"Microsoft-Windows-Sysmon","ProviderGuid":"{5770385f-c22a-43e0-bf4c-06f5698ffbd9}","Level":"4","Keywords":"0x8000000000000000","Channel":"Microsoft-Windows-Sysmon/Operational","Computer":"WORKSTATION6.mssentinel.local","TimeCreated":"2022-09-22T12:31:23.731Z","TimeGenerated":"2022-09-22T04:31:23.731Z","EventRecordID":"3328608","EventID":7,"Message":"Image loaded:\r\nRuleName: -\r\nUtcTime: 2022-09-22 16:31:23.727\r\nProcessGuid: {03bfca49-8dd2-632c-550d-000000000b00}\r\nProcessId: 12372\r\nImage: C:\\Windows\\System32\\notepad.exe\r\nImageLoaded: C:\\Windows\\System32\\msisip.dll\r\nFileVersion: 5.0.19041.1288 (WinBuild.160101.0800)\r\nDescription: MSI Signature SIP Provider\r\nProduct: Windows Installer - Unicode\r\nCompany: Microsoft Corporation\r\nOriginalFileName: MSISIP.DLL\r\nHashes: SHA1=CA1996F5EFCA274C964DE59A4951E3FBD33752EE,MD5=3F1291AA0E9D6A802027ED2DB546997C,SHA256=CACF34695BB682423D65B9E292C1AA5CE99BCB5248269F0A5A5AA5238B1BA3D6,IMPHASH=9C064C5F8F40F02720D76B70E1CE87FC\r\nSigned: true\r\nSignature: Microsoft Windows\r\nSignatureStatus: Valid\r\nUser: MSSENTINEL\\wardog","EventData":"\u003cEventData xmlns=\"http://schemas.microsoft.com/win/2004/08/events/event\"\u003e\u003cData Name=\"RuleName\"\u003e-\u003c/Data\u003e\u003cData Name=\"UtcTime\"\u003e2022-09-22 16:31:23.727\u003c/Data\u003e\u003cData Name=\"ProcessGuid\"\u003e{03bfca49-8dd2-632c-550d-000000000b00}\u003c/Data\u003e\u003cData Name=\"ProcessId\"\u003e12372\u003c/Data\u003e\u003cData Name=\"Image\"\u003eC:\\Windows\\System32\\notepad.exe\u003c/Data\u003e\u003cData Name=\"ImageLoaded\"\u003eC:\\Windows\\System32\\msisip.dll\u003c/Data\u003e\u003cData Name=\"FileVersion\"\u003e5.0.19041.1288 (WinBuild.160101.0800)\u003c/Data\u003e\u003cData Name=\"Description\"\u003eMSI Signature SIP Provider\u003c/Data\u003e\u003cData Name=\"Product\"\u003eWindows Installer - Unicode\u003c/Data\u003e\u003cData Name=\"Company\"\u003eMicrosoft Corporation\u003c/Data\u003e\u003cData Name=\"OriginalFileName\"\u003eMSISIP.DLL\u003c/Data\u003e\u003cData Name=\"Hashes\"\u003eSHA1=CA1996F5EFCA274C964DE59A4951E3FBD33752EE,MD5=3F1291AA0E9D6A802027ED2DB546997C,SHA256=CACF34695BB682423D65B9E292C1AA5CE99BCB5248269F0A5A5AA5238B1BA3D6,IMPHASH=9C064C5F8F40F02720D76B70E1CE87FC\u003c/Data\u003e\u003cData Name=\"Signed\"\u003etrue\u003c/Data\u003e\u003cData Name=\"Signature\"\u003eMicrosoft Windows\u003c/Data\u003e\u003cData Name=\"SignatureStatus\"\u003eValid\u003c/Data\u003e\u003cData Name=\"User\"\u003eMSSENTINEL\\wardog\u003c/Data\u003e\u003c/EventData\u003e","Task":"7","RuleName":"-","UtcTime":"2022-09-22 16:31:23.727","ProcessGuid":"{03bfca49-8dd2-632c-550d-000000000b00}","ProcessId":"12372","Image":"C:\\Windows\\System32\\notepad.exe","ImageLoaded":"C:\\Windows\\System32\\msisip.dll","FileVersion":"5.0.19041.1288 (WinBuild.160101.0800)","Description":"MSI Signature SIP Provider","Product":"Windows Installer - Unicode","Company":"Microsoft Corporation","OriginalFileName":"MSISIP.DLL","Hashes":"SHA1=CA1996F5EFCA274C964DE59A4951E3FBD33752EE,MD5=3F1291AA0E9D6A802027ED2DB546997C,SHA256=CACF34695BB682423D65B9E292C1AA5CE99BCB5248269F0A5A5AA5238B1BA3D6,IMPHASH=9C064C5F8F40F02720D76B70E1CE87FC","Signed":"true","Signature":"Microsoft Windows","SignatureStatus":"Valid","User":"MSSENTINEL\\wardog"},{"EventSourceName":"Microsoft-Windows-Sysmon","Provider":"Microsoft-Windows-Sysmon","ProviderGuid":"{5770385f-c22a-43e0-bf4c-06f5698ffbd9}","Level":"4","Keywords":"0x8000000000000000","Channel":"Microsoft-Windows-Sysmon/Operational","Computer":"WORKSTATION6.mssentinel.local","TimeCreated":"2022-09-22T12:31:23.734Z","TimeGenerated":"2022-09-22T04:31:23.734Z","EventRecordID":"3328609","EventID":7,"Message":"Image loaded:\r\nRuleName: -\r\nUtcTime: 2022-09-22 16:31:23.727\r\nProcessGuid: {03bfca49-8dd2-632c-550d-000000000b00}\r\nProcessId: 12372\r\nImage: C:\\Windows\\System32\\notepad.exe\r\nImageLoaded: C:\\Windows\\System32\\wshext.dll\r\nFileVersion: 5.812.10240.16384\r\nDescription: Microsoft ® Shell Extension for Windows Script Host\r\nProduct: Microsoft ® Windows Script Host\r\nCompany: Microsoft Corporation\r\nOriginalFileName: wshext.dll\r\nHashes: SHA1=73EE7C903DC076ED8F3A53B87715966EF68F4CF8,MD5=EE63C9957D221991216724CE2B09F33B,SHA256=97C564C604B61DBB13063623A504085E2208EDC8F98AE3B4B02C9623F6002A67,IMPHASH=CE4097CF7A85C58FF4D2B125C2BD77AF\r\nSigned: true\r\nSignature: Microsoft Windows\r\nSignatureStatus: Valid\r\nUser: MSSENTINEL\\wardog","EventData":"\u003cEventData xmlns=\"http://schemas.microsoft.com/win/2004/08/events/event\"\u003e\u003cData Name=\"RuleName\"\u003e-\u003c/Data\u003e\u003cData Name=\"UtcTime\"\u003e2022-09-22 16:31:23.727\u003c/Data\u003e\u003cData Name=\"ProcessGuid\"\u003e{03bfca49-8dd2-632c-550d-000000000b00}\u003c/Data\u003e\u003cData Name=\"ProcessId\"\u003e12372\u003c/Data\u003e\u003cData Name=\"Image\"\u003eC:\\Windows\\System32\\notepad.exe\u003c/Data\u003e\u003cData Name=\"ImageLoaded\"\u003eC:\\Windows\\System32\\wshext.dll\u003c/Data\u003e\u003cData Name=\"FileVersion\"\u003e5.812.10240.16384\u003c/Data\u003e\u003cData Name=\"Description\"\u003eMicrosoft ® Shell Extension for Windows Script Host\u003c/Data\u003e\u003cData Name=\"Product\"\u003eMicrosoft ® Windows Script Host\u003c/Data\u003e\u003cData Name=\"Company\"\u003eMicrosoft Corporation\u003c/Data\u003e\u003cData Name=\"OriginalFileName\"\u003ewshext.dll\u003c/Data\u003e\u003cData Name=\"Hashes\"\u003eSHA1=73EE7C903DC076ED8F3A53B87715966EF68F4CF8,MD5=EE63C9957D221991216724CE2B09F33B,SHA256=97C564C604B61DBB13063623A504085E2208EDC8F98AE3B4B02C9623F6002A67,IMPHASH=CE4097CF7A85C58FF4D2B125C2BD77AF\u003c/Data\u003e\u003cData Name=\"Signed\"\u003etrue\u003c/Data\u003e\u003cData Name=\"Signature\"\u003eMicrosoft Windows\u003c/Data\u003e\u003cData Name=\"SignatureStatus\"\u003eValid\u003c/Data\u003e\u003cData Name=\"User\"\u003eMSSENTINEL\\wardog\u003c/Data\u003e\u003c/EventData\u003e","Task":"7","RuleName":"-","UtcTime":"2022-09-22 16:31:23.727","ProcessGuid":"{03bfca49-8dd2-632c-550d-000000000b00}","ProcessId":"12372","Image":"C:\\Windows\\System32\\notepad.exe","ImageLoaded":"C:\\Windows\\System32\\wshext.dll","FileVersion":"5.812.10240.16384","Description":"Microsoft ® Shell Extension for Windows Script Host","Product":"Microsoft ® Windows Script Host","Company":"Microsoft Corporation","OriginalFileName":"wshext.dll","Hashes":"SHA1=73EE7C903DC076ED8F3A53B87715966EF68F4CF8,MD5=EE63C9957D221991216724CE2B09F33B,SHA256=97C564C604B61DBB13063623A504085E2208EDC8F98AE3B4B02C9623F6002A67,IMPHASH=CE4097CF7A85C58FF4D2B125C2BD77AF","Signed":"true","Signature":"Microsoft Windows","SignatureStatus":"Valid","User":"MSSENTINEL\\wardog"},{"EventSourceName":"Microsoft-Windows-Sysmon","Provider":"Microsoft-Windows-Sysmon","ProviderGuid":"{5770385f-c22a-43e0-bf4c-06f5698ffbd9}","Level":"4","Keywords":"0x8000000000000000","Channel":"Microsoft-Windows-Sysmon/Operational","Computer":"WORKSTATION6.mssentinel.local","TimeCreated":"2022-09-22T12:31:23.739Z","TimeGenerated":"2022-09-22T04:31:23.739Z","EventRecordID":"3328610","EventID":7,"Message":"Image loaded:\r\nRuleName: -\r\nUtcTime: 2022-09-22 16:31:23.727\r\nProcessGuid: {03bfca49-8dd2-632c-550d-000000000b00}\r\nProcessId: 12372\r\nImage: C:\\Windows\\System32\\notepad.exe\r\nImageLoaded: C:\\Windows\\System32\\AppxSip.dll\r\nFileVersion: 10.0.19041.746 (WinBuild.160101.0800)\r\nDescription: Appx Subject Interface Package\r\nProduct: Microsoft® Windows® Operating System\r\nCompany: Microsoft Corporation\r\nOriginalFileName: AppxSip.dll\r\nHashes: SHA1=CB1D426D26A3E966D29A6A28F94ED5273C21D759,MD5=577DBB84E03E995D507840258C52913F,SHA256=C8ED0608C107745D56FCDF34CAC855602C65DC1A612C173F4057CBD30FBF2058,IMPHASH=E06FE0D53E5834D5EEEA2D913EDB0995\r\nSigned: true\r\nSignature: Microsoft Windows\r\nSignatureStatus: Valid\r\nUser: MSSENTINEL\\wardog","EventData":"\u003cEventData xmlns=\"http://schemas.microsoft.com/win/2004/08/events/event\"\u003e\u003cData Name=\"RuleName\"\u003e-\u003c/Data\u003e\u003cData Name=\"UtcTime\"\u003e2022-09-22 16:31:23.727\u003c/Data\u003e\u003cData Name=\"ProcessGuid\"\u003e{03bfca49-8dd2-632c-550d-000000000b00}\u003c/Data\u003e\u003cData Name=\"ProcessId\"\u003e12372\u003c/Data\u003e\u003cData Name=\"Image\"\u003eC:\\Windows\\System32\\notepad.exe\u003c/Data\u003e\u003cData Name=\"ImageLoaded\"\u003eC:\\Windows\\System32\\AppxSip.dll\u003c/Data\u003e\u003cData Name=\"FileVersion\"\u003e10.0.19041.746 (WinBuild.160101.0800)\u003c/Data\u003e\u003cData Name=\"Description\"\u003eAppx Subject Interface Package\u003c/Data\u003e\u003cData Name=\"Product\"\u003eMicrosoft® Windows® Operating System\u003c/Data\u003e\u003cData Name=\"Company\"\u003eMicrosoft Corporation\u003c/Data\u003e\u003cData Name=\"OriginalFileName\"\u003eAppxSip.dll\u003c/Data\u003e\u003cData Name=\"Hashes\"\u003eSHA1=CB1D426D26A3E966D29A6A28F94ED5273C21D759,MD5=577DBB84E03E995D507840258C52913F,SHA256=C8ED0608C107745D56FCDF34CAC855602C65DC1A612C173F4057CBD30FBF2058,IMPHASH=E06FE0D53E5834D5EEEA2D913EDB0995\u003c/Data\u003e\u003cData Name=\"Signed\"\u003etrue\u003c/Data\u003e\u003cData Name=\"Signature\"\u003eMicrosoft Windows\u003c/Data\u003e\u003cData Name=\"SignatureStatus\"\u003eValid\u003c/Data\u003e\u003cData Name=\"User\"\u003eMSSENTINEL\\wardog\u003c/Data\u003e\u003c/EventData\u003e","Task":"7","RuleName":"-","UtcTime":"2022-09-22 16:31:23.727","ProcessGuid":"{03bfca49-8dd2-632c-550d-000000000b00}","ProcessId":"12372","Image":"C:\\Windows\\System32\\notepad.exe","ImageLoaded":"C:\\Windows\\System32\\AppxSip.dll","FileVersion":"10.0.19041.746 (WinBuild.160101.0800)","Description":"Appx Subject Interface Package","Product":"Microsoft® Windows® Operating System","Company":"Microsoft Corporation","OriginalFileName":"AppxSip.dll","Hashes":"SHA1=CB1D426D26A3E966D29A6A28F94ED5273C21D759,MD5=577DBB84E03E995D507840258C52913F,SHA256=C8ED0608C107745D56FCDF34CAC855602C65DC1A612C173F4057CBD30FBF2058,IMPHASH=E06FE0D53E5834D5EEEA2D913EDB0995","Signed":"true","Signature":"Microsoft Windows","SignatureStatus":"Valid","User":"MSSENTINEL\\wardog"},