{"EventSourceName":"Microsoft-Windows-Sysmon","Provider":"Microsoft-Windows-Sysmon","ProviderGuid":"{5770385f-c22a-43e0-bf4c-06f5698ffbd9}","Level":"4","Keywords":"0x8000000000000000","Channel":"Microsoft-Windows-Sysmon/Operational","Computer":"WORKSTATION6.mssentinel.local","TimeCreated":"2022-09-22T12:31:22.932Z","TimeGenerated":"2022-09-22T04:31:22.932Z","EventRecordID":"3328559","EventID":10,"Message":"Process accessed:\r\nRuleName: -\r\nUtcTime: 2022-09-22 16:31:22.930\r\nSourceProcessGUID: {03bfca49-0576-632c-d105-000000000b00}\r\nSourceProcessId: 10200\r\nSourceThreadId: 10580\r\nSourceImage: C:\\Windows\\system32\\wbem\\wmiprvse.exe\r\nTargetProcessGUID: {03bfca49-8dc7-632c-540d-000000000b00}\r\nTargetProcessId: 6660\r\nTargetImage: C:\\Windows\\system32\\svchost.exe\r\nGrantedAccess: 0x1400\r\nCallTrace: C:\\Windows\\SYSTEM32\\ntdll.dll+9d234|C:\\Windows\\System32\\KERNELBASE.dll+2c0ce|C:\\Windows\\Microsoft.NET\\Framework64\\v4.0.30319\\CorperfmonExt.dll+c669|C:\\Windows\\Microsoft.NET\\Framework64\\v4.0.30319\\CorperfmonExt.dll+c71b|C:\\Windows\\Microsoft.NET\\Framework64\\v4.0.30319\\CorperfmonExt.dll+2fde|C:\\Windows\\Microsoft.NET\\Framework64\\v4.0.30319\\CorperfmonExt.dll+2b9e|C:\\Windows\\Microsoft.NET\\Framework64\\v4.0.30319\\CorperfmonExt.dll+2659|C:\\Windows\\Microsoft.NET\\Framework64\\v4.0.30319\\CorperfmonExt.dll+11b6|C:\\Windows\\Microsoft.NET\\Framework64\\v4.0.30319\\CorperfmonExt.dll+c144|C:\\Windows\\System32\\KERNEL32.DLL+17034|C:\\Windows\\SYSTEM32\\ntdll.dll+52651\r\nSourceUser: NT AUTHORITY\\SYSTEM\r\nTargetUser: NT AUTHORITY\\LOCAL SERVICE","EventData":"\u003cEventData xmlns=\"http://schemas.microsoft.com/win/2004/08/events/event\"\u003e\u003cData Name=\"RuleName\"\u003e-\u003c/Data\u003e\u003cData Name=\"UtcTime\"\u003e2022-09-22 16:31:22.930\u003c/Data\u003e\u003cData Name=\"SourceProcessGUID\"\u003e{03bfca49-0576-632c-d105-000000000b00}\u003c/Data\u003e\u003cData Name=\"SourceProcessId\"\u003e10200\u003c/Data\u003e\u003cData Name=\"SourceThreadId\"\u003e10580\u003c/Data\u003e\u003cData Name=\"SourceImage\"\u003eC:\\Windows\\system32\\wbem\\wmiprvse.exe\u003c/Data\u003e\u003cData Name=\"TargetProcessGUID\"\u003e{03bfca49-8dc7-632c-540d-000000000b00}\u003c/Data\u003e\u003cData Name=\"TargetProcessId\"\u003e6660\u003c/Data\u003e\u003cData Name=\"TargetImage\"\u003eC:\\Windows\\system32\\svchost.exe\u003c/Data\u003e\u003cData Name=\"GrantedAccess\"\u003e0x1400\u003c/Data\u003e\u003cData Name=\"CallTrace\"\u003eC:\\Windows\\SYSTEM32\\ntdll.dll+9d234|C:\\Windows\\System32\\KERNELBASE.dll+2c0ce|C:\\Windows\\Microsoft.NET\\Framework64\\v4.0.30319\\CorperfmonExt.dll+c669|C:\\Windows\\Microsoft.NET\\Framework64\\v4.0.30319\\CorperfmonExt.dll+c71b|C:\\Windows\\Microsoft.NET\\Framework64\\v4.0.30319\\CorperfmonExt.dll+2fde|C:\\Windows\\Microsoft.NET\\Framework64\\v4.0.30319\\CorperfmonExt.dll+2b9e|C:\\Windows\\Microsoft.NET\\Framework64\\v4.0.30319\\CorperfmonExt.dll+2659|C:\\Windows\\Microsoft.NET\\Framework64\\v4.0.30319\\CorperfmonExt.dll+11b6|C:\\Windows\\Microsoft.NET\\Framework64\\v4.0.30319\\CorperfmonExt.dll+c144|C:\\Windows\\System32\\KERNEL32.DLL+17034|C:\\Windows\\SYSTEM32\\ntdll.dll+52651\u003c/Data\u003e\u003cData Name=\"SourceUser\"\u003eNT AUTHORITY\\SYSTEM\u003c/Data\u003e\u003cData Name=\"TargetUser\"\u003eNT AUTHORITY\\LOCAL SERVICE\u003c/Data\u003e\u003c/EventData\u003e","Task":"10","RuleName":"-","UtcTime":"2022-09-22 16:31:22.930","SourceProcessGUID":"{03bfca49-0576-632c-d105-000000000b00}","SourceProcessId":"10200","SourceThreadId":"10580","SourceImage":"C:\\Windows\\system32\\wbem\\wmiprvse.exe","TargetProcessGUID":"{03bfca49-8dc7-632c-540d-000000000b00}","TargetProcessId":"6660","TargetImage":"C:\\Windows\\system32\\svchost.exe","GrantedAccess":"0x1400","CallTrace":"C:\\Windows\\SYSTEM32\\ntdll.dll+9d234|C:\\Windows\\System32\\KERNELBASE.dll+2c0ce|C:\\Windows\\Microsoft.NET\\Framework64\\v4.0.30319\\CorperfmonExt.dll+c669|C:\\Windows\\Microsoft.NET\\Framework64\\v4.0.30319\\CorperfmonExt.dll+c71b|C:\\Windows\\Microsoft.NET\\Framework64\\v4.0.30319\\CorperfmonExt.dll+2fde|C:\\Windows\\Microsoft.NET\\Framework64\\v4.0.30319\\CorperfmonExt.dll+2b9e|C:\\Windows\\Microsoft.NET\\Framework64\\v4.0.30319\\CorperfmonExt.dll+2659|C:\\Windows\\Microsoft.NET\\Framework64\\v4.0.30319\\CorperfmonExt.dll+11b6|C:\\Windows\\Microsoft.NET\\Framework64\\v4.0.30319\\CorperfmonExt.dll+c144|C:\\Windows\\System32\\KERNEL32.DLL+17034|C:\\Windows\\SYSTEM32\\ntdll.dll+52651","SourceUser":"NT AUTHORITY\\SYSTEM","TargetUser":"NT AUTHORITY\\LOCAL SERVICE"},{"EventSourceName":"Microsoft-Windows-Sysmon","Provider":"Microsoft-Windows-Sysmon","ProviderGuid":"{5770385f-c22a-43e0-bf4c-06f5698ffbd9}","Level":"4","Keywords":"0x8000000000000000","Channel":"Microsoft-Windows-Sysmon/Operational","Computer":"WORKSTATION6.mssentinel.local","TimeCreated":"2022-09-22T12:31:22.932Z","TimeGenerated":"2022-09-22T04:31:22.932Z","EventRecordID":"3328560","EventID":10,"Message":"Process accessed:\r\nRuleName: -\r\nUtcTime: 2022-09-22 16:31:22.930\r\nSourceProcessGUID: {03bfca49-0576-632c-d105-000000000b00}\r\nSourceProcessId: 10200\r\nSourceThreadId: 10580\r\nSourceImage: C:\\Windows\\system32\\wbem\\wmiprvse.exe\r\nTargetProcessGUID: {03bfca49-8dc7-632c-540d-000000000b00}\r\nTargetProcessId: 6660\r\nTargetImage: C:\\Windows\\system32\\svchost.exe\r\nGrantedAccess: 0x1400\r\nCallTrace: C:\\Windows\\SYSTEM32\\ntdll.dll+9d234|C:\\Windows\\System32\\KERNELBASE.dll+2c0ce|C:\\Windows\\Microsoft.NET\\Framework64\\v4.0.30319\\CorperfmonExt.dll+3b59|C:\\Windows\\Microsoft.NET\\Framework64\\v4.0.30319\\CorperfmonExt.dll+414d|C:\\Windows\\Microsoft.NET\\Framework64\\v4.0.30319\\CorperfmonExt.dll+d007|C:\\Windows\\Microsoft.NET\\Framework64\\v4.0.30319\\CorperfmonExt.dll+cb01|C:\\Windows\\Microsoft.NET\\Framework64\\v4.0.30319\\CorperfmonExt.dll+2f5e|C:\\Windows\\Microsoft.NET\\Framework64\\v4.0.30319\\CorperfmonExt.dll+27fe|C:\\Windows\\Microsoft.NET\\Framework64\\v4.0.30319\\CorperfmonExt.dll+11b6|C:\\Windows\\Microsoft.NET\\Framework64\\v4.0.30319\\CorperfmonExt.dll+c144|C:\\Windows\\System32\\KERNEL32.DLL+17034|C:\\Windows\\SYSTEM32\\ntdll.dll+52651\r\nSourceUser: NT AUTHORITY\\SYSTEM\r\nTargetUser: NT AUTHORITY\\LOCAL SERVICE","EventData":"\u003cEventData xmlns=\"http://schemas.microsoft.com/win/2004/08/events/event\"\u003e\u003cData Name=\"RuleName\"\u003e-\u003c/Data\u003e\u003cData Name=\"UtcTime\"\u003e2022-09-22 16:31:22.930\u003c/Data\u003e\u003cData Name=\"SourceProcessGUID\"\u003e{03bfca49-0576-632c-d105-000000000b00}\u003c/Data\u003e\u003cData Name=\"SourceProcessId\"\u003e10200\u003c/Data\u003e\u003cData Name=\"SourceThreadId\"\u003e10580\u003c/Data\u003e\u003cData Name=\"SourceImage\"\u003eC:\\Windows\\system32\\wbem\\wmiprvse.exe\u003c/Data\u003e\u003cData Name=\"TargetProcessGUID\"\u003e{03bfca49-8dc7-632c-540d-000000000b00}\u003c/Data\u003e\u003cData Name=\"TargetProcessId\"\u003e6660\u003c/Data\u003e\u003cData Name=\"TargetImage\"\u003eC:\\Windows\\system32\\svchost.exe\u003c/Data\u003e\u003cData Name=\"GrantedAccess\"\u003e0x1400\u003c/Data\u003e\u003cData Name=\"CallTrace\"\u003eC:\\Windows\\SYSTEM32\\ntdll.dll+9d234|C:\\Windows\\System32\\KERNELBASE.dll+2c0ce|C:\\Windows\\Microsoft.NET\\Framework64\\v4.0.30319\\CorperfmonExt.dll+3b59|C:\\Windows\\Microsoft.NET\\Framework64\\v4.0.30319\\CorperfmonExt.dll+414d|C:\\Windows\\Microsoft.NET\\Framework64\\v4.0.30319\\CorperfmonExt.dll+d007|C:\\Windows\\Microsoft.NET\\Framework64\\v4.0.30319\\CorperfmonExt.dll+cb01|C:\\Windows\\Microsoft.NET\\Framework64\\v4.0.30319\\CorperfmonExt.dll+2f5e|C:\\Windows\\Microsoft.NET\\Framework64\\v4.0.30319\\CorperfmonExt.dll+27fe|C:\\Windows\\Microsoft.NET\\Framework64\\v4.0.30319\\CorperfmonExt.dll+11b6|C:\\Windows\\Microsoft.NET\\Framework64\\v4.0.30319\\CorperfmonExt.dll+c144|C:\\Windows\\System32\\KERNEL32.DLL+17034|C:\\Windows\\SYSTEM32\\ntdll.dll+52651\u003c/Data\u003e\u003cData Name=\"SourceUser\"\u003eNT AUTHORITY\\SYSTEM\u003c/Data\u003e\u003cData Name=\"TargetUser\"\u003eNT AUTHORITY\\LOCAL SERVICE\u003c/Data\u003e\u003c/EventData\u003e","Task":"10","RuleName":"-","UtcTime":"2022-09-22 16:31:22.930","SourceProcessGUID":"{03bfca49-0576-632c-d105-000000000b00}","SourceProcessId":"10200","SourceThreadId":"10580","SourceImage":"C:\\Windows\\system32\\wbem\\wmiprvse.exe","TargetProcessGUID":"{03bfca49-8dc7-632c-540d-000000000b00}","TargetProcessId":"6660","TargetImage":"C:\\Windows\\system32\\svchost.exe","GrantedAccess":"0x1400","CallTrace":"C:\\Windows\\SYSTEM32\\ntdll.dll+9d234|C:\\Windows\\System32\\KERNELBASE.dll+2c0ce|C:\\Windows\\Microsoft.NET\\Framework64\\v4.0.30319\\CorperfmonExt.dll+3b59|C:\\Windows\\Microsoft.NET\\Framework64\\v4.0.30319\\CorperfmonExt.dll+414d|C:\\Windows\\Microsoft.NET\\Framework64\\v4.0.30319\\CorperfmonExt.dll+d007|C:\\Windows\\Microsoft.NET\\Framework64\\v4.0.30319\\CorperfmonExt.dll+cb01|C:\\Windows\\Microsoft.NET\\Framework64\\v4.0.30319\\CorperfmonExt.dll+2f5e|C:\\Windows\\Microsoft.NET\\Framework64\\v4.0.30319\\CorperfmonExt.dll+27fe|C:\\Windows\\Microsoft.NET\\Framework64\\v4.0.30319\\CorperfmonExt.dll+11b6|C:\\Windows\\Microsoft.NET\\Framework64\\v4.0.30319\\CorperfmonExt.dll+c144|C:\\Windows\\System32\\KERNEL32.DLL+17034|C:\\Windows\\SYSTEM32\\ntdll.dll+52651","SourceUser":"NT AUTHORITY\\SYSTEM","TargetUser":"NT AUTHORITY\\LOCAL SERVICE"},{"EventSourceName":"Microsoft-Windows-Sysmon","Provider":"Microsoft-Windows-Sysmon","ProviderGuid":"{5770385f-c22a-43e0-bf4c-06f5698ffbd9}","Level":"4","Keywords":"0x8000000000000000","Channel":"Microsoft-Windows-Sysmon/Operational","Computer":"WORKSTATION6.mssentinel.local","TimeCreated":"2022-09-22T12:31:22.932Z","TimeGenerated":"2022-09-22T04:31:22.932Z","EventRecordID":"3328561","EventID":10,"Message":"Process accessed:\r\nRuleName: -\r\nUtcTime: 2022-09-22 16:31:22.930\r\nSourceProcessGUID: {03bfca49-0576-632c-d105-000000000b00}\r\nSourceProcessId: 10200\r\nSourceThreadId: 10580\r\nSourceImage: C:\\Windows\\system32\\wbem\\wmiprvse.exe\r\nTargetProcessGUID: {03bfca49-8dd2-632c-550d-000000000b00}\r\nTargetProcessId: 12372\r\nTargetImage: C:\\Windows\\system32\\notepad.exe\r\nGrantedAccess: 0x1400\r\nCallTrace: C:\\Windows\\SYSTEM32\\ntdll.dll+9d234|C:\\Windows\\System32\\KERNELBASE.dll+2c0ce|C:\\Windows\\Microsoft.NET\\Framework64\\v4.0.30319\\CorperfmonExt.dll+c669|C:\\Windows\\Microsoft.NET\\Framework64\\v4.0.30319\\CorperfmonExt.dll+c71b|C:\\Windows\\Microsoft.NET\\Framework64\\v4.0.30319\\CorperfmonExt.dll+2fde|C:\\Windows\\Microsoft.NET\\Framework64\\v4.0.30319\\CorperfmonExt.dll+2b9e|C:\\Windows\\Microsoft.NET\\Framework64\\v4.0.30319\\CorperfmonExt.dll+2659|C:\\Windows\\Microsoft.NET\\Framework64\\v4.0.30319\\CorperfmonExt.dll+11b6|C:\\Windows\\Microsoft.NET\\Framework64\\v4.0.30319\\CorperfmonExt.dll+c144|C:\\Windows\\System32\\KERNEL32.DLL+17034|C:\\Windows\\SYSTEM32\\ntdll.dll+52651\r\nSourceUser: NT AUTHORITY\\SYSTEM\r\nTargetUser: MSSENTINEL\\wardog","EventData":"\u003cEventData xmlns=\"http://schemas.microsoft.com/win/2004/08/events/event\"\u003e\u003cData Name=\"RuleName\"\u003e-\u003c/Data\u003e\u003cData Name=\"UtcTime\"\u003e2022-09-22 16:31:22.930\u003c/Data\u003e\u003cData Name=\"SourceProcessGUID\"\u003e{03bfca49-0576-632c-d105-000000000b00}\u003c/Data\u003e\u003cData Name=\"SourceProcessId\"\u003e10200\u003c/Data\u003e\u003cData Name=\"SourceThreadId\"\u003e10580\u003c/Data\u003e\u003cData Name=\"SourceImage\"\u003eC:\\Windows\\system32\\wbem\\wmiprvse.exe\u003c/Data\u003e\u003cData Name=\"TargetProcessGUID\"\u003e{03bfca49-8dd2-632c-550d-000000000b00}\u003c/Data\u003e\u003cData Name=\"TargetProcessId\"\u003e12372\u003c/Data\u003e\u003cData Name=\"TargetImage\"\u003eC:\\Windows\\system32\\notepad.exe\u003c/Data\u003e\u003cData Name=\"GrantedAccess\"\u003e0x1400\u003c/Data\u003e\u003cData Name=\"CallTrace\"\u003eC:\\Windows\\SYSTEM32\\ntdll.dll+9d234|C:\\Windows\\System32\\KERNELBASE.dll+2c0ce|C:\\Windows\\Microsoft.NET\\Framework64\\v4.0.30319\\CorperfmonExt.dll+c669|C:\\Windows\\Microsoft.NET\\Framework64\\v4.0.30319\\CorperfmonExt.dll+c71b|C:\\Windows\\Microsoft.NET\\Framework64\\v4.0.30319\\CorperfmonExt.dll+2fde|C:\\Windows\\Microsoft.NET\\Framework64\\v4.0.30319\\CorperfmonExt.dll+2b9e|C:\\Windows\\Microsoft.NET\\Framework64\\v4.0.30319\\CorperfmonExt.dll+2659|C:\\Windows\\Microsoft.NET\\Framework64\\v4.0.30319\\CorperfmonExt.dll+11b6|C:\\Windows\\Microsoft.NET\\Framework64\\v4.0.30319\\CorperfmonExt.dll+c144|C:\\Windows\\System32\\KERNEL32.DLL+17034|C:\\Windows\\SYSTEM32\\ntdll.dll+52651\u003c/Data\u003e\u003cData Name=\"SourceUser\"\u003eNT AUTHORITY\\SYSTEM\u003c/Data\u003e\u003cData Name=\"TargetUser\"\u003eMSSENTINEL\\wardog\u003c/Data\u003e\u003c/EventData\u003e","Task":"10","RuleName":"-","UtcTime":"2022-09-22 16:31:22.930","SourceProcessGUID":"{03bfca49-0576-632c-d105-000000000b00}","SourceProcessId":"10200","SourceThreadId":"10580","SourceImage":"C:\\Windows\\system32\\wbem\\wmiprvse.exe","TargetProcessGUID":"{03bfca49-8dd2-632c-550d-000000000b00}","TargetProcessId":"12372","TargetImage":"C:\\Windows\\system32\\notepad.exe","GrantedAccess":"0x1400","CallTrace":"C:\\Windows\\SYSTEM32\\ntdll.dll+9d234|C:\\Windows\\System32\\KERNELBASE.dll+2c0ce|C:\\Windows\\Microsoft.NET\\Framework64\\v4.0.30319\\CorperfmonExt.dll+c669|C:\\Windows\\Microsoft.NET\\Framework64\\v4.0.30319\\CorperfmonExt.dll+c71b|C:\\Windows\\Microsoft.NET\\Framework64\\v4.0.30319\\CorperfmonExt.dll+2fde|C:\\Windows\\Microsoft.NET\\Framework64\\v4.0.30319\\CorperfmonExt.dll+2b9e|C:\\Windows\\Microsoft.NET\\Framework64\\v4.0.30319\\CorperfmonExt.dll+2659|C:\\Windows\\Microsoft.NET\\Framework64\\v4.0.30319\\CorperfmonExt.dll+11b6|C:\\Windows\\Microsoft.NET\\Framework64\\v4.0.30319\\CorperfmonExt.dll+c144|C:\\Windows\\System32\\KERNEL32.DLL+17034|C:\\Windows\\SYSTEM32\\ntdll.dll+52651","SourceUser":"NT AUTHORITY\\SYSTEM","TargetUser":"MSSENTINEL\\wardog"},{"EventSourceName":"Microsoft-Windows-Sysmon","Provider":"Microsoft-Windows-Sysmon","ProviderGuid":"{5770385f-c22a-43e0-bf4c-06f5698ffbd9}","Level":"4","Keywords":"0x8000000000000000","Channel":"Microsoft-Windows-Sysmon/Operational","Computer":"WORKSTATION6.mssentinel.local","TimeCreated":"2022-09-22T12:31:22.932Z","TimeGenerated":"2022-09-22T04:31:22.932Z","EventRecordID":"3328562","EventID":10,"Message":"Process accessed:\r\nRuleName: -\r\nUtcTime: 2022-09-22 16:31:22.930\r\nSourceProcessGUID: {03bfca49-0576-632c-d105-000000000b00}\r\nSourceProcessId: 10200\r\nSourceThreadId: 10580\r\nSourceImage: C:\\Windows\\system32\\wbem\\wmiprvse.exe\r\nTargetProcessGUID: {03bfca49-8dd2-632c-550d-000000000b00}\r\nTargetProcessId: 12372\r\nTargetImage: C:\\Windows\\system32\\notepad.exe\r\nGrantedAccess: 0x1400\r\nCallTrace: C:\\Windows\\SYSTEM32\\ntdll.dll+9d234|C:\\Windows\\System32\\KERNELBASE.dll+2c0ce|C:\\Windows\\Microsoft.NET\\Framework64\\v4.0.30319\\CorperfmonExt.dll+3b59|C:\\Windows\\Microsoft.NET\\Framework64\\v4.0.30319\\CorperfmonExt.dll+414d|C:\\Windows\\Microsoft.NET\\Framework64\\v4.0.30319\\CorperfmonExt.dll+d007|C:\\Windows\\Microsoft.NET\\Framework64\\v4.0.30319\\CorperfmonExt.dll+cb01|C:\\Windows\\Microsoft.NET\\Framework64\\v4.0.30319\\CorperfmonExt.dll+2f5e|C:\\Windows\\Microsoft.NET\\Framework64\\v4.0.30319\\CorperfmonExt.dll+27fe|C:\\Windows\\Microsoft.NET\\Framework64\\v4.0.30319\\CorperfmonExt.dll+11b6|C:\\Windows\\Microsoft.NET\\Framework64\\v4.0.30319\\CorperfmonExt.dll+c144|C:\\Windows\\System32\\KERNEL32.DLL+17034|C:\\Windows\\SYSTEM32\\ntdll.dll+52651\r\nSourceUser: NT AUTHORITY\\SYSTEM\r\nTargetUser: MSSENTINEL\\wardog","EventData":"\u003cEventData xmlns=\"http://schemas.microsoft.com/win/2004/08/events/event\"\u003e\u003cData Name=\"RuleName\"\u003e-\u003c/Data\u003e\u003cData Name=\"UtcTime\"\u003e2022-09-22 16:31:22.930\u003c/Data\u003e\u003cData Name=\"SourceProcessGUID\"\u003e{03bfca49-0576-632c-d105-000000000b00}\u003c/Data\u003e\u003cData Name=\"SourceProcessId\"\u003e10200\u003c/Data\u003e\u003cData Name=\"SourceThreadId\"\u003e10580\u003c/Data\u003e\u003cData Name=\"SourceImage\"\u003eC:\\Windows\\system32\\wbem\\wmiprvse.exe\u003c/Data\u003e\u003cData Name=\"TargetProcessGUID\"\u003e{03bfca49-8dd2-632c-550d-000000000b00}\u003c/Data\u003e\u003cData Name=\"TargetProcessId\"\u003e12372\u003c/Data\u003e\u003cData Name=\"TargetImage\"\u003eC:\\Windows\\system32\\notepad.exe\u003c/Data\u003e\u003cData Name=\"GrantedAccess\"\u003e0x1400\u003c/Data\u003e\u003cData Name=\"CallTrace\"\u003eC:\\Windows\\SYSTEM32\\ntdll.dll+9d234|C:\\Windows\\System32\\KERNELBASE.dll+2c0ce|C:\\Windows\\Microsoft.NET\\Framework64\\v4.0.30319\\CorperfmonExt.dll+3b59|C:\\Windows\\Microsoft.NET\\Framework64\\v4.0.30319\\CorperfmonExt.dll+414d|C:\\Windows\\Microsoft.NET\\Framework64\\v4.0.30319\\CorperfmonExt.dll+d007|C:\\Windows\\Microsoft.NET\\Framework64\\v4.0.30319\\CorperfmonExt.dll+cb01|C:\\Windows\\Microsoft.NET\\Framework64\\v4.0.30319\\CorperfmonExt.dll+2f5e|C:\\Windows\\Microsoft.NET\\Framework64\\v4.0.30319\\CorperfmonExt.dll+27fe|C:\\Windows\\Microsoft.NET\\Framework64\\v4.0.30319\\CorperfmonExt.dll+11b6|C:\\Windows\\Microsoft.NET\\Framework64\\v4.0.30319\\CorperfmonExt.dll+c144|C:\\Windows\\System32\\KERNEL32.DLL+17034|C:\\Windows\\SYSTEM32\\ntdll.dll+52651\u003c/Data\u003e\u003cData Name=\"SourceUser\"\u003eNT AUTHORITY\\SYSTEM\u003c/Data\u003e\u003cData Name=\"TargetUser\"\u003eMSSENTINEL\\wardog\u003c/Data\u003e\u003c/EventData\u003e","Task":"10","RuleName":"-","UtcTime":"2022-09-22 16:31:22.930","SourceProcessGUID":"{03bfca49-0576-632c-d105-000000000b00}","SourceProcessId":"10200","SourceThreadId":"10580","SourceImage":"C:\\Windows\\system32\\wbem\\wmiprvse.exe","TargetProcessGUID":"{03bfca49-8dd2-632c-550d-000000000b00}","TargetProcessId":"12372","TargetImage":"C:\\Windows\\system32\\notepad.exe","GrantedAccess":"0x1400","CallTrace":"C:\\Windows\\SYSTEM32\\ntdll.dll+9d234|C:\\Windows\\System32\\KERNELBASE.dll+2c0ce|C:\\Windows\\Microsoft.NET\\Framework64\\v4.0.30319\\CorperfmonExt.dll+3b59|C:\\Windows\\Microsoft.NET\\Framework64\\v4.0.30319\\CorperfmonExt.dll+414d|C:\\Windows\\Microsoft.NET\\Framework64\\v4.0.30319\\CorperfmonExt.dll+d007|C:\\Windows\\Microsoft.NET\\Framework64\\v4.0.30319\\CorperfmonExt.dll+cb01|C:\\Windows\\Microsoft.NET\\Framework64\\v4.0.30319\\CorperfmonExt.dll+2f5e|C:\\Windows\\Microsoft.NET\\Framework64\\v4.0.30319\\CorperfmonExt.dll+27fe|C:\\Windows\\Microsoft.NET\\Framework64\\v4.0.30319\\CorperfmonExt.dll+11b6|C:\\Windows\\Microsoft.NET\\Framework64\\v4.0.30319\\CorperfmonExt.dll+c144|C:\\Windows\\System32\\KERNEL32.DLL+17034|C:\\Windows\\SYSTEM32\\ntdll.dll+52651","SourceUser":"NT AUTHORITY\\SYSTEM","TargetUser":"MSSENTINEL\\wardog"},{"EventSourceName":"Microsoft-Windows-Sysmon","Provider":"Microsoft-Windows-Sysmon","ProviderGuid":"{5770385f-c22a-43e0-bf4c-06f5698ffbd9}","Level":"4","Keywords":"0x8000000000000000","Channel":"Microsoft-Windows-Sysmon/Operational","Computer":"WORKSTATION6.mssentinel.local","TimeCreated":"2022-09-22T12:31:23.046Z","TimeGenerated":"2022-09-22T04:31:23.046Z","EventRecordID":"3328563","EventID":7,"Message":"Image loaded:\r\nRuleName: -\r\nUtcTime: 2022-09-22 16:31:23.039\r\nProcessGuid: {03bfca49-8dd2-632c-550d-000000000b00}\r\nProcessId: 12372\r\nImage: C:\\Windows\\System32\\notepad.exe\r\nImageLoaded: C:\\Windows\\assembly\\NativeImages_v4.0.30319_64\\mscorlib\\26a845b249aefca961715129e3e55539\\mscorlib.ni.dll\r\nFileVersion: 4.8.4420.0 built by: NET48REL1LAST_C\r\nDescription: Microsoft Common Language Runtime Class Library\r\nProduct: Microsoft® .NET Framework\r\nCompany: Microsoft Corporation\r\nOriginalFileName: mscorlib.dll\r\nHashes: SHA1=FEF438D4240AAEA20EB9D94D6768D98B19E7A48D,MD5=E1B9256FEEB0D3866BA396963EAC549E,SHA256=19B06DE11F0677CB507D93671C612FEBDAF09B0CB73838A00D157EDDE684C724,IMPHASH=00000000000000000000000000000000\r\nSigned: true\r\nSignature: Microsoft Corporation\r\nSignatureStatus: Valid\r\nUser: MSSENTINEL\\wardog","EventData":"\u003cEventData xmlns=\"http://schemas.microsoft.com/win/2004/08/events/event\"\u003e\u003cData Name=\"RuleName\"\u003e-\u003c/Data\u003e\u003cData Name=\"UtcTime\"\u003e2022-09-22 16:31:23.039\u003c/Data\u003e\u003cData Name=\"ProcessGuid\"\u003e{03bfca49-8dd2-632c-550d-000000000b00}\u003c/Data\u003e\u003cData Name=\"ProcessId\"\u003e12372\u003c/Data\u003e\u003cData Name=\"Image\"\u003eC:\\Windows\\System32\\notepad.exe\u003c/Data\u003e\u003cData Name=\"ImageLoaded\"\u003eC:\\Windows\\assembly\\NativeImages_v4.0.30319_64\\mscorlib\\26a845b249aefca961715129e3e55539\\mscorlib.ni.dll\u003c/Data\u003e\u003cData Name=\"FileVersion\"\u003e4.8.4420.0 built by: NET48REL1LAST_C\u003c/Data\u003e\u003cData Name=\"Description\"\u003eMicrosoft Common Language Runtime Class Library\u003c/Data\u003e\u003cData Name=\"Product\"\u003eMicrosoft® .NET Framework\u003c/Data\u003e\u003cData Name=\"Company\"\u003eMicrosoft Corporation\u003c/Data\u003e\u003cData Name=\"OriginalFileName\"\u003emscorlib.dll\u003c/Data\u003e\u003cData Name=\"Hashes\"\u003eSHA1=FEF438D4240AAEA20EB9D94D6768D98B19E7A48D,MD5=E1B9256FEEB0D3866BA396963EAC549E,SHA256=19B06DE11F0677CB507D93671C612FEBDAF09B0CB73838A00D157EDDE684C724,IMPHASH=00000000000000000000000000000000\u003c/Data\u003e\u003cData Name=\"Signed\"\u003etrue\u003c/Data\u003e\u003cData Name=\"Signature\"\u003eMicrosoft Corporation\u003c/Data\u003e\u003cData Name=\"SignatureStatus\"\u003eValid\u003c/Data\u003e\u003cData Name=\"User\"\u003eMSSENTINEL\\wardog\u003c/Data\u003e\u003c/EventData\u003e","Task":"7","RuleName":"-","UtcTime":"2022-09-22 16:31:23.039","ProcessGuid":"{03bfca49-8dd2-632c-550d-000000000b00}","ProcessId":"12372","Image":"C:\\Windows\\System32\\notepad.exe","ImageLoaded":"C:\\Windows\\assembly\\NativeImages_v4.0.30319_64\\mscorlib\\26a845b249aefca961715129e3e55539\\mscorlib.ni.dll","FileVersion":"4.8.4420.0 built by: NET48REL1LAST_C","Description":"Microsoft Common Language Runtime Class Library","Product":"Microsoft® .NET Framework","Company":"Microsoft Corporation","OriginalFileName":"mscorlib.dll","Hashes":"SHA1=FEF438D4240AAEA20EB9D94D6768D98B19E7A48D,MD5=E1B9256FEEB0D3866BA396963EAC549E,SHA256=19B06DE11F0677CB507D93671C612FEBDAF09B0CB73838A00D157EDDE684C724,IMPHASH=00000000000000000000000000000000","Signed":"true","Signature":"Microsoft Corporation","SignatureStatus":"Valid","User":"MSSENTINEL\\wardog"},{"EventSourceName":"Microsoft-Windows-Sysmon","Provider":"Microsoft-Windows-Sysmon","ProviderGuid":"{5770385f-c22a-43e0-bf4c-06f5698ffbd9}","Level":"4","Keywords":"0x8000000000000000","Channel":"Microsoft-Windows-Sysmon/Operational","Computer":"WORKSTATION6.mssentinel.local","TimeCreated":"2022-09-22T12:31:23.048Z","TimeGenerated":"2022-09-22T04:31:23.048Z","EventRecordID":"3328564","EventID":7,"Message":"Image loaded:\r\nRuleName: -\r\nUtcTime: 2022-09-22 16:31:23.039\r\nProcessGuid: {03bfca49-8dd2-632c-550d-000000000b00}\r\nProcessId: 12372\r\nImage: C:\\Windows\\System32\\notepad.exe\r\nImageLoaded: C:\\Windows\\System32\\ole32.dll\r\nFileVersion: 10.0.19041.1202 (WinBuild.160101.0800)\r\nDescription: Microsoft OLE for Windows\r\nProduct: Microsoft® Windows® Operating System\r\nCompany: Microsoft Corporation\r\nOriginalFileName: OLE32.DLL\r\nHashes: SHA1=94DFBCFB38254181BBB1BC27B59BA24D420A3AF5,MD5=7D78ADDFCB5040857FE4576A9F4AE8FB,SHA256=BB5C4A11364A7F3F60B70314C6757426AD0FEF577A7219AAD30EBA24E6B44484,IMPHASH=58B7D42BAF8BCB6A17F4488C786BA758\r\nSigned: true\r\nSignature: Microsoft Windows\r\nSignatureStatus: Valid\r\nUser: MSSENTINEL\\wardog","EventData":"\u003cEventData xmlns=\"http://schemas.microsoft.com/win/2004/08/events/event\"\u003e\u003cData Name=\"RuleName\"\u003e-\u003c/Data\u003e\u003cData Name=\"UtcTime\"\u003e2022-09-22 16:31:23.039\u003c/Data\u003e\u003cData Name=\"ProcessGuid\"\u003e{03bfca49-8dd2-632c-550d-000000000b00}\u003c/Data\u003e\u003cData Name=\"ProcessId\"\u003e12372\u003c/Data\u003e\u003cData Name=\"Image\"\u003eC:\\Windows\\System32\\notepad.exe\u003c/Data\u003e\u003cData Name=\"ImageLoaded\"\u003eC:\\Windows\\System32\\ole32.dll\u003c/Data\u003e\u003cData Name=\"FileVersion\"\u003e10.0.19041.1202 (WinBuild.160101.0800)\u003c/Data\u003e\u003cData Name=\"Description\"\u003eMicrosoft OLE for Windows\u003c/Data\u003e\u003cData Name=\"Product\"\u003eMicrosoft® Windows® Operating System\u003c/Data\u003e\u003cData Name=\"Company\"\u003eMicrosoft Corporation\u003c/Data\u003e\u003cData Name=\"OriginalFileName\"\u003eOLE32.DLL\u003c/Data\u003e\u003cData Name=\"Hashes\"\u003eSHA1=94DFBCFB38254181BBB1BC27B59BA24D420A3AF5,MD5=7D78ADDFCB5040857FE4576A9F4AE8FB,SHA256=BB5C4A11364A7F3F60B70314C6757426AD0FEF577A7219AAD30EBA24E6B44484,IMPHASH=58B7D42BAF8BCB6A17F4488C786BA758\u003c/Data\u003e\u003cData Name=\"Signed\"\u003etrue\u003c/Data\u003e\u003cData Name=\"Signature\"\u003eMicrosoft Windows\u003c/Data\u003e\u003cData Name=\"SignatureStatus\"\u003eValid\u003c/Data\u003e\u003cData Name=\"User\"\u003eMSSENTINEL\\wardog\u003c/Data\u003e\u003c/EventData\u003e","Task":"7","RuleName":"-","UtcTime":"2022-09-22 16:31:23.039","ProcessGuid":"{03bfca49-8dd2-632c-550d-000000000b00}","ProcessId":"12372","Image":"C:\\Windows\\System32\\notepad.exe","ImageLoaded":"C:\\Windows\\System32\\ole32.dll","FileVersion":"10.0.19041.1202 (WinBuild.160101.0800)","Description":"Microsoft OLE for Windows","Product":"Microsoft® Windows® Operating System","Company":"Microsoft Corporation","OriginalFileName":"OLE32.DLL","Hashes":"SHA1=94DFBCFB38254181BBB1BC27B59BA24D420A3AF5,MD5=7D78ADDFCB5040857FE4576A9F4AE8FB,SHA256=BB5C4A11364A7F3F60B70314C6757426AD0FEF577A7219AAD30EBA24E6B44484,IMPHASH=58B7D42BAF8BCB6A17F4488C786BA758","Signed":"true","Signature":"Microsoft Windows","SignatureStatus":"Valid","User":"MSSENTINEL\\wardog"},{"EventSourceName":"Microsoft-Windows-Sysmon","Provider":"Microsoft-Windows-Sysmon","ProviderGuid":"{5770385f-c22a-43e0-bf4c-06f5698ffbd9}","Level":"4","Keywords":"0x8000000000000000","Channel":"Microsoft-Windows-Sysmon/Operational","Computer":"WORKSTATION6.mssentinel.local","TimeCreated":"2022-09-22T12:31:23.052Z","TimeGenerated":"2022-09-22T04:31:23.052Z","EventRecordID":"3328565","EventID":7,"Message":"Image loaded:\r\nRuleName: -\r\nUtcTime: 2022-09-22 16:31:23.039\r\nProcessGuid: {03bfca49-8dd2-632c-550d-000000000b00}\r\nProcessId: 12372\r\nImage: C:\\Windows\\System32\\notepad.exe\r\nImageLoaded: C:\\Windows\\System32\\amsi.dll\r\nFileVersion: 10.0.19041.746 (WinBuild.160101.0800)\r\nDescription: Anti-Malware Scan Interface\r\nProduct: Microsoft® Windows® Operating System\r\nCompany: Microsoft Corporation\r\nOriginalFileName: amsi.dll\r\nHashes: SHA1=C3C193E0BAAB96C5541942C73FA61861BF45ED0C,MD5=A21C6E6CD47787465E897EB40049237C,SHA256=585579924F0B8F9DF301DC0B56D6A90BE02CB285C096E908DDC00FA290C3BEAE,IMPHASH=76AF1F5B860469A564A7A8D3EC653481\r\nSigned: true\r\nSignature: Microsoft Windows\r\nSignatureStatus: Valid\r\nUser: MSSENTINEL\\wardog","EventData":"\u003cEventData xmlns=\"http://schemas.microsoft.com/win/2004/08/events/event\"\u003e\u003cData Name=\"RuleName\"\u003e-\u003c/Data\u003e\u003cData Name=\"UtcTime\"\u003e2022-09-22 16:31:23.039\u003c/Data\u003e\u003cData Name=\"ProcessGuid\"\u003e{03bfca49-8dd2-632c-550d-000000000b00}\u003c/Data\u003e\u003cData Name=\"ProcessId\"\u003e12372\u003c/Data\u003e\u003cData Name=\"Image\"\u003eC:\\Windows\\System32\\notepad.exe\u003c/Data\u003e\u003cData Name=\"ImageLoaded\"\u003eC:\\Windows\\System32\\amsi.dll\u003c/Data\u003e\u003cData Name=\"FileVersion\"\u003e10.0.19041.746 (WinBuild.160101.0800)\u003c/Data\u003e\u003cData Name=\"Description\"\u003eAnti-Malware Scan Interface\u003c/Data\u003e\u003cData Name=\"Product\"\u003eMicrosoft® Windows® Operating System\u003c/Data\u003e\u003cData Name=\"Company\"\u003eMicrosoft Corporation\u003c/Data\u003e\u003cData Name=\"OriginalFileName\"\u003eamsi.dll\u003c/Data\u003e\u003cData Name=\"Hashes\"\u003eSHA1=C3C193E0BAAB96C5541942C73FA61861BF45ED0C,MD5=A21C6E6CD47787465E897EB40049237C,SHA256=585579924F0B8F9DF301DC0B56D6A90BE02CB285C096E908DDC00FA290C3BEAE,IMPHASH=76AF1F5B860469A564A7A8D3EC653481\u003c/Data\u003e\u003cData Name=\"Signed\"\u003etrue\u003c/Data\u003e\u003cData Name=\"Signature\"\u003eMicrosoft Windows\u003c/Data\u003e\u003cData Name=\"SignatureStatus\"\u003eValid\u003c/Data\u003e\u003cData Name=\"User\"\u003eMSSENTINEL\\wardog\u003c/Data\u003e\u003c/EventData\u003e","Task":"7","RuleName":"-","UtcTime":"2022-09-22 16:31:23.039","ProcessGuid":"{03bfca49-8dd2-632c-550d-000000000b00}","ProcessId":"12372","Image":"C:\\Windows\\System32\\notepad.exe","ImageLoaded":"C:\\Windows\\System32\\amsi.dll","FileVersion":"10.0.19041.746 (WinBuild.160101.0800)","Description":"Anti-Malware Scan Interface","Product":"Microsoft® Windows® Operating System","Company":"Microsoft Corporation","OriginalFileName":"amsi.dll","Hashes":"SHA1=C3C193E0BAAB96C5541942C73FA61861BF45ED0C,MD5=A21C6E6CD47787465E897EB40049237C,SHA256=585579924F0B8F9DF301DC0B56D6A90BE02CB285C096E908DDC00FA290C3BEAE,IMPHASH=76AF1F5B860469A564A7A8D3EC653481","Signed":"true","Signature":"Microsoft Windows","SignatureStatus":"Valid","User":"MSSENTINEL\\wardog"},{"EventSourceName":"Microsoft-Windows-Sysmon","Provider":"Microsoft-Windows-Sysmon","ProviderGuid":"{5770385f-c22a-43e0-bf4c-06f5698ffbd9}","Level":"4","Keywords":"0x8000000000000000","Channel":"Microsoft-Windows-Sysmon/Operational","Computer":"WORKSTATION6.mssentinel.local","TimeCreated":"2022-09-22T12:31:23.054Z","TimeGenerated":"2022-09-22T04:31:23.054Z","EventRecordID":"3328566","EventID":7,"Message":"Image loaded:\r\nRuleName: -\r\nUtcTime: 2022-09-22 16:31:23.039\r\nProcessGuid: {03bfca49-8dd2-632c-550d-000000000b00}\r\nProcessId: 12372\r\nImage: C:\\Windows\\System32\\notepad.exe\r\nImageLoaded: C:\\Windows\\System32\\userenv.dll\r\nFileVersion: 10.0.19041.572 (WinBuild.160101.0800)\r\nDescription: Userenv\r\nProduct: Microsoft® Windows® Operating System\r\nCompany: Microsoft Corporation\r\nOriginalFileName: userenv.dll\r\nHashes: SHA1=31AB07EF67BA94C1D219235CA7DB246B3D0F2FE2,MD5=6331627F363F17F1B1D28C4FE3FB433B,SHA256=DE6F6CD7D703DCA17C147B358FB0DED9B763C5642C56DCA0280204A8D3E2CDC3,IMPHASH=E8A56FAFBEB48B7A01A08D84A69EF377\r\nSigned: true\r\nSignature: Microsoft Windows\r\nSignatureStatus: Valid\r\nUser: MSSENTINEL\\wardog","EventData":"\u003cEventData xmlns=\"http://schemas.microsoft.com/win/2004/08/events/event\"\u003e\u003cData Name=\"RuleName\"\u003e-\u003c/Data\u003e\u003cData Name=\"UtcTime\"\u003e2022-09-22 16:31:23.039\u003c/Data\u003e\u003cData Name=\"ProcessGuid\"\u003e{03bfca49-8dd2-632c-550d-000000000b00}\u003c/Data\u003e\u003cData Name=\"ProcessId\"\u003e12372\u003c/Data\u003e\u003cData Name=\"Image\"\u003eC:\\Windows\\System32\\notepad.exe\u003c/Data\u003e\u003cData Name=\"ImageLoaded\"\u003eC:\\Windows\\System32\\userenv.dll\u003c/Data\u003e\u003cData Name=\"FileVersion\"\u003e10.0.19041.572 (WinBuild.160101.0800)\u003c/Data\u003e\u003cData Name=\"Description\"\u003eUserenv\u003c/Data\u003e\u003cData Name=\"Product\"\u003eMicrosoft® Windows® Operating System\u003c/Data\u003e\u003cData Name=\"Company\"\u003eMicrosoft Corporation\u003c/Data\u003e\u003cData Name=\"OriginalFileName\"\u003euserenv.dll\u003c/Data\u003e\u003cData Name=\"Hashes\"\u003eSHA1=31AB07EF67BA94C1D219235CA7DB246B3D0F2FE2,MD5=6331627F363F17F1B1D28C4FE3FB433B,SHA256=DE6F6CD7D703DCA17C147B358FB0DED9B763C5642C56DCA0280204A8D3E2CDC3,IMPHASH=E8A56FAFBEB48B7A01A08D84A69EF377\u003c/Data\u003e\u003cData Name=\"Signed\"\u003etrue\u003c/Data\u003e\u003cData Name=\"Signature\"\u003eMicrosoft Windows\u003c/Data\u003e\u003cData Name=\"SignatureStatus\"\u003eValid\u003c/Data\u003e\u003cData Name=\"User\"\u003eMSSENTINEL\\wardog\u003c/Data\u003e\u003c/EventData\u003e","Task":"7","RuleName":"-","UtcTime":"2022-09-22 16:31:23.039","ProcessGuid":"{03bfca49-8dd2-632c-550d-000000000b00}","ProcessId":"12372","Image":"C:\\Windows\\System32\\notepad.exe","ImageLoaded":"C:\\Windows\\System32\\userenv.dll","FileVersion":"10.0.19041.572 (WinBuild.160101.0800)","Description":"Userenv","Product":"Microsoft® Windows® Operating System","Company":"Microsoft Corporation","OriginalFileName":"userenv.dll","Hashes":"SHA1=31AB07EF67BA94C1D219235CA7DB246B3D0F2FE2,MD5=6331627F363F17F1B1D28C4FE3FB433B,SHA256=DE6F6CD7D703DCA17C147B358FB0DED9B763C5642C56DCA0280204A8D3E2CDC3,IMPHASH=E8A56FAFBEB48B7A01A08D84A69EF377","Signed":"true","Signature":"Microsoft Windows","SignatureStatus":"Valid","User":"MSSENTINEL\\wardog"},{"EventSourceName":"Microsoft-Windows-Sysmon","Provider":"Microsoft-Windows-Sysmon","ProviderGuid":"{5770385f-c22a-43e0-bf4c-06f5698ffbd9}","Level":"4","Keywords":"0x8000000000000000","Channel":"Microsoft-Windows-Sysmon/Operational","Computer":"WORKSTATION6.mssentinel.local","TimeCreated":"2022-09-22T12:31:23.055Z","TimeGenerated":"2022-09-22T04:31:23.055Z","EventRecordID":"3328567","EventID":7,"Message":"Image loaded:\r\nRuleName: -\r\nUtcTime: 2022-09-22 16:31:23.039\r\nProcessGuid: {03bfca49-8dd2-632c-550d-000000000b00}\r\nProcessId: 12372\r\nImage: C:\\Windows\\System32\\notepad.exe\r\nImageLoaded: C:\\Windows\\System32\\profapi.dll\r\nFileVersion: 10.0.19041.844 (WinBuild.160101.0800)\r\nDescription: User Profile Basic API\r\nProduct: Microsoft® Windows® Operating System\r\nCompany: Microsoft Corporation\r\nOriginalFileName: PROFAPI.DLL\r\nHashes: SHA1=0094C51CE445D9986AD3A74959C47C7EC4E25504,MD5=4A7468FF74F0114626B2F7D1DD5D9FC7,SHA256=313CB7C9A69D5D84308A1C4B78C8FF257854071CAC7918BC31D1B893FEB95EC2,IMPHASH=585B32F34A521658D1DE71885BE248BE\r\nSigned: true\r\nSignature: Microsoft Windows\r\nSignatureStatus: Valid\r\nUser: MSSENTINEL\\wardog","EventData":"\u003cEventData xmlns=\"http://schemas.microsoft.com/win/2004/08/events/event\"\u003e\u003cData Name=\"RuleName\"\u003e-\u003c/Data\u003e\u003cData Name=\"UtcTime\"\u003e2022-09-22 16:31:23.039\u003c/Data\u003e\u003cData Name=\"ProcessGuid\"\u003e{03bfca49-8dd2-632c-550d-000000000b00}\u003c/Data\u003e\u003cData Name=\"ProcessId\"\u003e12372\u003c/Data\u003e\u003cData Name=\"Image\"\u003eC:\\Windows\\System32\\notepad.exe\u003c/Data\u003e\u003cData Name=\"ImageLoaded\"\u003eC:\\Windows\\System32\\profapi.dll\u003c/Data\u003e\u003cData Name=\"FileVersion\"\u003e10.0.19041.844 (WinBuild.160101.0800)\u003c/Data\u003e\u003cData Name=\"Description\"\u003eUser Profile Basic API\u003c/Data\u003e\u003cData Name=\"Product\"\u003eMicrosoft® Windows® Operating System\u003c/Data\u003e\u003cData Name=\"Company\"\u003eMicrosoft Corporation\u003c/Data\u003e\u003cData Name=\"OriginalFileName\"\u003ePROFAPI.DLL\u003c/Data\u003e\u003cData Name=\"Hashes\"\u003eSHA1=0094C51CE445D9986AD3A74959C47C7EC4E25504,MD5=4A7468FF74F0114626B2F7D1DD5D9FC7,SHA256=313CB7C9A69D5D84308A1C4B78C8FF257854071CAC7918BC31D1B893FEB95EC2,IMPHASH=585B32F34A521658D1DE71885BE248BE\u003c/Data\u003e\u003cData Name=\"Signed\"\u003etrue\u003c/Data\u003e\u003cData Name=\"Signature\"\u003eMicrosoft Windows\u003c/Data\u003e\u003cData Name=\"SignatureStatus\"\u003eValid\u003c/Data\u003e\u003cData Name=\"User\"\u003eMSSENTINEL\\wardog\u003c/Data\u003e\u003c/EventData\u003e","Task":"7","RuleName":"-","UtcTime":"2022-09-22 16:31:23.039","ProcessGuid":"{03bfca49-8dd2-632c-550d-000000000b00}","ProcessId":"12372","Image":"C:\\Windows\\System32\\notepad.exe","ImageLoaded":"C:\\Windows\\System32\\profapi.dll","FileVersion":"10.0.19041.844 (WinBuild.160101.0800)","Description":"User Profile Basic API","Product":"Microsoft® Windows® Operating System","Company":"Microsoft Corporation","OriginalFileName":"PROFAPI.DLL","Hashes":"SHA1=0094C51CE445D9986AD3A74959C47C7EC4E25504,MD5=4A7468FF74F0114626B2F7D1DD5D9FC7,SHA256=313CB7C9A69D5D84308A1C4B78C8FF257854071CAC7918BC31D1B893FEB95EC2,IMPHASH=585B32F34A521658D1DE71885BE248BE","Signed":"true","Signature":"Microsoft Windows","SignatureStatus":"Valid","User":"MSSENTINEL\\wardog"},{"EventSourceName":"Microsoft-Windows-Sysmon","Provider":"Microsoft-Windows-Sysmon","ProviderGuid":"{5770385f-c22a-43e0-bf4c-06f5698ffbd9}","Level":"4","Keywords":"0x8000000000000000","Channel":"Microsoft-Windows-Sysmon/Operational","Computer":"WORKSTATION6.mssentinel.local","TimeCreated":"2022-09-22T12:31:23.062Z","TimeGenerated":"2022-09-22T04:31:23.062Z","EventRecordID":"3328568","EventID":7,"Message":"Image loaded:\r\nRuleName: -\r\nUtcTime: 2022-09-22 16:31:23.055\r\nProcessGuid: {03bfca49-8dd2-632c-550d-000000000b00}\r\nProcessId: 12372\r\nImage: C:\\Windows\\System32\\notepad.exe\r\nImageLoaded: C:\\ProgramData\\Microsoft\\Windows Defender\\Platform\\4.18.2207.7-0\\MpOAV.dll\r\nFileVersion: 4.18.2207.7 (WinBuild.160101.0800)\r\nDescription: IOfficeAntiVirus Module\r\nProduct: Microsoft® Windows® Operating System\r\nCompany: Microsoft Corporation\r\nOriginalFileName: MpOAV.dll\r\nHashes: SHA1=BA7C23521B402F82903D223963E5F81F9B86C1E6,MD5=D42EAA2684F86D3314E6A6FBAFA7C8FB,SHA256=B5E1AFA6B2D1F3204BA4B259A9B2CA90015F4909CFCE8A0F1C65E44A9EACCA5A,IMPHASH=EF2C7BDC1822900E42CCF89812C0F96B\r\nSigned: true\r\nSignature: Microsoft Windows\r\nSignatureStatus: Valid\r\nUser: MSSENTINEL\\wardog","EventData":"\u003cEventData xmlns=\"http://schemas.microsoft.com/win/2004/08/events/event\"\u003e\u003cData Name=\"RuleName\"\u003e-\u003c/Data\u003e\u003cData Name=\"UtcTime\"\u003e2022-09-22 16:31:23.055\u003c/Data\u003e\u003cData Name=\"ProcessGuid\"\u003e{03bfca49-8dd2-632c-550d-000000000b00}\u003c/Data\u003e\u003cData Name=\"ProcessId\"\u003e12372\u003c/Data\u003e\u003cData Name=\"Image\"\u003eC:\\Windows\\System32\\notepad.exe\u003c/Data\u003e\u003cData Name=\"ImageLoaded\"\u003eC:\\ProgramData\\Microsoft\\Windows Defender\\Platform\\4.18.2207.7-0\\MpOAV.dll\u003c/Data\u003e\u003cData Name=\"FileVersion\"\u003e4.18.2207.7 (WinBuild.160101.0800)\u003c/Data\u003e\u003cData Name=\"Description\"\u003eIOfficeAntiVirus Module\u003c/Data\u003e\u003cData Name=\"Product\"\u003eMicrosoft® Windows® Operating System\u003c/Data\u003e\u003cData Name=\"Company\"\u003eMicrosoft Corporation\u003c/Data\u003e\u003cData Name=\"OriginalFileName\"\u003eMpOAV.dll\u003c/Data\u003e\u003cData Name=\"Hashes\"\u003eSHA1=BA7C23521B402F82903D223963E5F81F9B86C1E6,MD5=D42EAA2684F86D3314E6A6FBAFA7C8FB,SHA256=B5E1AFA6B2D1F3204BA4B259A9B2CA90015F4909CFCE8A0F1C65E44A9EACCA5A,IMPHASH=EF2C7BDC1822900E42CCF89812C0F96B\u003c/Data\u003e\u003cData Name=\"Signed\"\u003etrue\u003c/Data\u003e\u003cData Name=\"Signature\"\u003eMicrosoft Windows\u003c/Data\u003e\u003cData Name=\"SignatureStatus\"\u003eValid\u003c/Data\u003e\u003cData Name=\"User\"\u003eMSSENTINEL\\wardog\u003c/Data\u003e\u003c/EventData\u003e","Task":"7","RuleName":"-","UtcTime":"2022-09-22 16:31:23.055","ProcessGuid":"{03bfca49-8dd2-632c-550d-000000000b00}","ProcessId":"12372","Image":"C:\\Windows\\System32\\notepad.exe","ImageLoaded":"C:\\ProgramData\\Microsoft\\Windows Defender\\Platform\\4.18.2207.7-0\\MpOAV.dll","FileVersion":"4.18.2207.7 (WinBuild.160101.0800)","Description":"IOfficeAntiVirus Module","Product":"Microsoft® Windows® Operating System","Company":"Microsoft Corporation","OriginalFileName":"MpOAV.dll","Hashes":"SHA1=BA7C23521B402F82903D223963E5F81F9B86C1E6,MD5=D42EAA2684F86D3314E6A6FBAFA7C8FB,SHA256=B5E1AFA6B2D1F3204BA4B259A9B2CA90015F4909CFCE8A0F1C65E44A9EACCA5A,IMPHASH=EF2C7BDC1822900E42CCF89812C0F96B","Signed":"true","Signature":"Microsoft Windows","SignatureStatus":"Valid","User":"MSSENTINEL\\wardog"},{"EventSourceName":"Microsoft-Windows-Sysmon","Provider":"Microsoft-Windows-Sysmon","ProviderGuid":"{5770385f-c22a-43e0-bf4c-06f5698ffbd9}","Level":"4","Keywords":"0x8000000000000000","Channel":"Microsoft-Windows-Sysmon/Operational","Computer":"WORKSTATION6.mssentinel.local","TimeCreated":"2022-09-22T12:31:23.063Z","TimeGenerated":"2022-09-22T04:31:23.063Z","EventRecordID":"3328569","EventID":7,"Message":"Image loaded:\r\nRuleName: -\r\nUtcTime: 2022-09-22 16:31:23.055\r\nProcessGuid: {03bfca49-8dd2-632c-550d-000000000b00}\r\nProcessId: 12372\r\nImage: C:\\Windows\\System32\\notepad.exe\r\nImageLoaded: C:\\Windows\\System32\\version.dll\r\nFileVersion: 10.0.19041.546 (WinBuild.160101.0800)\r\nDescription: Version Checking and File Installation Libraries\r\nProduct: Microsoft® Windows® Operating System\r\nCompany: Microsoft Corporation\r\nOriginalFileName: VERSION.DLL\r\nHashes: SHA1=8ED26469AFBD53DA7749EF9C6AB8C7F010E9BB1E,MD5=17C1E1099B65051BB6DEC71FEA37315B,SHA256=E549D528FEE40208DF2DD911C2D96B29D02DF7BEF9B30C93285F4A2F3E1AD5B0,IMPHASH=34340C2C4E9AA6EF6AD12BB695FC695B\r\nSigned: true\r\nSignature: Microsoft Windows\r\nSignatureStatus: Valid\r\nUser: MSSENTINEL\\wardog","EventData":"\u003cEventData xmlns=\"http://schemas.microsoft.com/win/2004/08/events/event\"\u003e\u003cData Name=\"RuleName\"\u003e-\u003c/Data\u003e\u003cData Name=\"UtcTime\"\u003e2022-09-22 16:31:23.055\u003c/Data\u003e\u003cData Name=\"ProcessGuid\"\u003e{03bfca49-8dd2-632c-550d-000000000b00}\u003c/Data\u003e\u003cData Name=\"ProcessId\"\u003e12372\u003c/Data\u003e\u003cData Name=\"Image\"\u003eC:\\Windows\\System32\\notepad.exe\u003c/Data\u003e\u003cData Name=\"ImageLoaded\"\u003eC:\\Windows\\System32\\version.dll\u003c/Data\u003e\u003cData Name=\"FileVersion\"\u003e10.0.19041.546 (WinBuild.160101.0800)\u003c/Data\u003e\u003cData Name=\"Description\"\u003eVersion Checking and File Installation Libraries\u003c/Data\u003e\u003cData Name=\"Product\"\u003eMicrosoft® Windows® Operating System\u003c/Data\u003e\u003cData Name=\"Company\"\u003eMicrosoft Corporation\u003c/Data\u003e\u003cData Name=\"OriginalFileName\"\u003eVERSION.DLL\u003c/Data\u003e\u003cData Name=\"Hashes\"\u003eSHA1=8ED26469AFBD53DA7749EF9C6AB8C7F010E9BB1E,MD5=17C1E1099B65051BB6DEC71FEA37315B,SHA256=E549D528FEE40208DF2DD911C2D96B29D02DF7BEF9B30C93285F4A2F3E1AD5B0,IMPHASH=34340C2C4E9AA6EF6AD12BB695FC695B\u003c/Data\u003e\u003cData Name=\"Signed\"\u003etrue\u003c/Data\u003e\u003cData Name=\"Signature\"\u003eMicrosoft Windows\u003c/Data\u003e\u003cData Name=\"SignatureStatus\"\u003eValid\u003c/Data\u003e\u003cData Name=\"User\"\u003eMSSENTINEL\\wardog\u003c/Data\u003e\u003c/EventData\u003e","Task":"7","RuleName":"-","UtcTime":"2022-09-22 16:31:23.055","ProcessGuid":"{03bfca49-8dd2-632c-550d-000000000b00}","ProcessId":"12372","Image":"C:\\Windows\\System32\\notepad.exe","ImageLoaded":"C:\\Windows\\System32\\version.dll","FileVersion":"10.0.19041.546 (WinBuild.160101.0800)","Description":"Version Checking and File Installation Libraries","Product":"Microsoft® Windows® Operating System","Company":"Microsoft Corporation","OriginalFileName":"VERSION.DLL","Hashes":"SHA1=8ED26469AFBD53DA7749EF9C6AB8C7F010E9BB1E,MD5=17C1E1099B65051BB6DEC71FEA37315B,SHA256=E549D528FEE40208DF2DD911C2D96B29D02DF7BEF9B30C93285F4A2F3E1AD5B0,IMPHASH=34340C2C4E9AA6EF6AD12BB695FC695B","Signed":"true","Signature":"Microsoft Windows","SignatureStatus":"Valid","User":"MSSENTINEL\\wardog"},{"EventSourceName":"Microsoft-Windows-Sysmon","Provider":"Microsoft-Windows-Sysmon","ProviderGuid":"{5770385f-c22a-43e0-bf4c-06f5698ffbd9}","Level":"4","Keywords":"0x8000000000000000","Channel":"Microsoft-Windows-Sysmon/Operational","Computer":"WORKSTATION6.mssentinel.local","TimeCreated":"2022-09-22T12:31:23.080Z","TimeGenerated":"2022-09-22T04:31:23.080Z","EventRecordID":"3328570","EventID":7,"Message":"Image loaded:\r\nRuleName: -\r\nUtcTime: 2022-09-22 16:31:23.070\r\nProcessGuid: {03bfca49-8dd2-632c-550d-000000000b00}\r\nProcessId: 12372\r\nImage: C:\\Windows\\System32\\notepad.exe\r\nImageLoaded: C:\\Windows\\Microsoft.NET\\Framework64\\v4.0.30319\\clrjit.dll\r\nFileVersion: 4.8.4420.0 built by: NET48REL1LAST_C\r\nDescription: Microsoft .NET Runtime Just-In-Time Compiler\r\nProduct: Microsoft® .NET Framework\r\nCompany: Microsoft Corporation\r\nOriginalFileName: clrjit.dll\r\nHashes: SHA1=F66167D428C809C0B05FDDF9355584DD7561A560,MD5=E349C17407D2A31D36D3DE8852DDAEEA,SHA256=1F7EDE92B9CFC27F2A7F68DC874065B1345B002F372E46AC9B133FB33F9710E6,IMPHASH=9F2B44B648DE13A18C1ABC07250B85C2\r\nSigned: true\r\nSignature: Microsoft Corporation\r\nSignatureStatus: Valid\r\nUser: MSSENTINEL\\wardog","EventData":"\u003cEventData xmlns=\"http://schemas.microsoft.com/win/2004/08/events/event\"\u003e\u003cData Name=\"RuleName\"\u003e-\u003c/Data\u003e\u003cData Name=\"UtcTime\"\u003e2022-09-22 16:31:23.070\u003c/Data\u003e\u003cData Name=\"ProcessGuid\"\u003e{03bfca49-8dd2-632c-550d-000000000b00}\u003c/Data\u003e\u003cData Name=\"ProcessId\"\u003e12372\u003c/Data\u003e\u003cData Name=\"Image\"\u003eC:\\Windows\\System32\\notepad.exe\u003c/Data\u003e\u003cData Name=\"ImageLoaded\"\u003eC:\\Windows\\Microsoft.NET\\Framework64\\v4.0.30319\\clrjit.dll\u003c/Data\u003e\u003cData Name=\"FileVersion\"\u003e4.8.4420.0 built by: NET48REL1LAST_C\u003c/Data\u003e\u003cData Name=\"Description\"\u003eMicrosoft .NET Runtime Just-In-Time Compiler\u003c/Data\u003e\u003cData Name=\"Product\"\u003eMicrosoft® .NET Framework\u003c/Data\u003e\u003cData Name=\"Company\"\u003eMicrosoft Corporation\u003c/Data\u003e\u003cData Name=\"OriginalFileName\"\u003eclrjit.dll\u003c/Data\u003e\u003cData Name=\"Hashes\"\u003eSHA1=F66167D428C809C0B05FDDF9355584DD7561A560,MD5=E349C17407D2A31D36D3DE8852DDAEEA,SHA256=1F7EDE92B9CFC27F2A7F68DC874065B1345B002F372E46AC9B133FB33F9710E6,IMPHASH=9F2B44B648DE13A18C1ABC07250B85C2\u003c/Data\u003e\u003cData Name=\"Signed\"\u003etrue\u003c/Data\u003e\u003cData Name=\"Signature\"\u003eMicrosoft Corporation\u003c/Data\u003e\u003cData Name=\"SignatureStatus\"\u003eValid\u003c/Data\u003e\u003cData Name=\"User\"\u003eMSSENTINEL\\wardog\u003c/Data\u003e\u003c/EventData\u003e","Task":"7","RuleName":"-","UtcTime":"2022-09-22 16:31:23.070","ProcessGuid":"{03bfca49-8dd2-632c-550d-000000000b00}","ProcessId":"12372","Image":"C:\\Windows\\System32\\notepad.exe","ImageLoaded":"C:\\Windows\\Microsoft.NET\\Framework64\\v4.0.30319\\clrjit.dll","FileVersion":"4.8.4420.0 built by: NET48REL1LAST_C","Description":"Microsoft .NET Runtime Just-In-Time Compiler","Product":"Microsoft® .NET Framework","Company":"Microsoft Corporation","OriginalFileName":"clrjit.dll","Hashes":"SHA1=F66167D428C809C0B05FDDF9355584DD7561A560,MD5=E349C17407D2A31D36D3DE8852DDAEEA,SHA256=1F7EDE92B9CFC27F2A7F68DC874065B1345B002F372E46AC9B133FB33F9710E6,IMPHASH=9F2B44B648DE13A18C1ABC07250B85C2","Signed":"true","Signature":"Microsoft Corporation","SignatureStatus":"Valid","User":"MSSENTINEL\\wardog"},{"EventSourceName":"Microsoft-Windows-Sysmon","Provider":"Microsoft-Windows-Sysmon","ProviderGuid":"{5770385f-c22a-43e0-bf4c-06f5698ffbd9}","Level":"4","Keywords":"0x8000000000000000","Channel":"Microsoft-Windows-Sysmon/Operational","Computer":"WORKSTATION6.mssentinel.local","TimeCreated":"2022-09-22T12:31:23.230Z","TimeGenerated":"2022-09-22T04:31:23.230Z","EventRecordID":"3328571","EventID":7,"Message":"Image loaded:\r\nRuleName: -\r\nUtcTime: 2022-09-22 16:31:23.227\r\nProcessGuid: {03bfca49-8dd2-632c-550d-000000000b00}\r\nProcessId: 12372\r\nImage: C:\\Windows\\System32\\notepad.exe\r\nImageLoaded: C:\\Windows\\assembly\\NativeImages_v4.0.30319_64\\System\\43b97e99fab55055761ec7618b2bf77b\\System.ni.dll\r\nFileVersion: 4.8.4360.0 built by: NET48REL1LAST_C\r\nDescription: .NET Framework\r\nProduct: Microsoft® .NET Framework\r\nCompany: Microsoft Corporation\r\nOriginalFileName: System.dll\r\nHashes: SHA1=AE90135AE62DC2BE3B40DFA0E4337DA2250F0E8C,MD5=F94A4133073439655579161C4B719BD5,SHA256=9AD8EE3D6354EAA44E21CC7D47B140AD333BEDEAE3DACA8CD35D504994C5D63C,IMPHASH=00000000000000000000000000000000\r\nSigned: false\r\nSignature: -\r\nSignatureStatus: Unavailable\r\nUser: MSSENTINEL\\wardog","EventData":"\u003cEventData xmlns=\"http://schemas.microsoft.com/win/2004/08/events/event\"\u003e\u003cData Name=\"RuleName\"\u003e-\u003c/Data\u003e\u003cData Name=\"UtcTime\"\u003e2022-09-22 16:31:23.227\u003c/Data\u003e\u003cData Name=\"ProcessGuid\"\u003e{03bfca49-8dd2-632c-550d-000000000b00}\u003c/Data\u003e\u003cData Name=\"ProcessId\"\u003e12372\u003c/Data\u003e\u003cData Name=\"Image\"\u003eC:\\Windows\\System32\\notepad.exe\u003c/Data\u003e\u003cData Name=\"ImageLoaded\"\u003eC:\\Windows\\assembly\\NativeImages_v4.0.30319_64\\System\\43b97e99fab55055761ec7618b2bf77b\\System.ni.dll\u003c/Data\u003e\u003cData Name=\"FileVersion\"\u003e4.8.4360.0 built by: NET48REL1LAST_C\u003c/Data\u003e\u003cData Name=\"Description\"\u003e.NET Framework\u003c/Data\u003e\u003cData Name=\"Product\"\u003eMicrosoft® .NET Framework\u003c/Data\u003e\u003cData Name=\"Company\"\u003eMicrosoft Corporation\u003c/Data\u003e\u003cData Name=\"OriginalFileName\"\u003eSystem.dll\u003c/Data\u003e\u003cData Name=\"Hashes\"\u003eSHA1=AE90135AE62DC2BE3B40DFA0E4337DA2250F0E8C,MD5=F94A4133073439655579161C4B719BD5,SHA256=9AD8EE3D6354EAA44E21CC7D47B140AD333BEDEAE3DACA8CD35D504994C5D63C,IMPHASH=00000000000000000000000000000000\u003c/Data\u003e\u003cData Name=\"Signed\"\u003efalse\u003c/Data\u003e\u003cData Name=\"Signature\"\u003e-\u003c/Data\u003e\u003cData Name=\"SignatureStatus\"\u003eUnavailable\u003c/Data\u003e\u003cData Name=\"User\"\u003eMSSENTINEL\\wardog\u003c/Data\u003e\u003c/EventData\u003e","Task":"7","RuleName":"-","UtcTime":"2022-09-22 16:31:23.227","ProcessGuid":"{03bfca49-8dd2-632c-550d-000000000b00}","ProcessId":"12372","Image":"C:\\Windows\\System32\\notepad.exe","ImageLoaded":"C:\\Windows\\assembly\\NativeImages_v4.0.30319_64\\System\\43b97e99fab55055761ec7618b2bf77b\\System.ni.dll","FileVersion":"4.8.4360.0 built by: NET48REL1LAST_C","Description":".NET Framework","Product":"Microsoft® .NET Framework","Company":"Microsoft Corporation","OriginalFileName":"System.dll","Hashes":"SHA1=AE90135AE62DC2BE3B40DFA0E4337DA2250F0E8C,MD5=F94A4133073439655579161C4B719BD5,SHA256=9AD8EE3D6354EAA44E21CC7D47B140AD333BEDEAE3DACA8CD35D504994C5D63C,IMPHASH=00000000000000000000000000000000","Signed":"false","Signature":"-","SignatureStatus":"Unavailable","User":"MSSENTINEL\\wardog"},