{"EventSourceName":"Microsoft-Windows-Sysmon","Provider":"Microsoft-Windows-Sysmon","ProviderGuid":"{5770385f-c22a-43e0-bf4c-06f5698ffbd9}","Level":"4","Keywords":"0x8000000000000000","Channel":"Microsoft-Windows-Sysmon/Operational","Computer":"WORKSTATION6.mssentinel.local","TimeCreated":"2022-09-22T12:31:14.596Z","TimeGenerated":"2022-09-22T04:31:14.596Z","EventRecordID":"3328102","EventID":7,"Message":"Image loaded:\r\nRuleName: -\r\nUtcTime: 2022-09-22 16:31:14.445\r\nProcessGuid: {03bfca49-8dd2-632c-550d-000000000b00}\r\nProcessId: 12372\r\nImage: C:\\Windows\\System32\\notepad.exe\r\nImageLoaded: C:\\Windows\\System32\\CoreMessaging.dll\r\nFileVersion: 10.0.19041.746\r\nDescription: Microsoft CoreMessaging Dll\r\nProduct: Microsoft® Windows® Operating System\r\nCompany: Microsoft Corporation\r\nOriginalFileName: CoreMessaging.dll\r\nHashes: SHA1=AF685E51F87375125126FD6EAA67AD46EB519859,MD5=724677D5055D40798DB093C26CEFD179,SHA256=C01C15C82A8568BA99BF193FBC4893D990102B0CBAAFE04F4F02B9FE44AE6C76,IMPHASH=709EF95FC7F2757A4736822A17CB7871\r\nSigned: true\r\nSignature: Microsoft Windows\r\nSignatureStatus: Valid\r\nUser: MSSENTINEL\\wardog","EventData":"\u003cEventData xmlns=\"http://schemas.microsoft.com/win/2004/08/events/event\"\u003e\u003cData Name=\"RuleName\"\u003e-\u003c/Data\u003e\u003cData Name=\"UtcTime\"\u003e2022-09-22 16:31:14.445\u003c/Data\u003e\u003cData Name=\"ProcessGuid\"\u003e{03bfca49-8dd2-632c-550d-000000000b00}\u003c/Data\u003e\u003cData Name=\"ProcessId\"\u003e12372\u003c/Data\u003e\u003cData Name=\"Image\"\u003eC:\\Windows\\System32\\notepad.exe\u003c/Data\u003e\u003cData Name=\"ImageLoaded\"\u003eC:\\Windows\\System32\\CoreMessaging.dll\u003c/Data\u003e\u003cData Name=\"FileVersion\"\u003e10.0.19041.746\u003c/Data\u003e\u003cData Name=\"Description\"\u003eMicrosoft CoreMessaging Dll\u003c/Data\u003e\u003cData Name=\"Product\"\u003eMicrosoft® Windows® Operating System\u003c/Data\u003e\u003cData Name=\"Company\"\u003eMicrosoft Corporation\u003c/Data\u003e\u003cData Name=\"OriginalFileName\"\u003eCoreMessaging.dll\u003c/Data\u003e\u003cData Name=\"Hashes\"\u003eSHA1=AF685E51F87375125126FD6EAA67AD46EB519859,MD5=724677D5055D40798DB093C26CEFD179,SHA256=C01C15C82A8568BA99BF193FBC4893D990102B0CBAAFE04F4F02B9FE44AE6C76,IMPHASH=709EF95FC7F2757A4736822A17CB7871\u003c/Data\u003e\u003cData Name=\"Signed\"\u003etrue\u003c/Data\u003e\u003cData Name=\"Signature\"\u003eMicrosoft Windows\u003c/Data\u003e\u003cData Name=\"SignatureStatus\"\u003eValid\u003c/Data\u003e\u003cData Name=\"User\"\u003eMSSENTINEL\\wardog\u003c/Data\u003e\u003c/EventData\u003e","Task":"7","RuleName":"-","UtcTime":"2022-09-22 16:31:14.445","ProcessGuid":"{03bfca49-8dd2-632c-550d-000000000b00}","ProcessId":"12372","Image":"C:\\Windows\\System32\\notepad.exe","ImageLoaded":"C:\\Windows\\System32\\CoreMessaging.dll","FileVersion":"10.0.19041.746","Description":"Microsoft CoreMessaging Dll","Product":"Microsoft® Windows® Operating System","Company":"Microsoft Corporation","OriginalFileName":"CoreMessaging.dll","Hashes":"SHA1=AF685E51F87375125126FD6EAA67AD46EB519859,MD5=724677D5055D40798DB093C26CEFD179,SHA256=C01C15C82A8568BA99BF193FBC4893D990102B0CBAAFE04F4F02B9FE44AE6C76,IMPHASH=709EF95FC7F2757A4736822A17CB7871","Signed":"true","Signature":"Microsoft Windows","SignatureStatus":"Valid","User":"MSSENTINEL\\wardog"},{"EventSourceName":"Microsoft-Windows-Sysmon","Provider":"Microsoft-Windows-Sysmon","ProviderGuid":"{5770385f-c22a-43e0-bf4c-06f5698ffbd9}","Level":"4","Keywords":"0x8000000000000000","Channel":"Microsoft-Windows-Sysmon/Operational","Computer":"WORKSTATION6.mssentinel.local","TimeCreated":"2022-09-22T12:31:14.596Z","TimeGenerated":"2022-09-22T04:31:14.596Z","EventRecordID":"3328103","EventID":7,"Message":"Image loaded:\r\nRuleName: -\r\nUtcTime: 2022-09-22 16:31:14.445\r\nProcessGuid: {03bfca49-8dd2-632c-550d-000000000b00}\r\nProcessId: 12372\r\nImage: C:\\Windows\\System32\\notepad.exe\r\nImageLoaded: C:\\Windows\\System32\\CoreMessaging.dll\r\nFileVersion: 10.0.19041.746\r\nDescription: Microsoft CoreMessaging Dll\r\nProduct: Microsoft® Windows® Operating System\r\nCompany: Microsoft Corporation\r\nOriginalFileName: CoreMessaging.dll\r\nHashes: SHA1=AF685E51F87375125126FD6EAA67AD46EB519859,MD5=724677D5055D40798DB093C26CEFD179,SHA256=C01C15C82A8568BA99BF193FBC4893D990102B0CBAAFE04F4F02B9FE44AE6C76,IMPHASH=709EF95FC7F2757A4736822A17CB7871\r\nSigned: true\r\nSignature: Microsoft Windows\r\nSignatureStatus: Valid\r\nUser: MSSENTINEL\\wardog","EventData":"\u003cEventData xmlns=\"http://schemas.microsoft.com/win/2004/08/events/event\"\u003e\u003cData Name=\"RuleName\"\u003e-\u003c/Data\u003e\u003cData Name=\"UtcTime\"\u003e2022-09-22 16:31:14.445\u003c/Data\u003e\u003cData Name=\"ProcessGuid\"\u003e{03bfca49-8dd2-632c-550d-000000000b00}\u003c/Data\u003e\u003cData Name=\"ProcessId\"\u003e12372\u003c/Data\u003e\u003cData Name=\"Image\"\u003eC:\\Windows\\System32\\notepad.exe\u003c/Data\u003e\u003cData Name=\"ImageLoaded\"\u003eC:\\Windows\\System32\\CoreMessaging.dll\u003c/Data\u003e\u003cData Name=\"FileVersion\"\u003e10.0.19041.746\u003c/Data\u003e\u003cData Name=\"Description\"\u003eMicrosoft CoreMessaging Dll\u003c/Data\u003e\u003cData Name=\"Product\"\u003eMicrosoft® Windows® Operating System\u003c/Data\u003e\u003cData Name=\"Company\"\u003eMicrosoft Corporation\u003c/Data\u003e\u003cData Name=\"OriginalFileName\"\u003eCoreMessaging.dll\u003c/Data\u003e\u003cData Name=\"Hashes\"\u003eSHA1=AF685E51F87375125126FD6EAA67AD46EB519859,MD5=724677D5055D40798DB093C26CEFD179,SHA256=C01C15C82A8568BA99BF193FBC4893D990102B0CBAAFE04F4F02B9FE44AE6C76,IMPHASH=709EF95FC7F2757A4736822A17CB7871\u003c/Data\u003e\u003cData Name=\"Signed\"\u003etrue\u003c/Data\u003e\u003cData Name=\"Signature\"\u003eMicrosoft Windows\u003c/Data\u003e\u003cData Name=\"SignatureStatus\"\u003eValid\u003c/Data\u003e\u003cData Name=\"User\"\u003eMSSENTINEL\\wardog\u003c/Data\u003e\u003c/EventData\u003e","Task":"7","RuleName":"-","UtcTime":"2022-09-22 16:31:14.445","ProcessGuid":"{03bfca49-8dd2-632c-550d-000000000b00}","ProcessId":"12372","Image":"C:\\Windows\\System32\\notepad.exe","ImageLoaded":"C:\\Windows\\System32\\CoreMessaging.dll","FileVersion":"10.0.19041.746","Description":"Microsoft CoreMessaging Dll","Product":"Microsoft® Windows® Operating System","Company":"Microsoft Corporation","OriginalFileName":"CoreMessaging.dll","Hashes":"SHA1=AF685E51F87375125126FD6EAA67AD46EB519859,MD5=724677D5055D40798DB093C26CEFD179,SHA256=C01C15C82A8568BA99BF193FBC4893D990102B0CBAAFE04F4F02B9FE44AE6C76,IMPHASH=709EF95FC7F2757A4736822A17CB7871","Signed":"true","Signature":"Microsoft Windows","SignatureStatus":"Valid","User":"MSSENTINEL\\wardog"},{"EventSourceName":"Microsoft-Windows-Sysmon","Provider":"Microsoft-Windows-Sysmon","ProviderGuid":"{5770385f-c22a-43e0-bf4c-06f5698ffbd9}","Level":"4","Keywords":"0x8000000000000000","Channel":"Microsoft-Windows-Sysmon/Operational","Computer":"WORKSTATION6.mssentinel.local","TimeCreated":"2022-09-22T12:31:15.572Z","TimeGenerated":"2022-09-22T04:31:15.572Z","EventRecordID":"3328104","EventID":10,"Message":"Process accessed:\r\nRuleName: -\r\nUtcTime: 2022-09-22 16:31:15.570\r\nSourceProcessGUID: {03bfca49-b064-632b-0d00-000000000b00}\r\nSourceProcessId: 888\r\nSourceThreadId: 1220\r\nSourceImage: C:\\Windows\\system32\\svchost.exe\r\nTargetProcessGUID: {03bfca49-7557-632c-200c-000000000b00}\r\nTargetProcessId: 13280\r\nTargetImage: C:\\Windows\\system32\\wwahost.exe\r\nGrantedAccess: 0x1000\r\nCallTrace: C:\\Windows\\SYSTEM32\\ntdll.dll+9d234|C:\\Windows\\SYSTEM32\\psmserviceexthost.dll+2ae5f|C:\\Windows\\SYSTEM32\\psmserviceexthost.dll+2a88f|C:\\Windows\\SYSTEM32\\psmserviceexthost.dll+6cac6|C:\\Windows\\SYSTEM32\\psmserviceexthost.dll+731d2|C:\\Windows\\SYSTEM32\\psmserviceexthost.dll+74730|C:\\Windows\\SYSTEM32\\psmserviceexthost.dll+32660|C:\\Windows\\SYSTEM32\\psmserviceexthost.dll+7465c|C:\\Windows\\SYSTEM32\\psmserviceexthost.dll+766c5|C:\\Windows\\SYSTEM32\\psmserviceexthost.dll+4cf38|C:\\Windows\\SYSTEM32\\psmserviceexthost.dll+3f25d|C:\\Windows\\System32\\KERNEL32.DLL+17034|C:\\Windows\\SYSTEM32\\ntdll.dll+52651\r\nSourceUser: NT AUTHORITY\\SYSTEM\r\nTargetUser: MSSENTINEL\\wardog","EventData":"\u003cEventData xmlns=\"http://schemas.microsoft.com/win/2004/08/events/event\"\u003e\u003cData Name=\"RuleName\"\u003e-\u003c/Data\u003e\u003cData Name=\"UtcTime\"\u003e2022-09-22 16:31:15.570\u003c/Data\u003e\u003cData Name=\"SourceProcessGUID\"\u003e{03bfca49-b064-632b-0d00-000000000b00}\u003c/Data\u003e\u003cData Name=\"SourceProcessId\"\u003e888\u003c/Data\u003e\u003cData Name=\"SourceThreadId\"\u003e1220\u003c/Data\u003e\u003cData Name=\"SourceImage\"\u003eC:\\Windows\\system32\\svchost.exe\u003c/Data\u003e\u003cData Name=\"TargetProcessGUID\"\u003e{03bfca49-7557-632c-200c-000000000b00}\u003c/Data\u003e\u003cData Name=\"TargetProcessId\"\u003e13280\u003c/Data\u003e\u003cData Name=\"TargetImage\"\u003eC:\\Windows\\system32\\wwahost.exe\u003c/Data\u003e\u003cData Name=\"GrantedAccess\"\u003e0x1000\u003c/Data\u003e\u003cData Name=\"CallTrace\"\u003eC:\\Windows\\SYSTEM32\\ntdll.dll+9d234|C:\\Windows\\SYSTEM32\\psmserviceexthost.dll+2ae5f|C:\\Windows\\SYSTEM32\\psmserviceexthost.dll+2a88f|C:\\Windows\\SYSTEM32\\psmserviceexthost.dll+6cac6|C:\\Windows\\SYSTEM32\\psmserviceexthost.dll+731d2|C:\\Windows\\SYSTEM32\\psmserviceexthost.dll+74730|C:\\Windows\\SYSTEM32\\psmserviceexthost.dll+32660|C:\\Windows\\SYSTEM32\\psmserviceexthost.dll+7465c|C:\\Windows\\SYSTEM32\\psmserviceexthost.dll+766c5|C:\\Windows\\SYSTEM32\\psmserviceexthost.dll+4cf38|C:\\Windows\\SYSTEM32\\psmserviceexthost.dll+3f25d|C:\\Windows\\System32\\KERNEL32.DLL+17034|C:\\Windows\\SYSTEM32\\ntdll.dll+52651\u003c/Data\u003e\u003cData Name=\"SourceUser\"\u003eNT AUTHORITY\\SYSTEM\u003c/Data\u003e\u003cData Name=\"TargetUser\"\u003eMSSENTINEL\\wardog\u003c/Data\u003e\u003c/EventData\u003e","Task":"10","RuleName":"-","UtcTime":"2022-09-22 16:31:15.570","SourceProcessGUID":"{03bfca49-b064-632b-0d00-000000000b00}","SourceProcessId":"888","SourceThreadId":"1220","SourceImage":"C:\\Windows\\system32\\svchost.exe","TargetProcessGUID":"{03bfca49-7557-632c-200c-000000000b00}","TargetProcessId":"13280","TargetImage":"C:\\Windows\\system32\\wwahost.exe","GrantedAccess":"0x1000","CallTrace":"C:\\Windows\\SYSTEM32\\ntdll.dll+9d234|C:\\Windows\\SYSTEM32\\psmserviceexthost.dll+2ae5f|C:\\Windows\\SYSTEM32\\psmserviceexthost.dll+2a88f|C:\\Windows\\SYSTEM32\\psmserviceexthost.dll+6cac6|C:\\Windows\\SYSTEM32\\psmserviceexthost.dll+731d2|C:\\Windows\\SYSTEM32\\psmserviceexthost.dll+74730|C:\\Windows\\SYSTEM32\\psmserviceexthost.dll+32660|C:\\Windows\\SYSTEM32\\psmserviceexthost.dll+7465c|C:\\Windows\\SYSTEM32\\psmserviceexthost.dll+766c5|C:\\Windows\\SYSTEM32\\psmserviceexthost.dll+4cf38|C:\\Windows\\SYSTEM32\\psmserviceexthost.dll+3f25d|C:\\Windows\\System32\\KERNEL32.DLL+17034|C:\\Windows\\SYSTEM32\\ntdll.dll+52651","SourceUser":"NT AUTHORITY\\SYSTEM","TargetUser":"MSSENTINEL\\wardog"},{"EventSourceName":"Microsoft-Windows-Sysmon","Provider":"Microsoft-Windows-Sysmon","ProviderGuid":"{5770385f-c22a-43e0-bf4c-06f5698ffbd9}","Level":"4","Keywords":"0x8000000000000000","Channel":"Microsoft-Windows-Sysmon/Operational","Computer":"WORKSTATION6.mssentinel.local","TimeCreated":"2022-09-22T12:31:16.069Z","TimeGenerated":"2022-09-22T04:31:16.069Z","EventRecordID":"3328105","EventID":12,"Message":"Registry object added or deleted:\r\nRuleName: -\r\nEventType: CreateKey\r\nUtcTime: 2022-09-22 16:31:16.055\r\nProcessGuid: {03bfca49-b069-632b-3e00-000000000b00}\r\nProcessId: 2816\r\nImage: C:\\Windows\\system32\\svchost.exe\r\nTargetObject: HKU\\.DEFAULT\\Software\\Microsoft\\Windows\\CurrentVersion\\Internet Settings\\Connections\r\nUser: NT AUTHORITY\\LOCAL SERVICE","EventData":"\u003cEventData xmlns=\"http://schemas.microsoft.com/win/2004/08/events/event\"\u003e\u003cData Name=\"RuleName\"\u003e-\u003c/Data\u003e\u003cData Name=\"EventType\"\u003eCreateKey\u003c/Data\u003e\u003cData Name=\"UtcTime\"\u003e2022-09-22 16:31:16.055\u003c/Data\u003e\u003cData Name=\"ProcessGuid\"\u003e{03bfca49-b069-632b-3e00-000000000b00}\u003c/Data\u003e\u003cData Name=\"ProcessId\"\u003e2816\u003c/Data\u003e\u003cData Name=\"Image\"\u003eC:\\Windows\\system32\\svchost.exe\u003c/Data\u003e\u003cData Name=\"TargetObject\"\u003eHKU\\.DEFAULT\\Software\\Microsoft\\Windows\\CurrentVersion\\Internet Settings\\Connections\u003c/Data\u003e\u003cData Name=\"User\"\u003eNT AUTHORITY\\LOCAL SERVICE\u003c/Data\u003e\u003c/EventData\u003e","Task":"12","RuleName":"-","EventType":"CreateKey","UtcTime":"2022-09-22 16:31:16.055","ProcessGuid":"{03bfca49-b069-632b-3e00-000000000b00}","ProcessId":"2816","Image":"C:\\Windows\\system32\\svchost.exe","TargetObject":"HKU\\.DEFAULT\\Software\\Microsoft\\Windows\\CurrentVersion\\Internet Settings\\Connections","User":"NT AUTHORITY\\LOCAL SERVICE"},{"EventSourceName":"Microsoft-Windows-Sysmon","Provider":"Microsoft-Windows-Sysmon","ProviderGuid":"{5770385f-c22a-43e0-bf4c-06f5698ffbd9}","Level":"4","Keywords":"0x8000000000000000","Channel":"Microsoft-Windows-Sysmon/Operational","Computer":"WORKSTATION6.mssentinel.local","TimeCreated":"2022-09-22T12:31:16.205Z","TimeGenerated":"2022-09-22T04:31:16.205Z","EventRecordID":"3328106","EventID":2,"Message":"File creation time changed:\r\nRuleName: -\r\nUtcTime: 2022-09-22 16:31:16.195\r\nProcessGuid: {03bfca49-b0df-632b-2101-000000000b00}\r\nProcessId: 9308\r\nImage: C:\\Packages\\Plugins\\Microsoft.Azure.Monitor.AzureMonitorWindowsAgent\\1.8.0.0\\Monitoring\\Agent\\MonAgentCore.exe\r\nTargetFilename: C:\\WindowsAzure\\Resources\\AMADataStore.WORKSTATION6\\Tables\\c9722482464427812626_546419284751770569.tsf\r\nCreationUtcTime: 2022-09-22 16:31:16.195\r\nPreviousCreationUtcTime: 2022-09-22 16:30:56.199\r\nUser: NT AUTHORITY\\SYSTEM","EventData":"\u003cEventData xmlns=\"http://schemas.microsoft.com/win/2004/08/events/event\"\u003e\u003cData Name=\"RuleName\"\u003e-\u003c/Data\u003e\u003cData Name=\"UtcTime\"\u003e2022-09-22 16:31:16.195\u003c/Data\u003e\u003cData Name=\"ProcessGuid\"\u003e{03bfca49-b0df-632b-2101-000000000b00}\u003c/Data\u003e\u003cData Name=\"ProcessId\"\u003e9308\u003c/Data\u003e\u003cData Name=\"Image\"\u003eC:\\Packages\\Plugins\\Microsoft.Azure.Monitor.AzureMonitorWindowsAgent\\1.8.0.0\\Monitoring\\Agent\\MonAgentCore.exe\u003c/Data\u003e\u003cData Name=\"TargetFilename\"\u003eC:\\WindowsAzure\\Resources\\AMADataStore.WORKSTATION6\\Tables\\c9722482464427812626_546419284751770569.tsf\u003c/Data\u003e\u003cData Name=\"CreationUtcTime\"\u003e2022-09-22 16:31:16.195\u003c/Data\u003e\u003cData Name=\"PreviousCreationUtcTime\"\u003e2022-09-22 16:30:56.199\u003c/Data\u003e\u003cData Name=\"User\"\u003eNT AUTHORITY\\SYSTEM\u003c/Data\u003e\u003c/EventData\u003e","Task":"2","RuleName":"-","UtcTime":"2022-09-22 16:31:16.195","ProcessGuid":"{03bfca49-b0df-632b-2101-000000000b00}","ProcessId":"9308","Image":"C:\\Packages\\Plugins\\Microsoft.Azure.Monitor.AzureMonitorWindowsAgent\\1.8.0.0\\Monitoring\\Agent\\MonAgentCore.exe","TargetFilename":"C:\\WindowsAzure\\Resources\\AMADataStore.WORKSTATION6\\Tables\\c9722482464427812626_546419284751770569.tsf","CreationUtcTime":"2022-09-22 16:31:16.195","PreviousCreationUtcTime":"2022-09-22 16:30:56.199","User":"NT AUTHORITY\\SYSTEM"},{"EventSourceName":"Microsoft-Windows-Sysmon","Provider":"Microsoft-Windows-Sysmon","ProviderGuid":"{5770385f-c22a-43e0-bf4c-06f5698ffbd9}","Level":"4","Keywords":"0x8000000000000000","Channel":"Microsoft-Windows-Sysmon/Operational","Computer":"WORKSTATION6.mssentinel.local","TimeCreated":"2022-09-22T12:31:16.249Z","TimeGenerated":"2022-09-22T04:31:16.249Z","EventRecordID":"3328107","EventID":10,"Message":"Process accessed:\r\nRuleName: -\r\nUtcTime: 2022-09-22 16:31:16.227\r\nSourceProcessGUID: {03bfca49-714e-632c-6d0b-000000000b00}\r\nSourceProcessId: 3008\r\nSourceThreadId: 2172\r\nSourceImage: C:\\Windows\\system32\\ctfmon.exe\r\nTargetProcessGUID: {03bfca49-8c7c-632c-440d-000000000b00}\r\nTargetProcessId: 10604\r\nTargetImage: C:\\Windows\\system32\\conhost.exe\r\nGrantedAccess: 0x1000\r\nCallTrace: C:\\Windows\\SYSTEM32\\ntdll.dll+9d234|C:\\Windows\\System32\\KERNELBASE.dll+2c0ce|C:\\Windows\\SYSTEM32\\TextInputFramework.dll+2a926|C:\\Windows\\SYSTEM32\\TextInputFramework.dll+2915c|C:\\Windows\\SYSTEM32\\TextInputFramework.dll+28fb2|C:\\Windows\\SYSTEM32\\TextInputFramework.dll+283e6|C:\\Windows\\system32\\CoreUIComponents.dll+1bcb2|C:\\Windows\\system32\\CoreUIComponents.dll+1bc0d|C:\\Windows\\system32\\CoreUIComponents.dll+267ce|C:\\Windows\\system32\\CoreUIComponents.dll+2676a|C:\\Windows\\system32\\CoreUIComponents.dll+351b9|C:\\Windows\\system32\\CoreUIComponents.dll+35078|C:\\Windows\\system32\\CoreUIComponents.dll+5c1df|C:\\Windows\\system32\\CoreUIComponents.dll+3421a|C:\\Windows\\system32\\CoreMessaging.dll+1691f|C:\\Windows\\system32\\CoreMessaging.dll+41989|C:\\Windows\\system32\\CoreMessaging.dll+14f8e|C:\\Windows\\system32\\CoreMessaging.dll+14cf5|C:\\Windows\\system32\\CoreMessaging.dll+15261|C:\\Windows\\system32\\CoreMessaging.dll+14a2c|C:\\Windows\\system32\\CoreMessaging.dll+39f8e|C:\\Windows\\system32\\CoreMessaging.dll+3b092|C:\\Windows\\system32\\CoreMessaging.dll+3a916|C:\\Windows\\system32\\CoreMessaging.dll+3a526\r\nSourceUser: MSSENTINEL\\wardog\r\nTargetUser: MSSENTINEL\\wardog","EventData":"\u003cEventData xmlns=\"http://schemas.microsoft.com/win/2004/08/events/event\"\u003e\u003cData Name=\"RuleName\"\u003e-\u003c/Data\u003e\u003cData Name=\"UtcTime\"\u003e2022-09-22 16:31:16.227\u003c/Data\u003e\u003cData Name=\"SourceProcessGUID\"\u003e{03bfca49-714e-632c-6d0b-000000000b00}\u003c/Data\u003e\u003cData Name=\"SourceProcessId\"\u003e3008\u003c/Data\u003e\u003cData Name=\"SourceThreadId\"\u003e2172\u003c/Data\u003e\u003cData Name=\"SourceImage\"\u003eC:\\Windows\\system32\\ctfmon.exe\u003c/Data\u003e\u003cData Name=\"TargetProcessGUID\"\u003e{03bfca49-8c7c-632c-440d-000000000b00}\u003c/Data\u003e\u003cData Name=\"TargetProcessId\"\u003e10604\u003c/Data\u003e\u003cData Name=\"TargetImage\"\u003eC:\\Windows\\system32\\conhost.exe\u003c/Data\u003e\u003cData Name=\"GrantedAccess\"\u003e0x1000\u003c/Data\u003e\u003cData Name=\"CallTrace\"\u003eC:\\Windows\\SYSTEM32\\ntdll.dll+9d234|C:\\Windows\\System32\\KERNELBASE.dll+2c0ce|C:\\Windows\\SYSTEM32\\TextInputFramework.dll+2a926|C:\\Windows\\SYSTEM32\\TextInputFramework.dll+2915c|C:\\Windows\\SYSTEM32\\TextInputFramework.dll+28fb2|C:\\Windows\\SYSTEM32\\TextInputFramework.dll+283e6|C:\\Windows\\system32\\CoreUIComponents.dll+1bcb2|C:\\Windows\\system32\\CoreUIComponents.dll+1bc0d|C:\\Windows\\system32\\CoreUIComponents.dll+267ce|C:\\Windows\\system32\\CoreUIComponents.dll+2676a|C:\\Windows\\system32\\CoreUIComponents.dll+351b9|C:\\Windows\\system32\\CoreUIComponents.dll+35078|C:\\Windows\\system32\\CoreUIComponents.dll+5c1df|C:\\Windows\\system32\\CoreUIComponents.dll+3421a|C:\\Windows\\system32\\CoreMessaging.dll+1691f|C:\\Windows\\system32\\CoreMessaging.dll+41989|C:\\Windows\\system32\\CoreMessaging.dll+14f8e|C:\\Windows\\system32\\CoreMessaging.dll+14cf5|C:\\Windows\\system32\\CoreMessaging.dll+15261|C:\\Windows\\system32\\CoreMessaging.dll+14a2c|C:\\Windows\\system32\\CoreMessaging.dll+39f8e|C:\\Windows\\system32\\CoreMessaging.dll+3b092|C:\\Windows\\system32\\CoreMessaging.dll+3a916|C:\\Windows\\system32\\CoreMessaging.dll+3a526\u003c/Data\u003e\u003cData Name=\"SourceUser\"\u003eMSSENTINEL\\wardog\u003c/Data\u003e\u003cData Name=\"TargetUser\"\u003eMSSENTINEL\\wardog\u003c/Data\u003e\u003c/EventData\u003e","Task":"10","RuleName":"-","UtcTime":"2022-09-22 16:31:16.227","SourceProcessGUID":"{03bfca49-714e-632c-6d0b-000000000b00}","SourceProcessId":"3008","SourceThreadId":"2172","SourceImage":"C:\\Windows\\system32\\ctfmon.exe","TargetProcessGUID":"{03bfca49-8c7c-632c-440d-000000000b00}","TargetProcessId":"10604","TargetImage":"C:\\Windows\\system32\\conhost.exe","GrantedAccess":"0x1000","CallTrace":"C:\\Windows\\SYSTEM32\\ntdll.dll+9d234|C:\\Windows\\System32\\KERNELBASE.dll+2c0ce|C:\\Windows\\SYSTEM32\\TextInputFramework.dll+2a926|C:\\Windows\\SYSTEM32\\TextInputFramework.dll+2915c|C:\\Windows\\SYSTEM32\\TextInputFramework.dll+28fb2|C:\\Windows\\SYSTEM32\\TextInputFramework.dll+283e6|C:\\Windows\\system32\\CoreUIComponents.dll+1bcb2|C:\\Windows\\system32\\CoreUIComponents.dll+1bc0d|C:\\Windows\\system32\\CoreUIComponents.dll+267ce|C:\\Windows\\system32\\CoreUIComponents.dll+2676a|C:\\Windows\\system32\\CoreUIComponents.dll+351b9|C:\\Windows\\system32\\CoreUIComponents.dll+35078|C:\\Windows\\system32\\CoreUIComponents.dll+5c1df|C:\\Windows\\system32\\CoreUIComponents.dll+3421a|C:\\Windows\\system32\\CoreMessaging.dll+1691f|C:\\Windows\\system32\\CoreMessaging.dll+41989|C:\\Windows\\system32\\CoreMessaging.dll+14f8e|C:\\Windows\\system32\\CoreMessaging.dll+14cf5|C:\\Windows\\system32\\CoreMessaging.dll+15261|C:\\Windows\\system32\\CoreMessaging.dll+14a2c|C:\\Windows\\system32\\CoreMessaging.dll+39f8e|C:\\Windows\\system32\\CoreMessaging.dll+3b092|C:\\Windows\\system32\\CoreMessaging.dll+3a916|C:\\Windows\\system32\\CoreMessaging.dll+3a526","SourceUser":"MSSENTINEL\\wardog","TargetUser":"MSSENTINEL\\wardog"},{"EventSourceName":"Microsoft-Windows-Sysmon","Provider":"Microsoft-Windows-Sysmon","ProviderGuid":"{5770385f-c22a-43e0-bf4c-06f5698ffbd9}","Level":"4","Keywords":"0x8000000000000000","Channel":"Microsoft-Windows-Sysmon/Operational","Computer":"WORKSTATION6.mssentinel.local","TimeCreated":"2022-09-22T12:31:16.249Z","TimeGenerated":"2022-09-22T04:31:16.249Z","EventRecordID":"3328108","EventID":10,"Message":"Process accessed:\r\nRuleName: -\r\nUtcTime: 2022-09-22 16:31:16.227\r\nSourceProcessGUID: {03bfca49-7152-632c-7a0b-000000000b00}\r\nSourceProcessId: 8740\r\nSourceThreadId: 11220\r\nSourceImage: C:\\Windows\\Explorer.EXE\r\nTargetProcessGUID: {03bfca49-8c7c-632c-430d-000000000b00}\r\nTargetProcessId: 11720\r\nTargetImage: C:\\Windows\\System32\\WindowsPowerShell\\v1.0\\powershell.exe\r\nGrantedAccess: 0x1000\r\nCallTrace: C:\\Windows\\SYSTEM32\\ntdll.dll+9d234|C:\\Windows\\System32\\KERNELBASE.dll+2c0ce|C:\\Windows\\System32\\appresolver.dll+25016|C:\\Windows\\System32\\appresolver.dll+21b43|C:\\Windows\\System32\\appresolver.dll+21a26|C:\\Windows\\Explorer.EXE+2ab20|C:\\Windows\\Explorer.EXE+2aa34|C:\\Windows\\Explorer.EXE+7b720|C:\\Windows\\SYSTEM32\\windows.storage.dll+14d2dc|C:\\Windows\\SYSTEM32\\windows.storage.dll+14cf21|C:\\Windows\\SYSTEM32\\windows.storage.dll+1958d4|C:\\Windows\\System32\\shcore.dll+33826|C:\\Windows\\SYSTEM32\\ntdll.dll+6fbc3|C:\\Windows\\SYSTEM32\\ntdll.dll+5315a|C:\\Windows\\System32\\KERNEL32.DLL+17034|C:\\Windows\\SYSTEM32\\ntdll.dll+52651\r\nSourceUser: MSSENTINEL\\wardog\r\nTargetUser: MSSENTINEL\\wardog","EventData":"\u003cEventData xmlns=\"http://schemas.microsoft.com/win/2004/08/events/event\"\u003e\u003cData Name=\"RuleName\"\u003e-\u003c/Data\u003e\u003cData Name=\"UtcTime\"\u003e2022-09-22 16:31:16.227\u003c/Data\u003e\u003cData Name=\"SourceProcessGUID\"\u003e{03bfca49-7152-632c-7a0b-000000000b00}\u003c/Data\u003e\u003cData Name=\"SourceProcessId\"\u003e8740\u003c/Data\u003e\u003cData Name=\"SourceThreadId\"\u003e11220\u003c/Data\u003e\u003cData Name=\"SourceImage\"\u003eC:\\Windows\\Explorer.EXE\u003c/Data\u003e\u003cData Name=\"TargetProcessGUID\"\u003e{03bfca49-8c7c-632c-430d-000000000b00}\u003c/Data\u003e\u003cData Name=\"TargetProcessId\"\u003e11720\u003c/Data\u003e\u003cData Name=\"TargetImage\"\u003eC:\\Windows\\System32\\WindowsPowerShell\\v1.0\\powershell.exe\u003c/Data\u003e\u003cData Name=\"GrantedAccess\"\u003e0x1000\u003c/Data\u003e\u003cData Name=\"CallTrace\"\u003eC:\\Windows\\SYSTEM32\\ntdll.dll+9d234|C:\\Windows\\System32\\KERNELBASE.dll+2c0ce|C:\\Windows\\System32\\appresolver.dll+25016|C:\\Windows\\System32\\appresolver.dll+21b43|C:\\Windows\\System32\\appresolver.dll+21a26|C:\\Windows\\Explorer.EXE+2ab20|C:\\Windows\\Explorer.EXE+2aa34|C:\\Windows\\Explorer.EXE+7b720|C:\\Windows\\SYSTEM32\\windows.storage.dll+14d2dc|C:\\Windows\\SYSTEM32\\windows.storage.dll+14cf21|C:\\Windows\\SYSTEM32\\windows.storage.dll+1958d4|C:\\Windows\\System32\\shcore.dll+33826|C:\\Windows\\SYSTEM32\\ntdll.dll+6fbc3|C:\\Windows\\SYSTEM32\\ntdll.dll+5315a|C:\\Windows\\System32\\KERNEL32.DLL+17034|C:\\Windows\\SYSTEM32\\ntdll.dll+52651\u003c/Data\u003e\u003cData Name=\"SourceUser\"\u003eMSSENTINEL\\wardog\u003c/Data\u003e\u003cData Name=\"TargetUser\"\u003eMSSENTINEL\\wardog\u003c/Data\u003e\u003c/EventData\u003e","Task":"10","RuleName":"-","UtcTime":"2022-09-22 16:31:16.227","SourceProcessGUID":"{03bfca49-7152-632c-7a0b-000000000b00}","SourceProcessId":"8740","SourceThreadId":"11220","SourceImage":"C:\\Windows\\Explorer.EXE","TargetProcessGUID":"{03bfca49-8c7c-632c-430d-000000000b00}","TargetProcessId":"11720","TargetImage":"C:\\Windows\\System32\\WindowsPowerShell\\v1.0\\powershell.exe","GrantedAccess":"0x1000","CallTrace":"C:\\Windows\\SYSTEM32\\ntdll.dll+9d234|C:\\Windows\\System32\\KERNELBASE.dll+2c0ce|C:\\Windows\\System32\\appresolver.dll+25016|C:\\Windows\\System32\\appresolver.dll+21b43|C:\\Windows\\System32\\appresolver.dll+21a26|C:\\Windows\\Explorer.EXE+2ab20|C:\\Windows\\Explorer.EXE+2aa34|C:\\Windows\\Explorer.EXE+7b720|C:\\Windows\\SYSTEM32\\windows.storage.dll+14d2dc|C:\\Windows\\SYSTEM32\\windows.storage.dll+14cf21|C:\\Windows\\SYSTEM32\\windows.storage.dll+1958d4|C:\\Windows\\System32\\shcore.dll+33826|C:\\Windows\\SYSTEM32\\ntdll.dll+6fbc3|C:\\Windows\\SYSTEM32\\ntdll.dll+5315a|C:\\Windows\\System32\\KERNEL32.DLL+17034|C:\\Windows\\SYSTEM32\\ntdll.dll+52651","SourceUser":"MSSENTINEL\\wardog","TargetUser":"MSSENTINEL\\wardog"},{"EventSourceName":"Microsoft-Windows-Sysmon","Provider":"Microsoft-Windows-Sysmon","ProviderGuid":"{5770385f-c22a-43e0-bf4c-06f5698ffbd9}","Level":"4","Keywords":"0x8000000000000000","Channel":"Microsoft-Windows-Sysmon/Operational","Computer":"WORKSTATION6.mssentinel.local","TimeCreated":"2022-09-22T12:31:16.249Z","TimeGenerated":"2022-09-22T04:31:16.249Z","EventRecordID":"3328109","EventID":10,"Message":"Process accessed:\r\nRuleName: -\r\nUtcTime: 2022-09-22 16:31:16.227\r\nSourceProcessGUID: {03bfca49-7152-632c-7a0b-000000000b00}\r\nSourceProcessId: 8740\r\nSourceThreadId: 11220\r\nSourceImage: C:\\Windows\\Explorer.EXE\r\nTargetProcessGUID: {03bfca49-8c7c-632c-430d-000000000b00}\r\nTargetProcessId: 11720\r\nTargetImage: C:\\Windows\\System32\\WindowsPowerShell\\v1.0\\powershell.exe\r\nGrantedAccess: 0x1400\r\nCallTrace: C:\\Windows\\SYSTEM32\\ntdll.dll+9d234|C:\\Windows\\System32\\KERNELBASE.dll+2c0ce|C:\\Windows\\System32\\appresolver.dll+1f06f|C:\\Windows\\System32\\appresolver.dll+251f8|C:\\Windows\\System32\\appresolver.dll+21b43|C:\\Windows\\System32\\appresolver.dll+21a26|C:\\Windows\\Explorer.EXE+2ab20|C:\\Windows\\Explorer.EXE+2aa34|C:\\Windows\\Explorer.EXE+7b720|C:\\Windows\\SYSTEM32\\windows.storage.dll+14d2dc|C:\\Windows\\SYSTEM32\\windows.storage.dll+14cf21|C:\\Windows\\SYSTEM32\\windows.storage.dll+1958d4|C:\\Windows\\System32\\shcore.dll+33826|C:\\Windows\\SYSTEM32\\ntdll.dll+6fbc3|C:\\Windows\\SYSTEM32\\ntdll.dll+5315a|C:\\Windows\\System32\\KERNEL32.DLL+17034|C:\\Windows\\SYSTEM32\\ntdll.dll+52651\r\nSourceUser: MSSENTINEL\\wardog\r\nTargetUser: MSSENTINEL\\wardog","EventData":"\u003cEventData xmlns=\"http://schemas.microsoft.com/win/2004/08/events/event\"\u003e\u003cData Name=\"RuleName\"\u003e-\u003c/Data\u003e\u003cData Name=\"UtcTime\"\u003e2022-09-22 16:31:16.227\u003c/Data\u003e\u003cData Name=\"SourceProcessGUID\"\u003e{03bfca49-7152-632c-7a0b-000000000b00}\u003c/Data\u003e\u003cData Name=\"SourceProcessId\"\u003e8740\u003c/Data\u003e\u003cData Name=\"SourceThreadId\"\u003e11220\u003c/Data\u003e\u003cData Name=\"SourceImage\"\u003eC:\\Windows\\Explorer.EXE\u003c/Data\u003e\u003cData Name=\"TargetProcessGUID\"\u003e{03bfca49-8c7c-632c-430d-000000000b00}\u003c/Data\u003e\u003cData Name=\"TargetProcessId\"\u003e11720\u003c/Data\u003e\u003cData Name=\"TargetImage\"\u003eC:\\Windows\\System32\\WindowsPowerShell\\v1.0\\powershell.exe\u003c/Data\u003e\u003cData Name=\"GrantedAccess\"\u003e0x1400\u003c/Data\u003e\u003cData Name=\"CallTrace\"\u003eC:\\Windows\\SYSTEM32\\ntdll.dll+9d234|C:\\Windows\\System32\\KERNELBASE.dll+2c0ce|C:\\Windows\\System32\\appresolver.dll+1f06f|C:\\Windows\\System32\\appresolver.dll+251f8|C:\\Windows\\System32\\appresolver.dll+21b43|C:\\Windows\\System32\\appresolver.dll+21a26|C:\\Windows\\Explorer.EXE+2ab20|C:\\Windows\\Explorer.EXE+2aa34|C:\\Windows\\Explorer.EXE+7b720|C:\\Windows\\SYSTEM32\\windows.storage.dll+14d2dc|C:\\Windows\\SYSTEM32\\windows.storage.dll+14cf21|C:\\Windows\\SYSTEM32\\windows.storage.dll+1958d4|C:\\Windows\\System32\\shcore.dll+33826|C:\\Windows\\SYSTEM32\\ntdll.dll+6fbc3|C:\\Windows\\SYSTEM32\\ntdll.dll+5315a|C:\\Windows\\System32\\KERNEL32.DLL+17034|C:\\Windows\\SYSTEM32\\ntdll.dll+52651\u003c/Data\u003e\u003cData Name=\"SourceUser\"\u003eMSSENTINEL\\wardog\u003c/Data\u003e\u003cData Name=\"TargetUser\"\u003eMSSENTINEL\\wardog\u003c/Data\u003e\u003c/EventData\u003e","Task":"10","RuleName":"-","UtcTime":"2022-09-22 16:31:16.227","SourceProcessGUID":"{03bfca49-7152-632c-7a0b-000000000b00}","SourceProcessId":"8740","SourceThreadId":"11220","SourceImage":"C:\\Windows\\Explorer.EXE","TargetProcessGUID":"{03bfca49-8c7c-632c-430d-000000000b00}","TargetProcessId":"11720","TargetImage":"C:\\Windows\\System32\\WindowsPowerShell\\v1.0\\powershell.exe","GrantedAccess":"0x1400","CallTrace":"C:\\Windows\\SYSTEM32\\ntdll.dll+9d234|C:\\Windows\\System32\\KERNELBASE.dll+2c0ce|C:\\Windows\\System32\\appresolver.dll+1f06f|C:\\Windows\\System32\\appresolver.dll+251f8|C:\\Windows\\System32\\appresolver.dll+21b43|C:\\Windows\\System32\\appresolver.dll+21a26|C:\\Windows\\Explorer.EXE+2ab20|C:\\Windows\\Explorer.EXE+2aa34|C:\\Windows\\Explorer.EXE+7b720|C:\\Windows\\SYSTEM32\\windows.storage.dll+14d2dc|C:\\Windows\\SYSTEM32\\windows.storage.dll+14cf21|C:\\Windows\\SYSTEM32\\windows.storage.dll+1958d4|C:\\Windows\\System32\\shcore.dll+33826|C:\\Windows\\SYSTEM32\\ntdll.dll+6fbc3|C:\\Windows\\SYSTEM32\\ntdll.dll+5315a|C:\\Windows\\System32\\KERNEL32.DLL+17034|C:\\Windows\\SYSTEM32\\ntdll.dll+52651","SourceUser":"MSSENTINEL\\wardog","TargetUser":"MSSENTINEL\\wardog"},{"EventSourceName":"Microsoft-Windows-Sysmon","Provider":"Microsoft-Windows-Sysmon","ProviderGuid":"{5770385f-c22a-43e0-bf4c-06f5698ffbd9}","Level":"4","Keywords":"0x8000000000000000","Channel":"Microsoft-Windows-Sysmon/Operational","Computer":"WORKSTATION6.mssentinel.local","TimeCreated":"2022-09-22T12:31:16.249Z","TimeGenerated":"2022-09-22T04:31:16.249Z","EventRecordID":"3328110","EventID":10,"Message":"Process accessed:\r\nRuleName: -\r\nUtcTime: 2022-09-22 16:31:16.227\r\nSourceProcessGUID: {03bfca49-7152-632c-7a0b-000000000b00}\r\nSourceProcessId: 8740\r\nSourceThreadId: 10892\r\nSourceImage: C:\\Windows\\Explorer.EXE\r\nTargetProcessGUID: {03bfca49-8c7c-632c-440d-000000000b00}\r\nTargetProcessId: 10604\r\nTargetImage: C:\\Windows\\system32\\conhost.exe\r\nGrantedAccess: 0x1410\r\nCallTrace: C:\\Windows\\SYSTEM32\\ntdll.dll+9d234|C:\\Windows\\System32\\KERNELBASE.dll+2c0ce|C:\\Windows\\system32\\twinui.pcshell.dll+33cbf|C:\\Windows\\system32\\twinui.pcshell.dll+13719e|C:\\Windows\\System32\\KERNEL32.DLL+17034|C:\\Windows\\SYSTEM32\\ntdll.dll+52651\r\nSourceUser: MSSENTINEL\\wardog\r\nTargetUser: MSSENTINEL\\wardog","EventData":"\u003cEventData xmlns=\"http://schemas.microsoft.com/win/2004/08/events/event\"\u003e\u003cData Name=\"RuleName\"\u003e-\u003c/Data\u003e\u003cData Name=\"UtcTime\"\u003e2022-09-22 16:31:16.227\u003c/Data\u003e\u003cData Name=\"SourceProcessGUID\"\u003e{03bfca49-7152-632c-7a0b-000000000b00}\u003c/Data\u003e\u003cData Name=\"SourceProcessId\"\u003e8740\u003c/Data\u003e\u003cData Name=\"SourceThreadId\"\u003e10892\u003c/Data\u003e\u003cData Name=\"SourceImage\"\u003eC:\\Windows\\Explorer.EXE\u003c/Data\u003e\u003cData Name=\"TargetProcessGUID\"\u003e{03bfca49-8c7c-632c-440d-000000000b00}\u003c/Data\u003e\u003cData Name=\"TargetProcessId\"\u003e10604\u003c/Data\u003e\u003cData Name=\"TargetImage\"\u003eC:\\Windows\\system32\\conhost.exe\u003c/Data\u003e\u003cData Name=\"GrantedAccess\"\u003e0x1410\u003c/Data\u003e\u003cData Name=\"CallTrace\"\u003eC:\\Windows\\SYSTEM32\\ntdll.dll+9d234|C:\\Windows\\System32\\KERNELBASE.dll+2c0ce|C:\\Windows\\system32\\twinui.pcshell.dll+33cbf|C:\\Windows\\system32\\twinui.pcshell.dll+13719e|C:\\Windows\\System32\\KERNEL32.DLL+17034|C:\\Windows\\SYSTEM32\\ntdll.dll+52651\u003c/Data\u003e\u003cData Name=\"SourceUser\"\u003eMSSENTINEL\\wardog\u003c/Data\u003e\u003cData Name=\"TargetUser\"\u003eMSSENTINEL\\wardog\u003c/Data\u003e\u003c/EventData\u003e","Task":"10","RuleName":"-","UtcTime":"2022-09-22 16:31:16.227","SourceProcessGUID":"{03bfca49-7152-632c-7a0b-000000000b00}","SourceProcessId":"8740","SourceThreadId":"10892","SourceImage":"C:\\Windows\\Explorer.EXE","TargetProcessGUID":"{03bfca49-8c7c-632c-440d-000000000b00}","TargetProcessId":"10604","TargetImage":"C:\\Windows\\system32\\conhost.exe","GrantedAccess":"0x1410","CallTrace":"C:\\Windows\\SYSTEM32\\ntdll.dll+9d234|C:\\Windows\\System32\\KERNELBASE.dll+2c0ce|C:\\Windows\\system32\\twinui.pcshell.dll+33cbf|C:\\Windows\\system32\\twinui.pcshell.dll+13719e|C:\\Windows\\System32\\KERNEL32.DLL+17034|C:\\Windows\\SYSTEM32\\ntdll.dll+52651","SourceUser":"MSSENTINEL\\wardog","TargetUser":"MSSENTINEL\\wardog"},{"EventSourceName":"Microsoft-Windows-Sysmon","Provider":"Microsoft-Windows-Sysmon","ProviderGuid":"{5770385f-c22a-43e0-bf4c-06f5698ffbd9}","Level":"4","Keywords":"0x8000000000000000","Channel":"Microsoft-Windows-Sysmon/Operational","Computer":"WORKSTATION6.mssentinel.local","TimeCreated":"2022-09-22T12:31:16.249Z","TimeGenerated":"2022-09-22T04:31:16.249Z","EventRecordID":"3328111","EventID":10,"Message":"Process accessed:\r\nRuleName: -\r\nUtcTime: 2022-09-22 16:31:16.227\r\nSourceProcessGUID: {03bfca49-b064-632b-0d00-000000000b00}\r\nSourceProcessId: 888\r\nSourceThreadId: 7576\r\nSourceImage: C:\\Windows\\system32\\svchost.exe\r\nTargetProcessGUID: {03bfca49-8c7c-632c-440d-000000000b00}\r\nTargetProcessId: 10604\r\nTargetImage: C:\\Windows\\system32\\conhost.exe\r\nGrantedAccess: 0x2000\r\nCallTrace: C:\\Windows\\SYSTEM32\\ntdll.dll+9d234|C:\\Windows\\SYSTEM32\\psmserviceexthost.dll+a629|C:\\Windows\\SYSTEM32\\psmserviceexthost.dll+a423|C:\\Windows\\SYSTEM32\\ntdll.dll+62ce9|C:\\Windows\\SYSTEM32\\ntdll.dll+62971|C:\\Windows\\SYSTEM32\\ntdll.dll+627d0|C:\\Windows\\SYSTEM32\\ntdll.dll+10ebc|C:\\Windows\\SYSTEM32\\ntdll.dll+52f26|C:\\Windows\\System32\\KERNEL32.DLL+17034|C:\\Windows\\SYSTEM32\\ntdll.dll+52651\r\nSourceUser: NT AUTHORITY\\SYSTEM\r\nTargetUser: MSSENTINEL\\wardog","EventData":"\u003cEventData xmlns=\"http://schemas.microsoft.com/win/2004/08/events/event\"\u003e\u003cData Name=\"RuleName\"\u003e-\u003c/Data\u003e\u003cData Name=\"UtcTime\"\u003e2022-09-22 16:31:16.227\u003c/Data\u003e\u003cData Name=\"SourceProcessGUID\"\u003e{03bfca49-b064-632b-0d00-000000000b00}\u003c/Data\u003e\u003cData Name=\"SourceProcessId\"\u003e888\u003c/Data\u003e\u003cData Name=\"SourceThreadId\"\u003e7576\u003c/Data\u003e\u003cData Name=\"SourceImage\"\u003eC:\\Windows\\system32\\svchost.exe\u003c/Data\u003e\u003cData Name=\"TargetProcessGUID\"\u003e{03bfca49-8c7c-632c-440d-000000000b00}\u003c/Data\u003e\u003cData Name=\"TargetProcessId\"\u003e10604\u003c/Data\u003e\u003cData Name=\"TargetImage\"\u003eC:\\Windows\\system32\\conhost.exe\u003c/Data\u003e\u003cData Name=\"GrantedAccess\"\u003e0x2000\u003c/Data\u003e\u003cData Name=\"CallTrace\"\u003eC:\\Windows\\SYSTEM32\\ntdll.dll+9d234|C:\\Windows\\SYSTEM32\\psmserviceexthost.dll+a629|C:\\Windows\\SYSTEM32\\psmserviceexthost.dll+a423|C:\\Windows\\SYSTEM32\\ntdll.dll+62ce9|C:\\Windows\\SYSTEM32\\ntdll.dll+62971|C:\\Windows\\SYSTEM32\\ntdll.dll+627d0|C:\\Windows\\SYSTEM32\\ntdll.dll+10ebc|C:\\Windows\\SYSTEM32\\ntdll.dll+52f26|C:\\Windows\\System32\\KERNEL32.DLL+17034|C:\\Windows\\SYSTEM32\\ntdll.dll+52651\u003c/Data\u003e\u003cData Name=\"SourceUser\"\u003eNT AUTHORITY\\SYSTEM\u003c/Data\u003e\u003cData Name=\"TargetUser\"\u003eMSSENTINEL\\wardog\u003c/Data\u003e\u003c/EventData\u003e","Task":"10","RuleName":"-","UtcTime":"2022-09-22 16:31:16.227","SourceProcessGUID":"{03bfca49-b064-632b-0d00-000000000b00}","SourceProcessId":"888","SourceThreadId":"7576","SourceImage":"C:\\Windows\\system32\\svchost.exe","TargetProcessGUID":"{03bfca49-8c7c-632c-440d-000000000b00}","TargetProcessId":"10604","TargetImage":"C:\\Windows\\system32\\conhost.exe","GrantedAccess":"0x2000","CallTrace":"C:\\Windows\\SYSTEM32\\ntdll.dll+9d234|C:\\Windows\\SYSTEM32\\psmserviceexthost.dll+a629|C:\\Windows\\SYSTEM32\\psmserviceexthost.dll+a423|C:\\Windows\\SYSTEM32\\ntdll.dll+62ce9|C:\\Windows\\SYSTEM32\\ntdll.dll+62971|C:\\Windows\\SYSTEM32\\ntdll.dll+627d0|C:\\Windows\\SYSTEM32\\ntdll.dll+10ebc|C:\\Windows\\SYSTEM32\\ntdll.dll+52f26|C:\\Windows\\System32\\KERNEL32.DLL+17034|C:\\Windows\\SYSTEM32\\ntdll.dll+52651","SourceUser":"NT AUTHORITY\\SYSTEM","TargetUser":"MSSENTINEL\\wardog"},{"EventSourceName":"Microsoft-Windows-Sysmon","Provider":"Microsoft-Windows-Sysmon","ProviderGuid":"{5770385f-c22a-43e0-bf4c-06f5698ffbd9}","Level":"4","Keywords":"0x8000000000000000","Channel":"Microsoft-Windows-Sysmon/Operational","Computer":"WORKSTATION6.mssentinel.local","TimeCreated":"2022-09-22T12:31:16.249Z","TimeGenerated":"2022-09-22T04:31:16.249Z","EventRecordID":"3328112","EventID":10,"Message":"Process accessed:\r\nRuleName: -\r\nUtcTime: 2022-09-22 16:31:16.227\r\nSourceProcessGUID: {03bfca49-7152-632c-7a0b-000000000b00}\r\nSourceProcessId: 8740\r\nSourceThreadId: 9524\r\nSourceImage: C:\\Windows\\Explorer.EXE\r\nTargetProcessGUID: {03bfca49-8c7c-632c-430d-000000000b00}\r\nTargetProcessId: 11720\r\nTargetImage: C:\\Windows\\System32\\WindowsPowerShell\\v1.0\\powershell.exe\r\nGrantedAccess: 0x1000\r\nCallTrace: C:\\Windows\\SYSTEM32\\ntdll.dll+9d234|C:\\Windows\\System32\\KERNELBASE.dll+2c0ce|C:\\Windows\\SYSTEM32\\TWINAPI.dll+2d77|C:\\Windows\\system32\\twinui.pcshell.dll+3835d|C:\\Windows\\system32\\twinui.pcshell.dll+37adc|C:\\Windows\\system32\\twinui.dll+68ebc|C:\\Windows\\system32\\twinui.dll+68e1c|C:\\Windows\\system32\\twinui.dll+6101a|C:\\Windows\\system32\\twinui.dll+6094a|C:\\Windows\\system32\\twinui.dll+611eb|C:\\Windows\\system32\\twinui.dll+60a0d|C:\\Windows\\System32\\user32.dll+e7e8|C:\\Windows\\System32\\user32.dll+e229|C:\\Windows\\System32\\windows.immersiveshell.serviceprovider.dll+cc93|C:\\Windows\\System32\\windows.immersiveshell.serviceprovider.dll+c823|C:\\Windows\\System32\\windows.immersiveshell.serviceprovider.dll+f523|C:\\Windows\\System32\\windows.immersiveshell.serviceprovider.dll+f582|C:\\Windows\\System32\\KERNEL32.DLL+17034|C:\\Windows\\SYSTEM32\\ntdll.dll+52651\r\nSourceUser: MSSENTINEL\\wardog\r\nTargetUser: MSSENTINEL\\wardog","EventData":"\u003cEventData xmlns=\"http://schemas.microsoft.com/win/2004/08/events/event\"\u003e\u003cData Name=\"RuleName\"\u003e-\u003c/Data\u003e\u003cData Name=\"UtcTime\"\u003e2022-09-22 16:31:16.227\u003c/Data\u003e\u003cData Name=\"SourceProcessGUID\"\u003e{03bfca49-7152-632c-7a0b-000000000b00}\u003c/Data\u003e\u003cData Name=\"SourceProcessId\"\u003e8740\u003c/Data\u003e\u003cData Name=\"SourceThreadId\"\u003e9524\u003c/Data\u003e\u003cData Name=\"SourceImage\"\u003eC:\\Windows\\Explorer.EXE\u003c/Data\u003e\u003cData Name=\"TargetProcessGUID\"\u003e{03bfca49-8c7c-632c-430d-000000000b00}\u003c/Data\u003e\u003cData Name=\"TargetProcessId\"\u003e11720\u003c/Data\u003e\u003cData Name=\"TargetImage\"\u003eC:\\Windows\\System32\\WindowsPowerShell\\v1.0\\powershell.exe\u003c/Data\u003e\u003cData Name=\"GrantedAccess\"\u003e0x1000\u003c/Data\u003e\u003cData Name=\"CallTrace\"\u003eC:\\Windows\\SYSTEM32\\ntdll.dll+9d234|C:\\Windows\\System32\\KERNELBASE.dll+2c0ce|C:\\Windows\\SYSTEM32\\TWINAPI.dll+2d77|C:\\Windows\\system32\\twinui.pcshell.dll+3835d|C:\\Windows\\system32\\twinui.pcshell.dll+37adc|C:\\Windows\\system32\\twinui.dll+68ebc|C:\\Windows\\system32\\twinui.dll+68e1c|C:\\Windows\\system32\\twinui.dll+6101a|C:\\Windows\\system32\\twinui.dll+6094a|C:\\Windows\\system32\\twinui.dll+611eb|C:\\Windows\\system32\\twinui.dll+60a0d|C:\\Windows\\System32\\user32.dll+e7e8|C:\\Windows\\System32\\user32.dll+e229|C:\\Windows\\System32\\windows.immersiveshell.serviceprovider.dll+cc93|C:\\Windows\\System32\\windows.immersiveshell.serviceprovider.dll+c823|C:\\Windows\\System32\\windows.immersiveshell.serviceprovider.dll+f523|C:\\Windows\\System32\\windows.immersiveshell.serviceprovider.dll+f582|C:\\Windows\\System32\\KERNEL32.DLL+17034|C:\\Windows\\SYSTEM32\\ntdll.dll+52651\u003c/Data\u003e\u003cData Name=\"SourceUser\"\u003eMSSENTINEL\\wardog\u003c/Data\u003e\u003cData Name=\"TargetUser\"\u003eMSSENTINEL\\wardog\u003c/Data\u003e\u003c/EventData\u003e","Task":"10","RuleName":"-","UtcTime":"2022-09-22 16:31:16.227","SourceProcessGUID":"{03bfca49-7152-632c-7a0b-000000000b00}","SourceProcessId":"8740","SourceThreadId":"9524","SourceImage":"C:\\Windows\\Explorer.EXE","TargetProcessGUID":"{03bfca49-8c7c-632c-430d-000000000b00}","TargetProcessId":"11720","TargetImage":"C:\\Windows\\System32\\WindowsPowerShell\\v1.0\\powershell.exe","GrantedAccess":"0x1000","CallTrace":"C:\\Windows\\SYSTEM32\\ntdll.dll+9d234|C:\\Windows\\System32\\KERNELBASE.dll+2c0ce|C:\\Windows\\SYSTEM32\\TWINAPI.dll+2d77|C:\\Windows\\system32\\twinui.pcshell.dll+3835d|C:\\Windows\\system32\\twinui.pcshell.dll+37adc|C:\\Windows\\system32\\twinui.dll+68ebc|C:\\Windows\\system32\\twinui.dll+68e1c|C:\\Windows\\system32\\twinui.dll+6101a|C:\\Windows\\system32\\twinui.dll+6094a|C:\\Windows\\system32\\twinui.dll+611eb|C:\\Windows\\system32\\twinui.dll+60a0d|C:\\Windows\\System32\\user32.dll+e7e8|C:\\Windows\\System32\\user32.dll+e229|C:\\Windows\\System32\\windows.immersiveshell.serviceprovider.dll+cc93|C:\\Windows\\System32\\windows.immersiveshell.serviceprovider.dll+c823|C:\\Windows\\System32\\windows.immersiveshell.serviceprovider.dll+f523|C:\\Windows\\System32\\windows.immersiveshell.serviceprovider.dll+f582|C:\\Windows\\System32\\KERNEL32.DLL+17034|C:\\Windows\\SYSTEM32\\ntdll.dll+52651","SourceUser":"MSSENTINEL\\wardog","TargetUser":"MSSENTINEL\\wardog"},{"EventSourceName":"Microsoft-Windows-Sysmon","Provider":"Microsoft-Windows-Sysmon","ProviderGuid":"{5770385f-c22a-43e0-bf4c-06f5698ffbd9}","Level":"4","Keywords":"0x8000000000000000","Channel":"Microsoft-Windows-Sysmon/Operational","Computer":"WORKSTATION6.mssentinel.local","TimeCreated":"2022-09-22T12:31:16.249Z","TimeGenerated":"2022-09-22T04:31:16.249Z","EventRecordID":"3328113","EventID":13,"Message":"Registry value set:\r\nRuleName: -\r\nEventType: SetValue\r\nUtcTime: 2022-09-22 16:31:16.242\r\nProcessGuid: {03bfca49-7152-632c-7a0b-000000000b00}\r\nProcessId: 8740\r\nImage: C:\\Windows\\Explorer.EXE\r\nTargetObject: HKU\\S-1-5-21-1569727641-2518674866-3296776394-500\\SOFTWARE\\Microsoft\\Windows\\CurrentVersion\\Explorer\\UserAssist\\{CEBFF5CD-ACE2-4F4F-9178-9926F41749EA}\\Count\\{1NP14R77-02R7-4R5Q-O744-2RO1NR5198O7}\\abgrcnq.rkr\r\nDetails: Binary Data\r\nUser: MSSENTINEL\\wardog","EventData":"\u003cEventData xmlns=\"http://schemas.microsoft.com/win/2004/08/events/event\"\u003e\u003cData Name=\"RuleName\"\u003e-\u003c/Data\u003e\u003cData Name=\"EventType\"\u003eSetValue\u003c/Data\u003e\u003cData Name=\"UtcTime\"\u003e2022-09-22 16:31:16.242\u003c/Data\u003e\u003cData Name=\"ProcessGuid\"\u003e{03bfca49-7152-632c-7a0b-000000000b00}\u003c/Data\u003e\u003cData Name=\"ProcessId\"\u003e8740\u003c/Data\u003e\u003cData Name=\"Image\"\u003eC:\\Windows\\Explorer.EXE\u003c/Data\u003e\u003cData Name=\"TargetObject\"\u003eHKU\\S-1-5-21-1569727641-2518674866-3296776394-500\\SOFTWARE\\Microsoft\\Windows\\CurrentVersion\\Explorer\\UserAssist\\{CEBFF5CD-ACE2-4F4F-9178-9926F41749EA}\\Count\\{1NP14R77-02R7-4R5Q-O744-2RO1NR5198O7}\\abgrcnq.rkr\u003c/Data\u003e\u003cData Name=\"Details\"\u003eBinary Data\u003c/Data\u003e\u003cData Name=\"User\"\u003eMSSENTINEL\\wardog\u003c/Data\u003e\u003c/EventData\u003e","Task":"13","RuleName":"-","EventType":"SetValue","UtcTime":"2022-09-22 16:31:16.242","ProcessGuid":"{03bfca49-7152-632c-7a0b-000000000b00}","ProcessId":"8740","Image":"C:\\Windows\\Explorer.EXE","TargetObject":"HKU\\S-1-5-21-1569727641-2518674866-3296776394-500\\SOFTWARE\\Microsoft\\Windows\\CurrentVersion\\Explorer\\UserAssist\\{CEBFF5CD-ACE2-4F4F-9178-9926F41749EA}\\Count\\{1NP14R77-02R7-4R5Q-O744-2RO1NR5198O7}\\abgrcnq.rkr","Details":"Binary Data","User":"MSSENTINEL\\wardog"},{"EventSourceName":"Microsoft-Windows-Sysmon","Provider":"Microsoft-Windows-Sysmon","ProviderGuid":"{5770385f-c22a-43e0-bf4c-06f5698ffbd9}","Level":"4","Keywords":"0x8000000000000000","Channel":"Microsoft-Windows-Sysmon/Operational","Computer":"WORKSTATION6.mssentinel.local","TimeCreated":"2022-09-22T12:31:16.249Z","TimeGenerated":"2022-09-22T04:31:16.249Z","EventRecordID":"3328114","EventID":13,"Message":"Registry value set:\r\nRuleName: -\r\nEventType: SetValue\r\nUtcTime: 2022-09-22 16:31:16.242\r\nProcessGuid: {03bfca49-7152-632c-7a0b-000000000b00}\r\nProcessId: 8740\r\nImage: C:\\Windows\\Explorer.EXE\r\nTargetObject: HKU\\S-1-5-21-1569727641-2518674866-3296776394-500\\SOFTWARE\\Microsoft\\Windows\\CurrentVersion\\Explorer\\UserAssist\\{CEBFF5CD-ACE2-4F4F-9178-9926F41749EA}\\Count\\HRZR_PGYFRFFVBA\r\nDetails: Binary Data\r\nUser: MSSENTINEL\\wardog","EventData":"\u003cEventData xmlns=\"http://schemas.microsoft.com/win/2004/08/events/event\"\u003e\u003cData Name=\"RuleName\"\u003e-\u003c/Data\u003e\u003cData Name=\"EventType\"\u003eSetValue\u003c/Data\u003e\u003cData Name=\"UtcTime\"\u003e2022-09-22 16:31:16.242\u003c/Data\u003e\u003cData Name=\"ProcessGuid\"\u003e{03bfca49-7152-632c-7a0b-000000000b00}\u003c/Data\u003e\u003cData Name=\"ProcessId\"\u003e8740\u003c/Data\u003e\u003cData Name=\"Image\"\u003eC:\\Windows\\Explorer.EXE\u003c/Data\u003e\u003cData Name=\"TargetObject\"\u003eHKU\\S-1-5-21-1569727641-2518674866-3296776394-500\\SOFTWARE\\Microsoft\\Windows\\CurrentVersion\\Explorer\\UserAssist\\{CEBFF5CD-ACE2-4F4F-9178-9926F41749EA}\\Count\\HRZR_PGYFRFFVBA\u003c/Data\u003e\u003cData Name=\"Details\"\u003eBinary Data\u003c/Data\u003e\u003cData Name=\"User\"\u003eMSSENTINEL\\wardog\u003c/Data\u003e\u003c/EventData\u003e","Task":"13","RuleName":"-","EventType":"SetValue","UtcTime":"2022-09-22 16:31:16.242","ProcessGuid":"{03bfca49-7152-632c-7a0b-000000000b00}","ProcessId":"8740","Image":"C:\\Windows\\Explorer.EXE","TargetObject":"HKU\\S-1-5-21-1569727641-2518674866-3296776394-500\\SOFTWARE\\Microsoft\\Windows\\CurrentVersion\\Explorer\\UserAssist\\{CEBFF5CD-ACE2-4F4F-9178-9926F41749EA}\\Count\\HRZR_PGYFRFFVBA","Details":"Binary Data","User":"MSSENTINEL\\wardog"},