{"EventSourceName":"Microsoft-Windows-Sysmon","Provider":"Microsoft-Windows-Sysmon","ProviderGuid":"{5770385f-c22a-43e0-bf4c-06f5698ffbd9}","Level":"4","Keywords":"0x8000000000000000","Channel":"Microsoft-Windows-Sysmon/Operational","Computer":"WORKSTATION6.mssentinel.local","TimeCreated":"2022-09-22T12:31:23.345Z","TimeGenerated":"2022-09-22T04:31:23.345Z","EventRecordID":"3328572","EventID":7,"Message":"Image loaded:\r\nRuleName: -\r\nUtcTime: 2022-09-22 16:31:23.336\r\nProcessGuid: {03bfca49-8dd2-632c-550d-000000000b00}\r\nProcessId: 12372\r\nImage: C:\\Windows\\System32\\notepad.exe\r\nImageLoaded: C:\\Windows\\assembly\\NativeImages_v4.0.30319_64\\System.Core\\73d4c7241519af17f6f645768e72fed4\\System.Core.ni.dll\r\nFileVersion: 4.8.4390.0 built by: NET48REL1LAST_C\r\nDescription: .NET Framework\r\nProduct: Microsoft® .NET Framework\r\nCompany: Microsoft Corporation\r\nOriginalFileName: System.Core.dll\r\nHashes: SHA1=0429D3C04B678F5EA308B3369E8EA58ED77E9B1E,MD5=0881361267CEBD6B47E1512FCD648FE0,SHA256=0C5D64B486E3310AEDC5C87643BCD1C800BEC7052A08681B50C62B185EA04048,IMPHASH=00000000000000000000000000000000\r\nSigned: false\r\nSignature: -\r\nSignatureStatus: Unavailable\r\nUser: MSSENTINEL\\wardog","EventData":"\u003cEventData xmlns=\"http://schemas.microsoft.com/win/2004/08/events/event\"\u003e\u003cData Name=\"RuleName\"\u003e-\u003c/Data\u003e\u003cData Name=\"UtcTime\"\u003e2022-09-22 16:31:23.336\u003c/Data\u003e\u003cData Name=\"ProcessGuid\"\u003e{03bfca49-8dd2-632c-550d-000000000b00}\u003c/Data\u003e\u003cData Name=\"ProcessId\"\u003e12372\u003c/Data\u003e\u003cData Name=\"Image\"\u003eC:\\Windows\\System32\\notepad.exe\u003c/Data\u003e\u003cData Name=\"ImageLoaded\"\u003eC:\\Windows\\assembly\\NativeImages_v4.0.30319_64\\System.Core\\73d4c7241519af17f6f645768e72fed4\\System.Core.ni.dll\u003c/Data\u003e\u003cData Name=\"FileVersion\"\u003e4.8.4390.0 built by: NET48REL1LAST_C\u003c/Data\u003e\u003cData Name=\"Description\"\u003e.NET Framework\u003c/Data\u003e\u003cData Name=\"Product\"\u003eMicrosoft® .NET Framework\u003c/Data\u003e\u003cData Name=\"Company\"\u003eMicrosoft Corporation\u003c/Data\u003e\u003cData Name=\"OriginalFileName\"\u003eSystem.Core.dll\u003c/Data\u003e\u003cData Name=\"Hashes\"\u003eSHA1=0429D3C04B678F5EA308B3369E8EA58ED77E9B1E,MD5=0881361267CEBD6B47E1512FCD648FE0,SHA256=0C5D64B486E3310AEDC5C87643BCD1C800BEC7052A08681B50C62B185EA04048,IMPHASH=00000000000000000000000000000000\u003c/Data\u003e\u003cData Name=\"Signed\"\u003efalse\u003c/Data\u003e\u003cData Name=\"Signature\"\u003e-\u003c/Data\u003e\u003cData Name=\"SignatureStatus\"\u003eUnavailable\u003c/Data\u003e\u003cData Name=\"User\"\u003eMSSENTINEL\\wardog\u003c/Data\u003e\u003c/EventData\u003e","Task":"7","RuleName":"-","UtcTime":"2022-09-22 16:31:23.336","ProcessGuid":"{03bfca49-8dd2-632c-550d-000000000b00}","ProcessId":"12372","Image":"C:\\Windows\\System32\\notepad.exe","ImageLoaded":"C:\\Windows\\assembly\\NativeImages_v4.0.30319_64\\System.Core\\73d4c7241519af17f6f645768e72fed4\\System.Core.ni.dll","FileVersion":"4.8.4390.0 built by: NET48REL1LAST_C","Description":".NET Framework","Product":"Microsoft® .NET Framework","Company":"Microsoft Corporation","OriginalFileName":"System.Core.dll","Hashes":"SHA1=0429D3C04B678F5EA308B3369E8EA58ED77E9B1E,MD5=0881361267CEBD6B47E1512FCD648FE0,SHA256=0C5D64B486E3310AEDC5C87643BCD1C800BEC7052A08681B50C62B185EA04048,IMPHASH=00000000000000000000000000000000","Signed":"false","Signature":"-","SignatureStatus":"Unavailable","User":"MSSENTINEL\\wardog"},{"EventSourceName":"Microsoft-Windows-Sysmon","Provider":"Microsoft-Windows-Sysmon","ProviderGuid":"{5770385f-c22a-43e0-bf4c-06f5698ffbd9}","Level":"4","Keywords":"0x8000000000000000","Channel":"Microsoft-Windows-Sysmon/Operational","Computer":"WORKSTATION6.mssentinel.local","TimeCreated":"2022-09-22T12:31:23.563Z","TimeGenerated":"2022-09-22T04:31:23.563Z","EventRecordID":"3328573","EventID":10,"Message":"Process accessed:\r\nRuleName: -\r\nUtcTime: 2022-09-22 16:31:23.539\r\nSourceProcessGUID: {03bfca49-714e-632c-6d0b-000000000b00}\r\nSourceProcessId: 3008\r\nSourceThreadId: 2172\r\nSourceImage: C:\\Windows\\system32\\ctfmon.exe\r\nTargetProcessGUID: {03bfca49-7635-632c-410c-000000000b00}\r\nTargetProcessId: 12680\r\nTargetImage: C:\\Windows\\system32\\conhost.exe\r\nGrantedAccess: 0x1000\r\nCallTrace: C:\\Windows\\SYSTEM32\\ntdll.dll+9d234|C:\\Windows\\System32\\KERNELBASE.dll+2c0ce|C:\\Windows\\SYSTEM32\\TextInputFramework.dll+2a926|C:\\Windows\\SYSTEM32\\TextInputFramework.dll+2915c|C:\\Windows\\SYSTEM32\\TextInputFramework.dll+28fb2|C:\\Windows\\SYSTEM32\\TextInputFramework.dll+283e6|C:\\Windows\\system32\\CoreUIComponents.dll+1bcb2|C:\\Windows\\system32\\CoreUIComponents.dll+1bc0d|C:\\Windows\\system32\\CoreUIComponents.dll+267ce|C:\\Windows\\system32\\CoreUIComponents.dll+2676a|C:\\Windows\\system32\\CoreUIComponents.dll+351b9|C:\\Windows\\system32\\CoreUIComponents.dll+35078|C:\\Windows\\system32\\CoreUIComponents.dll+5c1df|C:\\Windows\\system32\\CoreUIComponents.dll+3421a|C:\\Windows\\system32\\CoreMessaging.dll+1691f|C:\\Windows\\system32\\CoreMessaging.dll+41989|C:\\Windows\\system32\\CoreMessaging.dll+14f8e|C:\\Windows\\system32\\CoreMessaging.dll+14cf5|C:\\Windows\\system32\\CoreMessaging.dll+15261|C:\\Windows\\system32\\CoreMessaging.dll+14a2c|C:\\Windows\\system32\\CoreMessaging.dll+39f8e|C:\\Windows\\system32\\CoreMessaging.dll+3b092|C:\\Windows\\system32\\CoreMessaging.dll+3a916|C:\\Windows\\system32\\CoreMessaging.dll+3a526\r\nSourceUser: MSSENTINEL\\wardog\r\nTargetUser: MSSENTINEL\\wardog","EventData":"\u003cEventData xmlns=\"http://schemas.microsoft.com/win/2004/08/events/event\"\u003e\u003cData Name=\"RuleName\"\u003e-\u003c/Data\u003e\u003cData Name=\"UtcTime\"\u003e2022-09-22 16:31:23.539\u003c/Data\u003e\u003cData Name=\"SourceProcessGUID\"\u003e{03bfca49-714e-632c-6d0b-000000000b00}\u003c/Data\u003e\u003cData Name=\"SourceProcessId\"\u003e3008\u003c/Data\u003e\u003cData Name=\"SourceThreadId\"\u003e2172\u003c/Data\u003e\u003cData Name=\"SourceImage\"\u003eC:\\Windows\\system32\\ctfmon.exe\u003c/Data\u003e\u003cData Name=\"TargetProcessGUID\"\u003e{03bfca49-7635-632c-410c-000000000b00}\u003c/Data\u003e\u003cData Name=\"TargetProcessId\"\u003e12680\u003c/Data\u003e\u003cData Name=\"TargetImage\"\u003eC:\\Windows\\system32\\conhost.exe\u003c/Data\u003e\u003cData Name=\"GrantedAccess\"\u003e0x1000\u003c/Data\u003e\u003cData Name=\"CallTrace\"\u003eC:\\Windows\\SYSTEM32\\ntdll.dll+9d234|C:\\Windows\\System32\\KERNELBASE.dll+2c0ce|C:\\Windows\\SYSTEM32\\TextInputFramework.dll+2a926|C:\\Windows\\SYSTEM32\\TextInputFramework.dll+2915c|C:\\Windows\\SYSTEM32\\TextInputFramework.dll+28fb2|C:\\Windows\\SYSTEM32\\TextInputFramework.dll+283e6|C:\\Windows\\system32\\CoreUIComponents.dll+1bcb2|C:\\Windows\\system32\\CoreUIComponents.dll+1bc0d|C:\\Windows\\system32\\CoreUIComponents.dll+267ce|C:\\Windows\\system32\\CoreUIComponents.dll+2676a|C:\\Windows\\system32\\CoreUIComponents.dll+351b9|C:\\Windows\\system32\\CoreUIComponents.dll+35078|C:\\Windows\\system32\\CoreUIComponents.dll+5c1df|C:\\Windows\\system32\\CoreUIComponents.dll+3421a|C:\\Windows\\system32\\CoreMessaging.dll+1691f|C:\\Windows\\system32\\CoreMessaging.dll+41989|C:\\Windows\\system32\\CoreMessaging.dll+14f8e|C:\\Windows\\system32\\CoreMessaging.dll+14cf5|C:\\Windows\\system32\\CoreMessaging.dll+15261|C:\\Windows\\system32\\CoreMessaging.dll+14a2c|C:\\Windows\\system32\\CoreMessaging.dll+39f8e|C:\\Windows\\system32\\CoreMessaging.dll+3b092|C:\\Windows\\system32\\CoreMessaging.dll+3a916|C:\\Windows\\system32\\CoreMessaging.dll+3a526\u003c/Data\u003e\u003cData Name=\"SourceUser\"\u003eMSSENTINEL\\wardog\u003c/Data\u003e\u003cData Name=\"TargetUser\"\u003eMSSENTINEL\\wardog\u003c/Data\u003e\u003c/EventData\u003e","Task":"10","RuleName":"-","UtcTime":"2022-09-22 16:31:23.539","SourceProcessGUID":"{03bfca49-714e-632c-6d0b-000000000b00}","SourceProcessId":"3008","SourceThreadId":"2172","SourceImage":"C:\\Windows\\system32\\ctfmon.exe","TargetProcessGUID":"{03bfca49-7635-632c-410c-000000000b00}","TargetProcessId":"12680","TargetImage":"C:\\Windows\\system32\\conhost.exe","GrantedAccess":"0x1000","CallTrace":"C:\\Windows\\SYSTEM32\\ntdll.dll+9d234|C:\\Windows\\System32\\KERNELBASE.dll+2c0ce|C:\\Windows\\SYSTEM32\\TextInputFramework.dll+2a926|C:\\Windows\\SYSTEM32\\TextInputFramework.dll+2915c|C:\\Windows\\SYSTEM32\\TextInputFramework.dll+28fb2|C:\\Windows\\SYSTEM32\\TextInputFramework.dll+283e6|C:\\Windows\\system32\\CoreUIComponents.dll+1bcb2|C:\\Windows\\system32\\CoreUIComponents.dll+1bc0d|C:\\Windows\\system32\\CoreUIComponents.dll+267ce|C:\\Windows\\system32\\CoreUIComponents.dll+2676a|C:\\Windows\\system32\\CoreUIComponents.dll+351b9|C:\\Windows\\system32\\CoreUIComponents.dll+35078|C:\\Windows\\system32\\CoreUIComponents.dll+5c1df|C:\\Windows\\system32\\CoreUIComponents.dll+3421a|C:\\Windows\\system32\\CoreMessaging.dll+1691f|C:\\Windows\\system32\\CoreMessaging.dll+41989|C:\\Windows\\system32\\CoreMessaging.dll+14f8e|C:\\Windows\\system32\\CoreMessaging.dll+14cf5|C:\\Windows\\system32\\CoreMessaging.dll+15261|C:\\Windows\\system32\\CoreMessaging.dll+14a2c|C:\\Windows\\system32\\CoreMessaging.dll+39f8e|C:\\Windows\\system32\\CoreMessaging.dll+3b092|C:\\Windows\\system32\\CoreMessaging.dll+3a916|C:\\Windows\\system32\\CoreMessaging.dll+3a526","SourceUser":"MSSENTINEL\\wardog","TargetUser":"MSSENTINEL\\wardog"},{"EventSourceName":"Microsoft-Windows-Sysmon","Provider":"Microsoft-Windows-Sysmon","ProviderGuid":"{5770385f-c22a-43e0-bf4c-06f5698ffbd9}","Level":"4","Keywords":"0x8000000000000000","Channel":"Microsoft-Windows-Sysmon/Operational","Computer":"WORKSTATION6.mssentinel.local","TimeCreated":"2022-09-22T12:31:23.563Z","TimeGenerated":"2022-09-22T04:31:23.563Z","EventRecordID":"3328574","EventID":10,"Message":"Process accessed:\r\nRuleName: -\r\nUtcTime: 2022-09-22 16:31:23.539\r\nSourceProcessGUID: {03bfca49-7152-632c-7a0b-000000000b00}\r\nSourceProcessId: 8740\r\nSourceThreadId: 11220\r\nSourceImage: C:\\Windows\\Explorer.EXE\r\nTargetProcessGUID: {03bfca49-7634-632c-400c-000000000b00}\r\nTargetProcessId: 1228\r\nTargetImage: C:\\Windows\\System32\\WindowsPowerShell\\v1.0\\powershell.exe\r\nGrantedAccess: 0x1000\r\nCallTrace: C:\\Windows\\SYSTEM32\\ntdll.dll+9d234|C:\\Windows\\System32\\KERNELBASE.dll+2c0ce|C:\\Windows\\System32\\appresolver.dll+25016|C:\\Windows\\System32\\appresolver.dll+21b43|C:\\Windows\\System32\\appresolver.dll+21a26|C:\\Windows\\Explorer.EXE+2ab20|C:\\Windows\\Explorer.EXE+2aa34|C:\\Windows\\Explorer.EXE+7b720|C:\\Windows\\SYSTEM32\\windows.storage.dll+14d2dc|C:\\Windows\\SYSTEM32\\windows.storage.dll+14cf21|C:\\Windows\\SYSTEM32\\windows.storage.dll+1958d4|C:\\Windows\\System32\\shcore.dll+33826|C:\\Windows\\SYSTEM32\\ntdll.dll+6fbc3|C:\\Windows\\SYSTEM32\\ntdll.dll+5315a|C:\\Windows\\System32\\KERNEL32.DLL+17034|C:\\Windows\\SYSTEM32\\ntdll.dll+52651\r\nSourceUser: MSSENTINEL\\wardog\r\nTargetUser: MSSENTINEL\\wardog","EventData":"\u003cEventData xmlns=\"http://schemas.microsoft.com/win/2004/08/events/event\"\u003e\u003cData Name=\"RuleName\"\u003e-\u003c/Data\u003e\u003cData Name=\"UtcTime\"\u003e2022-09-22 16:31:23.539\u003c/Data\u003e\u003cData Name=\"SourceProcessGUID\"\u003e{03bfca49-7152-632c-7a0b-000000000b00}\u003c/Data\u003e\u003cData Name=\"SourceProcessId\"\u003e8740\u003c/Data\u003e\u003cData Name=\"SourceThreadId\"\u003e11220\u003c/Data\u003e\u003cData Name=\"SourceImage\"\u003eC:\\Windows\\Explorer.EXE\u003c/Data\u003e\u003cData Name=\"TargetProcessGUID\"\u003e{03bfca49-7634-632c-400c-000000000b00}\u003c/Data\u003e\u003cData Name=\"TargetProcessId\"\u003e1228\u003c/Data\u003e\u003cData Name=\"TargetImage\"\u003eC:\\Windows\\System32\\WindowsPowerShell\\v1.0\\powershell.exe\u003c/Data\u003e\u003cData Name=\"GrantedAccess\"\u003e0x1000\u003c/Data\u003e\u003cData Name=\"CallTrace\"\u003eC:\\Windows\\SYSTEM32\\ntdll.dll+9d234|C:\\Windows\\System32\\KERNELBASE.dll+2c0ce|C:\\Windows\\System32\\appresolver.dll+25016|C:\\Windows\\System32\\appresolver.dll+21b43|C:\\Windows\\System32\\appresolver.dll+21a26|C:\\Windows\\Explorer.EXE+2ab20|C:\\Windows\\Explorer.EXE+2aa34|C:\\Windows\\Explorer.EXE+7b720|C:\\Windows\\SYSTEM32\\windows.storage.dll+14d2dc|C:\\Windows\\SYSTEM32\\windows.storage.dll+14cf21|C:\\Windows\\SYSTEM32\\windows.storage.dll+1958d4|C:\\Windows\\System32\\shcore.dll+33826|C:\\Windows\\SYSTEM32\\ntdll.dll+6fbc3|C:\\Windows\\SYSTEM32\\ntdll.dll+5315a|C:\\Windows\\System32\\KERNEL32.DLL+17034|C:\\Windows\\SYSTEM32\\ntdll.dll+52651\u003c/Data\u003e\u003cData Name=\"SourceUser\"\u003eMSSENTINEL\\wardog\u003c/Data\u003e\u003cData Name=\"TargetUser\"\u003eMSSENTINEL\\wardog\u003c/Data\u003e\u003c/EventData\u003e","Task":"10","RuleName":"-","UtcTime":"2022-09-22 16:31:23.539","SourceProcessGUID":"{03bfca49-7152-632c-7a0b-000000000b00}","SourceProcessId":"8740","SourceThreadId":"11220","SourceImage":"C:\\Windows\\Explorer.EXE","TargetProcessGUID":"{03bfca49-7634-632c-400c-000000000b00}","TargetProcessId":"1228","TargetImage":"C:\\Windows\\System32\\WindowsPowerShell\\v1.0\\powershell.exe","GrantedAccess":"0x1000","CallTrace":"C:\\Windows\\SYSTEM32\\ntdll.dll+9d234|C:\\Windows\\System32\\KERNELBASE.dll+2c0ce|C:\\Windows\\System32\\appresolver.dll+25016|C:\\Windows\\System32\\appresolver.dll+21b43|C:\\Windows\\System32\\appresolver.dll+21a26|C:\\Windows\\Explorer.EXE+2ab20|C:\\Windows\\Explorer.EXE+2aa34|C:\\Windows\\Explorer.EXE+7b720|C:\\Windows\\SYSTEM32\\windows.storage.dll+14d2dc|C:\\Windows\\SYSTEM32\\windows.storage.dll+14cf21|C:\\Windows\\SYSTEM32\\windows.storage.dll+1958d4|C:\\Windows\\System32\\shcore.dll+33826|C:\\Windows\\SYSTEM32\\ntdll.dll+6fbc3|C:\\Windows\\SYSTEM32\\ntdll.dll+5315a|C:\\Windows\\System32\\KERNEL32.DLL+17034|C:\\Windows\\SYSTEM32\\ntdll.dll+52651","SourceUser":"MSSENTINEL\\wardog","TargetUser":"MSSENTINEL\\wardog"},{"EventSourceName":"Microsoft-Windows-Sysmon","Provider":"Microsoft-Windows-Sysmon","ProviderGuid":"{5770385f-c22a-43e0-bf4c-06f5698ffbd9}","Level":"4","Keywords":"0x8000000000000000","Channel":"Microsoft-Windows-Sysmon/Operational","Computer":"WORKSTATION6.mssentinel.local","TimeCreated":"2022-09-22T12:31:23.563Z","TimeGenerated":"2022-09-22T04:31:23.563Z","EventRecordID":"3328575","EventID":10,"Message":"Process accessed:\r\nRuleName: -\r\nUtcTime: 2022-09-22 16:31:23.539\r\nSourceProcessGUID: {03bfca49-7152-632c-7a0b-000000000b00}\r\nSourceProcessId: 8740\r\nSourceThreadId: 11220\r\nSourceImage: C:\\Windows\\Explorer.EXE\r\nTargetProcessGUID: {03bfca49-7634-632c-400c-000000000b00}\r\nTargetProcessId: 1228\r\nTargetImage: C:\\Windows\\System32\\WindowsPowerShell\\v1.0\\powershell.exe\r\nGrantedAccess: 0x1400\r\nCallTrace: C:\\Windows\\SYSTEM32\\ntdll.dll+9d234|C:\\Windows\\System32\\KERNELBASE.dll+2c0ce|C:\\Windows\\System32\\appresolver.dll+1f06f|C:\\Windows\\System32\\appresolver.dll+251f8|C:\\Windows\\System32\\appresolver.dll+21b43|C:\\Windows\\System32\\appresolver.dll+21a26|C:\\Windows\\Explorer.EXE+2ab20|C:\\Windows\\Explorer.EXE+2aa34|C:\\Windows\\Explorer.EXE+7b720|C:\\Windows\\SYSTEM32\\windows.storage.dll+14d2dc|C:\\Windows\\SYSTEM32\\windows.storage.dll+14cf21|C:\\Windows\\SYSTEM32\\windows.storage.dll+1958d4|C:\\Windows\\System32\\shcore.dll+33826|C:\\Windows\\SYSTEM32\\ntdll.dll+6fbc3|C:\\Windows\\SYSTEM32\\ntdll.dll+5315a|C:\\Windows\\System32\\KERNEL32.DLL+17034|C:\\Windows\\SYSTEM32\\ntdll.dll+52651\r\nSourceUser: MSSENTINEL\\wardog\r\nTargetUser: MSSENTINEL\\wardog","EventData":"\u003cEventData xmlns=\"http://schemas.microsoft.com/win/2004/08/events/event\"\u003e\u003cData Name=\"RuleName\"\u003e-\u003c/Data\u003e\u003cData Name=\"UtcTime\"\u003e2022-09-22 16:31:23.539\u003c/Data\u003e\u003cData Name=\"SourceProcessGUID\"\u003e{03bfca49-7152-632c-7a0b-000000000b00}\u003c/Data\u003e\u003cData Name=\"SourceProcessId\"\u003e8740\u003c/Data\u003e\u003cData Name=\"SourceThreadId\"\u003e11220\u003c/Data\u003e\u003cData Name=\"SourceImage\"\u003eC:\\Windows\\Explorer.EXE\u003c/Data\u003e\u003cData Name=\"TargetProcessGUID\"\u003e{03bfca49-7634-632c-400c-000000000b00}\u003c/Data\u003e\u003cData Name=\"TargetProcessId\"\u003e1228\u003c/Data\u003e\u003cData Name=\"TargetImage\"\u003eC:\\Windows\\System32\\WindowsPowerShell\\v1.0\\powershell.exe\u003c/Data\u003e\u003cData Name=\"GrantedAccess\"\u003e0x1400\u003c/Data\u003e\u003cData Name=\"CallTrace\"\u003eC:\\Windows\\SYSTEM32\\ntdll.dll+9d234|C:\\Windows\\System32\\KERNELBASE.dll+2c0ce|C:\\Windows\\System32\\appresolver.dll+1f06f|C:\\Windows\\System32\\appresolver.dll+251f8|C:\\Windows\\System32\\appresolver.dll+21b43|C:\\Windows\\System32\\appresolver.dll+21a26|C:\\Windows\\Explorer.EXE+2ab20|C:\\Windows\\Explorer.EXE+2aa34|C:\\Windows\\Explorer.EXE+7b720|C:\\Windows\\SYSTEM32\\windows.storage.dll+14d2dc|C:\\Windows\\SYSTEM32\\windows.storage.dll+14cf21|C:\\Windows\\SYSTEM32\\windows.storage.dll+1958d4|C:\\Windows\\System32\\shcore.dll+33826|C:\\Windows\\SYSTEM32\\ntdll.dll+6fbc3|C:\\Windows\\SYSTEM32\\ntdll.dll+5315a|C:\\Windows\\System32\\KERNEL32.DLL+17034|C:\\Windows\\SYSTEM32\\ntdll.dll+52651\u003c/Data\u003e\u003cData Name=\"SourceUser\"\u003eMSSENTINEL\\wardog\u003c/Data\u003e\u003cData Name=\"TargetUser\"\u003eMSSENTINEL\\wardog\u003c/Data\u003e\u003c/EventData\u003e","Task":"10","RuleName":"-","UtcTime":"2022-09-22 16:31:23.539","SourceProcessGUID":"{03bfca49-7152-632c-7a0b-000000000b00}","SourceProcessId":"8740","SourceThreadId":"11220","SourceImage":"C:\\Windows\\Explorer.EXE","TargetProcessGUID":"{03bfca49-7634-632c-400c-000000000b00}","TargetProcessId":"1228","TargetImage":"C:\\Windows\\System32\\WindowsPowerShell\\v1.0\\powershell.exe","GrantedAccess":"0x1400","CallTrace":"C:\\Windows\\SYSTEM32\\ntdll.dll+9d234|C:\\Windows\\System32\\KERNELBASE.dll+2c0ce|C:\\Windows\\System32\\appresolver.dll+1f06f|C:\\Windows\\System32\\appresolver.dll+251f8|C:\\Windows\\System32\\appresolver.dll+21b43|C:\\Windows\\System32\\appresolver.dll+21a26|C:\\Windows\\Explorer.EXE+2ab20|C:\\Windows\\Explorer.EXE+2aa34|C:\\Windows\\Explorer.EXE+7b720|C:\\Windows\\SYSTEM32\\windows.storage.dll+14d2dc|C:\\Windows\\SYSTEM32\\windows.storage.dll+14cf21|C:\\Windows\\SYSTEM32\\windows.storage.dll+1958d4|C:\\Windows\\System32\\shcore.dll+33826|C:\\Windows\\SYSTEM32\\ntdll.dll+6fbc3|C:\\Windows\\SYSTEM32\\ntdll.dll+5315a|C:\\Windows\\System32\\KERNEL32.DLL+17034|C:\\Windows\\SYSTEM32\\ntdll.dll+52651","SourceUser":"MSSENTINEL\\wardog","TargetUser":"MSSENTINEL\\wardog"},{"EventSourceName":"Microsoft-Windows-Sysmon","Provider":"Microsoft-Windows-Sysmon","ProviderGuid":"{5770385f-c22a-43e0-bf4c-06f5698ffbd9}","Level":"4","Keywords":"0x8000000000000000","Channel":"Microsoft-Windows-Sysmon/Operational","Computer":"WORKSTATION6.mssentinel.local","TimeCreated":"2022-09-22T12:31:23.563Z","TimeGenerated":"2022-09-22T04:31:23.563Z","EventRecordID":"3328576","EventID":13,"Message":"Registry value set:\r\nRuleName: -\r\nEventType: SetValue\r\nUtcTime: 2022-09-22 16:31:23.555\r\nProcessGuid: {03bfca49-7152-632c-7a0b-000000000b00}\r\nProcessId: 8740\r\nImage: C:\\Windows\\Explorer.EXE\r\nTargetObject: HKU\\S-1-5-21-1569727641-2518674866-3296776394-500\\SOFTWARE\\Microsoft\\Windows\\CurrentVersion\\Explorer\\UserAssist\\{CEBFF5CD-ACE2-4F4F-9178-9926F41749EA}\\Count\\{1NP14R77-02R7-4R5Q-O744-2RO1NR5198O7}\\JvaqbjfCbjreFuryy\\i1.0\\cbjrefuryy.rkr\r\nDetails: Binary Data\r\nUser: MSSENTINEL\\wardog","EventData":"\u003cEventData xmlns=\"http://schemas.microsoft.com/win/2004/08/events/event\"\u003e\u003cData Name=\"RuleName\"\u003e-\u003c/Data\u003e\u003cData Name=\"EventType\"\u003eSetValue\u003c/Data\u003e\u003cData Name=\"UtcTime\"\u003e2022-09-22 16:31:23.555\u003c/Data\u003e\u003cData Name=\"ProcessGuid\"\u003e{03bfca49-7152-632c-7a0b-000000000b00}\u003c/Data\u003e\u003cData Name=\"ProcessId\"\u003e8740\u003c/Data\u003e\u003cData Name=\"Image\"\u003eC:\\Windows\\Explorer.EXE\u003c/Data\u003e\u003cData Name=\"TargetObject\"\u003eHKU\\S-1-5-21-1569727641-2518674866-3296776394-500\\SOFTWARE\\Microsoft\\Windows\\CurrentVersion\\Explorer\\UserAssist\\{CEBFF5CD-ACE2-4F4F-9178-9926F41749EA}\\Count\\{1NP14R77-02R7-4R5Q-O744-2RO1NR5198O7}\\JvaqbjfCbjreFuryy\\i1.0\\cbjrefuryy.rkr\u003c/Data\u003e\u003cData Name=\"Details\"\u003eBinary Data\u003c/Data\u003e\u003cData Name=\"User\"\u003eMSSENTINEL\\wardog\u003c/Data\u003e\u003c/EventData\u003e","Task":"13","RuleName":"-","EventType":"SetValue","UtcTime":"2022-09-22 16:31:23.555","ProcessGuid":"{03bfca49-7152-632c-7a0b-000000000b00}","ProcessId":"8740","Image":"C:\\Windows\\Explorer.EXE","TargetObject":"HKU\\S-1-5-21-1569727641-2518674866-3296776394-500\\SOFTWARE\\Microsoft\\Windows\\CurrentVersion\\Explorer\\UserAssist\\{CEBFF5CD-ACE2-4F4F-9178-9926F41749EA}\\Count\\{1NP14R77-02R7-4R5Q-O744-2RO1NR5198O7}\\JvaqbjfCbjreFuryy\\i1.0\\cbjrefuryy.rkr","Details":"Binary Data","User":"MSSENTINEL\\wardog"},{"EventSourceName":"Microsoft-Windows-Sysmon","Provider":"Microsoft-Windows-Sysmon","ProviderGuid":"{5770385f-c22a-43e0-bf4c-06f5698ffbd9}","Level":"4","Keywords":"0x8000000000000000","Channel":"Microsoft-Windows-Sysmon/Operational","Computer":"WORKSTATION6.mssentinel.local","TimeCreated":"2022-09-22T12:31:23.563Z","TimeGenerated":"2022-09-22T04:31:23.563Z","EventRecordID":"3328577","EventID":13,"Message":"Registry value set:\r\nRuleName: -\r\nEventType: SetValue\r\nUtcTime: 2022-09-22 16:31:23.555\r\nProcessGuid: {03bfca49-7152-632c-7a0b-000000000b00}\r\nProcessId: 8740\r\nImage: C:\\Windows\\Explorer.EXE\r\nTargetObject: HKU\\S-1-5-21-1569727641-2518674866-3296776394-500\\SOFTWARE\\Microsoft\\Windows\\CurrentVersion\\Explorer\\UserAssist\\{CEBFF5CD-ACE2-4F4F-9178-9926F41749EA}\\Count\\HRZR_PGYFRFFVBA\r\nDetails: Binary Data\r\nUser: MSSENTINEL\\wardog","EventData":"\u003cEventData xmlns=\"http://schemas.microsoft.com/win/2004/08/events/event\"\u003e\u003cData Name=\"RuleName\"\u003e-\u003c/Data\u003e\u003cData Name=\"EventType\"\u003eSetValue\u003c/Data\u003e\u003cData Name=\"UtcTime\"\u003e2022-09-22 16:31:23.555\u003c/Data\u003e\u003cData Name=\"ProcessGuid\"\u003e{03bfca49-7152-632c-7a0b-000000000b00}\u003c/Data\u003e\u003cData Name=\"ProcessId\"\u003e8740\u003c/Data\u003e\u003cData Name=\"Image\"\u003eC:\\Windows\\Explorer.EXE\u003c/Data\u003e\u003cData Name=\"TargetObject\"\u003eHKU\\S-1-5-21-1569727641-2518674866-3296776394-500\\SOFTWARE\\Microsoft\\Windows\\CurrentVersion\\Explorer\\UserAssist\\{CEBFF5CD-ACE2-4F4F-9178-9926F41749EA}\\Count\\HRZR_PGYFRFFVBA\u003c/Data\u003e\u003cData Name=\"Details\"\u003eBinary Data\u003c/Data\u003e\u003cData Name=\"User\"\u003eMSSENTINEL\\wardog\u003c/Data\u003e\u003c/EventData\u003e","Task":"13","RuleName":"-","EventType":"SetValue","UtcTime":"2022-09-22 16:31:23.555","ProcessGuid":"{03bfca49-7152-632c-7a0b-000000000b00}","ProcessId":"8740","Image":"C:\\Windows\\Explorer.EXE","TargetObject":"HKU\\S-1-5-21-1569727641-2518674866-3296776394-500\\SOFTWARE\\Microsoft\\Windows\\CurrentVersion\\Explorer\\UserAssist\\{CEBFF5CD-ACE2-4F4F-9178-9926F41749EA}\\Count\\HRZR_PGYFRFFVBA","Details":"Binary Data","User":"MSSENTINEL\\wardog"},{"EventSourceName":"Microsoft-Windows-Sysmon","Provider":"Microsoft-Windows-Sysmon","ProviderGuid":"{5770385f-c22a-43e0-bf4c-06f5698ffbd9}","Level":"4","Keywords":"0x8000000000000000","Channel":"Microsoft-Windows-Sysmon/Operational","Computer":"WORKSTATION6.mssentinel.local","TimeCreated":"2022-09-22T12:31:23.563Z","TimeGenerated":"2022-09-22T04:31:23.563Z","EventRecordID":"3328578","EventID":10,"Message":"Process accessed:\r\nRuleName: -\r\nUtcTime: 2022-09-22 16:31:23.555\r\nSourceProcessGUID: {03bfca49-b064-632b-0d00-000000000b00}\r\nSourceProcessId: 888\r\nSourceThreadId: 11528\r\nSourceImage: C:\\Windows\\system32\\svchost.exe\r\nTargetProcessGUID: {03bfca49-7635-632c-410c-000000000b00}\r\nTargetProcessId: 12680\r\nTargetImage: C:\\Windows\\system32\\conhost.exe\r\nGrantedAccess: 0x2000\r\nCallTrace: C:\\Windows\\SYSTEM32\\ntdll.dll+9d234|C:\\Windows\\SYSTEM32\\psmserviceexthost.dll+a629|C:\\Windows\\SYSTEM32\\psmserviceexthost.dll+a423|C:\\Windows\\SYSTEM32\\ntdll.dll+62ce9|C:\\Windows\\SYSTEM32\\ntdll.dll+62971|C:\\Windows\\SYSTEM32\\ntdll.dll+627d0|C:\\Windows\\SYSTEM32\\ntdll.dll+10ebc|C:\\Windows\\SYSTEM32\\ntdll.dll+52f26|C:\\Windows\\System32\\KERNEL32.DLL+17034|C:\\Windows\\SYSTEM32\\ntdll.dll+52651\r\nSourceUser: NT AUTHORITY\\SYSTEM\r\nTargetUser: MSSENTINEL\\wardog","EventData":"\u003cEventData xmlns=\"http://schemas.microsoft.com/win/2004/08/events/event\"\u003e\u003cData Name=\"RuleName\"\u003e-\u003c/Data\u003e\u003cData Name=\"UtcTime\"\u003e2022-09-22 16:31:23.555\u003c/Data\u003e\u003cData Name=\"SourceProcessGUID\"\u003e{03bfca49-b064-632b-0d00-000000000b00}\u003c/Data\u003e\u003cData Name=\"SourceProcessId\"\u003e888\u003c/Data\u003e\u003cData Name=\"SourceThreadId\"\u003e11528\u003c/Data\u003e\u003cData Name=\"SourceImage\"\u003eC:\\Windows\\system32\\svchost.exe\u003c/Data\u003e\u003cData Name=\"TargetProcessGUID\"\u003e{03bfca49-7635-632c-410c-000000000b00}\u003c/Data\u003e\u003cData Name=\"TargetProcessId\"\u003e12680\u003c/Data\u003e\u003cData Name=\"TargetImage\"\u003eC:\\Windows\\system32\\conhost.exe\u003c/Data\u003e\u003cData Name=\"GrantedAccess\"\u003e0x2000\u003c/Data\u003e\u003cData Name=\"CallTrace\"\u003eC:\\Windows\\SYSTEM32\\ntdll.dll+9d234|C:\\Windows\\SYSTEM32\\psmserviceexthost.dll+a629|C:\\Windows\\SYSTEM32\\psmserviceexthost.dll+a423|C:\\Windows\\SYSTEM32\\ntdll.dll+62ce9|C:\\Windows\\SYSTEM32\\ntdll.dll+62971|C:\\Windows\\SYSTEM32\\ntdll.dll+627d0|C:\\Windows\\SYSTEM32\\ntdll.dll+10ebc|C:\\Windows\\SYSTEM32\\ntdll.dll+52f26|C:\\Windows\\System32\\KERNEL32.DLL+17034|C:\\Windows\\SYSTEM32\\ntdll.dll+52651\u003c/Data\u003e\u003cData Name=\"SourceUser\"\u003eNT AUTHORITY\\SYSTEM\u003c/Data\u003e\u003cData Name=\"TargetUser\"\u003eMSSENTINEL\\wardog\u003c/Data\u003e\u003c/EventData\u003e","Task":"10","RuleName":"-","UtcTime":"2022-09-22 16:31:23.555","SourceProcessGUID":"{03bfca49-b064-632b-0d00-000000000b00}","SourceProcessId":"888","SourceThreadId":"11528","SourceImage":"C:\\Windows\\system32\\svchost.exe","TargetProcessGUID":"{03bfca49-7635-632c-410c-000000000b00}","TargetProcessId":"12680","TargetImage":"C:\\Windows\\system32\\conhost.exe","GrantedAccess":"0x2000","CallTrace":"C:\\Windows\\SYSTEM32\\ntdll.dll+9d234|C:\\Windows\\SYSTEM32\\psmserviceexthost.dll+a629|C:\\Windows\\SYSTEM32\\psmserviceexthost.dll+a423|C:\\Windows\\SYSTEM32\\ntdll.dll+62ce9|C:\\Windows\\SYSTEM32\\ntdll.dll+62971|C:\\Windows\\SYSTEM32\\ntdll.dll+627d0|C:\\Windows\\SYSTEM32\\ntdll.dll+10ebc|C:\\Windows\\SYSTEM32\\ntdll.dll+52f26|C:\\Windows\\System32\\KERNEL32.DLL+17034|C:\\Windows\\SYSTEM32\\ntdll.dll+52651","SourceUser":"NT AUTHORITY\\SYSTEM","TargetUser":"MSSENTINEL\\wardog"},{"EventSourceName":"Microsoft-Windows-Sysmon","Provider":"Microsoft-Windows-Sysmon","ProviderGuid":"{5770385f-c22a-43e0-bf4c-06f5698ffbd9}","Level":"4","Keywords":"0x8000000000000000","Channel":"Microsoft-Windows-Sysmon/Operational","Computer":"WORKSTATION6.mssentinel.local","TimeCreated":"2022-09-22T12:31:23.563Z","TimeGenerated":"2022-09-22T04:31:23.563Z","EventRecordID":"3328579","EventID":10,"Message":"Process accessed:\r\nRuleName: -\r\nUtcTime: 2022-09-22 16:31:23.555\r\nSourceProcessGUID: {03bfca49-7152-632c-7a0b-000000000b00}\r\nSourceProcessId: 8740\r\nSourceThreadId: 10892\r\nSourceImage: C:\\Windows\\Explorer.EXE\r\nTargetProcessGUID: {03bfca49-7635-632c-410c-000000000b00}\r\nTargetProcessId: 12680\r\nTargetImage: C:\\Windows\\system32\\conhost.exe\r\nGrantedAccess: 0x1410\r\nCallTrace: C:\\Windows\\SYSTEM32\\ntdll.dll+9d234|C:\\Windows\\System32\\KERNELBASE.dll+2c0ce|C:\\Windows\\system32\\twinui.pcshell.dll+33cbf|C:\\Windows\\system32\\twinui.pcshell.dll+13719e|C:\\Windows\\System32\\KERNEL32.DLL+17034|C:\\Windows\\SYSTEM32\\ntdll.dll+52651\r\nSourceUser: MSSENTINEL\\wardog\r\nTargetUser: MSSENTINEL\\wardog","EventData":"\u003cEventData xmlns=\"http://schemas.microsoft.com/win/2004/08/events/event\"\u003e\u003cData Name=\"RuleName\"\u003e-\u003c/Data\u003e\u003cData Name=\"UtcTime\"\u003e2022-09-22 16:31:23.555\u003c/Data\u003e\u003cData Name=\"SourceProcessGUID\"\u003e{03bfca49-7152-632c-7a0b-000000000b00}\u003c/Data\u003e\u003cData Name=\"SourceProcessId\"\u003e8740\u003c/Data\u003e\u003cData Name=\"SourceThreadId\"\u003e10892\u003c/Data\u003e\u003cData Name=\"SourceImage\"\u003eC:\\Windows\\Explorer.EXE\u003c/Data\u003e\u003cData Name=\"TargetProcessGUID\"\u003e{03bfca49-7635-632c-410c-000000000b00}\u003c/Data\u003e\u003cData Name=\"TargetProcessId\"\u003e12680\u003c/Data\u003e\u003cData Name=\"TargetImage\"\u003eC:\\Windows\\system32\\conhost.exe\u003c/Data\u003e\u003cData Name=\"GrantedAccess\"\u003e0x1410\u003c/Data\u003e\u003cData Name=\"CallTrace\"\u003eC:\\Windows\\SYSTEM32\\ntdll.dll+9d234|C:\\Windows\\System32\\KERNELBASE.dll+2c0ce|C:\\Windows\\system32\\twinui.pcshell.dll+33cbf|C:\\Windows\\system32\\twinui.pcshell.dll+13719e|C:\\Windows\\System32\\KERNEL32.DLL+17034|C:\\Windows\\SYSTEM32\\ntdll.dll+52651\u003c/Data\u003e\u003cData Name=\"SourceUser\"\u003eMSSENTINEL\\wardog\u003c/Data\u003e\u003cData Name=\"TargetUser\"\u003eMSSENTINEL\\wardog\u003c/Data\u003e\u003c/EventData\u003e","Task":"10","RuleName":"-","UtcTime":"2022-09-22 16:31:23.555","SourceProcessGUID":"{03bfca49-7152-632c-7a0b-000000000b00}","SourceProcessId":"8740","SourceThreadId":"10892","SourceImage":"C:\\Windows\\Explorer.EXE","TargetProcessGUID":"{03bfca49-7635-632c-410c-000000000b00}","TargetProcessId":"12680","TargetImage":"C:\\Windows\\system32\\conhost.exe","GrantedAccess":"0x1410","CallTrace":"C:\\Windows\\SYSTEM32\\ntdll.dll+9d234|C:\\Windows\\System32\\KERNELBASE.dll+2c0ce|C:\\Windows\\system32\\twinui.pcshell.dll+33cbf|C:\\Windows\\system32\\twinui.pcshell.dll+13719e|C:\\Windows\\System32\\KERNEL32.DLL+17034|C:\\Windows\\SYSTEM32\\ntdll.dll+52651","SourceUser":"MSSENTINEL\\wardog","TargetUser":"MSSENTINEL\\wardog"},{"EventSourceName":"Microsoft-Windows-Sysmon","Provider":"Microsoft-Windows-Sysmon","ProviderGuid":"{5770385f-c22a-43e0-bf4c-06f5698ffbd9}","Level":"4","Keywords":"0x8000000000000000","Channel":"Microsoft-Windows-Sysmon/Operational","Computer":"WORKSTATION6.mssentinel.local","TimeCreated":"2022-09-22T12:31:23.563Z","TimeGenerated":"2022-09-22T04:31:23.563Z","EventRecordID":"3328580","EventID":10,"Message":"Process accessed:\r\nRuleName: -\r\nUtcTime: 2022-09-22 16:31:23.555\r\nSourceProcessGUID: {03bfca49-7152-632c-7a0b-000000000b00}\r\nSourceProcessId: 8740\r\nSourceThreadId: 10892\r\nSourceImage: C:\\Windows\\Explorer.EXE\r\nTargetProcessGUID: {03bfca49-7635-632c-410c-000000000b00}\r\nTargetProcessId: 12680\r\nTargetImage: C:\\Windows\\system32\\conhost.exe\r\nGrantedAccess: 0x1000\r\nCallTrace: C:\\Windows\\SYSTEM32\\ntdll.dll+9d234|C:\\Windows\\System32\\KERNELBASE.dll+2c0ce|C:\\Windows\\System32\\appresolver.dll+25016|C:\\Windows\\System32\\appresolver.dll+21b43|C:\\Windows\\system32\\twinui.pcshell.dll+33f07|C:\\Windows\\system32\\twinui.pcshell.dll+13719e|C:\\Windows\\System32\\KERNEL32.DLL+17034|C:\\Windows\\SYSTEM32\\ntdll.dll+52651\r\nSourceUser: MSSENTINEL\\wardog\r\nTargetUser: MSSENTINEL\\wardog","EventData":"\u003cEventData xmlns=\"http://schemas.microsoft.com/win/2004/08/events/event\"\u003e\u003cData Name=\"RuleName\"\u003e-\u003c/Data\u003e\u003cData Name=\"UtcTime\"\u003e2022-09-22 16:31:23.555\u003c/Data\u003e\u003cData Name=\"SourceProcessGUID\"\u003e{03bfca49-7152-632c-7a0b-000000000b00}\u003c/Data\u003e\u003cData Name=\"SourceProcessId\"\u003e8740\u003c/Data\u003e\u003cData Name=\"SourceThreadId\"\u003e10892\u003c/Data\u003e\u003cData Name=\"SourceImage\"\u003eC:\\Windows\\Explorer.EXE\u003c/Data\u003e\u003cData Name=\"TargetProcessGUID\"\u003e{03bfca49-7635-632c-410c-000000000b00}\u003c/Data\u003e\u003cData Name=\"TargetProcessId\"\u003e12680\u003c/Data\u003e\u003cData Name=\"TargetImage\"\u003eC:\\Windows\\system32\\conhost.exe\u003c/Data\u003e\u003cData Name=\"GrantedAccess\"\u003e0x1000\u003c/Data\u003e\u003cData Name=\"CallTrace\"\u003eC:\\Windows\\SYSTEM32\\ntdll.dll+9d234|C:\\Windows\\System32\\KERNELBASE.dll+2c0ce|C:\\Windows\\System32\\appresolver.dll+25016|C:\\Windows\\System32\\appresolver.dll+21b43|C:\\Windows\\system32\\twinui.pcshell.dll+33f07|C:\\Windows\\system32\\twinui.pcshell.dll+13719e|C:\\Windows\\System32\\KERNEL32.DLL+17034|C:\\Windows\\SYSTEM32\\ntdll.dll+52651\u003c/Data\u003e\u003cData Name=\"SourceUser\"\u003eMSSENTINEL\\wardog\u003c/Data\u003e\u003cData Name=\"TargetUser\"\u003eMSSENTINEL\\wardog\u003c/Data\u003e\u003c/EventData\u003e","Task":"10","RuleName":"-","UtcTime":"2022-09-22 16:31:23.555","SourceProcessGUID":"{03bfca49-7152-632c-7a0b-000000000b00}","SourceProcessId":"8740","SourceThreadId":"10892","SourceImage":"C:\\Windows\\Explorer.EXE","TargetProcessGUID":"{03bfca49-7635-632c-410c-000000000b00}","TargetProcessId":"12680","TargetImage":"C:\\Windows\\system32\\conhost.exe","GrantedAccess":"0x1000","CallTrace":"C:\\Windows\\SYSTEM32\\ntdll.dll+9d234|C:\\Windows\\System32\\KERNELBASE.dll+2c0ce|C:\\Windows\\System32\\appresolver.dll+25016|C:\\Windows\\System32\\appresolver.dll+21b43|C:\\Windows\\system32\\twinui.pcshell.dll+33f07|C:\\Windows\\system32\\twinui.pcshell.dll+13719e|C:\\Windows\\System32\\KERNEL32.DLL+17034|C:\\Windows\\SYSTEM32\\ntdll.dll+52651","SourceUser":"MSSENTINEL\\wardog","TargetUser":"MSSENTINEL\\wardog"},{"EventSourceName":"Microsoft-Windows-Sysmon","Provider":"Microsoft-Windows-Sysmon","ProviderGuid":"{5770385f-c22a-43e0-bf4c-06f5698ffbd9}","Level":"4","Keywords":"0x8000000000000000","Channel":"Microsoft-Windows-Sysmon/Operational","Computer":"WORKSTATION6.mssentinel.local","TimeCreated":"2022-09-22T12:31:23.563Z","TimeGenerated":"2022-09-22T04:31:23.563Z","EventRecordID":"3328581","EventID":10,"Message":"Process accessed:\r\nRuleName: -\r\nUtcTime: 2022-09-22 16:31:23.555\r\nSourceProcessGUID: {03bfca49-7152-632c-7a0b-000000000b00}\r\nSourceProcessId: 8740\r\nSourceThreadId: 10892\r\nSourceImage: C:\\Windows\\Explorer.EXE\r\nTargetProcessGUID: {03bfca49-7635-632c-410c-000000000b00}\r\nTargetProcessId: 12680\r\nTargetImage: C:\\Windows\\system32\\conhost.exe\r\nGrantedAccess: 0x1000\r\nCallTrace: C:\\Windows\\SYSTEM32\\ntdll.dll+9d234|C:\\Windows\\System32\\KERNELBASE.dll+2c0ce|C:\\Windows\\System32\\appresolver.dll+21c0b|C:\\Windows\\system32\\twinui.pcshell.dll+33f07|C:\\Windows\\system32\\twinui.pcshell.dll+13719e|C:\\Windows\\System32\\KERNEL32.DLL+17034|C:\\Windows\\SYSTEM32\\ntdll.dll+52651\r\nSourceUser: MSSENTINEL\\wardog\r\nTargetUser: MSSENTINEL\\wardog","EventData":"\u003cEventData xmlns=\"http://schemas.microsoft.com/win/2004/08/events/event\"\u003e\u003cData Name=\"RuleName\"\u003e-\u003c/Data\u003e\u003cData Name=\"UtcTime\"\u003e2022-09-22 16:31:23.555\u003c/Data\u003e\u003cData Name=\"SourceProcessGUID\"\u003e{03bfca49-7152-632c-7a0b-000000000b00}\u003c/Data\u003e\u003cData Name=\"SourceProcessId\"\u003e8740\u003c/Data\u003e\u003cData Name=\"SourceThreadId\"\u003e10892\u003c/Data\u003e\u003cData Name=\"SourceImage\"\u003eC:\\Windows\\Explorer.EXE\u003c/Data\u003e\u003cData Name=\"TargetProcessGUID\"\u003e{03bfca49-7635-632c-410c-000000000b00}\u003c/Data\u003e\u003cData Name=\"TargetProcessId\"\u003e12680\u003c/Data\u003e\u003cData Name=\"TargetImage\"\u003eC:\\Windows\\system32\\conhost.exe\u003c/Data\u003e\u003cData Name=\"GrantedAccess\"\u003e0x1000\u003c/Data\u003e\u003cData Name=\"CallTrace\"\u003eC:\\Windows\\SYSTEM32\\ntdll.dll+9d234|C:\\Windows\\System32\\KERNELBASE.dll+2c0ce|C:\\Windows\\System32\\appresolver.dll+21c0b|C:\\Windows\\system32\\twinui.pcshell.dll+33f07|C:\\Windows\\system32\\twinui.pcshell.dll+13719e|C:\\Windows\\System32\\KERNEL32.DLL+17034|C:\\Windows\\SYSTEM32\\ntdll.dll+52651\u003c/Data\u003e\u003cData Name=\"SourceUser\"\u003eMSSENTINEL\\wardog\u003c/Data\u003e\u003cData Name=\"TargetUser\"\u003eMSSENTINEL\\wardog\u003c/Data\u003e\u003c/EventData\u003e","Task":"10","RuleName":"-","UtcTime":"2022-09-22 16:31:23.555","SourceProcessGUID":"{03bfca49-7152-632c-7a0b-000000000b00}","SourceProcessId":"8740","SourceThreadId":"10892","SourceImage":"C:\\Windows\\Explorer.EXE","TargetProcessGUID":"{03bfca49-7635-632c-410c-000000000b00}","TargetProcessId":"12680","TargetImage":"C:\\Windows\\system32\\conhost.exe","GrantedAccess":"0x1000","CallTrace":"C:\\Windows\\SYSTEM32\\ntdll.dll+9d234|C:\\Windows\\System32\\KERNELBASE.dll+2c0ce|C:\\Windows\\System32\\appresolver.dll+21c0b|C:\\Windows\\system32\\twinui.pcshell.dll+33f07|C:\\Windows\\system32\\twinui.pcshell.dll+13719e|C:\\Windows\\System32\\KERNEL32.DLL+17034|C:\\Windows\\SYSTEM32\\ntdll.dll+52651","SourceUser":"MSSENTINEL\\wardog","TargetUser":"MSSENTINEL\\wardog"},{"EventSourceName":"Microsoft-Windows-Sysmon","Provider":"Microsoft-Windows-Sysmon","ProviderGuid":"{5770385f-c22a-43e0-bf4c-06f5698ffbd9}","Level":"4","Keywords":"0x8000000000000000","Channel":"Microsoft-Windows-Sysmon/Operational","Computer":"WORKSTATION6.mssentinel.local","TimeCreated":"2022-09-22T12:31:23.563Z","TimeGenerated":"2022-09-22T04:31:23.563Z","EventRecordID":"3328582","EventID":10,"Message":"Process accessed:\r\nRuleName: -\r\nUtcTime: 2022-09-22 16:31:23.555\r\nSourceProcessGUID: {03bfca49-7152-632c-7a0b-000000000b00}\r\nSourceProcessId: 8740\r\nSourceThreadId: 10892\r\nSourceImage: C:\\Windows\\Explorer.EXE\r\nTargetProcessGUID: {03bfca49-7635-632c-410c-000000000b00}\r\nTargetProcessId: 12680\r\nTargetImage: C:\\Windows\\system32\\conhost.exe\r\nGrantedAccess: 0x1410\r\nCallTrace: C:\\Windows\\SYSTEM32\\ntdll.dll+9d234|C:\\Windows\\System32\\KERNELBASE.dll+2c0ce|C:\\Windows\\System32\\appresolver.dll+24d21|C:\\Windows\\System32\\appresolver.dll+21ce7|C:\\Windows\\system32\\twinui.pcshell.dll+33f07|C:\\Windows\\system32\\twinui.pcshell.dll+13719e|C:\\Windows\\System32\\KERNEL32.DLL+17034|C:\\Windows\\SYSTEM32\\ntdll.dll+52651\r\nSourceUser: MSSENTINEL\\wardog\r\nTargetUser: MSSENTINEL\\wardog","EventData":"\u003cEventData xmlns=\"http://schemas.microsoft.com/win/2004/08/events/event\"\u003e\u003cData Name=\"RuleName\"\u003e-\u003c/Data\u003e\u003cData Name=\"UtcTime\"\u003e2022-09-22 16:31:23.555\u003c/Data\u003e\u003cData Name=\"SourceProcessGUID\"\u003e{03bfca49-7152-632c-7a0b-000000000b00}\u003c/Data\u003e\u003cData Name=\"SourceProcessId\"\u003e8740\u003c/Data\u003e\u003cData Name=\"SourceThreadId\"\u003e10892\u003c/Data\u003e\u003cData Name=\"SourceImage\"\u003eC:\\Windows\\Explorer.EXE\u003c/Data\u003e\u003cData Name=\"TargetProcessGUID\"\u003e{03bfca49-7635-632c-410c-000000000b00}\u003c/Data\u003e\u003cData Name=\"TargetProcessId\"\u003e12680\u003c/Data\u003e\u003cData Name=\"TargetImage\"\u003eC:\\Windows\\system32\\conhost.exe\u003c/Data\u003e\u003cData Name=\"GrantedAccess\"\u003e0x1410\u003c/Data\u003e\u003cData Name=\"CallTrace\"\u003eC:\\Windows\\SYSTEM32\\ntdll.dll+9d234|C:\\Windows\\System32\\KERNELBASE.dll+2c0ce|C:\\Windows\\System32\\appresolver.dll+24d21|C:\\Windows\\System32\\appresolver.dll+21ce7|C:\\Windows\\system32\\twinui.pcshell.dll+33f07|C:\\Windows\\system32\\twinui.pcshell.dll+13719e|C:\\Windows\\System32\\KERNEL32.DLL+17034|C:\\Windows\\SYSTEM32\\ntdll.dll+52651\u003c/Data\u003e\u003cData Name=\"SourceUser\"\u003eMSSENTINEL\\wardog\u003c/Data\u003e\u003cData Name=\"TargetUser\"\u003eMSSENTINEL\\wardog\u003c/Data\u003e\u003c/EventData\u003e","Task":"10","RuleName":"-","UtcTime":"2022-09-22 16:31:23.555","SourceProcessGUID":"{03bfca49-7152-632c-7a0b-000000000b00}","SourceProcessId":"8740","SourceThreadId":"10892","SourceImage":"C:\\Windows\\Explorer.EXE","TargetProcessGUID":"{03bfca49-7635-632c-410c-000000000b00}","TargetProcessId":"12680","TargetImage":"C:\\Windows\\system32\\conhost.exe","GrantedAccess":"0x1410","CallTrace":"C:\\Windows\\SYSTEM32\\ntdll.dll+9d234|C:\\Windows\\System32\\KERNELBASE.dll+2c0ce|C:\\Windows\\System32\\appresolver.dll+24d21|C:\\Windows\\System32\\appresolver.dll+21ce7|C:\\Windows\\system32\\twinui.pcshell.dll+33f07|C:\\Windows\\system32\\twinui.pcshell.dll+13719e|C:\\Windows\\System32\\KERNEL32.DLL+17034|C:\\Windows\\SYSTEM32\\ntdll.dll+52651","SourceUser":"MSSENTINEL\\wardog","TargetUser":"MSSENTINEL\\wardog"},{"EventSourceName":"Microsoft-Windows-Sysmon","Provider":"Microsoft-Windows-Sysmon","ProviderGuid":"{5770385f-c22a-43e0-bf4c-06f5698ffbd9}","Level":"4","Keywords":"0x8000000000000000","Channel":"Microsoft-Windows-Sysmon/Operational","Computer":"WORKSTATION6.mssentinel.local","TimeCreated":"2022-09-22T12:31:23.576Z","TimeGenerated":"2022-09-22T04:31:23.576Z","EventRecordID":"3328583","EventID":10,"Message":"Process accessed:\r\nRuleName: -\r\nUtcTime: 2022-09-22 16:31:23.555\r\nSourceProcessGUID: {03bfca49-7152-632c-7a0b-000000000b00}\r\nSourceProcessId: 8740\r\nSourceThreadId: 9524\r\nSourceImage: C:\\Windows\\Explorer.EXE\r\nTargetProcessGUID: {03bfca49-7634-632c-400c-000000000b00}\r\nTargetProcessId: 1228\r\nTargetImage: C:\\Windows\\System32\\WindowsPowerShell\\v1.0\\powershell.exe\r\nGrantedAccess: 0x1000\r\nCallTrace: C:\\Windows\\SYSTEM32\\ntdll.dll+9d234|C:\\Windows\\System32\\KERNELBASE.dll+2c0ce|C:\\Windows\\SYSTEM32\\TWINAPI.dll+2d77|C:\\Windows\\system32\\twinui.pcshell.dll+3835d|C:\\Windows\\system32\\twinui.pcshell.dll+37adc|C:\\Windows\\system32\\twinui.dll+68ebc|C:\\Windows\\system32\\twinui.dll+68e1c|C:\\Windows\\system32\\twinui.dll+6101a|C:\\Windows\\system32\\twinui.dll+6094a|C:\\Windows\\system32\\twinui.dll+611eb|C:\\Windows\\system32\\twinui.dll+60a0d|C:\\Windows\\System32\\user32.dll+e7e8|C:\\Windows\\System32\\user32.dll+e229|C:\\Windows\\System32\\windows.immersiveshell.serviceprovider.dll+cc93|C:\\Windows\\System32\\windows.immersiveshell.serviceprovider.dll+c823|C:\\Windows\\System32\\windows.immersiveshell.serviceprovider.dll+f523|C:\\Windows\\System32\\windows.immersiveshell.serviceprovider.dll+f582|C:\\Windows\\System32\\KERNEL32.DLL+17034|C:\\Windows\\SYSTEM32\\ntdll.dll+52651\r\nSourceUser: MSSENTINEL\\wardog\r\nTargetUser: MSSENTINEL\\wardog","EventData":"\u003cEventData xmlns=\"http://schemas.microsoft.com/win/2004/08/events/event\"\u003e\u003cData Name=\"RuleName\"\u003e-\u003c/Data\u003e\u003cData Name=\"UtcTime\"\u003e2022-09-22 16:31:23.555\u003c/Data\u003e\u003cData Name=\"SourceProcessGUID\"\u003e{03bfca49-7152-632c-7a0b-000000000b00}\u003c/Data\u003e\u003cData Name=\"SourceProcessId\"\u003e8740\u003c/Data\u003e\u003cData Name=\"SourceThreadId\"\u003e9524\u003c/Data\u003e\u003cData Name=\"SourceImage\"\u003eC:\\Windows\\Explorer.EXE\u003c/Data\u003e\u003cData Name=\"TargetProcessGUID\"\u003e{03bfca49-7634-632c-400c-000000000b00}\u003c/Data\u003e\u003cData Name=\"TargetProcessId\"\u003e1228\u003c/Data\u003e\u003cData Name=\"TargetImage\"\u003eC:\\Windows\\System32\\WindowsPowerShell\\v1.0\\powershell.exe\u003c/Data\u003e\u003cData Name=\"GrantedAccess\"\u003e0x1000\u003c/Data\u003e\u003cData Name=\"CallTrace\"\u003eC:\\Windows\\SYSTEM32\\ntdll.dll+9d234|C:\\Windows\\System32\\KERNELBASE.dll+2c0ce|C:\\Windows\\SYSTEM32\\TWINAPI.dll+2d77|C:\\Windows\\system32\\twinui.pcshell.dll+3835d|C:\\Windows\\system32\\twinui.pcshell.dll+37adc|C:\\Windows\\system32\\twinui.dll+68ebc|C:\\Windows\\system32\\twinui.dll+68e1c|C:\\Windows\\system32\\twinui.dll+6101a|C:\\Windows\\system32\\twinui.dll+6094a|C:\\Windows\\system32\\twinui.dll+611eb|C:\\Windows\\system32\\twinui.dll+60a0d|C:\\Windows\\System32\\user32.dll+e7e8|C:\\Windows\\System32\\user32.dll+e229|C:\\Windows\\System32\\windows.immersiveshell.serviceprovider.dll+cc93|C:\\Windows\\System32\\windows.immersiveshell.serviceprovider.dll+c823|C:\\Windows\\System32\\windows.immersiveshell.serviceprovider.dll+f523|C:\\Windows\\System32\\windows.immersiveshell.serviceprovider.dll+f582|C:\\Windows\\System32\\KERNEL32.DLL+17034|C:\\Windows\\SYSTEM32\\ntdll.dll+52651\u003c/Data\u003e\u003cData Name=\"SourceUser\"\u003eMSSENTINEL\\wardog\u003c/Data\u003e\u003cData Name=\"TargetUser\"\u003eMSSENTINEL\\wardog\u003c/Data\u003e\u003c/EventData\u003e","Task":"10","RuleName":"-","UtcTime":"2022-09-22 16:31:23.555","SourceProcessGUID":"{03bfca49-7152-632c-7a0b-000000000b00}","SourceProcessId":"8740","SourceThreadId":"9524","SourceImage":"C:\\Windows\\Explorer.EXE","TargetProcessGUID":"{03bfca49-7634-632c-400c-000000000b00}","TargetProcessId":"1228","TargetImage":"C:\\Windows\\System32\\WindowsPowerShell\\v1.0\\powershell.exe","GrantedAccess":"0x1000","CallTrace":"C:\\Windows\\SYSTEM32\\ntdll.dll+9d234|C:\\Windows\\System32\\KERNELBASE.dll+2c0ce|C:\\Windows\\SYSTEM32\\TWINAPI.dll+2d77|C:\\Windows\\system32\\twinui.pcshell.dll+3835d|C:\\Windows\\system32\\twinui.pcshell.dll+37adc|C:\\Windows\\system32\\twinui.dll+68ebc|C:\\Windows\\system32\\twinui.dll+68e1c|C:\\Windows\\system32\\twinui.dll+6101a|C:\\Windows\\system32\\twinui.dll+6094a|C:\\Windows\\system32\\twinui.dll+611eb|C:\\Windows\\system32\\twinui.dll+60a0d|C:\\Windows\\System32\\user32.dll+e7e8|C:\\Windows\\System32\\user32.dll+e229|C:\\Windows\\System32\\windows.immersiveshell.serviceprovider.dll+cc93|C:\\Windows\\System32\\windows.immersiveshell.serviceprovider.dll+c823|C:\\Windows\\System32\\windows.immersiveshell.serviceprovider.dll+f523|C:\\Windows\\System32\\windows.immersiveshell.serviceprovider.dll+f582|C:\\Windows\\System32\\KERNEL32.DLL+17034|C:\\Windows\\SYSTEM32\\ntdll.dll+52651","SourceUser":"MSSENTINEL\\wardog","TargetUser":"MSSENTINEL\\wardog"},