{"EventSourceName":"Microsoft-Windows-Sysmon","Provider":"Microsoft-Windows-Sysmon","ProviderGuid":"{5770385f-c22a-43e0-bf4c-06f5698ffbd9}","Level":"4","Keywords":"0x8000000000000000","Channel":"Microsoft-Windows-Sysmon/Operational","Computer":"WORKSTATION6.mssentinel.local","TimeCreated":"2022-09-22T12:31:21.976Z","TimeGenerated":"2022-09-22T04:31:21.976Z","EventRecordID":"3328194","EventID":8,"Message":"CreateRemoteThread detected:\r\nRuleName: -\r\nUtcTime: 2022-09-22 16:31:21.961\r\nSourceProcessGuid: {03bfca49-8c7c-632c-430d-000000000b00}\r\nSourceProcessId: 11720\r\nSourceImage: C:\\Windows\\System32\\WindowsPowerShell\\v1.0\\powershell.exe\r\nTargetProcessGuid: {03bfca49-8dd2-632c-550d-000000000b00}\r\nTargetProcessId: 12372\r\nTargetImage: C:\\Windows\\System32\\notepad.exe\r\nNewThreadId: 6924\r\nStartAddress: 0x000002047FCA0000\r\nStartModule: -\r\nStartFunction: -\r\nSourceUser: MSSENTINEL\\wardog\r\nTargetUser: MSSENTINEL\\wardog","EventData":"\u003cEventData xmlns=\"http://schemas.microsoft.com/win/2004/08/events/event\"\u003e\u003cData Name=\"RuleName\"\u003e-\u003c/Data\u003e\u003cData Name=\"UtcTime\"\u003e2022-09-22 16:31:21.961\u003c/Data\u003e\u003cData Name=\"SourceProcessGuid\"\u003e{03bfca49-8c7c-632c-430d-000000000b00}\u003c/Data\u003e\u003cData Name=\"SourceProcessId\"\u003e11720\u003c/Data\u003e\u003cData Name=\"SourceImage\"\u003eC:\\Windows\\System32\\WindowsPowerShell\\v1.0\\powershell.exe\u003c/Data\u003e\u003cData Name=\"TargetProcessGuid\"\u003e{03bfca49-8dd2-632c-550d-000000000b00}\u003c/Data\u003e\u003cData Name=\"TargetProcessId\"\u003e12372\u003c/Data\u003e\u003cData Name=\"TargetImage\"\u003eC:\\Windows\\System32\\notepad.exe\u003c/Data\u003e\u003cData Name=\"NewThreadId\"\u003e6924\u003c/Data\u003e\u003cData Name=\"StartAddress\"\u003e0x000002047FCA0000\u003c/Data\u003e\u003cData Name=\"StartModule\"\u003e-\u003c/Data\u003e\u003cData Name=\"StartFunction\"\u003e-\u003c/Data\u003e\u003cData Name=\"SourceUser\"\u003eMSSENTINEL\\wardog\u003c/Data\u003e\u003cData Name=\"TargetUser\"\u003eMSSENTINEL\\wardog\u003c/Data\u003e\u003c/EventData\u003e","Task":"8","RuleName":"-","UtcTime":"2022-09-22 16:31:21.961","SourceProcessGuid":"{03bfca49-8c7c-632c-430d-000000000b00}","SourceProcessId":"11720","SourceImage":"C:\\Windows\\System32\\WindowsPowerShell\\v1.0\\powershell.exe","TargetProcessGuid":"{03bfca49-8dd2-632c-550d-000000000b00}","TargetProcessId":"12372","TargetImage":"C:\\Windows\\System32\\notepad.exe","NewThreadId":"6924","StartAddress":"0x000002047FCA0000","StartModule":"-","StartFunction":"-","SourceUser":"MSSENTINEL\\wardog","TargetUser":"MSSENTINEL\\wardog"},{"EventSourceName":"Microsoft-Windows-Sysmon","Provider":"Microsoft-Windows-Sysmon","ProviderGuid":"{5770385f-c22a-43e0-bf4c-06f5698ffbd9}","Level":"4","Keywords":"0x8000000000000000","Channel":"Microsoft-Windows-Sysmon/Operational","Computer":"WORKSTATION6.mssentinel.local","TimeCreated":"2022-09-22T12:31:22.023Z","TimeGenerated":"2022-09-22T04:31:22.023Z","EventRecordID":"3328195","EventID":8,"Message":"CreateRemoteThread detected:\r\nRuleName: -\r\nUtcTime: 2022-09-22 16:31:22.008\r\nSourceProcessGuid: {03bfca49-8c7c-632c-430d-000000000b00}\r\nSourceProcessId: 11720\r\nSourceImage: C:\\Windows\\System32\\WindowsPowerShell\\v1.0\\powershell.exe\r\nTargetProcessGuid: {03bfca49-8dd2-632c-550d-000000000b00}\r\nTargetProcessId: 12372\r\nTargetImage: C:\\Windows\\System32\\notepad.exe\r\nNewThreadId: 12308\r\nStartAddress: 0x000002047FCA0000\r\nStartModule: -\r\nStartFunction: -\r\nSourceUser: MSSENTINEL\\wardog\r\nTargetUser: MSSENTINEL\\wardog","EventData":"\u003cEventData xmlns=\"http://schemas.microsoft.com/win/2004/08/events/event\"\u003e\u003cData Name=\"RuleName\"\u003e-\u003c/Data\u003e\u003cData Name=\"UtcTime\"\u003e2022-09-22 16:31:22.008\u003c/Data\u003e\u003cData Name=\"SourceProcessGuid\"\u003e{03bfca49-8c7c-632c-430d-000000000b00}\u003c/Data\u003e\u003cData Name=\"SourceProcessId\"\u003e11720\u003c/Data\u003e\u003cData Name=\"SourceImage\"\u003eC:\\Windows\\System32\\WindowsPowerShell\\v1.0\\powershell.exe\u003c/Data\u003e\u003cData Name=\"TargetProcessGuid\"\u003e{03bfca49-8dd2-632c-550d-000000000b00}\u003c/Data\u003e\u003cData Name=\"TargetProcessId\"\u003e12372\u003c/Data\u003e\u003cData Name=\"TargetImage\"\u003eC:\\Windows\\System32\\notepad.exe\u003c/Data\u003e\u003cData Name=\"NewThreadId\"\u003e12308\u003c/Data\u003e\u003cData Name=\"StartAddress\"\u003e0x000002047FCA0000\u003c/Data\u003e\u003cData Name=\"StartModule\"\u003e-\u003c/Data\u003e\u003cData Name=\"StartFunction\"\u003e-\u003c/Data\u003e\u003cData Name=\"SourceUser\"\u003eMSSENTINEL\\wardog\u003c/Data\u003e\u003cData Name=\"TargetUser\"\u003eMSSENTINEL\\wardog\u003c/Data\u003e\u003c/EventData\u003e","Task":"8","RuleName":"-","UtcTime":"2022-09-22 16:31:22.008","SourceProcessGuid":"{03bfca49-8c7c-632c-430d-000000000b00}","SourceProcessId":"11720","SourceImage":"C:\\Windows\\System32\\WindowsPowerShell\\v1.0\\powershell.exe","TargetProcessGuid":"{03bfca49-8dd2-632c-550d-000000000b00}","TargetProcessId":"12372","TargetImage":"C:\\Windows\\System32\\notepad.exe","NewThreadId":"12308","StartAddress":"0x000002047FCA0000","StartModule":"-","StartFunction":"-","SourceUser":"MSSENTINEL\\wardog","TargetUser":"MSSENTINEL\\wardog"},{"EventSourceName":"Microsoft-Windows-Sysmon","Provider":"Microsoft-Windows-Sysmon","ProviderGuid":"{5770385f-c22a-43e0-bf4c-06f5698ffbd9}","Level":"4","Keywords":"0x8000000000000000","Channel":"Microsoft-Windows-Sysmon/Operational","Computer":"WORKSTATION6.mssentinel.local","TimeCreated":"2022-09-22T12:31:22.031Z","TimeGenerated":"2022-09-22T04:31:22.031Z","EventRecordID":"3328196","EventID":8,"Message":"CreateRemoteThread detected:\r\nRuleName: -\r\nUtcTime: 2022-09-22 16:31:22.024\r\nSourceProcessGuid: {03bfca49-8c7c-632c-430d-000000000b00}\r\nSourceProcessId: 11720\r\nSourceImage: C:\\Windows\\System32\\WindowsPowerShell\\v1.0\\powershell.exe\r\nTargetProcessGuid: {03bfca49-8dd2-632c-550d-000000000b00}\r\nTargetProcessId: 12372\r\nTargetImage: C:\\Windows\\System32\\notepad.exe\r\nNewThreadId: 8380\r\nStartAddress: 0x000002047FCA0000\r\nStartModule: -\r\nStartFunction: -\r\nSourceUser: MSSENTINEL\\wardog\r\nTargetUser: MSSENTINEL\\wardog","EventData":"\u003cEventData xmlns=\"http://schemas.microsoft.com/win/2004/08/events/event\"\u003e\u003cData Name=\"RuleName\"\u003e-\u003c/Data\u003e\u003cData Name=\"UtcTime\"\u003e2022-09-22 16:31:22.024\u003c/Data\u003e\u003cData Name=\"SourceProcessGuid\"\u003e{03bfca49-8c7c-632c-430d-000000000b00}\u003c/Data\u003e\u003cData Name=\"SourceProcessId\"\u003e11720\u003c/Data\u003e\u003cData Name=\"SourceImage\"\u003eC:\\Windows\\System32\\WindowsPowerShell\\v1.0\\powershell.exe\u003c/Data\u003e\u003cData Name=\"TargetProcessGuid\"\u003e{03bfca49-8dd2-632c-550d-000000000b00}\u003c/Data\u003e\u003cData Name=\"TargetProcessId\"\u003e12372\u003c/Data\u003e\u003cData Name=\"TargetImage\"\u003eC:\\Windows\\System32\\notepad.exe\u003c/Data\u003e\u003cData Name=\"NewThreadId\"\u003e8380\u003c/Data\u003e\u003cData Name=\"StartAddress\"\u003e0x000002047FCA0000\u003c/Data\u003e\u003cData Name=\"StartModule\"\u003e-\u003c/Data\u003e\u003cData Name=\"StartFunction\"\u003e-\u003c/Data\u003e\u003cData Name=\"SourceUser\"\u003eMSSENTINEL\\wardog\u003c/Data\u003e\u003cData Name=\"TargetUser\"\u003eMSSENTINEL\\wardog\u003c/Data\u003e\u003c/EventData\u003e","Task":"8","RuleName":"-","UtcTime":"2022-09-22 16:31:22.024","SourceProcessGuid":"{03bfca49-8c7c-632c-430d-000000000b00}","SourceProcessId":"11720","SourceImage":"C:\\Windows\\System32\\WindowsPowerShell\\v1.0\\powershell.exe","TargetProcessGuid":"{03bfca49-8dd2-632c-550d-000000000b00}","TargetProcessId":"12372","TargetImage":"C:\\Windows\\System32\\notepad.exe","NewThreadId":"8380","StartAddress":"0x000002047FCA0000","StartModule":"-","StartFunction":"-","SourceUser":"MSSENTINEL\\wardog","TargetUser":"MSSENTINEL\\wardog"},{"EventSourceName":"Microsoft-Windows-Sysmon","Provider":"Microsoft-Windows-Sysmon","ProviderGuid":"{5770385f-c22a-43e0-bf4c-06f5698ffbd9}","Level":"4","Keywords":"0x8000000000000000","Channel":"Microsoft-Windows-Sysmon/Operational","Computer":"WORKSTATION6.mssentinel.local","TimeCreated":"2022-09-22T12:31:22.037Z","TimeGenerated":"2022-09-22T04:31:22.037Z","EventRecordID":"3328197","EventID":8,"Message":"CreateRemoteThread detected:\r\nRuleName: -\r\nUtcTime: 2022-09-22 16:31:22.024\r\nSourceProcessGuid: {03bfca49-8c7c-632c-430d-000000000b00}\r\nSourceProcessId: 11720\r\nSourceImage: C:\\Windows\\System32\\WindowsPowerShell\\v1.0\\powershell.exe\r\nTargetProcessGuid: {03bfca49-8dd2-632c-550d-000000000b00}\r\nTargetProcessId: 12372\r\nTargetImage: C:\\Windows\\System32\\notepad.exe\r\nNewThreadId: 12820\r\nStartAddress: 0x000002047FCA0000\r\nStartModule: -\r\nStartFunction: -\r\nSourceUser: MSSENTINEL\\wardog\r\nTargetUser: MSSENTINEL\\wardog","EventData":"\u003cEventData xmlns=\"http://schemas.microsoft.com/win/2004/08/events/event\"\u003e\u003cData Name=\"RuleName\"\u003e-\u003c/Data\u003e\u003cData Name=\"UtcTime\"\u003e2022-09-22 16:31:22.024\u003c/Data\u003e\u003cData Name=\"SourceProcessGuid\"\u003e{03bfca49-8c7c-632c-430d-000000000b00}\u003c/Data\u003e\u003cData Name=\"SourceProcessId\"\u003e11720\u003c/Data\u003e\u003cData Name=\"SourceImage\"\u003eC:\\Windows\\System32\\WindowsPowerShell\\v1.0\\powershell.exe\u003c/Data\u003e\u003cData Name=\"TargetProcessGuid\"\u003e{03bfca49-8dd2-632c-550d-000000000b00}\u003c/Data\u003e\u003cData Name=\"TargetProcessId\"\u003e12372\u003c/Data\u003e\u003cData Name=\"TargetImage\"\u003eC:\\Windows\\System32\\notepad.exe\u003c/Data\u003e\u003cData Name=\"NewThreadId\"\u003e12820\u003c/Data\u003e\u003cData Name=\"StartAddress\"\u003e0x000002047FCA0000\u003c/Data\u003e\u003cData Name=\"StartModule\"\u003e-\u003c/Data\u003e\u003cData Name=\"StartFunction\"\u003e-\u003c/Data\u003e\u003cData Name=\"SourceUser\"\u003eMSSENTINEL\\wardog\u003c/Data\u003e\u003cData Name=\"TargetUser\"\u003eMSSENTINEL\\wardog\u003c/Data\u003e\u003c/EventData\u003e","Task":"8","RuleName":"-","UtcTime":"2022-09-22 16:31:22.024","SourceProcessGuid":"{03bfca49-8c7c-632c-430d-000000000b00}","SourceProcessId":"11720","SourceImage":"C:\\Windows\\System32\\WindowsPowerShell\\v1.0\\powershell.exe","TargetProcessGuid":"{03bfca49-8dd2-632c-550d-000000000b00}","TargetProcessId":"12372","TargetImage":"C:\\Windows\\System32\\notepad.exe","NewThreadId":"12820","StartAddress":"0x000002047FCA0000","StartModule":"-","StartFunction":"-","SourceUser":"MSSENTINEL\\wardog","TargetUser":"MSSENTINEL\\wardog"},{"EventSourceName":"Microsoft-Windows-Sysmon","Provider":"Microsoft-Windows-Sysmon","ProviderGuid":"{5770385f-c22a-43e0-bf4c-06f5698ffbd9}","Level":"4","Keywords":"0x8000000000000000","Channel":"Microsoft-Windows-Sysmon/Operational","Computer":"WORKSTATION6.mssentinel.local","TimeCreated":"2022-09-22T12:31:22.045Z","TimeGenerated":"2022-09-22T04:31:22.045Z","EventRecordID":"3328198","EventID":8,"Message":"CreateRemoteThread detected:\r\nRuleName: -\r\nUtcTime: 2022-09-22 16:31:22.039\r\nSourceProcessGuid: {03bfca49-8c7c-632c-430d-000000000b00}\r\nSourceProcessId: 11720\r\nSourceImage: C:\\Windows\\System32\\WindowsPowerShell\\v1.0\\powershell.exe\r\nTargetProcessGuid: {03bfca49-8dd2-632c-550d-000000000b00}\r\nTargetProcessId: 12372\r\nTargetImage: C:\\Windows\\System32\\notepad.exe\r\nNewThreadId: 10548\r\nStartAddress: 0x000002047FCA0000\r\nStartModule: -\r\nStartFunction: -\r\nSourceUser: MSSENTINEL\\wardog\r\nTargetUser: MSSENTINEL\\wardog","EventData":"\u003cEventData xmlns=\"http://schemas.microsoft.com/win/2004/08/events/event\"\u003e\u003cData Name=\"RuleName\"\u003e-\u003c/Data\u003e\u003cData Name=\"UtcTime\"\u003e2022-09-22 16:31:22.039\u003c/Data\u003e\u003cData Name=\"SourceProcessGuid\"\u003e{03bfca49-8c7c-632c-430d-000000000b00}\u003c/Data\u003e\u003cData Name=\"SourceProcessId\"\u003e11720\u003c/Data\u003e\u003cData Name=\"SourceImage\"\u003eC:\\Windows\\System32\\WindowsPowerShell\\v1.0\\powershell.exe\u003c/Data\u003e\u003cData Name=\"TargetProcessGuid\"\u003e{03bfca49-8dd2-632c-550d-000000000b00}\u003c/Data\u003e\u003cData Name=\"TargetProcessId\"\u003e12372\u003c/Data\u003e\u003cData Name=\"TargetImage\"\u003eC:\\Windows\\System32\\notepad.exe\u003c/Data\u003e\u003cData Name=\"NewThreadId\"\u003e10548\u003c/Data\u003e\u003cData Name=\"StartAddress\"\u003e0x000002047FCA0000\u003c/Data\u003e\u003cData Name=\"StartModule\"\u003e-\u003c/Data\u003e\u003cData Name=\"StartFunction\"\u003e-\u003c/Data\u003e\u003cData Name=\"SourceUser\"\u003eMSSENTINEL\\wardog\u003c/Data\u003e\u003cData Name=\"TargetUser\"\u003eMSSENTINEL\\wardog\u003c/Data\u003e\u003c/EventData\u003e","Task":"8","RuleName":"-","UtcTime":"2022-09-22 16:31:22.039","SourceProcessGuid":"{03bfca49-8c7c-632c-430d-000000000b00}","SourceProcessId":"11720","SourceImage":"C:\\Windows\\System32\\WindowsPowerShell\\v1.0\\powershell.exe","TargetProcessGuid":"{03bfca49-8dd2-632c-550d-000000000b00}","TargetProcessId":"12372","TargetImage":"C:\\Windows\\System32\\notepad.exe","NewThreadId":"10548","StartAddress":"0x000002047FCA0000","StartModule":"-","StartFunction":"-","SourceUser":"MSSENTINEL\\wardog","TargetUser":"MSSENTINEL\\wardog"},{"EventSourceName":"Microsoft-Windows-Sysmon","Provider":"Microsoft-Windows-Sysmon","ProviderGuid":"{5770385f-c22a-43e0-bf4c-06f5698ffbd9}","Level":"4","Keywords":"0x8000000000000000","Channel":"Microsoft-Windows-Sysmon/Operational","Computer":"WORKSTATION6.mssentinel.local","TimeCreated":"2022-09-22T12:31:22.050Z","TimeGenerated":"2022-09-22T04:31:22.050Z","EventRecordID":"3328199","EventID":8,"Message":"CreateRemoteThread detected:\r\nRuleName: -\r\nUtcTime: 2022-09-22 16:31:22.039\r\nSourceProcessGuid: {03bfca49-8c7c-632c-430d-000000000b00}\r\nSourceProcessId: 11720\r\nSourceImage: C:\\Windows\\System32\\WindowsPowerShell\\v1.0\\powershell.exe\r\nTargetProcessGuid: {03bfca49-8dd2-632c-550d-000000000b00}\r\nTargetProcessId: 12372\r\nTargetImage: C:\\Windows\\System32\\notepad.exe\r\nNewThreadId: 5532\r\nStartAddress: 0x000002047FCA0000\r\nStartModule: -\r\nStartFunction: -\r\nSourceUser: MSSENTINEL\\wardog\r\nTargetUser: MSSENTINEL\\wardog","EventData":"\u003cEventData xmlns=\"http://schemas.microsoft.com/win/2004/08/events/event\"\u003e\u003cData Name=\"RuleName\"\u003e-\u003c/Data\u003e\u003cData Name=\"UtcTime\"\u003e2022-09-22 16:31:22.039\u003c/Data\u003e\u003cData Name=\"SourceProcessGuid\"\u003e{03bfca49-8c7c-632c-430d-000000000b00}\u003c/Data\u003e\u003cData Name=\"SourceProcessId\"\u003e11720\u003c/Data\u003e\u003cData Name=\"SourceImage\"\u003eC:\\Windows\\System32\\WindowsPowerShell\\v1.0\\powershell.exe\u003c/Data\u003e\u003cData Name=\"TargetProcessGuid\"\u003e{03bfca49-8dd2-632c-550d-000000000b00}\u003c/Data\u003e\u003cData Name=\"TargetProcessId\"\u003e12372\u003c/Data\u003e\u003cData Name=\"TargetImage\"\u003eC:\\Windows\\System32\\notepad.exe\u003c/Data\u003e\u003cData Name=\"NewThreadId\"\u003e5532\u003c/Data\u003e\u003cData Name=\"StartAddress\"\u003e0x000002047FCA0000\u003c/Data\u003e\u003cData Name=\"StartModule\"\u003e-\u003c/Data\u003e\u003cData Name=\"StartFunction\"\u003e-\u003c/Data\u003e\u003cData Name=\"SourceUser\"\u003eMSSENTINEL\\wardog\u003c/Data\u003e\u003cData Name=\"TargetUser\"\u003eMSSENTINEL\\wardog\u003c/Data\u003e\u003c/EventData\u003e","Task":"8","RuleName":"-","UtcTime":"2022-09-22 16:31:22.039","SourceProcessGuid":"{03bfca49-8c7c-632c-430d-000000000b00}","SourceProcessId":"11720","SourceImage":"C:\\Windows\\System32\\WindowsPowerShell\\v1.0\\powershell.exe","TargetProcessGuid":"{03bfca49-8dd2-632c-550d-000000000b00}","TargetProcessId":"12372","TargetImage":"C:\\Windows\\System32\\notepad.exe","NewThreadId":"5532","StartAddress":"0x000002047FCA0000","StartModule":"-","StartFunction":"-","SourceUser":"MSSENTINEL\\wardog","TargetUser":"MSSENTINEL\\wardog"},{"EventSourceName":"Microsoft-Windows-Sysmon","Provider":"Microsoft-Windows-Sysmon","ProviderGuid":"{5770385f-c22a-43e0-bf4c-06f5698ffbd9}","Level":"4","Keywords":"0x8000000000000000","Channel":"Microsoft-Windows-Sysmon/Operational","Computer":"WORKSTATION6.mssentinel.local","TimeCreated":"2022-09-22T12:31:22.059Z","TimeGenerated":"2022-09-22T04:31:22.059Z","EventRecordID":"3328200","EventID":8,"Message":"CreateRemoteThread detected:\r\nRuleName: -\r\nUtcTime: 2022-09-22 16:31:22.055\r\nSourceProcessGuid: {03bfca49-8c7c-632c-430d-000000000b00}\r\nSourceProcessId: 11720\r\nSourceImage: C:\\Windows\\System32\\WindowsPowerShell\\v1.0\\powershell.exe\r\nTargetProcessGuid: {03bfca49-8dd2-632c-550d-000000000b00}\r\nTargetProcessId: 12372\r\nTargetImage: C:\\Windows\\System32\\notepad.exe\r\nNewThreadId: 10960\r\nStartAddress: 0x000002047FCA0000\r\nStartModule: -\r\nStartFunction: -\r\nSourceUser: MSSENTINEL\\wardog\r\nTargetUser: MSSENTINEL\\wardog","EventData":"\u003cEventData xmlns=\"http://schemas.microsoft.com/win/2004/08/events/event\"\u003e\u003cData Name=\"RuleName\"\u003e-\u003c/Data\u003e\u003cData Name=\"UtcTime\"\u003e2022-09-22 16:31:22.055\u003c/Data\u003e\u003cData Name=\"SourceProcessGuid\"\u003e{03bfca49-8c7c-632c-430d-000000000b00}\u003c/Data\u003e\u003cData Name=\"SourceProcessId\"\u003e11720\u003c/Data\u003e\u003cData Name=\"SourceImage\"\u003eC:\\Windows\\System32\\WindowsPowerShell\\v1.0\\powershell.exe\u003c/Data\u003e\u003cData Name=\"TargetProcessGuid\"\u003e{03bfca49-8dd2-632c-550d-000000000b00}\u003c/Data\u003e\u003cData Name=\"TargetProcessId\"\u003e12372\u003c/Data\u003e\u003cData Name=\"TargetImage\"\u003eC:\\Windows\\System32\\notepad.exe\u003c/Data\u003e\u003cData Name=\"NewThreadId\"\u003e10960\u003c/Data\u003e\u003cData Name=\"StartAddress\"\u003e0x000002047FCA0000\u003c/Data\u003e\u003cData Name=\"StartModule\"\u003e-\u003c/Data\u003e\u003cData Name=\"StartFunction\"\u003e-\u003c/Data\u003e\u003cData Name=\"SourceUser\"\u003eMSSENTINEL\\wardog\u003c/Data\u003e\u003cData Name=\"TargetUser\"\u003eMSSENTINEL\\wardog\u003c/Data\u003e\u003c/EventData\u003e","Task":"8","RuleName":"-","UtcTime":"2022-09-22 16:31:22.055","SourceProcessGuid":"{03bfca49-8c7c-632c-430d-000000000b00}","SourceProcessId":"11720","SourceImage":"C:\\Windows\\System32\\WindowsPowerShell\\v1.0\\powershell.exe","TargetProcessGuid":"{03bfca49-8dd2-632c-550d-000000000b00}","TargetProcessId":"12372","TargetImage":"C:\\Windows\\System32\\notepad.exe","NewThreadId":"10960","StartAddress":"0x000002047FCA0000","StartModule":"-","StartFunction":"-","SourceUser":"MSSENTINEL\\wardog","TargetUser":"MSSENTINEL\\wardog"},{"EventSourceName":"Microsoft-Windows-Sysmon","Provider":"Microsoft-Windows-Sysmon","ProviderGuid":"{5770385f-c22a-43e0-bf4c-06f5698ffbd9}","Level":"4","Keywords":"0x8000000000000000","Channel":"Microsoft-Windows-Sysmon/Operational","Computer":"WORKSTATION6.mssentinel.local","TimeCreated":"2022-09-22T12:31:22.077Z","TimeGenerated":"2022-09-22T04:31:22.077Z","EventRecordID":"3328201","EventID":8,"Message":"CreateRemoteThread detected:\r\nRuleName: -\r\nUtcTime: 2022-09-22 16:31:22.070\r\nSourceProcessGuid: {03bfca49-8c7c-632c-430d-000000000b00}\r\nSourceProcessId: 11720\r\nSourceImage: C:\\Windows\\System32\\WindowsPowerShell\\v1.0\\powershell.exe\r\nTargetProcessGuid: {03bfca49-8dd2-632c-550d-000000000b00}\r\nTargetProcessId: 12372\r\nTargetImage: C:\\Windows\\System32\\notepad.exe\r\nNewThreadId: 6268\r\nStartAddress: 0x000002047FCA0000\r\nStartModule: -\r\nStartFunction: -\r\nSourceUser: MSSENTINEL\\wardog\r\nTargetUser: MSSENTINEL\\wardog","EventData":"\u003cEventData xmlns=\"http://schemas.microsoft.com/win/2004/08/events/event\"\u003e\u003cData Name=\"RuleName\"\u003e-\u003c/Data\u003e\u003cData Name=\"UtcTime\"\u003e2022-09-22 16:31:22.070\u003c/Data\u003e\u003cData Name=\"SourceProcessGuid\"\u003e{03bfca49-8c7c-632c-430d-000000000b00}\u003c/Data\u003e\u003cData Name=\"SourceProcessId\"\u003e11720\u003c/Data\u003e\u003cData Name=\"SourceImage\"\u003eC:\\Windows\\System32\\WindowsPowerShell\\v1.0\\powershell.exe\u003c/Data\u003e\u003cData Name=\"TargetProcessGuid\"\u003e{03bfca49-8dd2-632c-550d-000000000b00}\u003c/Data\u003e\u003cData Name=\"TargetProcessId\"\u003e12372\u003c/Data\u003e\u003cData Name=\"TargetImage\"\u003eC:\\Windows\\System32\\notepad.exe\u003c/Data\u003e\u003cData Name=\"NewThreadId\"\u003e6268\u003c/Data\u003e\u003cData Name=\"StartAddress\"\u003e0x000002047FCA0000\u003c/Data\u003e\u003cData Name=\"StartModule\"\u003e-\u003c/Data\u003e\u003cData Name=\"StartFunction\"\u003e-\u003c/Data\u003e\u003cData Name=\"SourceUser\"\u003eMSSENTINEL\\wardog\u003c/Data\u003e\u003cData Name=\"TargetUser\"\u003eMSSENTINEL\\wardog\u003c/Data\u003e\u003c/EventData\u003e","Task":"8","RuleName":"-","UtcTime":"2022-09-22 16:31:22.070","SourceProcessGuid":"{03bfca49-8c7c-632c-430d-000000000b00}","SourceProcessId":"11720","SourceImage":"C:\\Windows\\System32\\WindowsPowerShell\\v1.0\\powershell.exe","TargetProcessGuid":"{03bfca49-8dd2-632c-550d-000000000b00}","TargetProcessId":"12372","TargetImage":"C:\\Windows\\System32\\notepad.exe","NewThreadId":"6268","StartAddress":"0x000002047FCA0000","StartModule":"-","StartFunction":"-","SourceUser":"MSSENTINEL\\wardog","TargetUser":"MSSENTINEL\\wardog"},{"EventSourceName":"Microsoft-Windows-Sysmon","Provider":"Microsoft-Windows-Sysmon","ProviderGuid":"{5770385f-c22a-43e0-bf4c-06f5698ffbd9}","Level":"4","Keywords":"0x8000000000000000","Channel":"Microsoft-Windows-Sysmon/Operational","Computer":"WORKSTATION6.mssentinel.local","TimeCreated":"2022-09-22T12:31:22.082Z","TimeGenerated":"2022-09-22T04:31:22.082Z","EventRecordID":"3328202","EventID":8,"Message":"CreateRemoteThread detected:\r\nRuleName: -\r\nUtcTime: 2022-09-22 16:31:22.070\r\nSourceProcessGuid: {03bfca49-8c7c-632c-430d-000000000b00}\r\nSourceProcessId: 11720\r\nSourceImage: C:\\Windows\\System32\\WindowsPowerShell\\v1.0\\powershell.exe\r\nTargetProcessGuid: {03bfca49-8dd2-632c-550d-000000000b00}\r\nTargetProcessId: 12372\r\nTargetImage: C:\\Windows\\System32\\notepad.exe\r\nNewThreadId: 11388\r\nStartAddress: 0x000002047FCA0000\r\nStartModule: -\r\nStartFunction: -\r\nSourceUser: MSSENTINEL\\wardog\r\nTargetUser: MSSENTINEL\\wardog","EventData":"\u003cEventData xmlns=\"http://schemas.microsoft.com/win/2004/08/events/event\"\u003e\u003cData Name=\"RuleName\"\u003e-\u003c/Data\u003e\u003cData Name=\"UtcTime\"\u003e2022-09-22 16:31:22.070\u003c/Data\u003e\u003cData Name=\"SourceProcessGuid\"\u003e{03bfca49-8c7c-632c-430d-000000000b00}\u003c/Data\u003e\u003cData Name=\"SourceProcessId\"\u003e11720\u003c/Data\u003e\u003cData Name=\"SourceImage\"\u003eC:\\Windows\\System32\\WindowsPowerShell\\v1.0\\powershell.exe\u003c/Data\u003e\u003cData Name=\"TargetProcessGuid\"\u003e{03bfca49-8dd2-632c-550d-000000000b00}\u003c/Data\u003e\u003cData Name=\"TargetProcessId\"\u003e12372\u003c/Data\u003e\u003cData Name=\"TargetImage\"\u003eC:\\Windows\\System32\\notepad.exe\u003c/Data\u003e\u003cData Name=\"NewThreadId\"\u003e11388\u003c/Data\u003e\u003cData Name=\"StartAddress\"\u003e0x000002047FCA0000\u003c/Data\u003e\u003cData Name=\"StartModule\"\u003e-\u003c/Data\u003e\u003cData Name=\"StartFunction\"\u003e-\u003c/Data\u003e\u003cData Name=\"SourceUser\"\u003eMSSENTINEL\\wardog\u003c/Data\u003e\u003cData Name=\"TargetUser\"\u003eMSSENTINEL\\wardog\u003c/Data\u003e\u003c/EventData\u003e","Task":"8","RuleName":"-","UtcTime":"2022-09-22 16:31:22.070","SourceProcessGuid":"{03bfca49-8c7c-632c-430d-000000000b00}","SourceProcessId":"11720","SourceImage":"C:\\Windows\\System32\\WindowsPowerShell\\v1.0\\powershell.exe","TargetProcessGuid":"{03bfca49-8dd2-632c-550d-000000000b00}","TargetProcessId":"12372","TargetImage":"C:\\Windows\\System32\\notepad.exe","NewThreadId":"11388","StartAddress":"0x000002047FCA0000","StartModule":"-","StartFunction":"-","SourceUser":"MSSENTINEL\\wardog","TargetUser":"MSSENTINEL\\wardog"},{"EventSourceName":"Microsoft-Windows-Sysmon","Provider":"Microsoft-Windows-Sysmon","ProviderGuid":"{5770385f-c22a-43e0-bf4c-06f5698ffbd9}","Level":"4","Keywords":"0x8000000000000000","Channel":"Microsoft-Windows-Sysmon/Operational","Computer":"WORKSTATION6.mssentinel.local","TimeCreated":"2022-09-22T12:31:22.088Z","TimeGenerated":"2022-09-22T04:31:22.088Z","EventRecordID":"3328203","EventID":8,"Message":"CreateRemoteThread detected:\r\nRuleName: -\r\nUtcTime: 2022-09-22 16:31:22.086\r\nSourceProcessGuid: {03bfca49-8c7c-632c-430d-000000000b00}\r\nSourceProcessId: 11720\r\nSourceImage: C:\\Windows\\System32\\WindowsPowerShell\\v1.0\\powershell.exe\r\nTargetProcessGuid: {03bfca49-8dd2-632c-550d-000000000b00}\r\nTargetProcessId: 12372\r\nTargetImage: C:\\Windows\\System32\\notepad.exe\r\nNewThreadId: 2556\r\nStartAddress: 0x000002047FCA0000\r\nStartModule: -\r\nStartFunction: -\r\nSourceUser: MSSENTINEL\\wardog\r\nTargetUser: MSSENTINEL\\wardog","EventData":"\u003cEventData xmlns=\"http://schemas.microsoft.com/win/2004/08/events/event\"\u003e\u003cData Name=\"RuleName\"\u003e-\u003c/Data\u003e\u003cData Name=\"UtcTime\"\u003e2022-09-22 16:31:22.086\u003c/Data\u003e\u003cData Name=\"SourceProcessGuid\"\u003e{03bfca49-8c7c-632c-430d-000000000b00}\u003c/Data\u003e\u003cData Name=\"SourceProcessId\"\u003e11720\u003c/Data\u003e\u003cData Name=\"SourceImage\"\u003eC:\\Windows\\System32\\WindowsPowerShell\\v1.0\\powershell.exe\u003c/Data\u003e\u003cData Name=\"TargetProcessGuid\"\u003e{03bfca49-8dd2-632c-550d-000000000b00}\u003c/Data\u003e\u003cData Name=\"TargetProcessId\"\u003e12372\u003c/Data\u003e\u003cData Name=\"TargetImage\"\u003eC:\\Windows\\System32\\notepad.exe\u003c/Data\u003e\u003cData Name=\"NewThreadId\"\u003e2556\u003c/Data\u003e\u003cData Name=\"StartAddress\"\u003e0x000002047FCA0000\u003c/Data\u003e\u003cData Name=\"StartModule\"\u003e-\u003c/Data\u003e\u003cData Name=\"StartFunction\"\u003e-\u003c/Data\u003e\u003cData Name=\"SourceUser\"\u003eMSSENTINEL\\wardog\u003c/Data\u003e\u003cData Name=\"TargetUser\"\u003eMSSENTINEL\\wardog\u003c/Data\u003e\u003c/EventData\u003e","Task":"8","RuleName":"-","UtcTime":"2022-09-22 16:31:22.086","SourceProcessGuid":"{03bfca49-8c7c-632c-430d-000000000b00}","SourceProcessId":"11720","SourceImage":"C:\\Windows\\System32\\WindowsPowerShell\\v1.0\\powershell.exe","TargetProcessGuid":"{03bfca49-8dd2-632c-550d-000000000b00}","TargetProcessId":"12372","TargetImage":"C:\\Windows\\System32\\notepad.exe","NewThreadId":"2556","StartAddress":"0x000002047FCA0000","StartModule":"-","StartFunction":"-","SourceUser":"MSSENTINEL\\wardog","TargetUser":"MSSENTINEL\\wardog"},{"EventSourceName":"Microsoft-Windows-Sysmon","Provider":"Microsoft-Windows-Sysmon","ProviderGuid":"{5770385f-c22a-43e0-bf4c-06f5698ffbd9}","Level":"4","Keywords":"0x8000000000000000","Channel":"Microsoft-Windows-Sysmon/Operational","Computer":"WORKSTATION6.mssentinel.local","TimeCreated":"2022-09-22T12:31:22.194Z","TimeGenerated":"2022-09-22T04:31:22.194Z","EventRecordID":"3328204","EventID":8,"Message":"CreateRemoteThread detected:\r\nRuleName: -\r\nUtcTime: 2022-09-22 16:31:22.180\r\nSourceProcessGuid: {03bfca49-8c7c-632c-430d-000000000b00}\r\nSourceProcessId: 11720\r\nSourceImage: C:\\Windows\\System32\\WindowsPowerShell\\v1.0\\powershell.exe\r\nTargetProcessGuid: {03bfca49-8dd2-632c-550d-000000000b00}\r\nTargetProcessId: 12372\r\nTargetImage: C:\\Windows\\System32\\notepad.exe\r\nNewThreadId: 13028\r\nStartAddress: 0x000002047FCA0000\r\nStartModule: -\r\nStartFunction: -\r\nSourceUser: MSSENTINEL\\wardog\r\nTargetUser: MSSENTINEL\\wardog","EventData":"\u003cEventData xmlns=\"http://schemas.microsoft.com/win/2004/08/events/event\"\u003e\u003cData Name=\"RuleName\"\u003e-\u003c/Data\u003e\u003cData Name=\"UtcTime\"\u003e2022-09-22 16:31:22.180\u003c/Data\u003e\u003cData Name=\"SourceProcessGuid\"\u003e{03bfca49-8c7c-632c-430d-000000000b00}\u003c/Data\u003e\u003cData Name=\"SourceProcessId\"\u003e11720\u003c/Data\u003e\u003cData Name=\"SourceImage\"\u003eC:\\Windows\\System32\\WindowsPowerShell\\v1.0\\powershell.exe\u003c/Data\u003e\u003cData Name=\"TargetProcessGuid\"\u003e{03bfca49-8dd2-632c-550d-000000000b00}\u003c/Data\u003e\u003cData Name=\"TargetProcessId\"\u003e12372\u003c/Data\u003e\u003cData Name=\"TargetImage\"\u003eC:\\Windows\\System32\\notepad.exe\u003c/Data\u003e\u003cData Name=\"NewThreadId\"\u003e13028\u003c/Data\u003e\u003cData Name=\"StartAddress\"\u003e0x000002047FCA0000\u003c/Data\u003e\u003cData Name=\"StartModule\"\u003e-\u003c/Data\u003e\u003cData Name=\"StartFunction\"\u003e-\u003c/Data\u003e\u003cData Name=\"SourceUser\"\u003eMSSENTINEL\\wardog\u003c/Data\u003e\u003cData Name=\"TargetUser\"\u003eMSSENTINEL\\wardog\u003c/Data\u003e\u003c/EventData\u003e","Task":"8","RuleName":"-","UtcTime":"2022-09-22 16:31:22.180","SourceProcessGuid":"{03bfca49-8c7c-632c-430d-000000000b00}","SourceProcessId":"11720","SourceImage":"C:\\Windows\\System32\\WindowsPowerShell\\v1.0\\powershell.exe","TargetProcessGuid":"{03bfca49-8dd2-632c-550d-000000000b00}","TargetProcessId":"12372","TargetImage":"C:\\Windows\\System32\\notepad.exe","NewThreadId":"13028","StartAddress":"0x000002047FCA0000","StartModule":"-","StartFunction":"-","SourceUser":"MSSENTINEL\\wardog","TargetUser":"MSSENTINEL\\wardog"},{"EventSourceName":"Microsoft-Windows-Sysmon","Provider":"Microsoft-Windows-Sysmon","ProviderGuid":"{5770385f-c22a-43e0-bf4c-06f5698ffbd9}","Level":"4","Keywords":"0x8000000000000000","Channel":"Microsoft-Windows-Sysmon/Operational","Computer":"WORKSTATION6.mssentinel.local","TimeCreated":"2022-09-22T12:31:22.199Z","TimeGenerated":"2022-09-22T04:31:22.199Z","EventRecordID":"3328205","EventID":8,"Message":"CreateRemoteThread detected:\r\nRuleName: -\r\nUtcTime: 2022-09-22 16:31:22.195\r\nSourceProcessGuid: {03bfca49-8c7c-632c-430d-000000000b00}\r\nSourceProcessId: 11720\r\nSourceImage: C:\\Windows\\System32\\WindowsPowerShell\\v1.0\\powershell.exe\r\nTargetProcessGuid: {03bfca49-8dd2-632c-550d-000000000b00}\r\nTargetProcessId: 12372\r\nTargetImage: C:\\Windows\\System32\\notepad.exe\r\nNewThreadId: 12676\r\nStartAddress: 0x000002047FCA0000\r\nStartModule: -\r\nStartFunction: -\r\nSourceUser: MSSENTINEL\\wardog\r\nTargetUser: MSSENTINEL\\wardog","EventData":"\u003cEventData xmlns=\"http://schemas.microsoft.com/win/2004/08/events/event\"\u003e\u003cData Name=\"RuleName\"\u003e-\u003c/Data\u003e\u003cData Name=\"UtcTime\"\u003e2022-09-22 16:31:22.195\u003c/Data\u003e\u003cData Name=\"SourceProcessGuid\"\u003e{03bfca49-8c7c-632c-430d-000000000b00}\u003c/Data\u003e\u003cData Name=\"SourceProcessId\"\u003e11720\u003c/Data\u003e\u003cData Name=\"SourceImage\"\u003eC:\\Windows\\System32\\WindowsPowerShell\\v1.0\\powershell.exe\u003c/Data\u003e\u003cData Name=\"TargetProcessGuid\"\u003e{03bfca49-8dd2-632c-550d-000000000b00}\u003c/Data\u003e\u003cData Name=\"TargetProcessId\"\u003e12372\u003c/Data\u003e\u003cData Name=\"TargetImage\"\u003eC:\\Windows\\System32\\notepad.exe\u003c/Data\u003e\u003cData Name=\"NewThreadId\"\u003e12676\u003c/Data\u003e\u003cData Name=\"StartAddress\"\u003e0x000002047FCA0000\u003c/Data\u003e\u003cData Name=\"StartModule\"\u003e-\u003c/Data\u003e\u003cData Name=\"StartFunction\"\u003e-\u003c/Data\u003e\u003cData Name=\"SourceUser\"\u003eMSSENTINEL\\wardog\u003c/Data\u003e\u003cData Name=\"TargetUser\"\u003eMSSENTINEL\\wardog\u003c/Data\u003e\u003c/EventData\u003e","Task":"8","RuleName":"-","UtcTime":"2022-09-22 16:31:22.195","SourceProcessGuid":"{03bfca49-8c7c-632c-430d-000000000b00}","SourceProcessId":"11720","SourceImage":"C:\\Windows\\System32\\WindowsPowerShell\\v1.0\\powershell.exe","TargetProcessGuid":"{03bfca49-8dd2-632c-550d-000000000b00}","TargetProcessId":"12372","TargetImage":"C:\\Windows\\System32\\notepad.exe","NewThreadId":"12676","StartAddress":"0x000002047FCA0000","StartModule":"-","StartFunction":"-","SourceUser":"MSSENTINEL\\wardog","TargetUser":"MSSENTINEL\\wardog"},{"EventSourceName":"Microsoft-Windows-Sysmon","Provider":"Microsoft-Windows-Sysmon","ProviderGuid":"{5770385f-c22a-43e0-bf4c-06f5698ffbd9}","Level":"4","Keywords":"0x8000000000000000","Channel":"Microsoft-Windows-Sysmon/Operational","Computer":"WORKSTATION6.mssentinel.local","TimeCreated":"2022-09-22T12:31:22.204Z","TimeGenerated":"2022-09-22T04:31:22.204Z","EventRecordID":"3328206","EventID":8,"Message":"CreateRemoteThread detected:\r\nRuleName: -\r\nUtcTime: 2022-09-22 16:31:22.195\r\nSourceProcessGuid: {03bfca49-8c7c-632c-430d-000000000b00}\r\nSourceProcessId: 11720\r\nSourceImage: C:\\Windows\\System32\\WindowsPowerShell\\v1.0\\powershell.exe\r\nTargetProcessGuid: {03bfca49-8dd2-632c-550d-000000000b00}\r\nTargetProcessId: 12372\r\nTargetImage: C:\\Windows\\System32\\notepad.exe\r\nNewThreadId: 10732\r\nStartAddress: 0x000002047FCA0000\r\nStartModule: -\r\nStartFunction: -\r\nSourceUser: MSSENTINEL\\wardog\r\nTargetUser: MSSENTINEL\\wardog","EventData":"\u003cEventData xmlns=\"http://schemas.microsoft.com/win/2004/08/events/event\"\u003e\u003cData Name=\"RuleName\"\u003e-\u003c/Data\u003e\u003cData Name=\"UtcTime\"\u003e2022-09-22 16:31:22.195\u003c/Data\u003e\u003cData Name=\"SourceProcessGuid\"\u003e{03bfca49-8c7c-632c-430d-000000000b00}\u003c/Data\u003e\u003cData Name=\"SourceProcessId\"\u003e11720\u003c/Data\u003e\u003cData Name=\"SourceImage\"\u003eC:\\Windows\\System32\\WindowsPowerShell\\v1.0\\powershell.exe\u003c/Data\u003e\u003cData Name=\"TargetProcessGuid\"\u003e{03bfca49-8dd2-632c-550d-000000000b00}\u003c/Data\u003e\u003cData Name=\"TargetProcessId\"\u003e12372\u003c/Data\u003e\u003cData Name=\"TargetImage\"\u003eC:\\Windows\\System32\\notepad.exe\u003c/Data\u003e\u003cData Name=\"NewThreadId\"\u003e10732\u003c/Data\u003e\u003cData Name=\"StartAddress\"\u003e0x000002047FCA0000\u003c/Data\u003e\u003cData Name=\"StartModule\"\u003e-\u003c/Data\u003e\u003cData Name=\"StartFunction\"\u003e-\u003c/Data\u003e\u003cData Name=\"SourceUser\"\u003eMSSENTINEL\\wardog\u003c/Data\u003e\u003cData Name=\"TargetUser\"\u003eMSSENTINEL\\wardog\u003c/Data\u003e\u003c/EventData\u003e","Task":"8","RuleName":"-","UtcTime":"2022-09-22 16:31:22.195","SourceProcessGuid":"{03bfca49-8c7c-632c-430d-000000000b00}","SourceProcessId":"11720","SourceImage":"C:\\Windows\\System32\\WindowsPowerShell\\v1.0\\powershell.exe","TargetProcessGuid":"{03bfca49-8dd2-632c-550d-000000000b00}","TargetProcessId":"12372","TargetImage":"C:\\Windows\\System32\\notepad.exe","NewThreadId":"10732","StartAddress":"0x000002047FCA0000","StartModule":"-","StartFunction":"-","SourceUser":"MSSENTINEL\\wardog","TargetUser":"MSSENTINEL\\wardog"},{"EventSourceName":"Microsoft-Windows-Sysmon","Provider":"Microsoft-Windows-Sysmon","ProviderGuid":"{5770385f-c22a-43e0-bf4c-06f5698ffbd9}","Level":"4","Keywords":"0x8000000000000000","Channel":"Microsoft-Windows-Sysmon/Operational","Computer":"WORKSTATION6.mssentinel.local","TimeCreated":"2022-09-22T12:31:22.209Z","TimeGenerated":"2022-09-22T04:31:22.209Z","EventRecordID":"3328207","EventID":8,"Message":"CreateRemoteThread detected:\r\nRuleName: -\r\nUtcTime: 2022-09-22 16:31:22.195\r\nSourceProcessGuid: {03bfca49-8c7c-632c-430d-000000000b00}\r\nSourceProcessId: 11720\r\nSourceImage: C:\\Windows\\System32\\WindowsPowerShell\\v1.0\\powershell.exe\r\nTargetProcessGuid: {03bfca49-8dd2-632c-550d-000000000b00}\r\nTargetProcessId: 12372\r\nTargetImage: C:\\Windows\\System32\\notepad.exe\r\nNewThreadId: 11396\r\nStartAddress: 0x000002047FCA0000\r\nStartModule: -\r\nStartFunction: -\r\nSourceUser: MSSENTINEL\\wardog\r\nTargetUser: MSSENTINEL\\wardog","EventData":"\u003cEventData xmlns=\"http://schemas.microsoft.com/win/2004/08/events/event\"\u003e\u003cData Name=\"RuleName\"\u003e-\u003c/Data\u003e\u003cData Name=\"UtcTime\"\u003e2022-09-22 16:31:22.195\u003c/Data\u003e\u003cData Name=\"SourceProcessGuid\"\u003e{03bfca49-8c7c-632c-430d-000000000b00}\u003c/Data\u003e\u003cData Name=\"SourceProcessId\"\u003e11720\u003c/Data\u003e\u003cData Name=\"SourceImage\"\u003eC:\\Windows\\System32\\WindowsPowerShell\\v1.0\\powershell.exe\u003c/Data\u003e\u003cData Name=\"TargetProcessGuid\"\u003e{03bfca49-8dd2-632c-550d-000000000b00}\u003c/Data\u003e\u003cData Name=\"TargetProcessId\"\u003e12372\u003c/Data\u003e\u003cData Name=\"TargetImage\"\u003eC:\\Windows\\System32\\notepad.exe\u003c/Data\u003e\u003cData Name=\"NewThreadId\"\u003e11396\u003c/Data\u003e\u003cData Name=\"StartAddress\"\u003e0x000002047FCA0000\u003c/Data\u003e\u003cData Name=\"StartModule\"\u003e-\u003c/Data\u003e\u003cData Name=\"StartFunction\"\u003e-\u003c/Data\u003e\u003cData Name=\"SourceUser\"\u003eMSSENTINEL\\wardog\u003c/Data\u003e\u003cData Name=\"TargetUser\"\u003eMSSENTINEL\\wardog\u003c/Data\u003e\u003c/EventData\u003e","Task":"8","RuleName":"-","UtcTime":"2022-09-22 16:31:22.195","SourceProcessGuid":"{03bfca49-8c7c-632c-430d-000000000b00}","SourceProcessId":"11720","SourceImage":"C:\\Windows\\System32\\WindowsPowerShell\\v1.0\\powershell.exe","TargetProcessGuid":"{03bfca49-8dd2-632c-550d-000000000b00}","TargetProcessId":"12372","TargetImage":"C:\\Windows\\System32\\notepad.exe","NewThreadId":"11396","StartAddress":"0x000002047FCA0000","StartModule":"-","StartFunction":"-","SourceUser":"MSSENTINEL\\wardog","TargetUser":"MSSENTINEL\\wardog"},{"EventSourceName":"Microsoft-Windows-Sysmon","Provider":"Microsoft-Windows-Sysmon","ProviderGuid":"{5770385f-c22a-43e0-bf4c-06f5698ffbd9}","Level":"4","Keywords":"0x8000000000000000","Channel":"Microsoft-Windows-Sysmon/Operational","Computer":"WORKSTATION6.mssentinel.local","TimeCreated":"2022-09-22T12:31:22.214Z","TimeGenerated":"2022-09-22T04:31:22.214Z","EventRecordID":"3328208","EventID":8,"Message":"CreateRemoteThread detected:\r\nRuleName: -\r\nUtcTime: 2022-09-22 16:31:22.211\r\nSourceProcessGuid: {03bfca49-8c7c-632c-430d-000000000b00}\r\nSourceProcessId: 11720\r\nSourceImage: C:\\Windows\\System32\\WindowsPowerShell\\v1.0\\powershell.exe\r\nTargetProcessGuid: {03bfca49-8dd2-632c-550d-000000000b00}\r\nTargetProcessId: 12372\r\nTargetImage: C:\\Windows\\System32\\notepad.exe\r\nNewThreadId: 10544\r\nStartAddress: 0x000002047FCA0000\r\nStartModule: -\r\nStartFunction: -\r\nSourceUser: MSSENTINEL\\wardog\r\nTargetUser: MSSENTINEL\\wardog","EventData":"\u003cEventData xmlns=\"http://schemas.microsoft.com/win/2004/08/events/event\"\u003e\u003cData Name=\"RuleName\"\u003e-\u003c/Data\u003e\u003cData Name=\"UtcTime\"\u003e2022-09-22 16:31:22.211\u003c/Data\u003e\u003cData Name=\"SourceProcessGuid\"\u003e{03bfca49-8c7c-632c-430d-000000000b00}\u003c/Data\u003e\u003cData Name=\"SourceProcessId\"\u003e11720\u003c/Data\u003e\u003cData Name=\"SourceImage\"\u003eC:\\Windows\\System32\\WindowsPowerShell\\v1.0\\powershell.exe\u003c/Data\u003e\u003cData Name=\"TargetProcessGuid\"\u003e{03bfca49-8dd2-632c-550d-000000000b00}\u003c/Data\u003e\u003cData Name=\"TargetProcessId\"\u003e12372\u003c/Data\u003e\u003cData Name=\"TargetImage\"\u003eC:\\Windows\\System32\\notepad.exe\u003c/Data\u003e\u003cData Name=\"NewThreadId\"\u003e10544\u003c/Data\u003e\u003cData Name=\"StartAddress\"\u003e0x000002047FCA0000\u003c/Data\u003e\u003cData Name=\"StartModule\"\u003e-\u003c/Data\u003e\u003cData Name=\"StartFunction\"\u003e-\u003c/Data\u003e\u003cData Name=\"SourceUser\"\u003eMSSENTINEL\\wardog\u003c/Data\u003e\u003cData Name=\"TargetUser\"\u003eMSSENTINEL\\wardog\u003c/Data\u003e\u003c/EventData\u003e","Task":"8","RuleName":"-","UtcTime":"2022-09-22 16:31:22.211","SourceProcessGuid":"{03bfca49-8c7c-632c-430d-000000000b00}","SourceProcessId":"11720","SourceImage":"C:\\Windows\\System32\\WindowsPowerShell\\v1.0\\powershell.exe","TargetProcessGuid":"{03bfca49-8dd2-632c-550d-000000000b00}","TargetProcessId":"12372","TargetImage":"C:\\Windows\\System32\\notepad.exe","NewThreadId":"10544","StartAddress":"0x000002047FCA0000","StartModule":"-","StartFunction":"-","SourceUser":"MSSENTINEL\\wardog","TargetUser":"MSSENTINEL\\wardog"},{"EventSourceName":"Microsoft-Windows-Sysmon","Provider":"Microsoft-Windows-Sysmon","ProviderGuid":"{5770385f-c22a-43e0-bf4c-06f5698ffbd9}","Level":"4","Keywords":"0x8000000000000000","Channel":"Microsoft-Windows-Sysmon/Operational","Computer":"WORKSTATION6.mssentinel.local","TimeCreated":"2022-09-22T12:31:22.218Z","TimeGenerated":"2022-09-22T04:31:22.218Z","EventRecordID":"3328209","EventID":8,"Message":"CreateRemoteThread detected:\r\nRuleName: -\r\nUtcTime: 2022-09-22 16:31:22.211\r\nSourceProcessGuid: {03bfca49-8c7c-632c-430d-000000000b00}\r\nSourceProcessId: 11720\r\nSourceImage: C:\\Windows\\System32\\WindowsPowerShell\\v1.0\\powershell.exe\r\nTargetProcessGuid: {03bfca49-8dd2-632c-550d-000000000b00}\r\nTargetProcessId: 12372\r\nTargetImage: C:\\Windows\\System32\\notepad.exe\r\nNewThreadId: 11108\r\nStartAddress: 0x000002047FCA0000\r\nStartModule: -\r\nStartFunction: -\r\nSourceUser: MSSENTINEL\\wardog\r\nTargetUser: MSSENTINEL\\wardog","EventData":"\u003cEventData xmlns=\"http://schemas.microsoft.com/win/2004/08/events/event\"\u003e\u003cData Name=\"RuleName\"\u003e-\u003c/Data\u003e\u003cData Name=\"UtcTime\"\u003e2022-09-22 16:31:22.211\u003c/Data\u003e\u003cData Name=\"SourceProcessGuid\"\u003e{03bfca49-8c7c-632c-430d-000000000b00}\u003c/Data\u003e\u003cData Name=\"SourceProcessId\"\u003e11720\u003c/Data\u003e\u003cData Name=\"SourceImage\"\u003eC:\\Windows\\System32\\WindowsPowerShell\\v1.0\\powershell.exe\u003c/Data\u003e\u003cData Name=\"TargetProcessGuid\"\u003e{03bfca49-8dd2-632c-550d-000000000b00}\u003c/Data\u003e\u003cData Name=\"TargetProcessId\"\u003e12372\u003c/Data\u003e\u003cData Name=\"TargetImage\"\u003eC:\\Windows\\System32\\notepad.exe\u003c/Data\u003e\u003cData Name=\"NewThreadId\"\u003e11108\u003c/Data\u003e\u003cData Name=\"StartAddress\"\u003e0x000002047FCA0000\u003c/Data\u003e\u003cData Name=\"StartModule\"\u003e-\u003c/Data\u003e\u003cData Name=\"StartFunction\"\u003e-\u003c/Data\u003e\u003cData Name=\"SourceUser\"\u003eMSSENTINEL\\wardog\u003c/Data\u003e\u003cData Name=\"TargetUser\"\u003eMSSENTINEL\\wardog\u003c/Data\u003e\u003c/EventData\u003e","Task":"8","RuleName":"-","UtcTime":"2022-09-22 16:31:22.211","SourceProcessGuid":"{03bfca49-8c7c-632c-430d-000000000b00}","SourceProcessId":"11720","SourceImage":"C:\\Windows\\System32\\WindowsPowerShell\\v1.0\\powershell.exe","TargetProcessGuid":"{03bfca49-8dd2-632c-550d-000000000b00}","TargetProcessId":"12372","TargetImage":"C:\\Windows\\System32\\notepad.exe","NewThreadId":"11108","StartAddress":"0x000002047FCA0000","StartModule":"-","StartFunction":"-","SourceUser":"MSSENTINEL\\wardog","TargetUser":"MSSENTINEL\\wardog"},{"EventSourceName":"Microsoft-Windows-Sysmon","Provider":"Microsoft-Windows-Sysmon","ProviderGuid":"{5770385f-c22a-43e0-bf4c-06f5698ffbd9}","Level":"4","Keywords":"0x8000000000000000","Channel":"Microsoft-Windows-Sysmon/Operational","Computer":"WORKSTATION6.mssentinel.local","TimeCreated":"2022-09-22T12:31:22.223Z","TimeGenerated":"2022-09-22T04:31:22.223Z","EventRecordID":"3328210","EventID":8,"Message":"CreateRemoteThread detected:\r\nRuleName: -\r\nUtcTime: 2022-09-22 16:31:22.211\r\nSourceProcessGuid: {03bfca49-8c7c-632c-430d-000000000b00}\r\nSourceProcessId: 11720\r\nSourceImage: C:\\Windows\\System32\\WindowsPowerShell\\v1.0\\powershell.exe\r\nTargetProcessGuid: {03bfca49-8dd2-632c-550d-000000000b00}\r\nTargetProcessId: 12372\r\nTargetImage: C:\\Windows\\System32\\notepad.exe\r\nNewThreadId: 12156\r\nStartAddress: 0x000002047FCA0000\r\nStartModule: -\r\nStartFunction: -\r\nSourceUser: MSSENTINEL\\wardog\r\nTargetUser: MSSENTINEL\\wardog","EventData":"\u003cEventData xmlns=\"http://schemas.microsoft.com/win/2004/08/events/event\"\u003e\u003cData Name=\"RuleName\"\u003e-\u003c/Data\u003e\u003cData Name=\"UtcTime\"\u003e2022-09-22 16:31:22.211\u003c/Data\u003e\u003cData Name=\"SourceProcessGuid\"\u003e{03bfca49-8c7c-632c-430d-000000000b00}\u003c/Data\u003e\u003cData Name=\"SourceProcessId\"\u003e11720\u003c/Data\u003e\u003cData Name=\"SourceImage\"\u003eC:\\Windows\\System32\\WindowsPowerShell\\v1.0\\powershell.exe\u003c/Data\u003e\u003cData Name=\"TargetProcessGuid\"\u003e{03bfca49-8dd2-632c-550d-000000000b00}\u003c/Data\u003e\u003cData Name=\"TargetProcessId\"\u003e12372\u003c/Data\u003e\u003cData Name=\"TargetImage\"\u003eC:\\Windows\\System32\\notepad.exe\u003c/Data\u003e\u003cData Name=\"NewThreadId\"\u003e12156\u003c/Data\u003e\u003cData Name=\"StartAddress\"\u003e0x000002047FCA0000\u003c/Data\u003e\u003cData Name=\"StartModule\"\u003e-\u003c/Data\u003e\u003cData Name=\"StartFunction\"\u003e-\u003c/Data\u003e\u003cData Name=\"SourceUser\"\u003eMSSENTINEL\\wardog\u003c/Data\u003e\u003cData Name=\"TargetUser\"\u003eMSSENTINEL\\wardog\u003c/Data\u003e\u003c/EventData\u003e","Task":"8","RuleName":"-","UtcTime":"2022-09-22 16:31:22.211","SourceProcessGuid":"{03bfca49-8c7c-632c-430d-000000000b00}","SourceProcessId":"11720","SourceImage":"C:\\Windows\\System32\\WindowsPowerShell\\v1.0\\powershell.exe","TargetProcessGuid":"{03bfca49-8dd2-632c-550d-000000000b00}","TargetProcessId":"12372","TargetImage":"C:\\Windows\\System32\\notepad.exe","NewThreadId":"12156","StartAddress":"0x000002047FCA0000","StartModule":"-","StartFunction":"-","SourceUser":"MSSENTINEL\\wardog","TargetUser":"MSSENTINEL\\wardog"},{"EventSourceName":"Microsoft-Windows-Sysmon","Provider":"Microsoft-Windows-Sysmon","ProviderGuid":"{5770385f-c22a-43e0-bf4c-06f5698ffbd9}","Level":"4","Keywords":"0x8000000000000000","Channel":"Microsoft-Windows-Sysmon/Operational","Computer":"WORKSTATION6.mssentinel.local","TimeCreated":"2022-09-22T12:31:22.228Z","TimeGenerated":"2022-09-22T04:31:22.228Z","EventRecordID":"3328211","EventID":8,"Message":"CreateRemoteThread detected:\r\nRuleName: -\r\nUtcTime: 2022-09-22 16:31:22.227\r\nSourceProcessGuid: {03bfca49-8c7c-632c-430d-000000000b00}\r\nSourceProcessId: 11720\r\nSourceImage: C:\\Windows\\System32\\WindowsPowerShell\\v1.0\\powershell.exe\r\nTargetProcessGuid: {03bfca49-8dd2-632c-550d-000000000b00}\r\nTargetProcessId: 12372\r\nTargetImage: C:\\Windows\\System32\\notepad.exe\r\nNewThreadId: 8208\r\nStartAddress: 0x000002047FCA0000\r\nStartModule: -\r\nStartFunction: -\r\nSourceUser: MSSENTINEL\\wardog\r\nTargetUser: MSSENTINEL\\wardog","EventData":"\u003cEventData xmlns=\"http://schemas.microsoft.com/win/2004/08/events/event\"\u003e\u003cData Name=\"RuleName\"\u003e-\u003c/Data\u003e\u003cData Name=\"UtcTime\"\u003e2022-09-22 16:31:22.227\u003c/Data\u003e\u003cData Name=\"SourceProcessGuid\"\u003e{03bfca49-8c7c-632c-430d-000000000b00}\u003c/Data\u003e\u003cData Name=\"SourceProcessId\"\u003e11720\u003c/Data\u003e\u003cData Name=\"SourceImage\"\u003eC:\\Windows\\System32\\WindowsPowerShell\\v1.0\\powershell.exe\u003c/Data\u003e\u003cData Name=\"TargetProcessGuid\"\u003e{03bfca49-8dd2-632c-550d-000000000b00}\u003c/Data\u003e\u003cData Name=\"TargetProcessId\"\u003e12372\u003c/Data\u003e\u003cData Name=\"TargetImage\"\u003eC:\\Windows\\System32\\notepad.exe\u003c/Data\u003e\u003cData Name=\"NewThreadId\"\u003e8208\u003c/Data\u003e\u003cData Name=\"StartAddress\"\u003e0x000002047FCA0000\u003c/Data\u003e\u003cData Name=\"StartModule\"\u003e-\u003c/Data\u003e\u003cData Name=\"StartFunction\"\u003e-\u003c/Data\u003e\u003cData Name=\"SourceUser\"\u003eMSSENTINEL\\wardog\u003c/Data\u003e\u003cData Name=\"TargetUser\"\u003eMSSENTINEL\\wardog\u003c/Data\u003e\u003c/EventData\u003e","Task":"8","RuleName":"-","UtcTime":"2022-09-22 16:31:22.227","SourceProcessGuid":"{03bfca49-8c7c-632c-430d-000000000b00}","SourceProcessId":"11720","SourceImage":"C:\\Windows\\System32\\WindowsPowerShell\\v1.0\\powershell.exe","TargetProcessGuid":"{03bfca49-8dd2-632c-550d-000000000b00}","TargetProcessId":"12372","TargetImage":"C:\\Windows\\System32\\notepad.exe","NewThreadId":"8208","StartAddress":"0x000002047FCA0000","StartModule":"-","StartFunction":"-","SourceUser":"MSSENTINEL\\wardog","TargetUser":"MSSENTINEL\\wardog"},