{"EventSourceName":"Microsoft-Windows-Sysmon","Provider":"Microsoft-Windows-Sysmon","ProviderGuid":"{5770385f-c22a-43e0-bf4c-06f5698ffbd9}","Level":"4","Keywords":"0x8000000000000000","Channel":"Microsoft-Windows-Sysmon/Operational","Computer":"WORKSTATION6.mssentinel.local","TimeCreated":"2022-09-22T12:31:14.428Z","TimeGenerated":"2022-09-22T04:31:14.428Z","EventRecordID":"3328032","EventID":10,"Message":"Process accessed:\r\nRuleName: -\r\nUtcTime: 2022-09-22 16:31:14.414\r\nSourceProcessGUID: {03bfca49-7152-632c-7a0b-000000000b00}\r\nSourceProcessId: 8740\r\nSourceThreadId: 9524\r\nSourceImage: C:\\Windows\\Explorer.EXE\r\nTargetProcessGUID: {03bfca49-8dd2-632c-550d-000000000b00}\r\nTargetProcessId: 12372\r\nTargetImage: C:\\Windows\\system32\\notepad.exe\r\nGrantedAccess: 0x1000\r\nCallTrace: C:\\Windows\\SYSTEM32\\ntdll.dll+9d234|C:\\Windows\\System32\\KERNELBASE.dll+2c0ce|C:\\Windows\\system32\\twinui.pcshell.dll+16575|C:\\Windows\\system32\\twinui.pcshell.dll+15ecf|C:\\Windows\\system32\\twinui.pcshell.dll+829a7|C:\\Windows\\system32\\twinui.pcshell.dll+7f82c|C:\\Windows\\system32\\twinui.pcshell.dll+48833|C:\\Windows\\system32\\twinui.pcshell.dll+6154f|C:\\Windows\\system32\\twinui.pcshell.dll+62a1e|C:\\Windows\\system32\\twinui.pcshell.dll+81e7d|C:\\Windows\\system32\\twinui.pcshell.dll+655cc|C:\\Windows\\System32\\user32.dll+e7e8|C:\\Windows\\System32\\user32.dll+e229|C:\\Windows\\system32\\twinui.pcshell.dll+e2e6|C:\\Windows\\system32\\twinui.pcshell.dll+dcc9|C:\\Windows\\system32\\twinui.pcshell.dll+1817c|C:\\Windows\\system32\\twinui.pcshell.dll+425f4|C:\\Windows\\system32\\twinui.dll+6d026|C:\\Windows\\system32\\twinui.dll+6cd9b|C:\\Windows\\system32\\twinui.dll+6c953|C:\\Windows\\System32\\user32.dll+e7e8|C:\\Windows\\System32\\user32.dll+e36c|C:\\Windows\\System32\\user32.dll+26dc2|C:\\Windows\\SYSTEM32\\ntdll.dll+a0ba4\r\nSourceUser: MSSENTINEL\\wardog\r\nTargetUser: MSSENTINEL\\wardog","EventData":"\u003cEventData xmlns=\"http://schemas.microsoft.com/win/2004/08/events/event\"\u003e\u003cData Name=\"RuleName\"\u003e-\u003c/Data\u003e\u003cData Name=\"UtcTime\"\u003e2022-09-22 16:31:14.414\u003c/Data\u003e\u003cData Name=\"SourceProcessGUID\"\u003e{03bfca49-7152-632c-7a0b-000000000b00}\u003c/Data\u003e\u003cData Name=\"SourceProcessId\"\u003e8740\u003c/Data\u003e\u003cData Name=\"SourceThreadId\"\u003e9524\u003c/Data\u003e\u003cData Name=\"SourceImage\"\u003eC:\\Windows\\Explorer.EXE\u003c/Data\u003e\u003cData Name=\"TargetProcessGUID\"\u003e{03bfca49-8dd2-632c-550d-000000000b00}\u003c/Data\u003e\u003cData Name=\"TargetProcessId\"\u003e12372\u003c/Data\u003e\u003cData Name=\"TargetImage\"\u003eC:\\Windows\\system32\\notepad.exe\u003c/Data\u003e\u003cData Name=\"GrantedAccess\"\u003e0x1000\u003c/Data\u003e\u003cData Name=\"CallTrace\"\u003eC:\\Windows\\SYSTEM32\\ntdll.dll+9d234|C:\\Windows\\System32\\KERNELBASE.dll+2c0ce|C:\\Windows\\system32\\twinui.pcshell.dll+16575|C:\\Windows\\system32\\twinui.pcshell.dll+15ecf|C:\\Windows\\system32\\twinui.pcshell.dll+829a7|C:\\Windows\\system32\\twinui.pcshell.dll+7f82c|C:\\Windows\\system32\\twinui.pcshell.dll+48833|C:\\Windows\\system32\\twinui.pcshell.dll+6154f|C:\\Windows\\system32\\twinui.pcshell.dll+62a1e|C:\\Windows\\system32\\twinui.pcshell.dll+81e7d|C:\\Windows\\system32\\twinui.pcshell.dll+655cc|C:\\Windows\\System32\\user32.dll+e7e8|C:\\Windows\\System32\\user32.dll+e229|C:\\Windows\\system32\\twinui.pcshell.dll+e2e6|C:\\Windows\\system32\\twinui.pcshell.dll+dcc9|C:\\Windows\\system32\\twinui.pcshell.dll+1817c|C:\\Windows\\system32\\twinui.pcshell.dll+425f4|C:\\Windows\\system32\\twinui.dll+6d026|C:\\Windows\\system32\\twinui.dll+6cd9b|C:\\Windows\\system32\\twinui.dll+6c953|C:\\Windows\\System32\\user32.dll+e7e8|C:\\Windows\\System32\\user32.dll+e36c|C:\\Windows\\System32\\user32.dll+26dc2|C:\\Windows\\SYSTEM32\\ntdll.dll+a0ba4\u003c/Data\u003e\u003cData Name=\"SourceUser\"\u003eMSSENTINEL\\wardog\u003c/Data\u003e\u003cData Name=\"TargetUser\"\u003eMSSENTINEL\\wardog\u003c/Data\u003e\u003c/EventData\u003e","Task":"10","RuleName":"-","UtcTime":"2022-09-22 16:31:14.414","SourceProcessGUID":"{03bfca49-7152-632c-7a0b-000000000b00}","SourceProcessId":"8740","SourceThreadId":"9524","SourceImage":"C:\\Windows\\Explorer.EXE","TargetProcessGUID":"{03bfca49-8dd2-632c-550d-000000000b00}","TargetProcessId":"12372","TargetImage":"C:\\Windows\\system32\\notepad.exe","GrantedAccess":"0x1000","CallTrace":"C:\\Windows\\SYSTEM32\\ntdll.dll+9d234|C:\\Windows\\System32\\KERNELBASE.dll+2c0ce|C:\\Windows\\system32\\twinui.pcshell.dll+16575|C:\\Windows\\system32\\twinui.pcshell.dll+15ecf|C:\\Windows\\system32\\twinui.pcshell.dll+829a7|C:\\Windows\\system32\\twinui.pcshell.dll+7f82c|C:\\Windows\\system32\\twinui.pcshell.dll+48833|C:\\Windows\\system32\\twinui.pcshell.dll+6154f|C:\\Windows\\system32\\twinui.pcshell.dll+62a1e|C:\\Windows\\system32\\twinui.pcshell.dll+81e7d|C:\\Windows\\system32\\twinui.pcshell.dll+655cc|C:\\Windows\\System32\\user32.dll+e7e8|C:\\Windows\\System32\\user32.dll+e229|C:\\Windows\\system32\\twinui.pcshell.dll+e2e6|C:\\Windows\\system32\\twinui.pcshell.dll+dcc9|C:\\Windows\\system32\\twinui.pcshell.dll+1817c|C:\\Windows\\system32\\twinui.pcshell.dll+425f4|C:\\Windows\\system32\\twinui.dll+6d026|C:\\Windows\\system32\\twinui.dll+6cd9b|C:\\Windows\\system32\\twinui.dll+6c953|C:\\Windows\\System32\\user32.dll+e7e8|C:\\Windows\\System32\\user32.dll+e36c|C:\\Windows\\System32\\user32.dll+26dc2|C:\\Windows\\SYSTEM32\\ntdll.dll+a0ba4","SourceUser":"MSSENTINEL\\wardog","TargetUser":"MSSENTINEL\\wardog"},{"EventSourceName":"Microsoft-Windows-Sysmon","Provider":"Microsoft-Windows-Sysmon","ProviderGuid":"{5770385f-c22a-43e0-bf4c-06f5698ffbd9}","Level":"4","Keywords":"0x8000000000000000","Channel":"Microsoft-Windows-Sysmon/Operational","Computer":"WORKSTATION6.mssentinel.local","TimeCreated":"2022-09-22T12:31:14.428Z","TimeGenerated":"2022-09-22T04:31:14.428Z","EventRecordID":"3328033","EventID":10,"Message":"Process accessed:\r\nRuleName: -\r\nUtcTime: 2022-09-22 16:31:14.414\r\nSourceProcessGUID: {03bfca49-7152-632c-7a0b-000000000b00}\r\nSourceProcessId: 8740\r\nSourceThreadId: 9524\r\nSourceImage: C:\\Windows\\Explorer.EXE\r\nTargetProcessGUID: {03bfca49-8dd2-632c-550d-000000000b00}\r\nTargetProcessId: 12372\r\nTargetImage: C:\\Windows\\system32\\notepad.exe\r\nGrantedAccess: 0x1000\r\nCallTrace: C:\\Windows\\SYSTEM32\\ntdll.dll+9d234|C:\\Windows\\System32\\KERNELBASE.dll+2c0ce|C:\\Windows\\system32\\twinui.pcshell.dll+15e9d|C:\\Windows\\system32\\twinui.pcshell.dll+829a7|C:\\Windows\\system32\\twinui.pcshell.dll+43e93|C:\\Windows\\system32\\twinui.pcshell.dll+3eea2|C:\\Windows\\system32\\twinui.pcshell.dll+411f8|C:\\Windows\\system32\\twinui.pcshell.dll+6154f|C:\\Windows\\system32\\twinui.pcshell.dll+62a1e|C:\\Windows\\system32\\twinui.pcshell.dll+81e7d|C:\\Windows\\system32\\twinui.pcshell.dll+655cc|C:\\Windows\\System32\\user32.dll+e7e8|C:\\Windows\\System32\\user32.dll+e229|C:\\Windows\\system32\\twinui.pcshell.dll+e2e6|C:\\Windows\\system32\\twinui.pcshell.dll+dcc9|C:\\Windows\\system32\\twinui.pcshell.dll+1817c|C:\\Windows\\system32\\twinui.pcshell.dll+425f4|C:\\Windows\\system32\\twinui.dll+6d026|C:\\Windows\\system32\\twinui.dll+6cd9b|C:\\Windows\\system32\\twinui.dll+6c953|C:\\Windows\\System32\\user32.dll+e7e8|C:\\Windows\\System32\\user32.dll+e36c|C:\\Windows\\System32\\user32.dll+26dc2|C:\\Windows\\SYSTEM32\\ntdll.dll+a0ba4\r\nSourceUser: MSSENTINEL\\wardog\r\nTargetUser: MSSENTINEL\\wardog","EventData":"\u003cEventData xmlns=\"http://schemas.microsoft.com/win/2004/08/events/event\"\u003e\u003cData Name=\"RuleName\"\u003e-\u003c/Data\u003e\u003cData Name=\"UtcTime\"\u003e2022-09-22 16:31:14.414\u003c/Data\u003e\u003cData Name=\"SourceProcessGUID\"\u003e{03bfca49-7152-632c-7a0b-000000000b00}\u003c/Data\u003e\u003cData Name=\"SourceProcessId\"\u003e8740\u003c/Data\u003e\u003cData Name=\"SourceThreadId\"\u003e9524\u003c/Data\u003e\u003cData Name=\"SourceImage\"\u003eC:\\Windows\\Explorer.EXE\u003c/Data\u003e\u003cData Name=\"TargetProcessGUID\"\u003e{03bfca49-8dd2-632c-550d-000000000b00}\u003c/Data\u003e\u003cData Name=\"TargetProcessId\"\u003e12372\u003c/Data\u003e\u003cData Name=\"TargetImage\"\u003eC:\\Windows\\system32\\notepad.exe\u003c/Data\u003e\u003cData Name=\"GrantedAccess\"\u003e0x1000\u003c/Data\u003e\u003cData Name=\"CallTrace\"\u003eC:\\Windows\\SYSTEM32\\ntdll.dll+9d234|C:\\Windows\\System32\\KERNELBASE.dll+2c0ce|C:\\Windows\\system32\\twinui.pcshell.dll+15e9d|C:\\Windows\\system32\\twinui.pcshell.dll+829a7|C:\\Windows\\system32\\twinui.pcshell.dll+43e93|C:\\Windows\\system32\\twinui.pcshell.dll+3eea2|C:\\Windows\\system32\\twinui.pcshell.dll+411f8|C:\\Windows\\system32\\twinui.pcshell.dll+6154f|C:\\Windows\\system32\\twinui.pcshell.dll+62a1e|C:\\Windows\\system32\\twinui.pcshell.dll+81e7d|C:\\Windows\\system32\\twinui.pcshell.dll+655cc|C:\\Windows\\System32\\user32.dll+e7e8|C:\\Windows\\System32\\user32.dll+e229|C:\\Windows\\system32\\twinui.pcshell.dll+e2e6|C:\\Windows\\system32\\twinui.pcshell.dll+dcc9|C:\\Windows\\system32\\twinui.pcshell.dll+1817c|C:\\Windows\\system32\\twinui.pcshell.dll+425f4|C:\\Windows\\system32\\twinui.dll+6d026|C:\\Windows\\system32\\twinui.dll+6cd9b|C:\\Windows\\system32\\twinui.dll+6c953|C:\\Windows\\System32\\user32.dll+e7e8|C:\\Windows\\System32\\user32.dll+e36c|C:\\Windows\\System32\\user32.dll+26dc2|C:\\Windows\\SYSTEM32\\ntdll.dll+a0ba4\u003c/Data\u003e\u003cData Name=\"SourceUser\"\u003eMSSENTINEL\\wardog\u003c/Data\u003e\u003cData Name=\"TargetUser\"\u003eMSSENTINEL\\wardog\u003c/Data\u003e\u003c/EventData\u003e","Task":"10","RuleName":"-","UtcTime":"2022-09-22 16:31:14.414","SourceProcessGUID":"{03bfca49-7152-632c-7a0b-000000000b00}","SourceProcessId":"8740","SourceThreadId":"9524","SourceImage":"C:\\Windows\\Explorer.EXE","TargetProcessGUID":"{03bfca49-8dd2-632c-550d-000000000b00}","TargetProcessId":"12372","TargetImage":"C:\\Windows\\system32\\notepad.exe","GrantedAccess":"0x1000","CallTrace":"C:\\Windows\\SYSTEM32\\ntdll.dll+9d234|C:\\Windows\\System32\\KERNELBASE.dll+2c0ce|C:\\Windows\\system32\\twinui.pcshell.dll+15e9d|C:\\Windows\\system32\\twinui.pcshell.dll+829a7|C:\\Windows\\system32\\twinui.pcshell.dll+43e93|C:\\Windows\\system32\\twinui.pcshell.dll+3eea2|C:\\Windows\\system32\\twinui.pcshell.dll+411f8|C:\\Windows\\system32\\twinui.pcshell.dll+6154f|C:\\Windows\\system32\\twinui.pcshell.dll+62a1e|C:\\Windows\\system32\\twinui.pcshell.dll+81e7d|C:\\Windows\\system32\\twinui.pcshell.dll+655cc|C:\\Windows\\System32\\user32.dll+e7e8|C:\\Windows\\System32\\user32.dll+e229|C:\\Windows\\system32\\twinui.pcshell.dll+e2e6|C:\\Windows\\system32\\twinui.pcshell.dll+dcc9|C:\\Windows\\system32\\twinui.pcshell.dll+1817c|C:\\Windows\\system32\\twinui.pcshell.dll+425f4|C:\\Windows\\system32\\twinui.dll+6d026|C:\\Windows\\system32\\twinui.dll+6cd9b|C:\\Windows\\system32\\twinui.dll+6c953|C:\\Windows\\System32\\user32.dll+e7e8|C:\\Windows\\System32\\user32.dll+e36c|C:\\Windows\\System32\\user32.dll+26dc2|C:\\Windows\\SYSTEM32\\ntdll.dll+a0ba4","SourceUser":"MSSENTINEL\\wardog","TargetUser":"MSSENTINEL\\wardog"},{"EventSourceName":"Microsoft-Windows-Sysmon","Provider":"Microsoft-Windows-Sysmon","ProviderGuid":"{5770385f-c22a-43e0-bf4c-06f5698ffbd9}","Level":"4","Keywords":"0x8000000000000000","Channel":"Microsoft-Windows-Sysmon/Operational","Computer":"WORKSTATION6.mssentinel.local","TimeCreated":"2022-09-22T12:31:14.429Z","TimeGenerated":"2022-09-22T04:31:14.429Z","EventRecordID":"3328034","EventID":10,"Message":"Process accessed:\r\nRuleName: -\r\nUtcTime: 2022-09-22 16:31:14.414\r\nSourceProcessGUID: {03bfca49-7152-632c-7a0b-000000000b00}\r\nSourceProcessId: 8740\r\nSourceThreadId: 9524\r\nSourceImage: C:\\Windows\\Explorer.EXE\r\nTargetProcessGUID: {03bfca49-8dd2-632c-550d-000000000b00}\r\nTargetProcessId: 12372\r\nTargetImage: C:\\Windows\\system32\\notepad.exe\r\nGrantedAccess: 0x1000\r\nCallTrace: C:\\Windows\\SYSTEM32\\ntdll.dll+9d234|C:\\Windows\\System32\\KERNELBASE.dll+2c0ce|C:\\Windows\\system32\\twinui.pcshell.dll+16575|C:\\Windows\\system32\\twinui.pcshell.dll+15ecf|C:\\Windows\\system32\\twinui.pcshell.dll+829a7|C:\\Windows\\system32\\twinui.pcshell.dll+43e93|C:\\Windows\\system32\\twinui.pcshell.dll+3eea2|C:\\Windows\\system32\\twinui.pcshell.dll+411f8|C:\\Windows\\system32\\twinui.pcshell.dll+6154f|C:\\Windows\\system32\\twinui.pcshell.dll+62a1e|C:\\Windows\\system32\\twinui.pcshell.dll+81e7d|C:\\Windows\\system32\\twinui.pcshell.dll+655cc|C:\\Windows\\System32\\user32.dll+e7e8|C:\\Windows\\System32\\user32.dll+e229|C:\\Windows\\system32\\twinui.pcshell.dll+e2e6|C:\\Windows\\system32\\twinui.pcshell.dll+dcc9|C:\\Windows\\system32\\twinui.pcshell.dll+1817c|C:\\Windows\\system32\\twinui.pcshell.dll+425f4|C:\\Windows\\system32\\twinui.dll+6d026|C:\\Windows\\system32\\twinui.dll+6cd9b|C:\\Windows\\system32\\twinui.dll+6c953|C:\\Windows\\System32\\user32.dll+e7e8|C:\\Windows\\System32\\user32.dll+e36c|C:\\Windows\\System32\\user32.dll+26dc2\r\nSourceUser: MSSENTINEL\\wardog\r\nTargetUser: MSSENTINEL\\wardog","EventData":"\u003cEventData xmlns=\"http://schemas.microsoft.com/win/2004/08/events/event\"\u003e\u003cData Name=\"RuleName\"\u003e-\u003c/Data\u003e\u003cData Name=\"UtcTime\"\u003e2022-09-22 16:31:14.414\u003c/Data\u003e\u003cData Name=\"SourceProcessGUID\"\u003e{03bfca49-7152-632c-7a0b-000000000b00}\u003c/Data\u003e\u003cData Name=\"SourceProcessId\"\u003e8740\u003c/Data\u003e\u003cData Name=\"SourceThreadId\"\u003e9524\u003c/Data\u003e\u003cData Name=\"SourceImage\"\u003eC:\\Windows\\Explorer.EXE\u003c/Data\u003e\u003cData Name=\"TargetProcessGUID\"\u003e{03bfca49-8dd2-632c-550d-000000000b00}\u003c/Data\u003e\u003cData Name=\"TargetProcessId\"\u003e12372\u003c/Data\u003e\u003cData Name=\"TargetImage\"\u003eC:\\Windows\\system32\\notepad.exe\u003c/Data\u003e\u003cData Name=\"GrantedAccess\"\u003e0x1000\u003c/Data\u003e\u003cData Name=\"CallTrace\"\u003eC:\\Windows\\SYSTEM32\\ntdll.dll+9d234|C:\\Windows\\System32\\KERNELBASE.dll+2c0ce|C:\\Windows\\system32\\twinui.pcshell.dll+16575|C:\\Windows\\system32\\twinui.pcshell.dll+15ecf|C:\\Windows\\system32\\twinui.pcshell.dll+829a7|C:\\Windows\\system32\\twinui.pcshell.dll+43e93|C:\\Windows\\system32\\twinui.pcshell.dll+3eea2|C:\\Windows\\system32\\twinui.pcshell.dll+411f8|C:\\Windows\\system32\\twinui.pcshell.dll+6154f|C:\\Windows\\system32\\twinui.pcshell.dll+62a1e|C:\\Windows\\system32\\twinui.pcshell.dll+81e7d|C:\\Windows\\system32\\twinui.pcshell.dll+655cc|C:\\Windows\\System32\\user32.dll+e7e8|C:\\Windows\\System32\\user32.dll+e229|C:\\Windows\\system32\\twinui.pcshell.dll+e2e6|C:\\Windows\\system32\\twinui.pcshell.dll+dcc9|C:\\Windows\\system32\\twinui.pcshell.dll+1817c|C:\\Windows\\system32\\twinui.pcshell.dll+425f4|C:\\Windows\\system32\\twinui.dll+6d026|C:\\Windows\\system32\\twinui.dll+6cd9b|C:\\Windows\\system32\\twinui.dll+6c953|C:\\Windows\\System32\\user32.dll+e7e8|C:\\Windows\\System32\\user32.dll+e36c|C:\\Windows\\System32\\user32.dll+26dc2\u003c/Data\u003e\u003cData Name=\"SourceUser\"\u003eMSSENTINEL\\wardog\u003c/Data\u003e\u003cData Name=\"TargetUser\"\u003eMSSENTINEL\\wardog\u003c/Data\u003e\u003c/EventData\u003e","Task":"10","RuleName":"-","UtcTime":"2022-09-22 16:31:14.414","SourceProcessGUID":"{03bfca49-7152-632c-7a0b-000000000b00}","SourceProcessId":"8740","SourceThreadId":"9524","SourceImage":"C:\\Windows\\Explorer.EXE","TargetProcessGUID":"{03bfca49-8dd2-632c-550d-000000000b00}","TargetProcessId":"12372","TargetImage":"C:\\Windows\\system32\\notepad.exe","GrantedAccess":"0x1000","CallTrace":"C:\\Windows\\SYSTEM32\\ntdll.dll+9d234|C:\\Windows\\System32\\KERNELBASE.dll+2c0ce|C:\\Windows\\system32\\twinui.pcshell.dll+16575|C:\\Windows\\system32\\twinui.pcshell.dll+15ecf|C:\\Windows\\system32\\twinui.pcshell.dll+829a7|C:\\Windows\\system32\\twinui.pcshell.dll+43e93|C:\\Windows\\system32\\twinui.pcshell.dll+3eea2|C:\\Windows\\system32\\twinui.pcshell.dll+411f8|C:\\Windows\\system32\\twinui.pcshell.dll+6154f|C:\\Windows\\system32\\twinui.pcshell.dll+62a1e|C:\\Windows\\system32\\twinui.pcshell.dll+81e7d|C:\\Windows\\system32\\twinui.pcshell.dll+655cc|C:\\Windows\\System32\\user32.dll+e7e8|C:\\Windows\\System32\\user32.dll+e229|C:\\Windows\\system32\\twinui.pcshell.dll+e2e6|C:\\Windows\\system32\\twinui.pcshell.dll+dcc9|C:\\Windows\\system32\\twinui.pcshell.dll+1817c|C:\\Windows\\system32\\twinui.pcshell.dll+425f4|C:\\Windows\\system32\\twinui.dll+6d026|C:\\Windows\\system32\\twinui.dll+6cd9b|C:\\Windows\\system32\\twinui.dll+6c953|C:\\Windows\\System32\\user32.dll+e7e8|C:\\Windows\\System32\\user32.dll+e36c|C:\\Windows\\System32\\user32.dll+26dc2","SourceUser":"MSSENTINEL\\wardog","TargetUser":"MSSENTINEL\\wardog"},{"EventSourceName":"Microsoft-Windows-Sysmon","Provider":"Microsoft-Windows-Sysmon","ProviderGuid":"{5770385f-c22a-43e0-bf4c-06f5698ffbd9}","Level":"4","Keywords":"0x8000000000000000","Channel":"Microsoft-Windows-Sysmon/Operational","Computer":"WORKSTATION6.mssentinel.local","TimeCreated":"2022-09-22T12:31:14.429Z","TimeGenerated":"2022-09-22T04:31:14.429Z","EventRecordID":"3328035","EventID":10,"Message":"Process accessed:\r\nRuleName: -\r\nUtcTime: 2022-09-22 16:31:14.414\r\nSourceProcessGUID: {03bfca49-7152-632c-7a0b-000000000b00}\r\nSourceProcessId: 8740\r\nSourceThreadId: 9524\r\nSourceImage: C:\\Windows\\Explorer.EXE\r\nTargetProcessGUID: {03bfca49-8dd2-632c-550d-000000000b00}\r\nTargetProcessId: 12372\r\nTargetImage: C:\\Windows\\system32\\notepad.exe\r\nGrantedAccess: 0x1000\r\nCallTrace: C:\\Windows\\SYSTEM32\\ntdll.dll+9d234|C:\\Windows\\System32\\KERNELBASE.dll+2c0ce|C:\\Windows\\system32\\twinui.pcshell.dll+11c863|C:\\Windows\\system32\\twinui.pcshell.dll+3eea2|C:\\Windows\\system32\\twinui.pcshell.dll+411f8|C:\\Windows\\system32\\twinui.pcshell.dll+6154f|C:\\Windows\\system32\\twinui.pcshell.dll+62a1e|C:\\Windows\\system32\\twinui.pcshell.dll+81e7d|C:\\Windows\\system32\\twinui.pcshell.dll+655cc|C:\\Windows\\System32\\user32.dll+e7e8|C:\\Windows\\System32\\user32.dll+e229|C:\\Windows\\system32\\twinui.pcshell.dll+e2e6|C:\\Windows\\system32\\twinui.pcshell.dll+dcc9|C:\\Windows\\system32\\twinui.pcshell.dll+1817c|C:\\Windows\\system32\\twinui.pcshell.dll+425f4|C:\\Windows\\system32\\twinui.dll+6d026|C:\\Windows\\system32\\twinui.dll+6cd9b|C:\\Windows\\system32\\twinui.dll+6c953|C:\\Windows\\System32\\user32.dll+e7e8|C:\\Windows\\System32\\user32.dll+e36c|C:\\Windows\\System32\\user32.dll+26dc2|C:\\Windows\\SYSTEM32\\ntdll.dll+a0ba4|UNKNOWN(FFFFF800452AF635)|UNKNOWN(FFFFF2D788110A71)\r\nSourceUser: MSSENTINEL\\wardog\r\nTargetUser: MSSENTINEL\\wardog","EventData":"\u003cEventData xmlns=\"http://schemas.microsoft.com/win/2004/08/events/event\"\u003e\u003cData Name=\"RuleName\"\u003e-\u003c/Data\u003e\u003cData Name=\"UtcTime\"\u003e2022-09-22 16:31:14.414\u003c/Data\u003e\u003cData Name=\"SourceProcessGUID\"\u003e{03bfca49-7152-632c-7a0b-000000000b00}\u003c/Data\u003e\u003cData Name=\"SourceProcessId\"\u003e8740\u003c/Data\u003e\u003cData Name=\"SourceThreadId\"\u003e9524\u003c/Data\u003e\u003cData Name=\"SourceImage\"\u003eC:\\Windows\\Explorer.EXE\u003c/Data\u003e\u003cData Name=\"TargetProcessGUID\"\u003e{03bfca49-8dd2-632c-550d-000000000b00}\u003c/Data\u003e\u003cData Name=\"TargetProcessId\"\u003e12372\u003c/Data\u003e\u003cData Name=\"TargetImage\"\u003eC:\\Windows\\system32\\notepad.exe\u003c/Data\u003e\u003cData Name=\"GrantedAccess\"\u003e0x1000\u003c/Data\u003e\u003cData Name=\"CallTrace\"\u003eC:\\Windows\\SYSTEM32\\ntdll.dll+9d234|C:\\Windows\\System32\\KERNELBASE.dll+2c0ce|C:\\Windows\\system32\\twinui.pcshell.dll+11c863|C:\\Windows\\system32\\twinui.pcshell.dll+3eea2|C:\\Windows\\system32\\twinui.pcshell.dll+411f8|C:\\Windows\\system32\\twinui.pcshell.dll+6154f|C:\\Windows\\system32\\twinui.pcshell.dll+62a1e|C:\\Windows\\system32\\twinui.pcshell.dll+81e7d|C:\\Windows\\system32\\twinui.pcshell.dll+655cc|C:\\Windows\\System32\\user32.dll+e7e8|C:\\Windows\\System32\\user32.dll+e229|C:\\Windows\\system32\\twinui.pcshell.dll+e2e6|C:\\Windows\\system32\\twinui.pcshell.dll+dcc9|C:\\Windows\\system32\\twinui.pcshell.dll+1817c|C:\\Windows\\system32\\twinui.pcshell.dll+425f4|C:\\Windows\\system32\\twinui.dll+6d026|C:\\Windows\\system32\\twinui.dll+6cd9b|C:\\Windows\\system32\\twinui.dll+6c953|C:\\Windows\\System32\\user32.dll+e7e8|C:\\Windows\\System32\\user32.dll+e36c|C:\\Windows\\System32\\user32.dll+26dc2|C:\\Windows\\SYSTEM32\\ntdll.dll+a0ba4|UNKNOWN(FFFFF800452AF635)|UNKNOWN(FFFFF2D788110A71)\u003c/Data\u003e\u003cData Name=\"SourceUser\"\u003eMSSENTINEL\\wardog\u003c/Data\u003e\u003cData Name=\"TargetUser\"\u003eMSSENTINEL\\wardog\u003c/Data\u003e\u003c/EventData\u003e","Task":"10","RuleName":"-","UtcTime":"2022-09-22 16:31:14.414","SourceProcessGUID":"{03bfca49-7152-632c-7a0b-000000000b00}","SourceProcessId":"8740","SourceThreadId":"9524","SourceImage":"C:\\Windows\\Explorer.EXE","TargetProcessGUID":"{03bfca49-8dd2-632c-550d-000000000b00}","TargetProcessId":"12372","TargetImage":"C:\\Windows\\system32\\notepad.exe","GrantedAccess":"0x1000","CallTrace":"C:\\Windows\\SYSTEM32\\ntdll.dll+9d234|C:\\Windows\\System32\\KERNELBASE.dll+2c0ce|C:\\Windows\\system32\\twinui.pcshell.dll+11c863|C:\\Windows\\system32\\twinui.pcshell.dll+3eea2|C:\\Windows\\system32\\twinui.pcshell.dll+411f8|C:\\Windows\\system32\\twinui.pcshell.dll+6154f|C:\\Windows\\system32\\twinui.pcshell.dll+62a1e|C:\\Windows\\system32\\twinui.pcshell.dll+81e7d|C:\\Windows\\system32\\twinui.pcshell.dll+655cc|C:\\Windows\\System32\\user32.dll+e7e8|C:\\Windows\\System32\\user32.dll+e229|C:\\Windows\\system32\\twinui.pcshell.dll+e2e6|C:\\Windows\\system32\\twinui.pcshell.dll+dcc9|C:\\Windows\\system32\\twinui.pcshell.dll+1817c|C:\\Windows\\system32\\twinui.pcshell.dll+425f4|C:\\Windows\\system32\\twinui.dll+6d026|C:\\Windows\\system32\\twinui.dll+6cd9b|C:\\Windows\\system32\\twinui.dll+6c953|C:\\Windows\\System32\\user32.dll+e7e8|C:\\Windows\\System32\\user32.dll+e36c|C:\\Windows\\System32\\user32.dll+26dc2|C:\\Windows\\SYSTEM32\\ntdll.dll+a0ba4|UNKNOWN(FFFFF800452AF635)|UNKNOWN(FFFFF2D788110A71)","SourceUser":"MSSENTINEL\\wardog","TargetUser":"MSSENTINEL\\wardog"},{"EventSourceName":"Microsoft-Windows-Sysmon","Provider":"Microsoft-Windows-Sysmon","ProviderGuid":"{5770385f-c22a-43e0-bf4c-06f5698ffbd9}","Level":"4","Keywords":"0x8000000000000000","Channel":"Microsoft-Windows-Sysmon/Operational","Computer":"WORKSTATION6.mssentinel.local","TimeCreated":"2022-09-22T12:31:14.429Z","TimeGenerated":"2022-09-22T04:31:14.429Z","EventRecordID":"3328036","EventID":10,"Message":"Process accessed:\r\nRuleName: -\r\nUtcTime: 2022-09-22 16:31:14.414\r\nSourceProcessGUID: {03bfca49-7152-632c-7a0b-000000000b00}\r\nSourceProcessId: 8740\r\nSourceThreadId: 9524\r\nSourceImage: C:\\Windows\\Explorer.EXE\r\nTargetProcessGUID: {03bfca49-8dd2-632c-550d-000000000b00}\r\nTargetProcessId: 12372\r\nTargetImage: C:\\Windows\\system32\\notepad.exe\r\nGrantedAccess: 0x1000\r\nCallTrace: C:\\Windows\\SYSTEM32\\ntdll.dll+9d234|C:\\Windows\\System32\\KERNELBASE.dll+2c0ce|C:\\Windows\\System32\\appresolver.dll+25016|C:\\Windows\\System32\\appresolver.dll+21b43|C:\\Windows\\system32\\twinui.pcshell.dll+46b896|C:\\Windows\\system32\\twinui.pcshell.dll+11c886|C:\\Windows\\system32\\twinui.pcshell.dll+3eea2|C:\\Windows\\system32\\twinui.pcshell.dll+411f8|C:\\Windows\\system32\\twinui.pcshell.dll+6154f|C:\\Windows\\system32\\twinui.pcshell.dll+62a1e|C:\\Windows\\system32\\twinui.pcshell.dll+81e7d|C:\\Windows\\system32\\twinui.pcshell.dll+655cc|C:\\Windows\\System32\\user32.dll+e7e8|C:\\Windows\\System32\\user32.dll+e229|C:\\Windows\\system32\\twinui.pcshell.dll+e2e6|C:\\Windows\\system32\\twinui.pcshell.dll+dcc9|C:\\Windows\\system32\\twinui.pcshell.dll+1817c|C:\\Windows\\system32\\twinui.pcshell.dll+425f4|C:\\Windows\\system32\\twinui.dll+6d026|C:\\Windows\\system32\\twinui.dll+6cd9b|C:\\Windows\\system32\\twinui.dll+6c953|C:\\Windows\\System32\\user32.dll+e7e8|C:\\Windows\\System32\\user32.dll+e36c|C:\\Windows\\System32\\user32.dll+26dc2\r\nSourceUser: MSSENTINEL\\wardog\r\nTargetUser: MSSENTINEL\\wardog","EventData":"\u003cEventData xmlns=\"http://schemas.microsoft.com/win/2004/08/events/event\"\u003e\u003cData Name=\"RuleName\"\u003e-\u003c/Data\u003e\u003cData Name=\"UtcTime\"\u003e2022-09-22 16:31:14.414\u003c/Data\u003e\u003cData Name=\"SourceProcessGUID\"\u003e{03bfca49-7152-632c-7a0b-000000000b00}\u003c/Data\u003e\u003cData Name=\"SourceProcessId\"\u003e8740\u003c/Data\u003e\u003cData Name=\"SourceThreadId\"\u003e9524\u003c/Data\u003e\u003cData Name=\"SourceImage\"\u003eC:\\Windows\\Explorer.EXE\u003c/Data\u003e\u003cData Name=\"TargetProcessGUID\"\u003e{03bfca49-8dd2-632c-550d-000000000b00}\u003c/Data\u003e\u003cData Name=\"TargetProcessId\"\u003e12372\u003c/Data\u003e\u003cData Name=\"TargetImage\"\u003eC:\\Windows\\system32\\notepad.exe\u003c/Data\u003e\u003cData Name=\"GrantedAccess\"\u003e0x1000\u003c/Data\u003e\u003cData Name=\"CallTrace\"\u003eC:\\Windows\\SYSTEM32\\ntdll.dll+9d234|C:\\Windows\\System32\\KERNELBASE.dll+2c0ce|C:\\Windows\\System32\\appresolver.dll+25016|C:\\Windows\\System32\\appresolver.dll+21b43|C:\\Windows\\system32\\twinui.pcshell.dll+46b896|C:\\Windows\\system32\\twinui.pcshell.dll+11c886|C:\\Windows\\system32\\twinui.pcshell.dll+3eea2|C:\\Windows\\system32\\twinui.pcshell.dll+411f8|C:\\Windows\\system32\\twinui.pcshell.dll+6154f|C:\\Windows\\system32\\twinui.pcshell.dll+62a1e|C:\\Windows\\system32\\twinui.pcshell.dll+81e7d|C:\\Windows\\system32\\twinui.pcshell.dll+655cc|C:\\Windows\\System32\\user32.dll+e7e8|C:\\Windows\\System32\\user32.dll+e229|C:\\Windows\\system32\\twinui.pcshell.dll+e2e6|C:\\Windows\\system32\\twinui.pcshell.dll+dcc9|C:\\Windows\\system32\\twinui.pcshell.dll+1817c|C:\\Windows\\system32\\twinui.pcshell.dll+425f4|C:\\Windows\\system32\\twinui.dll+6d026|C:\\Windows\\system32\\twinui.dll+6cd9b|C:\\Windows\\system32\\twinui.dll+6c953|C:\\Windows\\System32\\user32.dll+e7e8|C:\\Windows\\System32\\user32.dll+e36c|C:\\Windows\\System32\\user32.dll+26dc2\u003c/Data\u003e\u003cData Name=\"SourceUser\"\u003eMSSENTINEL\\wardog\u003c/Data\u003e\u003cData Name=\"TargetUser\"\u003eMSSENTINEL\\wardog\u003c/Data\u003e\u003c/EventData\u003e","Task":"10","RuleName":"-","UtcTime":"2022-09-22 16:31:14.414","SourceProcessGUID":"{03bfca49-7152-632c-7a0b-000000000b00}","SourceProcessId":"8740","SourceThreadId":"9524","SourceImage":"C:\\Windows\\Explorer.EXE","TargetProcessGUID":"{03bfca49-8dd2-632c-550d-000000000b00}","TargetProcessId":"12372","TargetImage":"C:\\Windows\\system32\\notepad.exe","GrantedAccess":"0x1000","CallTrace":"C:\\Windows\\SYSTEM32\\ntdll.dll+9d234|C:\\Windows\\System32\\KERNELBASE.dll+2c0ce|C:\\Windows\\System32\\appresolver.dll+25016|C:\\Windows\\System32\\appresolver.dll+21b43|C:\\Windows\\system32\\twinui.pcshell.dll+46b896|C:\\Windows\\system32\\twinui.pcshell.dll+11c886|C:\\Windows\\system32\\twinui.pcshell.dll+3eea2|C:\\Windows\\system32\\twinui.pcshell.dll+411f8|C:\\Windows\\system32\\twinui.pcshell.dll+6154f|C:\\Windows\\system32\\twinui.pcshell.dll+62a1e|C:\\Windows\\system32\\twinui.pcshell.dll+81e7d|C:\\Windows\\system32\\twinui.pcshell.dll+655cc|C:\\Windows\\System32\\user32.dll+e7e8|C:\\Windows\\System32\\user32.dll+e229|C:\\Windows\\system32\\twinui.pcshell.dll+e2e6|C:\\Windows\\system32\\twinui.pcshell.dll+dcc9|C:\\Windows\\system32\\twinui.pcshell.dll+1817c|C:\\Windows\\system32\\twinui.pcshell.dll+425f4|C:\\Windows\\system32\\twinui.dll+6d026|C:\\Windows\\system32\\twinui.dll+6cd9b|C:\\Windows\\system32\\twinui.dll+6c953|C:\\Windows\\System32\\user32.dll+e7e8|C:\\Windows\\System32\\user32.dll+e36c|C:\\Windows\\System32\\user32.dll+26dc2","SourceUser":"MSSENTINEL\\wardog","TargetUser":"MSSENTINEL\\wardog"},{"EventSourceName":"Microsoft-Windows-Sysmon","Provider":"Microsoft-Windows-Sysmon","ProviderGuid":"{5770385f-c22a-43e0-bf4c-06f5698ffbd9}","Level":"4","Keywords":"0x8000000000000000","Channel":"Microsoft-Windows-Sysmon/Operational","Computer":"WORKSTATION6.mssentinel.local","TimeCreated":"2022-09-22T12:31:14.429Z","TimeGenerated":"2022-09-22T04:31:14.429Z","EventRecordID":"3328037","EventID":10,"Message":"Process accessed:\r\nRuleName: -\r\nUtcTime: 2022-09-22 16:31:14.414\r\nSourceProcessGUID: {03bfca49-7152-632c-7a0b-000000000b00}\r\nSourceProcessId: 8740\r\nSourceThreadId: 9524\r\nSourceImage: C:\\Windows\\Explorer.EXE\r\nTargetProcessGUID: {03bfca49-8dd2-632c-550d-000000000b00}\r\nTargetProcessId: 12372\r\nTargetImage: C:\\Windows\\system32\\notepad.exe\r\nGrantedAccess: 0x1000\r\nCallTrace: C:\\Windows\\SYSTEM32\\ntdll.dll+9d234|C:\\Windows\\System32\\KERNELBASE.dll+2c0ce|C:\\Windows\\System32\\appresolver.dll+21c0b|C:\\Windows\\system32\\twinui.pcshell.dll+46b896|C:\\Windows\\system32\\twinui.pcshell.dll+11c886|C:\\Windows\\system32\\twinui.pcshell.dll+3eea2|C:\\Windows\\system32\\twinui.pcshell.dll+411f8|C:\\Windows\\system32\\twinui.pcshell.dll+6154f|C:\\Windows\\system32\\twinui.pcshell.dll+62a1e|C:\\Windows\\system32\\twinui.pcshell.dll+81e7d|C:\\Windows\\system32\\twinui.pcshell.dll+655cc|C:\\Windows\\System32\\user32.dll+e7e8|C:\\Windows\\System32\\user32.dll+e229|C:\\Windows\\system32\\twinui.pcshell.dll+e2e6|C:\\Windows\\system32\\twinui.pcshell.dll+dcc9|C:\\Windows\\system32\\twinui.pcshell.dll+1817c|C:\\Windows\\system32\\twinui.pcshell.dll+425f4|C:\\Windows\\system32\\twinui.dll+6d026|C:\\Windows\\system32\\twinui.dll+6cd9b|C:\\Windows\\system32\\twinui.dll+6c953|C:\\Windows\\System32\\user32.dll+e7e8|C:\\Windows\\System32\\user32.dll+e36c|C:\\Windows\\System32\\user32.dll+26dc2|C:\\Windows\\SYSTEM32\\ntdll.dll+a0ba4\r\nSourceUser: MSSENTINEL\\wardog\r\nTargetUser: MSSENTINEL\\wardog","EventData":"\u003cEventData xmlns=\"http://schemas.microsoft.com/win/2004/08/events/event\"\u003e\u003cData Name=\"RuleName\"\u003e-\u003c/Data\u003e\u003cData Name=\"UtcTime\"\u003e2022-09-22 16:31:14.414\u003c/Data\u003e\u003cData Name=\"SourceProcessGUID\"\u003e{03bfca49-7152-632c-7a0b-000000000b00}\u003c/Data\u003e\u003cData Name=\"SourceProcessId\"\u003e8740\u003c/Data\u003e\u003cData Name=\"SourceThreadId\"\u003e9524\u003c/Data\u003e\u003cData Name=\"SourceImage\"\u003eC:\\Windows\\Explorer.EXE\u003c/Data\u003e\u003cData Name=\"TargetProcessGUID\"\u003e{03bfca49-8dd2-632c-550d-000000000b00}\u003c/Data\u003e\u003cData Name=\"TargetProcessId\"\u003e12372\u003c/Data\u003e\u003cData Name=\"TargetImage\"\u003eC:\\Windows\\system32\\notepad.exe\u003c/Data\u003e\u003cData Name=\"GrantedAccess\"\u003e0x1000\u003c/Data\u003e\u003cData Name=\"CallTrace\"\u003eC:\\Windows\\SYSTEM32\\ntdll.dll+9d234|C:\\Windows\\System32\\KERNELBASE.dll+2c0ce|C:\\Windows\\System32\\appresolver.dll+21c0b|C:\\Windows\\system32\\twinui.pcshell.dll+46b896|C:\\Windows\\system32\\twinui.pcshell.dll+11c886|C:\\Windows\\system32\\twinui.pcshell.dll+3eea2|C:\\Windows\\system32\\twinui.pcshell.dll+411f8|C:\\Windows\\system32\\twinui.pcshell.dll+6154f|C:\\Windows\\system32\\twinui.pcshell.dll+62a1e|C:\\Windows\\system32\\twinui.pcshell.dll+81e7d|C:\\Windows\\system32\\twinui.pcshell.dll+655cc|C:\\Windows\\System32\\user32.dll+e7e8|C:\\Windows\\System32\\user32.dll+e229|C:\\Windows\\system32\\twinui.pcshell.dll+e2e6|C:\\Windows\\system32\\twinui.pcshell.dll+dcc9|C:\\Windows\\system32\\twinui.pcshell.dll+1817c|C:\\Windows\\system32\\twinui.pcshell.dll+425f4|C:\\Windows\\system32\\twinui.dll+6d026|C:\\Windows\\system32\\twinui.dll+6cd9b|C:\\Windows\\system32\\twinui.dll+6c953|C:\\Windows\\System32\\user32.dll+e7e8|C:\\Windows\\System32\\user32.dll+e36c|C:\\Windows\\System32\\user32.dll+26dc2|C:\\Windows\\SYSTEM32\\ntdll.dll+a0ba4\u003c/Data\u003e\u003cData Name=\"SourceUser\"\u003eMSSENTINEL\\wardog\u003c/Data\u003e\u003cData Name=\"TargetUser\"\u003eMSSENTINEL\\wardog\u003c/Data\u003e\u003c/EventData\u003e","Task":"10","RuleName":"-","UtcTime":"2022-09-22 16:31:14.414","SourceProcessGUID":"{03bfca49-7152-632c-7a0b-000000000b00}","SourceProcessId":"8740","SourceThreadId":"9524","SourceImage":"C:\\Windows\\Explorer.EXE","TargetProcessGUID":"{03bfca49-8dd2-632c-550d-000000000b00}","TargetProcessId":"12372","TargetImage":"C:\\Windows\\system32\\notepad.exe","GrantedAccess":"0x1000","CallTrace":"C:\\Windows\\SYSTEM32\\ntdll.dll+9d234|C:\\Windows\\System32\\KERNELBASE.dll+2c0ce|C:\\Windows\\System32\\appresolver.dll+21c0b|C:\\Windows\\system32\\twinui.pcshell.dll+46b896|C:\\Windows\\system32\\twinui.pcshell.dll+11c886|C:\\Windows\\system32\\twinui.pcshell.dll+3eea2|C:\\Windows\\system32\\twinui.pcshell.dll+411f8|C:\\Windows\\system32\\twinui.pcshell.dll+6154f|C:\\Windows\\system32\\twinui.pcshell.dll+62a1e|C:\\Windows\\system32\\twinui.pcshell.dll+81e7d|C:\\Windows\\system32\\twinui.pcshell.dll+655cc|C:\\Windows\\System32\\user32.dll+e7e8|C:\\Windows\\System32\\user32.dll+e229|C:\\Windows\\system32\\twinui.pcshell.dll+e2e6|C:\\Windows\\system32\\twinui.pcshell.dll+dcc9|C:\\Windows\\system32\\twinui.pcshell.dll+1817c|C:\\Windows\\system32\\twinui.pcshell.dll+425f4|C:\\Windows\\system32\\twinui.dll+6d026|C:\\Windows\\system32\\twinui.dll+6cd9b|C:\\Windows\\system32\\twinui.dll+6c953|C:\\Windows\\System32\\user32.dll+e7e8|C:\\Windows\\System32\\user32.dll+e36c|C:\\Windows\\System32\\user32.dll+26dc2|C:\\Windows\\SYSTEM32\\ntdll.dll+a0ba4","SourceUser":"MSSENTINEL\\wardog","TargetUser":"MSSENTINEL\\wardog"},{"EventSourceName":"Microsoft-Windows-Sysmon","Provider":"Microsoft-Windows-Sysmon","ProviderGuid":"{5770385f-c22a-43e0-bf4c-06f5698ffbd9}","Level":"4","Keywords":"0x8000000000000000","Channel":"Microsoft-Windows-Sysmon/Operational","Computer":"WORKSTATION6.mssentinel.local","TimeCreated":"2022-09-22T12:31:14.430Z","TimeGenerated":"2022-09-22T04:31:14.430Z","EventRecordID":"3328038","EventID":10,"Message":"Process accessed:\r\nRuleName: -\r\nUtcTime: 2022-09-22 16:31:14.414\r\nSourceProcessGUID: {03bfca49-7152-632c-7a0b-000000000b00}\r\nSourceProcessId: 8740\r\nSourceThreadId: 9524\r\nSourceImage: C:\\Windows\\Explorer.EXE\r\nTargetProcessGUID: {03bfca49-8dd2-632c-550d-000000000b00}\r\nTargetProcessId: 12372\r\nTargetImage: C:\\Windows\\system32\\notepad.exe\r\nGrantedAccess: 0x1410\r\nCallTrace: C:\\Windows\\SYSTEM32\\ntdll.dll+9d234|C:\\Windows\\System32\\KERNELBASE.dll+2c0ce|C:\\Windows\\System32\\appresolver.dll+24d21|C:\\Windows\\System32\\appresolver.dll+21ce7|C:\\Windows\\system32\\twinui.pcshell.dll+46b896|C:\\Windows\\system32\\twinui.pcshell.dll+11c886|C:\\Windows\\system32\\twinui.pcshell.dll+3eea2|C:\\Windows\\system32\\twinui.pcshell.dll+411f8|C:\\Windows\\system32\\twinui.pcshell.dll+6154f|C:\\Windows\\system32\\twinui.pcshell.dll+62a1e|C:\\Windows\\system32\\twinui.pcshell.dll+81e7d|C:\\Windows\\system32\\twinui.pcshell.dll+655cc|C:\\Windows\\System32\\user32.dll+e7e8|C:\\Windows\\System32\\user32.dll+e229|C:\\Windows\\system32\\twinui.pcshell.dll+e2e6|C:\\Windows\\system32\\twinui.pcshell.dll+dcc9|C:\\Windows\\system32\\twinui.pcshell.dll+1817c|C:\\Windows\\system32\\twinui.pcshell.dll+425f4|C:\\Windows\\system32\\twinui.dll+6d026|C:\\Windows\\system32\\twinui.dll+6cd9b|C:\\Windows\\system32\\twinui.dll+6c953|C:\\Windows\\System32\\user32.dll+e7e8|C:\\Windows\\System32\\user32.dll+e36c|C:\\Windows\\System32\\user32.dll+26dc2\r\nSourceUser: MSSENTINEL\\wardog\r\nTargetUser: MSSENTINEL\\wardog","EventData":"\u003cEventData xmlns=\"http://schemas.microsoft.com/win/2004/08/events/event\"\u003e\u003cData Name=\"RuleName\"\u003e-\u003c/Data\u003e\u003cData Name=\"UtcTime\"\u003e2022-09-22 16:31:14.414\u003c/Data\u003e\u003cData Name=\"SourceProcessGUID\"\u003e{03bfca49-7152-632c-7a0b-000000000b00}\u003c/Data\u003e\u003cData Name=\"SourceProcessId\"\u003e8740\u003c/Data\u003e\u003cData Name=\"SourceThreadId\"\u003e9524\u003c/Data\u003e\u003cData Name=\"SourceImage\"\u003eC:\\Windows\\Explorer.EXE\u003c/Data\u003e\u003cData Name=\"TargetProcessGUID\"\u003e{03bfca49-8dd2-632c-550d-000000000b00}\u003c/Data\u003e\u003cData Name=\"TargetProcessId\"\u003e12372\u003c/Data\u003e\u003cData Name=\"TargetImage\"\u003eC:\\Windows\\system32\\notepad.exe\u003c/Data\u003e\u003cData Name=\"GrantedAccess\"\u003e0x1410\u003c/Data\u003e\u003cData Name=\"CallTrace\"\u003eC:\\Windows\\SYSTEM32\\ntdll.dll+9d234|C:\\Windows\\System32\\KERNELBASE.dll+2c0ce|C:\\Windows\\System32\\appresolver.dll+24d21|C:\\Windows\\System32\\appresolver.dll+21ce7|C:\\Windows\\system32\\twinui.pcshell.dll+46b896|C:\\Windows\\system32\\twinui.pcshell.dll+11c886|C:\\Windows\\system32\\twinui.pcshell.dll+3eea2|C:\\Windows\\system32\\twinui.pcshell.dll+411f8|C:\\Windows\\system32\\twinui.pcshell.dll+6154f|C:\\Windows\\system32\\twinui.pcshell.dll+62a1e|C:\\Windows\\system32\\twinui.pcshell.dll+81e7d|C:\\Windows\\system32\\twinui.pcshell.dll+655cc|C:\\Windows\\System32\\user32.dll+e7e8|C:\\Windows\\System32\\user32.dll+e229|C:\\Windows\\system32\\twinui.pcshell.dll+e2e6|C:\\Windows\\system32\\twinui.pcshell.dll+dcc9|C:\\Windows\\system32\\twinui.pcshell.dll+1817c|C:\\Windows\\system32\\twinui.pcshell.dll+425f4|C:\\Windows\\system32\\twinui.dll+6d026|C:\\Windows\\system32\\twinui.dll+6cd9b|C:\\Windows\\system32\\twinui.dll+6c953|C:\\Windows\\System32\\user32.dll+e7e8|C:\\Windows\\System32\\user32.dll+e36c|C:\\Windows\\System32\\user32.dll+26dc2\u003c/Data\u003e\u003cData Name=\"SourceUser\"\u003eMSSENTINEL\\wardog\u003c/Data\u003e\u003cData Name=\"TargetUser\"\u003eMSSENTINEL\\wardog\u003c/Data\u003e\u003c/EventData\u003e","Task":"10","RuleName":"-","UtcTime":"2022-09-22 16:31:14.414","SourceProcessGUID":"{03bfca49-7152-632c-7a0b-000000000b00}","SourceProcessId":"8740","SourceThreadId":"9524","SourceImage":"C:\\Windows\\Explorer.EXE","TargetProcessGUID":"{03bfca49-8dd2-632c-550d-000000000b00}","TargetProcessId":"12372","TargetImage":"C:\\Windows\\system32\\notepad.exe","GrantedAccess":"0x1410","CallTrace":"C:\\Windows\\SYSTEM32\\ntdll.dll+9d234|C:\\Windows\\System32\\KERNELBASE.dll+2c0ce|C:\\Windows\\System32\\appresolver.dll+24d21|C:\\Windows\\System32\\appresolver.dll+21ce7|C:\\Windows\\system32\\twinui.pcshell.dll+46b896|C:\\Windows\\system32\\twinui.pcshell.dll+11c886|C:\\Windows\\system32\\twinui.pcshell.dll+3eea2|C:\\Windows\\system32\\twinui.pcshell.dll+411f8|C:\\Windows\\system32\\twinui.pcshell.dll+6154f|C:\\Windows\\system32\\twinui.pcshell.dll+62a1e|C:\\Windows\\system32\\twinui.pcshell.dll+81e7d|C:\\Windows\\system32\\twinui.pcshell.dll+655cc|C:\\Windows\\System32\\user32.dll+e7e8|C:\\Windows\\System32\\user32.dll+e229|C:\\Windows\\system32\\twinui.pcshell.dll+e2e6|C:\\Windows\\system32\\twinui.pcshell.dll+dcc9|C:\\Windows\\system32\\twinui.pcshell.dll+1817c|C:\\Windows\\system32\\twinui.pcshell.dll+425f4|C:\\Windows\\system32\\twinui.dll+6d026|C:\\Windows\\system32\\twinui.dll+6cd9b|C:\\Windows\\system32\\twinui.dll+6c953|C:\\Windows\\System32\\user32.dll+e7e8|C:\\Windows\\System32\\user32.dll+e36c|C:\\Windows\\System32\\user32.dll+26dc2","SourceUser":"MSSENTINEL\\wardog","TargetUser":"MSSENTINEL\\wardog"},{"EventSourceName":"Microsoft-Windows-Sysmon","Provider":"Microsoft-Windows-Sysmon","ProviderGuid":"{5770385f-c22a-43e0-bf4c-06f5698ffbd9}","Level":"4","Keywords":"0x8000000000000000","Channel":"Microsoft-Windows-Sysmon/Operational","Computer":"WORKSTATION6.mssentinel.local","TimeCreated":"2022-09-22T12:31:14.432Z","TimeGenerated":"2022-09-22T04:31:14.432Z","EventRecordID":"3328039","EventID":10,"Message":"Process accessed:\r\nRuleName: -\r\nUtcTime: 2022-09-22 16:31:14.430\r\nSourceProcessGUID: {03bfca49-7152-632c-7a0b-000000000b00}\r\nSourceProcessId: 8740\r\nSourceThreadId: 9524\r\nSourceImage: C:\\Windows\\Explorer.EXE\r\nTargetProcessGUID: {03bfca49-8dd2-632c-550d-000000000b00}\r\nTargetProcessId: 12372\r\nTargetImage: C:\\Windows\\system32\\notepad.exe\r\nGrantedAccess: 0x1000\r\nCallTrace: C:\\Windows\\SYSTEM32\\ntdll.dll+9d234|C:\\Windows\\System32\\KERNELBASE.dll+2c0ce|C:\\Windows\\system32\\twinui.pcshell.dll+15e9d|C:\\Windows\\system32\\twinui.pcshell.dll+829a7|C:\\Windows\\system32\\twinui.pcshell.dll+15ad8|C:\\Windows\\system32\\twinui.pcshell.dll+181f5|C:\\Windows\\system32\\twinui.pcshell.dll+425f4|C:\\Windows\\system32\\twinui.dll+6d026|C:\\Windows\\system32\\twinui.dll+6cd9b|C:\\Windows\\system32\\twinui.dll+6c953|C:\\Windows\\System32\\user32.dll+e7e8|C:\\Windows\\System32\\user32.dll+e36c|C:\\Windows\\System32\\user32.dll+26dc2|C:\\Windows\\SYSTEM32\\ntdll.dll+a0ba4|UNKNOWN(FFFFF800452AF635)|UNKNOWN(FFFFF2D788110A71)|UNKNOWN(FFFFF2D788098554)|UNKNOWN(FFFFF2D7880975B4)|UNKNOWN(FFFFF2D788094FF8)|UNKNOWN(FFFFF2D788094238)|UNKNOWN(FFFFF2D787DB71AE)|UNKNOWN(FFFFF80045008AB5)|C:\\Windows\\System32\\win32u.dll+1064|C:\\Windows\\System32\\user32.dll+a553\r\nSourceUser: MSSENTINEL\\wardog\r\nTargetUser: MSSENTINEL\\wardog","EventData":"\u003cEventData xmlns=\"http://schemas.microsoft.com/win/2004/08/events/event\"\u003e\u003cData Name=\"RuleName\"\u003e-\u003c/Data\u003e\u003cData Name=\"UtcTime\"\u003e2022-09-22 16:31:14.430\u003c/Data\u003e\u003cData Name=\"SourceProcessGUID\"\u003e{03bfca49-7152-632c-7a0b-000000000b00}\u003c/Data\u003e\u003cData Name=\"SourceProcessId\"\u003e8740\u003c/Data\u003e\u003cData Name=\"SourceThreadId\"\u003e9524\u003c/Data\u003e\u003cData Name=\"SourceImage\"\u003eC:\\Windows\\Explorer.EXE\u003c/Data\u003e\u003cData Name=\"TargetProcessGUID\"\u003e{03bfca49-8dd2-632c-550d-000000000b00}\u003c/Data\u003e\u003cData Name=\"TargetProcessId\"\u003e12372\u003c/Data\u003e\u003cData Name=\"TargetImage\"\u003eC:\\Windows\\system32\\notepad.exe\u003c/Data\u003e\u003cData Name=\"GrantedAccess\"\u003e0x1000\u003c/Data\u003e\u003cData Name=\"CallTrace\"\u003eC:\\Windows\\SYSTEM32\\ntdll.dll+9d234|C:\\Windows\\System32\\KERNELBASE.dll+2c0ce|C:\\Windows\\system32\\twinui.pcshell.dll+15e9d|C:\\Windows\\system32\\twinui.pcshell.dll+829a7|C:\\Windows\\system32\\twinui.pcshell.dll+15ad8|C:\\Windows\\system32\\twinui.pcshell.dll+181f5|C:\\Windows\\system32\\twinui.pcshell.dll+425f4|C:\\Windows\\system32\\twinui.dll+6d026|C:\\Windows\\system32\\twinui.dll+6cd9b|C:\\Windows\\system32\\twinui.dll+6c953|C:\\Windows\\System32\\user32.dll+e7e8|C:\\Windows\\System32\\user32.dll+e36c|C:\\Windows\\System32\\user32.dll+26dc2|C:\\Windows\\SYSTEM32\\ntdll.dll+a0ba4|UNKNOWN(FFFFF800452AF635)|UNKNOWN(FFFFF2D788110A71)|UNKNOWN(FFFFF2D788098554)|UNKNOWN(FFFFF2D7880975B4)|UNKNOWN(FFFFF2D788094FF8)|UNKNOWN(FFFFF2D788094238)|UNKNOWN(FFFFF2D787DB71AE)|UNKNOWN(FFFFF80045008AB5)|C:\\Windows\\System32\\win32u.dll+1064|C:\\Windows\\System32\\user32.dll+a553\u003c/Data\u003e\u003cData Name=\"SourceUser\"\u003eMSSENTINEL\\wardog\u003c/Data\u003e\u003cData Name=\"TargetUser\"\u003eMSSENTINEL\\wardog\u003c/Data\u003e\u003c/EventData\u003e","Task":"10","RuleName":"-","UtcTime":"2022-09-22 16:31:14.430","SourceProcessGUID":"{03bfca49-7152-632c-7a0b-000000000b00}","SourceProcessId":"8740","SourceThreadId":"9524","SourceImage":"C:\\Windows\\Explorer.EXE","TargetProcessGUID":"{03bfca49-8dd2-632c-550d-000000000b00}","TargetProcessId":"12372","TargetImage":"C:\\Windows\\system32\\notepad.exe","GrantedAccess":"0x1000","CallTrace":"C:\\Windows\\SYSTEM32\\ntdll.dll+9d234|C:\\Windows\\System32\\KERNELBASE.dll+2c0ce|C:\\Windows\\system32\\twinui.pcshell.dll+15e9d|C:\\Windows\\system32\\twinui.pcshell.dll+829a7|C:\\Windows\\system32\\twinui.pcshell.dll+15ad8|C:\\Windows\\system32\\twinui.pcshell.dll+181f5|C:\\Windows\\system32\\twinui.pcshell.dll+425f4|C:\\Windows\\system32\\twinui.dll+6d026|C:\\Windows\\system32\\twinui.dll+6cd9b|C:\\Windows\\system32\\twinui.dll+6c953|C:\\Windows\\System32\\user32.dll+e7e8|C:\\Windows\\System32\\user32.dll+e36c|C:\\Windows\\System32\\user32.dll+26dc2|C:\\Windows\\SYSTEM32\\ntdll.dll+a0ba4|UNKNOWN(FFFFF800452AF635)|UNKNOWN(FFFFF2D788110A71)|UNKNOWN(FFFFF2D788098554)|UNKNOWN(FFFFF2D7880975B4)|UNKNOWN(FFFFF2D788094FF8)|UNKNOWN(FFFFF2D788094238)|UNKNOWN(FFFFF2D787DB71AE)|UNKNOWN(FFFFF80045008AB5)|C:\\Windows\\System32\\win32u.dll+1064|C:\\Windows\\System32\\user32.dll+a553","SourceUser":"MSSENTINEL\\wardog","TargetUser":"MSSENTINEL\\wardog"},{"EventSourceName":"Microsoft-Windows-Sysmon","Provider":"Microsoft-Windows-Sysmon","ProviderGuid":"{5770385f-c22a-43e0-bf4c-06f5698ffbd9}","Level":"4","Keywords":"0x8000000000000000","Channel":"Microsoft-Windows-Sysmon/Operational","Computer":"WORKSTATION6.mssentinel.local","TimeCreated":"2022-09-22T12:31:14.432Z","TimeGenerated":"2022-09-22T04:31:14.432Z","EventRecordID":"3328040","EventID":10,"Message":"Process accessed:\r\nRuleName: -\r\nUtcTime: 2022-09-22 16:31:14.430\r\nSourceProcessGUID: {03bfca49-7152-632c-7a0b-000000000b00}\r\nSourceProcessId: 8740\r\nSourceThreadId: 12472\r\nSourceImage: C:\\Windows\\Explorer.EXE\r\nTargetProcessGUID: {03bfca49-8dd2-632c-550d-000000000b00}\r\nTargetProcessId: 12372\r\nTargetImage: C:\\Windows\\system32\\notepad.exe\r\nGrantedAccess: 0x1000\r\nCallTrace: C:\\Windows\\SYSTEM32\\ntdll.dll+9d234|C:\\Windows\\System32\\KERNELBASE.dll+2c0ce|C:\\Windows\\System32\\TaskFlowDataEngine.dll+d0e63|C:\\Windows\\System32\\TaskFlowDataEngine.dll+9cf99|C:\\Windows\\System32\\TaskFlowDataEngine.dll+9cc43|C:\\Windows\\System32\\TaskFlowDataEngine.dll+99b18|C:\\Windows\\System32\\TaskFlowDataEngine.dll+98394|C:\\Windows\\System32\\TaskFlowDataEngine.dll+a3341|C:\\Windows\\System32\\shcore.dll+3e0b6|C:\\Windows\\System32\\shcore.dll+17295|C:\\Windows\\System32\\shcore.dll+17170|C:\\Windows\\System32\\shcore.dll+15971|C:\\Windows\\System32\\KERNEL32.DLL+17034|C:\\Windows\\SYSTEM32\\ntdll.dll+52651\r\nSourceUser: MSSENTINEL\\wardog\r\nTargetUser: MSSENTINEL\\wardog","EventData":"\u003cEventData xmlns=\"http://schemas.microsoft.com/win/2004/08/events/event\"\u003e\u003cData Name=\"RuleName\"\u003e-\u003c/Data\u003e\u003cData Name=\"UtcTime\"\u003e2022-09-22 16:31:14.430\u003c/Data\u003e\u003cData Name=\"SourceProcessGUID\"\u003e{03bfca49-7152-632c-7a0b-000000000b00}\u003c/Data\u003e\u003cData Name=\"SourceProcessId\"\u003e8740\u003c/Data\u003e\u003cData Name=\"SourceThreadId\"\u003e12472\u003c/Data\u003e\u003cData Name=\"SourceImage\"\u003eC:\\Windows\\Explorer.EXE\u003c/Data\u003e\u003cData Name=\"TargetProcessGUID\"\u003e{03bfca49-8dd2-632c-550d-000000000b00}\u003c/Data\u003e\u003cData Name=\"TargetProcessId\"\u003e12372\u003c/Data\u003e\u003cData Name=\"TargetImage\"\u003eC:\\Windows\\system32\\notepad.exe\u003c/Data\u003e\u003cData Name=\"GrantedAccess\"\u003e0x1000\u003c/Data\u003e\u003cData Name=\"CallTrace\"\u003eC:\\Windows\\SYSTEM32\\ntdll.dll+9d234|C:\\Windows\\System32\\KERNELBASE.dll+2c0ce|C:\\Windows\\System32\\TaskFlowDataEngine.dll+d0e63|C:\\Windows\\System32\\TaskFlowDataEngine.dll+9cf99|C:\\Windows\\System32\\TaskFlowDataEngine.dll+9cc43|C:\\Windows\\System32\\TaskFlowDataEngine.dll+99b18|C:\\Windows\\System32\\TaskFlowDataEngine.dll+98394|C:\\Windows\\System32\\TaskFlowDataEngine.dll+a3341|C:\\Windows\\System32\\shcore.dll+3e0b6|C:\\Windows\\System32\\shcore.dll+17295|C:\\Windows\\System32\\shcore.dll+17170|C:\\Windows\\System32\\shcore.dll+15971|C:\\Windows\\System32\\KERNEL32.DLL+17034|C:\\Windows\\SYSTEM32\\ntdll.dll+52651\u003c/Data\u003e\u003cData Name=\"SourceUser\"\u003eMSSENTINEL\\wardog\u003c/Data\u003e\u003cData Name=\"TargetUser\"\u003eMSSENTINEL\\wardog\u003c/Data\u003e\u003c/EventData\u003e","Task":"10","RuleName":"-","UtcTime":"2022-09-22 16:31:14.430","SourceProcessGUID":"{03bfca49-7152-632c-7a0b-000000000b00}","SourceProcessId":"8740","SourceThreadId":"12472","SourceImage":"C:\\Windows\\Explorer.EXE","TargetProcessGUID":"{03bfca49-8dd2-632c-550d-000000000b00}","TargetProcessId":"12372","TargetImage":"C:\\Windows\\system32\\notepad.exe","GrantedAccess":"0x1000","CallTrace":"C:\\Windows\\SYSTEM32\\ntdll.dll+9d234|C:\\Windows\\System32\\KERNELBASE.dll+2c0ce|C:\\Windows\\System32\\TaskFlowDataEngine.dll+d0e63|C:\\Windows\\System32\\TaskFlowDataEngine.dll+9cf99|C:\\Windows\\System32\\TaskFlowDataEngine.dll+9cc43|C:\\Windows\\System32\\TaskFlowDataEngine.dll+99b18|C:\\Windows\\System32\\TaskFlowDataEngine.dll+98394|C:\\Windows\\System32\\TaskFlowDataEngine.dll+a3341|C:\\Windows\\System32\\shcore.dll+3e0b6|C:\\Windows\\System32\\shcore.dll+17295|C:\\Windows\\System32\\shcore.dll+17170|C:\\Windows\\System32\\shcore.dll+15971|C:\\Windows\\System32\\KERNEL32.DLL+17034|C:\\Windows\\SYSTEM32\\ntdll.dll+52651","SourceUser":"MSSENTINEL\\wardog","TargetUser":"MSSENTINEL\\wardog"},