{"EventSourceName":"Microsoft-Windows-Sysmon","Provider":"Microsoft-Windows-Sysmon","ProviderGuid":"{5770385f-c22a-43e0-bf4c-06f5698ffbd9}","Level":"4","Keywords":"0x8000000000000000","Channel":"Microsoft-Windows-Sysmon/Operational","Computer":"WORKSTATION6.mssentinel.local","TimeCreated":"2022-09-22T12:31:19.574Z","TimeGenerated":"2022-09-22T04:31:19.574Z","EventRecordID":"3328143","EventID":10,"Message":"Process accessed:\r\nRuleName: -\r\nUtcTime: 2022-09-22 16:31:19.570\r\nSourceProcessGUID: {03bfca49-b064-632b-0d00-000000000b00}\r\nSourceProcessId: 888\r\nSourceThreadId: 1220\r\nSourceImage: C:\\Windows\\system32\\svchost.exe\r\nTargetProcessGUID: {03bfca49-7557-632c-200c-000000000b00}\r\nTargetProcessId: 13280\r\nTargetImage: C:\\Windows\\system32\\wwahost.exe\r\nGrantedAccess: 0x1000\r\nCallTrace: C:\\Windows\\SYSTEM32\\ntdll.dll+9d234|C:\\Windows\\SYSTEM32\\psmserviceexthost.dll+2ae5f|C:\\Windows\\SYSTEM32\\psmserviceexthost.dll+2a88f|C:\\Windows\\SYSTEM32\\psmserviceexthost.dll+6cac6|C:\\Windows\\SYSTEM32\\psmserviceexthost.dll+731d2|C:\\Windows\\SYSTEM32\\psmserviceexthost.dll+74730|C:\\Windows\\SYSTEM32\\psmserviceexthost.dll+32660|C:\\Windows\\SYSTEM32\\psmserviceexthost.dll+7465c|C:\\Windows\\SYSTEM32\\psmserviceexthost.dll+766c5|C:\\Windows\\SYSTEM32\\psmserviceexthost.dll+4cf38|C:\\Windows\\SYSTEM32\\psmserviceexthost.dll+3f25d|C:\\Windows\\System32\\KERNEL32.DLL+17034|C:\\Windows\\SYSTEM32\\ntdll.dll+52651\r\nSourceUser: NT AUTHORITY\\SYSTEM\r\nTargetUser: MSSENTINEL\\wardog","EventData":"\u003cEventData xmlns=\"http://schemas.microsoft.com/win/2004/08/events/event\"\u003e\u003cData Name=\"RuleName\"\u003e-\u003c/Data\u003e\u003cData Name=\"UtcTime\"\u003e2022-09-22 16:31:19.570\u003c/Data\u003e\u003cData Name=\"SourceProcessGUID\"\u003e{03bfca49-b064-632b-0d00-000000000b00}\u003c/Data\u003e\u003cData Name=\"SourceProcessId\"\u003e888\u003c/Data\u003e\u003cData Name=\"SourceThreadId\"\u003e1220\u003c/Data\u003e\u003cData Name=\"SourceImage\"\u003eC:\\Windows\\system32\\svchost.exe\u003c/Data\u003e\u003cData Name=\"TargetProcessGUID\"\u003e{03bfca49-7557-632c-200c-000000000b00}\u003c/Data\u003e\u003cData Name=\"TargetProcessId\"\u003e13280\u003c/Data\u003e\u003cData Name=\"TargetImage\"\u003eC:\\Windows\\system32\\wwahost.exe\u003c/Data\u003e\u003cData Name=\"GrantedAccess\"\u003e0x1000\u003c/Data\u003e\u003cData Name=\"CallTrace\"\u003eC:\\Windows\\SYSTEM32\\ntdll.dll+9d234|C:\\Windows\\SYSTEM32\\psmserviceexthost.dll+2ae5f|C:\\Windows\\SYSTEM32\\psmserviceexthost.dll+2a88f|C:\\Windows\\SYSTEM32\\psmserviceexthost.dll+6cac6|C:\\Windows\\SYSTEM32\\psmserviceexthost.dll+731d2|C:\\Windows\\SYSTEM32\\psmserviceexthost.dll+74730|C:\\Windows\\SYSTEM32\\psmserviceexthost.dll+32660|C:\\Windows\\SYSTEM32\\psmserviceexthost.dll+7465c|C:\\Windows\\SYSTEM32\\psmserviceexthost.dll+766c5|C:\\Windows\\SYSTEM32\\psmserviceexthost.dll+4cf38|C:\\Windows\\SYSTEM32\\psmserviceexthost.dll+3f25d|C:\\Windows\\System32\\KERNEL32.DLL+17034|C:\\Windows\\SYSTEM32\\ntdll.dll+52651\u003c/Data\u003e\u003cData Name=\"SourceUser\"\u003eNT AUTHORITY\\SYSTEM\u003c/Data\u003e\u003cData Name=\"TargetUser\"\u003eMSSENTINEL\\wardog\u003c/Data\u003e\u003c/EventData\u003e","Task":"10","RuleName":"-","UtcTime":"2022-09-22 16:31:19.570","SourceProcessGUID":"{03bfca49-b064-632b-0d00-000000000b00}","SourceProcessId":"888","SourceThreadId":"1220","SourceImage":"C:\\Windows\\system32\\svchost.exe","TargetProcessGUID":"{03bfca49-7557-632c-200c-000000000b00}","TargetProcessId":"13280","TargetImage":"C:\\Windows\\system32\\wwahost.exe","GrantedAccess":"0x1000","CallTrace":"C:\\Windows\\SYSTEM32\\ntdll.dll+9d234|C:\\Windows\\SYSTEM32\\psmserviceexthost.dll+2ae5f|C:\\Windows\\SYSTEM32\\psmserviceexthost.dll+2a88f|C:\\Windows\\SYSTEM32\\psmserviceexthost.dll+6cac6|C:\\Windows\\SYSTEM32\\psmserviceexthost.dll+731d2|C:\\Windows\\SYSTEM32\\psmserviceexthost.dll+74730|C:\\Windows\\SYSTEM32\\psmserviceexthost.dll+32660|C:\\Windows\\SYSTEM32\\psmserviceexthost.dll+7465c|C:\\Windows\\SYSTEM32\\psmserviceexthost.dll+766c5|C:\\Windows\\SYSTEM32\\psmserviceexthost.dll+4cf38|C:\\Windows\\SYSTEM32\\psmserviceexthost.dll+3f25d|C:\\Windows\\System32\\KERNEL32.DLL+17034|C:\\Windows\\SYSTEM32\\ntdll.dll+52651","SourceUser":"NT AUTHORITY\\SYSTEM","TargetUser":"MSSENTINEL\\wardog"},{"EventSourceName":"Microsoft-Windows-Sysmon","Provider":"Microsoft-Windows-Sysmon","ProviderGuid":"{5770385f-c22a-43e0-bf4c-06f5698ffbd9}","Level":"4","Keywords":"0x8000000000000000","Channel":"Microsoft-Windows-Sysmon/Operational","Computer":"WORKSTATION6.mssentinel.local","TimeCreated":"2022-09-22T12:31:20.274Z","TimeGenerated":"2022-09-22T04:31:20.274Z","EventRecordID":"3328144","EventID":3,"Message":"Network connection detected:\r\nRuleName: -\r\nUtcTime: 2022-09-22 16:31:19.218\r\nProcessGuid: {03bfca49-b066-632b-1f00-000000000b00}\r\nProcessId: 1460\r\nImage: C:\\Windows\\System32\\svchost.exe\r\nUser: NT AUTHORITY\\NETWORK SERVICE\r\nProtocol: udp\r\nInitiated: true\r\nSourceIsIpv6: false\r\nSourceIp: 192.168.2.6\r\nSourceHostname: -\r\nSourcePort: 53075\r\nSourcePortName: -\r\nDestinationIsIpv6: false\r\nDestinationIp: 192.168.2.4\r\nDestinationHostname: -\r\nDestinationPort: 53\r\nDestinationPortName: -","EventData":"\u003cEventData xmlns=\"http://schemas.microsoft.com/win/2004/08/events/event\"\u003e\u003cData Name=\"RuleName\"\u003e-\u003c/Data\u003e\u003cData Name=\"UtcTime\"\u003e2022-09-22 16:31:19.218\u003c/Data\u003e\u003cData Name=\"ProcessGuid\"\u003e{03bfca49-b066-632b-1f00-000000000b00}\u003c/Data\u003e\u003cData Name=\"ProcessId\"\u003e1460\u003c/Data\u003e\u003cData Name=\"Image\"\u003eC:\\Windows\\System32\\svchost.exe\u003c/Data\u003e\u003cData Name=\"User\"\u003eNT AUTHORITY\\NETWORK SERVICE\u003c/Data\u003e\u003cData Name=\"Protocol\"\u003eudp\u003c/Data\u003e\u003cData Name=\"Initiated\"\u003etrue\u003c/Data\u003e\u003cData Name=\"SourceIsIpv6\"\u003efalse\u003c/Data\u003e\u003cData Name=\"SourceIp\"\u003e192.168.2.6\u003c/Data\u003e\u003cData Name=\"SourceHostname\"\u003e-\u003c/Data\u003e\u003cData Name=\"SourcePort\"\u003e53075\u003c/Data\u003e\u003cData Name=\"SourcePortName\"\u003e-\u003c/Data\u003e\u003cData Name=\"DestinationIsIpv6\"\u003efalse\u003c/Data\u003e\u003cData Name=\"DestinationIp\"\u003e192.168.2.4\u003c/Data\u003e\u003cData Name=\"DestinationHostname\"\u003e-\u003c/Data\u003e\u003cData Name=\"DestinationPort\"\u003e53\u003c/Data\u003e\u003cData Name=\"DestinationPortName\"\u003e-\u003c/Data\u003e\u003c/EventData\u003e","Task":"3","RuleName":"-","UtcTime":"2022-09-22 16:31:19.218","ProcessGuid":"{03bfca49-b066-632b-1f00-000000000b00}","ProcessId":"1460","Image":"C:\\Windows\\System32\\svchost.exe","User":"NT AUTHORITY\\NETWORK SERVICE","Protocol":"udp","Initiated":"true","SourceIsIpv6":"false","SourceIp":"192.168.2.6","SourceHostname":"-","SourcePort":"53075","SourcePortName":"-","DestinationIsIpv6":"false","DestinationIp":"192.168.2.4","DestinationHostname":"-","DestinationPort":"53","DestinationPortName":"-"},{"EventSourceName":"Microsoft-Windows-Sysmon","Provider":"Microsoft-Windows-Sysmon","ProviderGuid":"{5770385f-c22a-43e0-bf4c-06f5698ffbd9}","Level":"4","Keywords":"0x8000000000000000","Channel":"Microsoft-Windows-Sysmon/Operational","Computer":"WORKSTATION6.mssentinel.local","TimeCreated":"2022-09-22T12:31:20.604Z","TimeGenerated":"2022-09-22T04:31:20.604Z","EventRecordID":"3328145","EventID":10,"Message":"Process accessed:\r\nRuleName: -\r\nUtcTime: 2022-09-22 16:31:20.602\r\nSourceProcessGUID: {03bfca49-b064-632b-0d00-000000000b00}\r\nSourceProcessId: 888\r\nSourceThreadId: 1220\r\nSourceImage: C:\\Windows\\system32\\svchost.exe\r\nTargetProcessGUID: {03bfca49-7557-632c-200c-000000000b00}\r\nTargetProcessId: 13280\r\nTargetImage: C:\\Windows\\system32\\wwahost.exe\r\nGrantedAccess: 0x1000\r\nCallTrace: C:\\Windows\\SYSTEM32\\ntdll.dll+9d234|C:\\Windows\\SYSTEM32\\psmserviceexthost.dll+2ae5f|C:\\Windows\\SYSTEM32\\psmserviceexthost.dll+2a88f|C:\\Windows\\SYSTEM32\\psmserviceexthost.dll+6cac6|C:\\Windows\\SYSTEM32\\psmserviceexthost.dll+731d2|C:\\Windows\\SYSTEM32\\psmserviceexthost.dll+74730|C:\\Windows\\SYSTEM32\\psmserviceexthost.dll+32660|C:\\Windows\\SYSTEM32\\psmserviceexthost.dll+7465c|C:\\Windows\\SYSTEM32\\psmserviceexthost.dll+766c5|C:\\Windows\\SYSTEM32\\psmserviceexthost.dll+76761|C:\\Windows\\SYSTEM32\\psmserviceexthost.dll+4cf2e|C:\\Windows\\SYSTEM32\\psmserviceexthost.dll+3f25d|C:\\Windows\\System32\\KERNEL32.DLL+17034|C:\\Windows\\SYSTEM32\\ntdll.dll+52651\r\nSourceUser: NT AUTHORITY\\SYSTEM\r\nTargetUser: MSSENTINEL\\wardog","EventData":"\u003cEventData xmlns=\"http://schemas.microsoft.com/win/2004/08/events/event\"\u003e\u003cData Name=\"RuleName\"\u003e-\u003c/Data\u003e\u003cData Name=\"UtcTime\"\u003e2022-09-22 16:31:20.602\u003c/Data\u003e\u003cData Name=\"SourceProcessGUID\"\u003e{03bfca49-b064-632b-0d00-000000000b00}\u003c/Data\u003e\u003cData Name=\"SourceProcessId\"\u003e888\u003c/Data\u003e\u003cData Name=\"SourceThreadId\"\u003e1220\u003c/Data\u003e\u003cData Name=\"SourceImage\"\u003eC:\\Windows\\system32\\svchost.exe\u003c/Data\u003e\u003cData Name=\"TargetProcessGUID\"\u003e{03bfca49-7557-632c-200c-000000000b00}\u003c/Data\u003e\u003cData Name=\"TargetProcessId\"\u003e13280\u003c/Data\u003e\u003cData Name=\"TargetImage\"\u003eC:\\Windows\\system32\\wwahost.exe\u003c/Data\u003e\u003cData Name=\"GrantedAccess\"\u003e0x1000\u003c/Data\u003e\u003cData Name=\"CallTrace\"\u003eC:\\Windows\\SYSTEM32\\ntdll.dll+9d234|C:\\Windows\\SYSTEM32\\psmserviceexthost.dll+2ae5f|C:\\Windows\\SYSTEM32\\psmserviceexthost.dll+2a88f|C:\\Windows\\SYSTEM32\\psmserviceexthost.dll+6cac6|C:\\Windows\\SYSTEM32\\psmserviceexthost.dll+731d2|C:\\Windows\\SYSTEM32\\psmserviceexthost.dll+74730|C:\\Windows\\SYSTEM32\\psmserviceexthost.dll+32660|C:\\Windows\\SYSTEM32\\psmserviceexthost.dll+7465c|C:\\Windows\\SYSTEM32\\psmserviceexthost.dll+766c5|C:\\Windows\\SYSTEM32\\psmserviceexthost.dll+76761|C:\\Windows\\SYSTEM32\\psmserviceexthost.dll+4cf2e|C:\\Windows\\SYSTEM32\\psmserviceexthost.dll+3f25d|C:\\Windows\\System32\\KERNEL32.DLL+17034|C:\\Windows\\SYSTEM32\\ntdll.dll+52651\u003c/Data\u003e\u003cData Name=\"SourceUser\"\u003eNT AUTHORITY\\SYSTEM\u003c/Data\u003e\u003cData Name=\"TargetUser\"\u003eMSSENTINEL\\wardog\u003c/Data\u003e\u003c/EventData\u003e","Task":"10","RuleName":"-","UtcTime":"2022-09-22 16:31:20.602","SourceProcessGUID":"{03bfca49-b064-632b-0d00-000000000b00}","SourceProcessId":"888","SourceThreadId":"1220","SourceImage":"C:\\Windows\\system32\\svchost.exe","TargetProcessGUID":"{03bfca49-7557-632c-200c-000000000b00}","TargetProcessId":"13280","TargetImage":"C:\\Windows\\system32\\wwahost.exe","GrantedAccess":"0x1000","CallTrace":"C:\\Windows\\SYSTEM32\\ntdll.dll+9d234|C:\\Windows\\SYSTEM32\\psmserviceexthost.dll+2ae5f|C:\\Windows\\SYSTEM32\\psmserviceexthost.dll+2a88f|C:\\Windows\\SYSTEM32\\psmserviceexthost.dll+6cac6|C:\\Windows\\SYSTEM32\\psmserviceexthost.dll+731d2|C:\\Windows\\SYSTEM32\\psmserviceexthost.dll+74730|C:\\Windows\\SYSTEM32\\psmserviceexthost.dll+32660|C:\\Windows\\SYSTEM32\\psmserviceexthost.dll+7465c|C:\\Windows\\SYSTEM32\\psmserviceexthost.dll+766c5|C:\\Windows\\SYSTEM32\\psmserviceexthost.dll+76761|C:\\Windows\\SYSTEM32\\psmserviceexthost.dll+4cf2e|C:\\Windows\\SYSTEM32\\psmserviceexthost.dll+3f25d|C:\\Windows\\System32\\KERNEL32.DLL+17034|C:\\Windows\\SYSTEM32\\ntdll.dll+52651","SourceUser":"NT AUTHORITY\\SYSTEM","TargetUser":"MSSENTINEL\\wardog"},{"EventSourceName":"Microsoft-Windows-Sysmon","Provider":"Microsoft-Windows-Sysmon","ProviderGuid":"{5770385f-c22a-43e0-bf4c-06f5698ffbd9}","Level":"4","Keywords":"0x8000000000000000","Channel":"Microsoft-Windows-Sysmon/Operational","Computer":"WORKSTATION6.mssentinel.local","TimeCreated":"2022-09-22T12:31:20.609Z","TimeGenerated":"2022-09-22T04:31:20.609Z","EventRecordID":"3328146","EventID":10,"Message":"Process accessed:\r\nRuleName: -\r\nUtcTime: 2022-09-22 16:31:20.602\r\nSourceProcessGUID: {03bfca49-b064-632b-0d00-000000000b00}\r\nSourceProcessId: 888\r\nSourceThreadId: 1220\r\nSourceImage: C:\\Windows\\system32\\svchost.exe\r\nTargetProcessGUID: {03bfca49-7557-632c-200c-000000000b00}\r\nTargetProcessId: 13280\r\nTargetImage: C:\\Windows\\system32\\wwahost.exe\r\nGrantedAccess: 0x1000\r\nCallTrace: C:\\Windows\\SYSTEM32\\ntdll.dll+9d234|C:\\Windows\\SYSTEM32\\psmserviceexthost.dll+22aca|C:\\Windows\\SYSTEM32\\psmserviceexthost.dll+2282b|C:\\Windows\\SYSTEM32\\psmserviceexthost.dll+2267b|C:\\Windows\\SYSTEM32\\psmserviceexthost.dll+6ca34|C:\\Windows\\SYSTEM32\\psmserviceexthost.dll+731d2|C:\\Windows\\SYSTEM32\\psmserviceexthost.dll+77a2e|C:\\Windows\\SYSTEM32\\psmserviceexthost.dll+76797|C:\\Windows\\SYSTEM32\\psmserviceexthost.dll+4cf2e|C:\\Windows\\SYSTEM32\\psmserviceexthost.dll+3f25d|C:\\Windows\\System32\\KERNEL32.DLL+17034|C:\\Windows\\SYSTEM32\\ntdll.dll+52651\r\nSourceUser: NT AUTHORITY\\SYSTEM\r\nTargetUser: MSSENTINEL\\wardog","EventData":"\u003cEventData xmlns=\"http://schemas.microsoft.com/win/2004/08/events/event\"\u003e\u003cData Name=\"RuleName\"\u003e-\u003c/Data\u003e\u003cData Name=\"UtcTime\"\u003e2022-09-22 16:31:20.602\u003c/Data\u003e\u003cData Name=\"SourceProcessGUID\"\u003e{03bfca49-b064-632b-0d00-000000000b00}\u003c/Data\u003e\u003cData Name=\"SourceProcessId\"\u003e888\u003c/Data\u003e\u003cData Name=\"SourceThreadId\"\u003e1220\u003c/Data\u003e\u003cData Name=\"SourceImage\"\u003eC:\\Windows\\system32\\svchost.exe\u003c/Data\u003e\u003cData Name=\"TargetProcessGUID\"\u003e{03bfca49-7557-632c-200c-000000000b00}\u003c/Data\u003e\u003cData Name=\"TargetProcessId\"\u003e13280\u003c/Data\u003e\u003cData Name=\"TargetImage\"\u003eC:\\Windows\\system32\\wwahost.exe\u003c/Data\u003e\u003cData Name=\"GrantedAccess\"\u003e0x1000\u003c/Data\u003e\u003cData Name=\"CallTrace\"\u003eC:\\Windows\\SYSTEM32\\ntdll.dll+9d234|C:\\Windows\\SYSTEM32\\psmserviceexthost.dll+22aca|C:\\Windows\\SYSTEM32\\psmserviceexthost.dll+2282b|C:\\Windows\\SYSTEM32\\psmserviceexthost.dll+2267b|C:\\Windows\\SYSTEM32\\psmserviceexthost.dll+6ca34|C:\\Windows\\SYSTEM32\\psmserviceexthost.dll+731d2|C:\\Windows\\SYSTEM32\\psmserviceexthost.dll+77a2e|C:\\Windows\\SYSTEM32\\psmserviceexthost.dll+76797|C:\\Windows\\SYSTEM32\\psmserviceexthost.dll+4cf2e|C:\\Windows\\SYSTEM32\\psmserviceexthost.dll+3f25d|C:\\Windows\\System32\\KERNEL32.DLL+17034|C:\\Windows\\SYSTEM32\\ntdll.dll+52651\u003c/Data\u003e\u003cData Name=\"SourceUser\"\u003eNT AUTHORITY\\SYSTEM\u003c/Data\u003e\u003cData Name=\"TargetUser\"\u003eMSSENTINEL\\wardog\u003c/Data\u003e\u003c/EventData\u003e","Task":"10","RuleName":"-","UtcTime":"2022-09-22 16:31:20.602","SourceProcessGUID":"{03bfca49-b064-632b-0d00-000000000b00}","SourceProcessId":"888","SourceThreadId":"1220","SourceImage":"C:\\Windows\\system32\\svchost.exe","TargetProcessGUID":"{03bfca49-7557-632c-200c-000000000b00}","TargetProcessId":"13280","TargetImage":"C:\\Windows\\system32\\wwahost.exe","GrantedAccess":"0x1000","CallTrace":"C:\\Windows\\SYSTEM32\\ntdll.dll+9d234|C:\\Windows\\SYSTEM32\\psmserviceexthost.dll+22aca|C:\\Windows\\SYSTEM32\\psmserviceexthost.dll+2282b|C:\\Windows\\SYSTEM32\\psmserviceexthost.dll+2267b|C:\\Windows\\SYSTEM32\\psmserviceexthost.dll+6ca34|C:\\Windows\\SYSTEM32\\psmserviceexthost.dll+731d2|C:\\Windows\\SYSTEM32\\psmserviceexthost.dll+77a2e|C:\\Windows\\SYSTEM32\\psmserviceexthost.dll+76797|C:\\Windows\\SYSTEM32\\psmserviceexthost.dll+4cf2e|C:\\Windows\\SYSTEM32\\psmserviceexthost.dll+3f25d|C:\\Windows\\System32\\KERNEL32.DLL+17034|C:\\Windows\\SYSTEM32\\ntdll.dll+52651","SourceUser":"NT AUTHORITY\\SYSTEM","TargetUser":"MSSENTINEL\\wardog"},{"EventSourceName":"Microsoft-Windows-Sysmon","Provider":"Microsoft-Windows-Sysmon","ProviderGuid":"{5770385f-c22a-43e0-bf4c-06f5698ffbd9}","Level":"4","Keywords":"0x8000000000000000","Channel":"Microsoft-Windows-Sysmon/Operational","Computer":"WORKSTATION6.mssentinel.local","TimeCreated":"2022-09-22T12:31:20.609Z","TimeGenerated":"2022-09-22T04:31:20.609Z","EventRecordID":"3328147","EventID":10,"Message":"Process accessed:\r\nRuleName: -\r\nUtcTime: 2022-09-22 16:31:20.602\r\nSourceProcessGUID: {03bfca49-b064-632b-0d00-000000000b00}\r\nSourceProcessId: 888\r\nSourceThreadId: 1220\r\nSourceImage: C:\\Windows\\system32\\svchost.exe\r\nTargetProcessGUID: {03bfca49-7557-632c-200c-000000000b00}\r\nTargetProcessId: 13280\r\nTargetImage: C:\\Windows\\system32\\wwahost.exe\r\nGrantedAccess: 0x1000\r\nCallTrace: C:\\Windows\\SYSTEM32\\ntdll.dll+9d234|C:\\Windows\\SYSTEM32\\psmserviceexthost.dll+2ae5f|C:\\Windows\\SYSTEM32\\psmserviceexthost.dll+2a88f|C:\\Windows\\SYSTEM32\\psmserviceexthost.dll+6cac6|C:\\Windows\\SYSTEM32\\psmserviceexthost.dll+731d2|C:\\Windows\\SYSTEM32\\psmserviceexthost.dll+77a2e|C:\\Windows\\SYSTEM32\\psmserviceexthost.dll+76797|C:\\Windows\\SYSTEM32\\psmserviceexthost.dll+4cf2e|C:\\Windows\\SYSTEM32\\psmserviceexthost.dll+3f25d|C:\\Windows\\System32\\KERNEL32.DLL+17034|C:\\Windows\\SYSTEM32\\ntdll.dll+52651\r\nSourceUser: NT AUTHORITY\\SYSTEM\r\nTargetUser: MSSENTINEL\\wardog","EventData":"\u003cEventData xmlns=\"http://schemas.microsoft.com/win/2004/08/events/event\"\u003e\u003cData Name=\"RuleName\"\u003e-\u003c/Data\u003e\u003cData Name=\"UtcTime\"\u003e2022-09-22 16:31:20.602\u003c/Data\u003e\u003cData Name=\"SourceProcessGUID\"\u003e{03bfca49-b064-632b-0d00-000000000b00}\u003c/Data\u003e\u003cData Name=\"SourceProcessId\"\u003e888\u003c/Data\u003e\u003cData Name=\"SourceThreadId\"\u003e1220\u003c/Data\u003e\u003cData Name=\"SourceImage\"\u003eC:\\Windows\\system32\\svchost.exe\u003c/Data\u003e\u003cData Name=\"TargetProcessGUID\"\u003e{03bfca49-7557-632c-200c-000000000b00}\u003c/Data\u003e\u003cData Name=\"TargetProcessId\"\u003e13280\u003c/Data\u003e\u003cData Name=\"TargetImage\"\u003eC:\\Windows\\system32\\wwahost.exe\u003c/Data\u003e\u003cData Name=\"GrantedAccess\"\u003e0x1000\u003c/Data\u003e\u003cData Name=\"CallTrace\"\u003eC:\\Windows\\SYSTEM32\\ntdll.dll+9d234|C:\\Windows\\SYSTEM32\\psmserviceexthost.dll+2ae5f|C:\\Windows\\SYSTEM32\\psmserviceexthost.dll+2a88f|C:\\Windows\\SYSTEM32\\psmserviceexthost.dll+6cac6|C:\\Windows\\SYSTEM32\\psmserviceexthost.dll+731d2|C:\\Windows\\SYSTEM32\\psmserviceexthost.dll+77a2e|C:\\Windows\\SYSTEM32\\psmserviceexthost.dll+76797|C:\\Windows\\SYSTEM32\\psmserviceexthost.dll+4cf2e|C:\\Windows\\SYSTEM32\\psmserviceexthost.dll+3f25d|C:\\Windows\\System32\\KERNEL32.DLL+17034|C:\\Windows\\SYSTEM32\\ntdll.dll+52651\u003c/Data\u003e\u003cData Name=\"SourceUser\"\u003eNT AUTHORITY\\SYSTEM\u003c/Data\u003e\u003cData Name=\"TargetUser\"\u003eMSSENTINEL\\wardog\u003c/Data\u003e\u003c/EventData\u003e","Task":"10","RuleName":"-","UtcTime":"2022-09-22 16:31:20.602","SourceProcessGUID":"{03bfca49-b064-632b-0d00-000000000b00}","SourceProcessId":"888","SourceThreadId":"1220","SourceImage":"C:\\Windows\\system32\\svchost.exe","TargetProcessGUID":"{03bfca49-7557-632c-200c-000000000b00}","TargetProcessId":"13280","TargetImage":"C:\\Windows\\system32\\wwahost.exe","GrantedAccess":"0x1000","CallTrace":"C:\\Windows\\SYSTEM32\\ntdll.dll+9d234|C:\\Windows\\SYSTEM32\\psmserviceexthost.dll+2ae5f|C:\\Windows\\SYSTEM32\\psmserviceexthost.dll+2a88f|C:\\Windows\\SYSTEM32\\psmserviceexthost.dll+6cac6|C:\\Windows\\SYSTEM32\\psmserviceexthost.dll+731d2|C:\\Windows\\SYSTEM32\\psmserviceexthost.dll+77a2e|C:\\Windows\\SYSTEM32\\psmserviceexthost.dll+76797|C:\\Windows\\SYSTEM32\\psmserviceexthost.dll+4cf2e|C:\\Windows\\SYSTEM32\\psmserviceexthost.dll+3f25d|C:\\Windows\\System32\\KERNEL32.DLL+17034|C:\\Windows\\SYSTEM32\\ntdll.dll+52651","SourceUser":"NT AUTHORITY\\SYSTEM","TargetUser":"MSSENTINEL\\wardog"},{"EventSourceName":"Microsoft-Windows-Sysmon","Provider":"Microsoft-Windows-Sysmon","ProviderGuid":"{5770385f-c22a-43e0-bf4c-06f5698ffbd9}","Level":"4","Keywords":"0x8000000000000000","Channel":"Microsoft-Windows-Sysmon/Operational","Computer":"WORKSTATION6.mssentinel.local","TimeCreated":"2022-09-22T12:31:21.555Z","TimeGenerated":"2022-09-22T04:31:21.555Z","EventRecordID":"3328148","EventID":8,"Message":"CreateRemoteThread detected:\r\nRuleName: -\r\nUtcTime: 2022-09-22 16:31:21.539\r\nSourceProcessGuid: {03bfca49-8c7c-632c-430d-000000000b00}\r\nSourceProcessId: 11720\r\nSourceImage: C:\\Windows\\System32\\WindowsPowerShell\\v1.0\\powershell.exe\r\nTargetProcessGuid: {03bfca49-8dd2-632c-550d-000000000b00}\r\nTargetProcessId: 12372\r\nTargetImage: C:\\Windows\\System32\\notepad.exe\r\nNewThreadId: 4268\r\nStartAddress: 0x000002047FCA0000\r\nStartModule: -\r\nStartFunction: -\r\nSourceUser: MSSENTINEL\\wardog\r\nTargetUser: MSSENTINEL\\wardog","EventData":"\u003cEventData xmlns=\"http://schemas.microsoft.com/win/2004/08/events/event\"\u003e\u003cData Name=\"RuleName\"\u003e-\u003c/Data\u003e\u003cData Name=\"UtcTime\"\u003e2022-09-22 16:31:21.539\u003c/Data\u003e\u003cData Name=\"SourceProcessGuid\"\u003e{03bfca49-8c7c-632c-430d-000000000b00}\u003c/Data\u003e\u003cData Name=\"SourceProcessId\"\u003e11720\u003c/Data\u003e\u003cData Name=\"SourceImage\"\u003eC:\\Windows\\System32\\WindowsPowerShell\\v1.0\\powershell.exe\u003c/Data\u003e\u003cData Name=\"TargetProcessGuid\"\u003e{03bfca49-8dd2-632c-550d-000000000b00}\u003c/Data\u003e\u003cData Name=\"TargetProcessId\"\u003e12372\u003c/Data\u003e\u003cData Name=\"TargetImage\"\u003eC:\\Windows\\System32\\notepad.exe\u003c/Data\u003e\u003cData Name=\"NewThreadId\"\u003e4268\u003c/Data\u003e\u003cData Name=\"StartAddress\"\u003e0x000002047FCA0000\u003c/Data\u003e\u003cData Name=\"StartModule\"\u003e-\u003c/Data\u003e\u003cData Name=\"StartFunction\"\u003e-\u003c/Data\u003e\u003cData Name=\"SourceUser\"\u003eMSSENTINEL\\wardog\u003c/Data\u003e\u003cData Name=\"TargetUser\"\u003eMSSENTINEL\\wardog\u003c/Data\u003e\u003c/EventData\u003e","Task":"8","RuleName":"-","UtcTime":"2022-09-22 16:31:21.539","SourceProcessGuid":"{03bfca49-8c7c-632c-430d-000000000b00}","SourceProcessId":"11720","SourceImage":"C:\\Windows\\System32\\WindowsPowerShell\\v1.0\\powershell.exe","TargetProcessGuid":"{03bfca49-8dd2-632c-550d-000000000b00}","TargetProcessId":"12372","TargetImage":"C:\\Windows\\System32\\notepad.exe","NewThreadId":"4268","StartAddress":"0x000002047FCA0000","StartModule":"-","StartFunction":"-","SourceUser":"MSSENTINEL\\wardog","TargetUser":"MSSENTINEL\\wardog"},{"EventSourceName":"Microsoft-Windows-Sysmon","Provider":"Microsoft-Windows-Sysmon","ProviderGuid":"{5770385f-c22a-43e0-bf4c-06f5698ffbd9}","Level":"4","Keywords":"0x8000000000000000","Channel":"Microsoft-Windows-Sysmon/Operational","Computer":"WORKSTATION6.mssentinel.local","TimeCreated":"2022-09-22T12:31:21.638Z","TimeGenerated":"2022-09-22T04:31:21.638Z","EventRecordID":"3328149","EventID":8,"Message":"CreateRemoteThread detected:\r\nRuleName: -\r\nUtcTime: 2022-09-22 16:31:21.633\r\nSourceProcessGuid: {03bfca49-8c7c-632c-430d-000000000b00}\r\nSourceProcessId: 11720\r\nSourceImage: C:\\Windows\\System32\\WindowsPowerShell\\v1.0\\powershell.exe\r\nTargetProcessGuid: {03bfca49-8dd2-632c-550d-000000000b00}\r\nTargetProcessId: 12372\r\nTargetImage: C:\\Windows\\System32\\notepad.exe\r\nNewThreadId: 10564\r\nStartAddress: 0x000002047FCA0000\r\nStartModule: -\r\nStartFunction: -\r\nSourceUser: MSSENTINEL\\wardog\r\nTargetUser: MSSENTINEL\\wardog","EventData":"\u003cEventData xmlns=\"http://schemas.microsoft.com/win/2004/08/events/event\"\u003e\u003cData Name=\"RuleName\"\u003e-\u003c/Data\u003e\u003cData Name=\"UtcTime\"\u003e2022-09-22 16:31:21.633\u003c/Data\u003e\u003cData Name=\"SourceProcessGuid\"\u003e{03bfca49-8c7c-632c-430d-000000000b00}\u003c/Data\u003e\u003cData Name=\"SourceProcessId\"\u003e11720\u003c/Data\u003e\u003cData Name=\"SourceImage\"\u003eC:\\Windows\\System32\\WindowsPowerShell\\v1.0\\powershell.exe\u003c/Data\u003e\u003cData Name=\"TargetProcessGuid\"\u003e{03bfca49-8dd2-632c-550d-000000000b00}\u003c/Data\u003e\u003cData Name=\"TargetProcessId\"\u003e12372\u003c/Data\u003e\u003cData Name=\"TargetImage\"\u003eC:\\Windows\\System32\\notepad.exe\u003c/Data\u003e\u003cData Name=\"NewThreadId\"\u003e10564\u003c/Data\u003e\u003cData Name=\"StartAddress\"\u003e0x000002047FCA0000\u003c/Data\u003e\u003cData Name=\"StartModule\"\u003e-\u003c/Data\u003e\u003cData Name=\"StartFunction\"\u003e-\u003c/Data\u003e\u003cData Name=\"SourceUser\"\u003eMSSENTINEL\\wardog\u003c/Data\u003e\u003cData Name=\"TargetUser\"\u003eMSSENTINEL\\wardog\u003c/Data\u003e\u003c/EventData\u003e","Task":"8","RuleName":"-","UtcTime":"2022-09-22 16:31:21.633","SourceProcessGuid":"{03bfca49-8c7c-632c-430d-000000000b00}","SourceProcessId":"11720","SourceImage":"C:\\Windows\\System32\\WindowsPowerShell\\v1.0\\powershell.exe","TargetProcessGuid":"{03bfca49-8dd2-632c-550d-000000000b00}","TargetProcessId":"12372","TargetImage":"C:\\Windows\\System32\\notepad.exe","NewThreadId":"10564","StartAddress":"0x000002047FCA0000","StartModule":"-","StartFunction":"-","SourceUser":"MSSENTINEL\\wardog","TargetUser":"MSSENTINEL\\wardog"},{"EventSourceName":"Microsoft-Windows-Sysmon","Provider":"Microsoft-Windows-Sysmon","ProviderGuid":"{5770385f-c22a-43e0-bf4c-06f5698ffbd9}","Level":"4","Keywords":"0x8000000000000000","Channel":"Microsoft-Windows-Sysmon/Operational","Computer":"WORKSTATION6.mssentinel.local","TimeCreated":"2022-09-22T12:31:21.656Z","TimeGenerated":"2022-09-22T04:31:21.656Z","EventRecordID":"3328150","EventID":8,"Message":"CreateRemoteThread detected:\r\nRuleName: -\r\nUtcTime: 2022-09-22 16:31:21.649\r\nSourceProcessGuid: {03bfca49-8c7c-632c-430d-000000000b00}\r\nSourceProcessId: 11720\r\nSourceImage: C:\\Windows\\System32\\WindowsPowerShell\\v1.0\\powershell.exe\r\nTargetProcessGuid: {03bfca49-8dd2-632c-550d-000000000b00}\r\nTargetProcessId: 12372\r\nTargetImage: C:\\Windows\\System32\\notepad.exe\r\nNewThreadId: 100\r\nStartAddress: 0x000002047FCA0000\r\nStartModule: -\r\nStartFunction: -\r\nSourceUser: MSSENTINEL\\wardog\r\nTargetUser: MSSENTINEL\\wardog","EventData":"\u003cEventData xmlns=\"http://schemas.microsoft.com/win/2004/08/events/event\"\u003e\u003cData Name=\"RuleName\"\u003e-\u003c/Data\u003e\u003cData Name=\"UtcTime\"\u003e2022-09-22 16:31:21.649\u003c/Data\u003e\u003cData Name=\"SourceProcessGuid\"\u003e{03bfca49-8c7c-632c-430d-000000000b00}\u003c/Data\u003e\u003cData Name=\"SourceProcessId\"\u003e11720\u003c/Data\u003e\u003cData Name=\"SourceImage\"\u003eC:\\Windows\\System32\\WindowsPowerShell\\v1.0\\powershell.exe\u003c/Data\u003e\u003cData Name=\"TargetProcessGuid\"\u003e{03bfca49-8dd2-632c-550d-000000000b00}\u003c/Data\u003e\u003cData Name=\"TargetProcessId\"\u003e12372\u003c/Data\u003e\u003cData Name=\"TargetImage\"\u003eC:\\Windows\\System32\\notepad.exe\u003c/Data\u003e\u003cData Name=\"NewThreadId\"\u003e100\u003c/Data\u003e\u003cData Name=\"StartAddress\"\u003e0x000002047FCA0000\u003c/Data\u003e\u003cData Name=\"StartModule\"\u003e-\u003c/Data\u003e\u003cData Name=\"StartFunction\"\u003e-\u003c/Data\u003e\u003cData Name=\"SourceUser\"\u003eMSSENTINEL\\wardog\u003c/Data\u003e\u003cData Name=\"TargetUser\"\u003eMSSENTINEL\\wardog\u003c/Data\u003e\u003c/EventData\u003e","Task":"8","RuleName":"-","UtcTime":"2022-09-22 16:31:21.649","SourceProcessGuid":"{03bfca49-8c7c-632c-430d-000000000b00}","SourceProcessId":"11720","SourceImage":"C:\\Windows\\System32\\WindowsPowerShell\\v1.0\\powershell.exe","TargetProcessGuid":"{03bfca49-8dd2-632c-550d-000000000b00}","TargetProcessId":"12372","TargetImage":"C:\\Windows\\System32\\notepad.exe","NewThreadId":"100","StartAddress":"0x000002047FCA0000","StartModule":"-","StartFunction":"-","SourceUser":"MSSENTINEL\\wardog","TargetUser":"MSSENTINEL\\wardog"},{"EventSourceName":"Microsoft-Windows-Sysmon","Provider":"Microsoft-Windows-Sysmon","ProviderGuid":"{5770385f-c22a-43e0-bf4c-06f5698ffbd9}","Level":"4","Keywords":"0x8000000000000000","Channel":"Microsoft-Windows-Sysmon/Operational","Computer":"WORKSTATION6.mssentinel.local","TimeCreated":"2022-09-22T12:31:21.662Z","TimeGenerated":"2022-09-22T04:31:21.662Z","EventRecordID":"3328151","EventID":8,"Message":"CreateRemoteThread detected:\r\nRuleName: -\r\nUtcTime: 2022-09-22 16:31:21.649\r\nSourceProcessGuid: {03bfca49-8c7c-632c-430d-000000000b00}\r\nSourceProcessId: 11720\r\nSourceImage: C:\\Windows\\System32\\WindowsPowerShell\\v1.0\\powershell.exe\r\nTargetProcessGuid: {03bfca49-8dd2-632c-550d-000000000b00}\r\nTargetProcessId: 12372\r\nTargetImage: C:\\Windows\\System32\\notepad.exe\r\nNewThreadId: 12900\r\nStartAddress: 0x000002047FCA0000\r\nStartModule: -\r\nStartFunction: -\r\nSourceUser: MSSENTINEL\\wardog\r\nTargetUser: MSSENTINEL\\wardog","EventData":"\u003cEventData xmlns=\"http://schemas.microsoft.com/win/2004/08/events/event\"\u003e\u003cData Name=\"RuleName\"\u003e-\u003c/Data\u003e\u003cData Name=\"UtcTime\"\u003e2022-09-22 16:31:21.649\u003c/Data\u003e\u003cData Name=\"SourceProcessGuid\"\u003e{03bfca49-8c7c-632c-430d-000000000b00}\u003c/Data\u003e\u003cData Name=\"SourceProcessId\"\u003e11720\u003c/Data\u003e\u003cData Name=\"SourceImage\"\u003eC:\\Windows\\System32\\WindowsPowerShell\\v1.0\\powershell.exe\u003c/Data\u003e\u003cData Name=\"TargetProcessGuid\"\u003e{03bfca49-8dd2-632c-550d-000000000b00}\u003c/Data\u003e\u003cData Name=\"TargetProcessId\"\u003e12372\u003c/Data\u003e\u003cData Name=\"TargetImage\"\u003eC:\\Windows\\System32\\notepad.exe\u003c/Data\u003e\u003cData Name=\"NewThreadId\"\u003e12900\u003c/Data\u003e\u003cData Name=\"StartAddress\"\u003e0x000002047FCA0000\u003c/Data\u003e\u003cData Name=\"StartModule\"\u003e-\u003c/Data\u003e\u003cData Name=\"StartFunction\"\u003e-\u003c/Data\u003e\u003cData Name=\"SourceUser\"\u003eMSSENTINEL\\wardog\u003c/Data\u003e\u003cData Name=\"TargetUser\"\u003eMSSENTINEL\\wardog\u003c/Data\u003e\u003c/EventData\u003e","Task":"8","RuleName":"-","UtcTime":"2022-09-22 16:31:21.649","SourceProcessGuid":"{03bfca49-8c7c-632c-430d-000000000b00}","SourceProcessId":"11720","SourceImage":"C:\\Windows\\System32\\WindowsPowerShell\\v1.0\\powershell.exe","TargetProcessGuid":"{03bfca49-8dd2-632c-550d-000000000b00}","TargetProcessId":"12372","TargetImage":"C:\\Windows\\System32\\notepad.exe","NewThreadId":"12900","StartAddress":"0x000002047FCA0000","StartModule":"-","StartFunction":"-","SourceUser":"MSSENTINEL\\wardog","TargetUser":"MSSENTINEL\\wardog"},{"EventSourceName":"Microsoft-Windows-Sysmon","Provider":"Microsoft-Windows-Sysmon","ProviderGuid":"{5770385f-c22a-43e0-bf4c-06f5698ffbd9}","Level":"4","Keywords":"0x8000000000000000","Channel":"Microsoft-Windows-Sysmon/Operational","Computer":"WORKSTATION6.mssentinel.local","TimeCreated":"2022-09-22T12:31:21.666Z","TimeGenerated":"2022-09-22T04:31:21.666Z","EventRecordID":"3328152","EventID":10,"Message":"Process accessed:\r\nRuleName: -\r\nUtcTime: 2022-09-22 16:31:21.664\r\nSourceProcessGUID: {03bfca49-b064-632b-0d00-000000000b00}\r\nSourceProcessId: 888\r\nSourceThreadId: 1220\r\nSourceImage: C:\\Windows\\system32\\svchost.exe\r\nTargetProcessGUID: {03bfca49-7557-632c-200c-000000000b00}\r\nTargetProcessId: 13280\r\nTargetImage: C:\\Windows\\system32\\wwahost.exe\r\nGrantedAccess: 0x1000\r\nCallTrace: C:\\Windows\\SYSTEM32\\ntdll.dll+9d234|C:\\Windows\\SYSTEM32\\psmserviceexthost.dll+2ae5f|C:\\Windows\\SYSTEM32\\psmserviceexthost.dll+2a88f|C:\\Windows\\SYSTEM32\\psmserviceexthost.dll+6cac6|C:\\Windows\\SYSTEM32\\psmserviceexthost.dll+731d2|C:\\Windows\\SYSTEM32\\psmserviceexthost.dll+74730|C:\\Windows\\SYSTEM32\\psmserviceexthost.dll+32660|C:\\Windows\\SYSTEM32\\psmserviceexthost.dll+7465c|C:\\Windows\\SYSTEM32\\psmserviceexthost.dll+766c5|C:\\Windows\\SYSTEM32\\psmserviceexthost.dll+4cf38|C:\\Windows\\SYSTEM32\\psmserviceexthost.dll+3f25d|C:\\Windows\\System32\\KERNEL32.DLL+17034|C:\\Windows\\SYSTEM32\\ntdll.dll+52651\r\nSourceUser: NT AUTHORITY\\SYSTEM\r\nTargetUser: MSSENTINEL\\wardog","EventData":"\u003cEventData xmlns=\"http://schemas.microsoft.com/win/2004/08/events/event\"\u003e\u003cData Name=\"RuleName\"\u003e-\u003c/Data\u003e\u003cData Name=\"UtcTime\"\u003e2022-09-22 16:31:21.664\u003c/Data\u003e\u003cData Name=\"SourceProcessGUID\"\u003e{03bfca49-b064-632b-0d00-000000000b00}\u003c/Data\u003e\u003cData Name=\"SourceProcessId\"\u003e888\u003c/Data\u003e\u003cData Name=\"SourceThreadId\"\u003e1220\u003c/Data\u003e\u003cData Name=\"SourceImage\"\u003eC:\\Windows\\system32\\svchost.exe\u003c/Data\u003e\u003cData Name=\"TargetProcessGUID\"\u003e{03bfca49-7557-632c-200c-000000000b00}\u003c/Data\u003e\u003cData Name=\"TargetProcessId\"\u003e13280\u003c/Data\u003e\u003cData Name=\"TargetImage\"\u003eC:\\Windows\\system32\\wwahost.exe\u003c/Data\u003e\u003cData Name=\"GrantedAccess\"\u003e0x1000\u003c/Data\u003e\u003cData Name=\"CallTrace\"\u003eC:\\Windows\\SYSTEM32\\ntdll.dll+9d234|C:\\Windows\\SYSTEM32\\psmserviceexthost.dll+2ae5f|C:\\Windows\\SYSTEM32\\psmserviceexthost.dll+2a88f|C:\\Windows\\SYSTEM32\\psmserviceexthost.dll+6cac6|C:\\Windows\\SYSTEM32\\psmserviceexthost.dll+731d2|C:\\Windows\\SYSTEM32\\psmserviceexthost.dll+74730|C:\\Windows\\SYSTEM32\\psmserviceexthost.dll+32660|C:\\Windows\\SYSTEM32\\psmserviceexthost.dll+7465c|C:\\Windows\\SYSTEM32\\psmserviceexthost.dll+766c5|C:\\Windows\\SYSTEM32\\psmserviceexthost.dll+4cf38|C:\\Windows\\SYSTEM32\\psmserviceexthost.dll+3f25d|C:\\Windows\\System32\\KERNEL32.DLL+17034|C:\\Windows\\SYSTEM32\\ntdll.dll+52651\u003c/Data\u003e\u003cData Name=\"SourceUser\"\u003eNT AUTHORITY\\SYSTEM\u003c/Data\u003e\u003cData Name=\"TargetUser\"\u003eMSSENTINEL\\wardog\u003c/Data\u003e\u003c/EventData\u003e","Task":"10","RuleName":"-","UtcTime":"2022-09-22 16:31:21.664","SourceProcessGUID":"{03bfca49-b064-632b-0d00-000000000b00}","SourceProcessId":"888","SourceThreadId":"1220","SourceImage":"C:\\Windows\\system32\\svchost.exe","TargetProcessGUID":"{03bfca49-7557-632c-200c-000000000b00}","TargetProcessId":"13280","TargetImage":"C:\\Windows\\system32\\wwahost.exe","GrantedAccess":"0x1000","CallTrace":"C:\\Windows\\SYSTEM32\\ntdll.dll+9d234|C:\\Windows\\SYSTEM32\\psmserviceexthost.dll+2ae5f|C:\\Windows\\SYSTEM32\\psmserviceexthost.dll+2a88f|C:\\Windows\\SYSTEM32\\psmserviceexthost.dll+6cac6|C:\\Windows\\SYSTEM32\\psmserviceexthost.dll+731d2|C:\\Windows\\SYSTEM32\\psmserviceexthost.dll+74730|C:\\Windows\\SYSTEM32\\psmserviceexthost.dll+32660|C:\\Windows\\SYSTEM32\\psmserviceexthost.dll+7465c|C:\\Windows\\SYSTEM32\\psmserviceexthost.dll+766c5|C:\\Windows\\SYSTEM32\\psmserviceexthost.dll+4cf38|C:\\Windows\\SYSTEM32\\psmserviceexthost.dll+3f25d|C:\\Windows\\System32\\KERNEL32.DLL+17034|C:\\Windows\\SYSTEM32\\ntdll.dll+52651","SourceUser":"NT AUTHORITY\\SYSTEM","TargetUser":"MSSENTINEL\\wardog"},{"EventSourceName":"Microsoft-Windows-Sysmon","Provider":"Microsoft-Windows-Sysmon","ProviderGuid":"{5770385f-c22a-43e0-bf4c-06f5698ffbd9}","Level":"4","Keywords":"0x8000000000000000","Channel":"Microsoft-Windows-Sysmon/Operational","Computer":"WORKSTATION6.mssentinel.local","TimeCreated":"2022-09-22T12:31:21.669Z","TimeGenerated":"2022-09-22T04:31:21.669Z","EventRecordID":"3328153","EventID":8,"Message":"CreateRemoteThread detected:\r\nRuleName: -\r\nUtcTime: 2022-09-22 16:31:21.664\r\nSourceProcessGuid: {03bfca49-8c7c-632c-430d-000000000b00}\r\nSourceProcessId: 11720\r\nSourceImage: C:\\Windows\\System32\\WindowsPowerShell\\v1.0\\powershell.exe\r\nTargetProcessGuid: {03bfca49-8dd2-632c-550d-000000000b00}\r\nTargetProcessId: 12372\r\nTargetImage: C:\\Windows\\System32\\notepad.exe\r\nNewThreadId: 11992\r\nStartAddress: 0x000002047FCA0000\r\nStartModule: -\r\nStartFunction: -\r\nSourceUser: MSSENTINEL\\wardog\r\nTargetUser: MSSENTINEL\\wardog","EventData":"\u003cEventData xmlns=\"http://schemas.microsoft.com/win/2004/08/events/event\"\u003e\u003cData Name=\"RuleName\"\u003e-\u003c/Data\u003e\u003cData Name=\"UtcTime\"\u003e2022-09-22 16:31:21.664\u003c/Data\u003e\u003cData Name=\"SourceProcessGuid\"\u003e{03bfca49-8c7c-632c-430d-000000000b00}\u003c/Data\u003e\u003cData Name=\"SourceProcessId\"\u003e11720\u003c/Data\u003e\u003cData Name=\"SourceImage\"\u003eC:\\Windows\\System32\\WindowsPowerShell\\v1.0\\powershell.exe\u003c/Data\u003e\u003cData Name=\"TargetProcessGuid\"\u003e{03bfca49-8dd2-632c-550d-000000000b00}\u003c/Data\u003e\u003cData Name=\"TargetProcessId\"\u003e12372\u003c/Data\u003e\u003cData Name=\"TargetImage\"\u003eC:\\Windows\\System32\\notepad.exe\u003c/Data\u003e\u003cData Name=\"NewThreadId\"\u003e11992\u003c/Data\u003e\u003cData Name=\"StartAddress\"\u003e0x000002047FCA0000\u003c/Data\u003e\u003cData Name=\"StartModule\"\u003e-\u003c/Data\u003e\u003cData Name=\"StartFunction\"\u003e-\u003c/Data\u003e\u003cData Name=\"SourceUser\"\u003eMSSENTINEL\\wardog\u003c/Data\u003e\u003cData Name=\"TargetUser\"\u003eMSSENTINEL\\wardog\u003c/Data\u003e\u003c/EventData\u003e","Task":"8","RuleName":"-","UtcTime":"2022-09-22 16:31:21.664","SourceProcessGuid":"{03bfca49-8c7c-632c-430d-000000000b00}","SourceProcessId":"11720","SourceImage":"C:\\Windows\\System32\\WindowsPowerShell\\v1.0\\powershell.exe","TargetProcessGuid":"{03bfca49-8dd2-632c-550d-000000000b00}","TargetProcessId":"12372","TargetImage":"C:\\Windows\\System32\\notepad.exe","NewThreadId":"11992","StartAddress":"0x000002047FCA0000","StartModule":"-","StartFunction":"-","SourceUser":"MSSENTINEL\\wardog","TargetUser":"MSSENTINEL\\wardog"},{"EventSourceName":"Microsoft-Windows-Sysmon","Provider":"Microsoft-Windows-Sysmon","ProviderGuid":"{5770385f-c22a-43e0-bf4c-06f5698ffbd9}","Level":"4","Keywords":"0x8000000000000000","Channel":"Microsoft-Windows-Sysmon/Operational","Computer":"WORKSTATION6.mssentinel.local","TimeCreated":"2022-09-22T12:31:21.675Z","TimeGenerated":"2022-09-22T04:31:21.675Z","EventRecordID":"3328154","EventID":8,"Message":"CreateRemoteThread detected:\r\nRuleName: -\r\nUtcTime: 2022-09-22 16:31:21.664\r\nSourceProcessGuid: {03bfca49-8c7c-632c-430d-000000000b00}\r\nSourceProcessId: 11720\r\nSourceImage: C:\\Windows\\System32\\WindowsPowerShell\\v1.0\\powershell.exe\r\nTargetProcessGuid: {03bfca49-8dd2-632c-550d-000000000b00}\r\nTargetProcessId: 12372\r\nTargetImage: C:\\Windows\\System32\\notepad.exe\r\nNewThreadId: 12728\r\nStartAddress: 0x000002047FCA0000\r\nStartModule: -\r\nStartFunction: -\r\nSourceUser: MSSENTINEL\\wardog\r\nTargetUser: MSSENTINEL\\wardog","EventData":"\u003cEventData xmlns=\"http://schemas.microsoft.com/win/2004/08/events/event\"\u003e\u003cData Name=\"RuleName\"\u003e-\u003c/Data\u003e\u003cData Name=\"UtcTime\"\u003e2022-09-22 16:31:21.664\u003c/Data\u003e\u003cData Name=\"SourceProcessGuid\"\u003e{03bfca49-8c7c-632c-430d-000000000b00}\u003c/Data\u003e\u003cData Name=\"SourceProcessId\"\u003e11720\u003c/Data\u003e\u003cData Name=\"SourceImage\"\u003eC:\\Windows\\System32\\WindowsPowerShell\\v1.0\\powershell.exe\u003c/Data\u003e\u003cData Name=\"TargetProcessGuid\"\u003e{03bfca49-8dd2-632c-550d-000000000b00}\u003c/Data\u003e\u003cData Name=\"TargetProcessId\"\u003e12372\u003c/Data\u003e\u003cData Name=\"TargetImage\"\u003eC:\\Windows\\System32\\notepad.exe\u003c/Data\u003e\u003cData Name=\"NewThreadId\"\u003e12728\u003c/Data\u003e\u003cData Name=\"StartAddress\"\u003e0x000002047FCA0000\u003c/Data\u003e\u003cData Name=\"StartModule\"\u003e-\u003c/Data\u003e\u003cData Name=\"StartFunction\"\u003e-\u003c/Data\u003e\u003cData Name=\"SourceUser\"\u003eMSSENTINEL\\wardog\u003c/Data\u003e\u003cData Name=\"TargetUser\"\u003eMSSENTINEL\\wardog\u003c/Data\u003e\u003c/EventData\u003e","Task":"8","RuleName":"-","UtcTime":"2022-09-22 16:31:21.664","SourceProcessGuid":"{03bfca49-8c7c-632c-430d-000000000b00}","SourceProcessId":"11720","SourceImage":"C:\\Windows\\System32\\WindowsPowerShell\\v1.0\\powershell.exe","TargetProcessGuid":"{03bfca49-8dd2-632c-550d-000000000b00}","TargetProcessId":"12372","TargetImage":"C:\\Windows\\System32\\notepad.exe","NewThreadId":"12728","StartAddress":"0x000002047FCA0000","StartModule":"-","StartFunction":"-","SourceUser":"MSSENTINEL\\wardog","TargetUser":"MSSENTINEL\\wardog"},{"EventSourceName":"Microsoft-Windows-Sysmon","Provider":"Microsoft-Windows-Sysmon","ProviderGuid":"{5770385f-c22a-43e0-bf4c-06f5698ffbd9}","Level":"4","Keywords":"0x8000000000000000","Channel":"Microsoft-Windows-Sysmon/Operational","Computer":"WORKSTATION6.mssentinel.local","TimeCreated":"2022-09-22T12:31:21.681Z","TimeGenerated":"2022-09-22T04:31:21.681Z","EventRecordID":"3328155","EventID":8,"Message":"CreateRemoteThread detected:\r\nRuleName: -\r\nUtcTime: 2022-09-22 16:31:21.680\r\nSourceProcessGuid: {03bfca49-8c7c-632c-430d-000000000b00}\r\nSourceProcessId: 11720\r\nSourceImage: C:\\Windows\\System32\\WindowsPowerShell\\v1.0\\powershell.exe\r\nTargetProcessGuid: {03bfca49-8dd2-632c-550d-000000000b00}\r\nTargetProcessId: 12372\r\nTargetImage: C:\\Windows\\System32\\notepad.exe\r\nNewThreadId: 9720\r\nStartAddress: 0x000002047FCA0000\r\nStartModule: -\r\nStartFunction: -\r\nSourceUser: MSSENTINEL\\wardog\r\nTargetUser: MSSENTINEL\\wardog","EventData":"\u003cEventData xmlns=\"http://schemas.microsoft.com/win/2004/08/events/event\"\u003e\u003cData Name=\"RuleName\"\u003e-\u003c/Data\u003e\u003cData Name=\"UtcTime\"\u003e2022-09-22 16:31:21.680\u003c/Data\u003e\u003cData Name=\"SourceProcessGuid\"\u003e{03bfca49-8c7c-632c-430d-000000000b00}\u003c/Data\u003e\u003cData Name=\"SourceProcessId\"\u003e11720\u003c/Data\u003e\u003cData Name=\"SourceImage\"\u003eC:\\Windows\\System32\\WindowsPowerShell\\v1.0\\powershell.exe\u003c/Data\u003e\u003cData Name=\"TargetProcessGuid\"\u003e{03bfca49-8dd2-632c-550d-000000000b00}\u003c/Data\u003e\u003cData Name=\"TargetProcessId\"\u003e12372\u003c/Data\u003e\u003cData Name=\"TargetImage\"\u003eC:\\Windows\\System32\\notepad.exe\u003c/Data\u003e\u003cData Name=\"NewThreadId\"\u003e9720\u003c/Data\u003e\u003cData Name=\"StartAddress\"\u003e0x000002047FCA0000\u003c/Data\u003e\u003cData Name=\"StartModule\"\u003e-\u003c/Data\u003e\u003cData Name=\"StartFunction\"\u003e-\u003c/Data\u003e\u003cData Name=\"SourceUser\"\u003eMSSENTINEL\\wardog\u003c/Data\u003e\u003cData Name=\"TargetUser\"\u003eMSSENTINEL\\wardog\u003c/Data\u003e\u003c/EventData\u003e","Task":"8","RuleName":"-","UtcTime":"2022-09-22 16:31:21.680","SourceProcessGuid":"{03bfca49-8c7c-632c-430d-000000000b00}","SourceProcessId":"11720","SourceImage":"C:\\Windows\\System32\\WindowsPowerShell\\v1.0\\powershell.exe","TargetProcessGuid":"{03bfca49-8dd2-632c-550d-000000000b00}","TargetProcessId":"12372","TargetImage":"C:\\Windows\\System32\\notepad.exe","NewThreadId":"9720","StartAddress":"0x000002047FCA0000","StartModule":"-","StartFunction":"-","SourceUser":"MSSENTINEL\\wardog","TargetUser":"MSSENTINEL\\wardog"},{"EventSourceName":"Microsoft-Windows-Sysmon","Provider":"Microsoft-Windows-Sysmon","ProviderGuid":"{5770385f-c22a-43e0-bf4c-06f5698ffbd9}","Level":"4","Keywords":"0x8000000000000000","Channel":"Microsoft-Windows-Sysmon/Operational","Computer":"WORKSTATION6.mssentinel.local","TimeCreated":"2022-09-22T12:31:21.687Z","TimeGenerated":"2022-09-22T04:31:21.687Z","EventRecordID":"3328156","EventID":8,"Message":"CreateRemoteThread detected:\r\nRuleName: -\r\nUtcTime: 2022-09-22 16:31:21.680\r\nSourceProcessGuid: {03bfca49-8c7c-632c-430d-000000000b00}\r\nSourceProcessId: 11720\r\nSourceImage: C:\\Windows\\System32\\WindowsPowerShell\\v1.0\\powershell.exe\r\nTargetProcessGuid: {03bfca49-8dd2-632c-550d-000000000b00}\r\nTargetProcessId: 12372\r\nTargetImage: C:\\Windows\\System32\\notepad.exe\r\nNewThreadId: 6412\r\nStartAddress: 0x000002047FCA0000\r\nStartModule: -\r\nStartFunction: -\r\nSourceUser: MSSENTINEL\\wardog\r\nTargetUser: MSSENTINEL\\wardog","EventData":"\u003cEventData xmlns=\"http://schemas.microsoft.com/win/2004/08/events/event\"\u003e\u003cData Name=\"RuleName\"\u003e-\u003c/Data\u003e\u003cData Name=\"UtcTime\"\u003e2022-09-22 16:31:21.680\u003c/Data\u003e\u003cData Name=\"SourceProcessGuid\"\u003e{03bfca49-8c7c-632c-430d-000000000b00}\u003c/Data\u003e\u003cData Name=\"SourceProcessId\"\u003e11720\u003c/Data\u003e\u003cData Name=\"SourceImage\"\u003eC:\\Windows\\System32\\WindowsPowerShell\\v1.0\\powershell.exe\u003c/Data\u003e\u003cData Name=\"TargetProcessGuid\"\u003e{03bfca49-8dd2-632c-550d-000000000b00}\u003c/Data\u003e\u003cData Name=\"TargetProcessId\"\u003e12372\u003c/Data\u003e\u003cData Name=\"TargetImage\"\u003eC:\\Windows\\System32\\notepad.exe\u003c/Data\u003e\u003cData Name=\"NewThreadId\"\u003e6412\u003c/Data\u003e\u003cData Name=\"StartAddress\"\u003e0x000002047FCA0000\u003c/Data\u003e\u003cData Name=\"StartModule\"\u003e-\u003c/Data\u003e\u003cData Name=\"StartFunction\"\u003e-\u003c/Data\u003e\u003cData Name=\"SourceUser\"\u003eMSSENTINEL\\wardog\u003c/Data\u003e\u003cData Name=\"TargetUser\"\u003eMSSENTINEL\\wardog\u003c/Data\u003e\u003c/EventData\u003e","Task":"8","RuleName":"-","UtcTime":"2022-09-22 16:31:21.680","SourceProcessGuid":"{03bfca49-8c7c-632c-430d-000000000b00}","SourceProcessId":"11720","SourceImage":"C:\\Windows\\System32\\WindowsPowerShell\\v1.0\\powershell.exe","TargetProcessGuid":"{03bfca49-8dd2-632c-550d-000000000b00}","TargetProcessId":"12372","TargetImage":"C:\\Windows\\System32\\notepad.exe","NewThreadId":"6412","StartAddress":"0x000002047FCA0000","StartModule":"-","StartFunction":"-","SourceUser":"MSSENTINEL\\wardog","TargetUser":"MSSENTINEL\\wardog"},{"EventSourceName":"Microsoft-Windows-Sysmon","Provider":"Microsoft-Windows-Sysmon","ProviderGuid":"{5770385f-c22a-43e0-bf4c-06f5698ffbd9}","Level":"4","Keywords":"0x8000000000000000","Channel":"Microsoft-Windows-Sysmon/Operational","Computer":"WORKSTATION6.mssentinel.local","TimeCreated":"2022-09-22T12:31:21.693Z","TimeGenerated":"2022-09-22T04:31:21.693Z","EventRecordID":"3328157","EventID":8,"Message":"CreateRemoteThread detected:\r\nRuleName: -\r\nUtcTime: 2022-09-22 16:31:21.680\r\nSourceProcessGuid: {03bfca49-8c7c-632c-430d-000000000b00}\r\nSourceProcessId: 11720\r\nSourceImage: C:\\Windows\\System32\\WindowsPowerShell\\v1.0\\powershell.exe\r\nTargetProcessGuid: {03bfca49-8dd2-632c-550d-000000000b00}\r\nTargetProcessId: 12372\r\nTargetImage: C:\\Windows\\System32\\notepad.exe\r\nNewThreadId: 10364\r\nStartAddress: 0x000002047FCA0000\r\nStartModule: -\r\nStartFunction: -\r\nSourceUser: MSSENTINEL\\wardog\r\nTargetUser: MSSENTINEL\\wardog","EventData":"\u003cEventData xmlns=\"http://schemas.microsoft.com/win/2004/08/events/event\"\u003e\u003cData Name=\"RuleName\"\u003e-\u003c/Data\u003e\u003cData Name=\"UtcTime\"\u003e2022-09-22 16:31:21.680\u003c/Data\u003e\u003cData Name=\"SourceProcessGuid\"\u003e{03bfca49-8c7c-632c-430d-000000000b00}\u003c/Data\u003e\u003cData Name=\"SourceProcessId\"\u003e11720\u003c/Data\u003e\u003cData Name=\"SourceImage\"\u003eC:\\Windows\\System32\\WindowsPowerShell\\v1.0\\powershell.exe\u003c/Data\u003e\u003cData Name=\"TargetProcessGuid\"\u003e{03bfca49-8dd2-632c-550d-000000000b00}\u003c/Data\u003e\u003cData Name=\"TargetProcessId\"\u003e12372\u003c/Data\u003e\u003cData Name=\"TargetImage\"\u003eC:\\Windows\\System32\\notepad.exe\u003c/Data\u003e\u003cData Name=\"NewThreadId\"\u003e10364\u003c/Data\u003e\u003cData Name=\"StartAddress\"\u003e0x000002047FCA0000\u003c/Data\u003e\u003cData Name=\"StartModule\"\u003e-\u003c/Data\u003e\u003cData Name=\"StartFunction\"\u003e-\u003c/Data\u003e\u003cData Name=\"SourceUser\"\u003eMSSENTINEL\\wardog\u003c/Data\u003e\u003cData Name=\"TargetUser\"\u003eMSSENTINEL\\wardog\u003c/Data\u003e\u003c/EventData\u003e","Task":"8","RuleName":"-","UtcTime":"2022-09-22 16:31:21.680","SourceProcessGuid":"{03bfca49-8c7c-632c-430d-000000000b00}","SourceProcessId":"11720","SourceImage":"C:\\Windows\\System32\\WindowsPowerShell\\v1.0\\powershell.exe","TargetProcessGuid":"{03bfca49-8dd2-632c-550d-000000000b00}","TargetProcessId":"12372","TargetImage":"C:\\Windows\\System32\\notepad.exe","NewThreadId":"10364","StartAddress":"0x000002047FCA0000","StartModule":"-","StartFunction":"-","SourceUser":"MSSENTINEL\\wardog","TargetUser":"MSSENTINEL\\wardog"},