{"EventSourceName":"Microsoft-Windows-Sysmon","Provider":"Microsoft-Windows-Sysmon","ProviderGuid":"{5770385f-c22a-43e0-bf4c-06f5698ffbd9}","Level":"4","Keywords":"0x8000000000000000","Channel":"Microsoft-Windows-Sysmon/Operational","Computer":"WORKSTATION6.mssentinel.local","TimeCreated":"2022-09-22T12:31:14.460Z","TimeGenerated":"2022-09-22T04:31:14.460Z","EventRecordID":"3328066","EventID":10,"Message":"Process accessed:\r\nRuleName: -\r\nUtcTime: 2022-09-22 16:31:14.445\r\nSourceProcessGUID: {03bfca49-7152-632c-7a0b-000000000b00}\r\nSourceProcessId: 8740\r\nSourceThreadId: 9524\r\nSourceImage: C:\\Windows\\Explorer.EXE\r\nTargetProcessGUID: {03bfca49-8dd2-632c-550d-000000000b00}\r\nTargetProcessId: 12372\r\nTargetImage: C:\\Windows\\system32\\notepad.exe\r\nGrantedAccess: 0x1000\r\nCallTrace: C:\\Windows\\SYSTEM32\\ntdll.dll+9d234|C:\\Windows\\System32\\KERNELBASE.dll+2c0ce|C:\\Windows\\system32\\twinui.pcshell.dll+15e9d|C:\\Windows\\system32\\twinui.pcshell.dll+829a7|C:\\Windows\\system32\\twinui.pcshell.dll+7f82c|C:\\Windows\\system32\\twinui.pcshell.dll+48833|C:\\Windows\\system32\\twinui.pcshell.dll+6154f|C:\\Windows\\system32\\twinui.pcshell.dll+62a1e|C:\\Windows\\system32\\twinui.pcshell.dll+81e7d|C:\\Windows\\system32\\twinui.pcshell.dll+655cc|C:\\Windows\\System32\\user32.dll+e7e8|C:\\Windows\\System32\\user32.dll+e229|C:\\Windows\\System32\\windows.immersiveshell.serviceprovider.dll+cc93|C:\\Windows\\System32\\windows.immersiveshell.serviceprovider.dll+c823|C:\\Windows\\System32\\windows.immersiveshell.serviceprovider.dll+f523|C:\\Windows\\System32\\windows.immersiveshell.serviceprovider.dll+f582|C:\\Windows\\System32\\KERNEL32.DLL+17034|C:\\Windows\\SYSTEM32\\ntdll.dll+52651\r\nSourceUser: MSSENTINEL\\wardog\r\nTargetUser: MSSENTINEL\\wardog","EventData":"\u003cEventData xmlns=\"http://schemas.microsoft.com/win/2004/08/events/event\"\u003e\u003cData Name=\"RuleName\"\u003e-\u003c/Data\u003e\u003cData Name=\"UtcTime\"\u003e2022-09-22 16:31:14.445\u003c/Data\u003e\u003cData Name=\"SourceProcessGUID\"\u003e{03bfca49-7152-632c-7a0b-000000000b00}\u003c/Data\u003e\u003cData Name=\"SourceProcessId\"\u003e8740\u003c/Data\u003e\u003cData Name=\"SourceThreadId\"\u003e9524\u003c/Data\u003e\u003cData Name=\"SourceImage\"\u003eC:\\Windows\\Explorer.EXE\u003c/Data\u003e\u003cData Name=\"TargetProcessGUID\"\u003e{03bfca49-8dd2-632c-550d-000000000b00}\u003c/Data\u003e\u003cData Name=\"TargetProcessId\"\u003e12372\u003c/Data\u003e\u003cData Name=\"TargetImage\"\u003eC:\\Windows\\system32\\notepad.exe\u003c/Data\u003e\u003cData Name=\"GrantedAccess\"\u003e0x1000\u003c/Data\u003e\u003cData Name=\"CallTrace\"\u003eC:\\Windows\\SYSTEM32\\ntdll.dll+9d234|C:\\Windows\\System32\\KERNELBASE.dll+2c0ce|C:\\Windows\\system32\\twinui.pcshell.dll+15e9d|C:\\Windows\\system32\\twinui.pcshell.dll+829a7|C:\\Windows\\system32\\twinui.pcshell.dll+7f82c|C:\\Windows\\system32\\twinui.pcshell.dll+48833|C:\\Windows\\system32\\twinui.pcshell.dll+6154f|C:\\Windows\\system32\\twinui.pcshell.dll+62a1e|C:\\Windows\\system32\\twinui.pcshell.dll+81e7d|C:\\Windows\\system32\\twinui.pcshell.dll+655cc|C:\\Windows\\System32\\user32.dll+e7e8|C:\\Windows\\System32\\user32.dll+e229|C:\\Windows\\System32\\windows.immersiveshell.serviceprovider.dll+cc93|C:\\Windows\\System32\\windows.immersiveshell.serviceprovider.dll+c823|C:\\Windows\\System32\\windows.immersiveshell.serviceprovider.dll+f523|C:\\Windows\\System32\\windows.immersiveshell.serviceprovider.dll+f582|C:\\Windows\\System32\\KERNEL32.DLL+17034|C:\\Windows\\SYSTEM32\\ntdll.dll+52651\u003c/Data\u003e\u003cData Name=\"SourceUser\"\u003eMSSENTINEL\\wardog\u003c/Data\u003e\u003cData Name=\"TargetUser\"\u003eMSSENTINEL\\wardog\u003c/Data\u003e\u003c/EventData\u003e","Task":"10","RuleName":"-","UtcTime":"2022-09-22 16:31:14.445","SourceProcessGUID":"{03bfca49-7152-632c-7a0b-000000000b00}","SourceProcessId":"8740","SourceThreadId":"9524","SourceImage":"C:\\Windows\\Explorer.EXE","TargetProcessGUID":"{03bfca49-8dd2-632c-550d-000000000b00}","TargetProcessId":"12372","TargetImage":"C:\\Windows\\system32\\notepad.exe","GrantedAccess":"0x1000","CallTrace":"C:\\Windows\\SYSTEM32\\ntdll.dll+9d234|C:\\Windows\\System32\\KERNELBASE.dll+2c0ce|C:\\Windows\\system32\\twinui.pcshell.dll+15e9d|C:\\Windows\\system32\\twinui.pcshell.dll+829a7|C:\\Windows\\system32\\twinui.pcshell.dll+7f82c|C:\\Windows\\system32\\twinui.pcshell.dll+48833|C:\\Windows\\system32\\twinui.pcshell.dll+6154f|C:\\Windows\\system32\\twinui.pcshell.dll+62a1e|C:\\Windows\\system32\\twinui.pcshell.dll+81e7d|C:\\Windows\\system32\\twinui.pcshell.dll+655cc|C:\\Windows\\System32\\user32.dll+e7e8|C:\\Windows\\System32\\user32.dll+e229|C:\\Windows\\System32\\windows.immersiveshell.serviceprovider.dll+cc93|C:\\Windows\\System32\\windows.immersiveshell.serviceprovider.dll+c823|C:\\Windows\\System32\\windows.immersiveshell.serviceprovider.dll+f523|C:\\Windows\\System32\\windows.immersiveshell.serviceprovider.dll+f582|C:\\Windows\\System32\\KERNEL32.DLL+17034|C:\\Windows\\SYSTEM32\\ntdll.dll+52651","SourceUser":"MSSENTINEL\\wardog","TargetUser":"MSSENTINEL\\wardog"},{"EventSourceName":"Microsoft-Windows-Sysmon","Provider":"Microsoft-Windows-Sysmon","ProviderGuid":"{5770385f-c22a-43e0-bf4c-06f5698ffbd9}","Level":"4","Keywords":"0x8000000000000000","Channel":"Microsoft-Windows-Sysmon/Operational","Computer":"WORKSTATION6.mssentinel.local","TimeCreated":"2022-09-22T12:31:14.460Z","TimeGenerated":"2022-09-22T04:31:14.460Z","EventRecordID":"3328067","EventID":10,"Message":"Process accessed:\r\nRuleName: -\r\nUtcTime: 2022-09-22 16:31:14.445\r\nSourceProcessGUID: {03bfca49-7152-632c-7a0b-000000000b00}\r\nSourceProcessId: 8740\r\nSourceThreadId: 9524\r\nSourceImage: C:\\Windows\\Explorer.EXE\r\nTargetProcessGUID: {03bfca49-8dd2-632c-550d-000000000b00}\r\nTargetProcessId: 12372\r\nTargetImage: C:\\Windows\\system32\\notepad.exe\r\nGrantedAccess: 0x1000\r\nCallTrace: C:\\Windows\\SYSTEM32\\ntdll.dll+9d234|C:\\Windows\\System32\\KERNELBASE.dll+2c0ce|C:\\Windows\\system32\\twinui.pcshell.dll+16575|C:\\Windows\\system32\\twinui.pcshell.dll+15ecf|C:\\Windows\\system32\\twinui.pcshell.dll+829a7|C:\\Windows\\system32\\twinui.pcshell.dll+7f82c|C:\\Windows\\system32\\twinui.pcshell.dll+48833|C:\\Windows\\system32\\twinui.pcshell.dll+6154f|C:\\Windows\\system32\\twinui.pcshell.dll+62a1e|C:\\Windows\\system32\\twinui.pcshell.dll+81e7d|C:\\Windows\\system32\\twinui.pcshell.dll+655cc|C:\\Windows\\System32\\user32.dll+e7e8|C:\\Windows\\System32\\user32.dll+e229|C:\\Windows\\System32\\windows.immersiveshell.serviceprovider.dll+cc93|C:\\Windows\\System32\\windows.immersiveshell.serviceprovider.dll+c823|C:\\Windows\\System32\\windows.immersiveshell.serviceprovider.dll+f523|C:\\Windows\\System32\\windows.immersiveshell.serviceprovider.dll+f582|C:\\Windows\\System32\\KERNEL32.DLL+17034|C:\\Windows\\SYSTEM32\\ntdll.dll+52651\r\nSourceUser: MSSENTINEL\\wardog\r\nTargetUser: MSSENTINEL\\wardog","EventData":"\u003cEventData xmlns=\"http://schemas.microsoft.com/win/2004/08/events/event\"\u003e\u003cData Name=\"RuleName\"\u003e-\u003c/Data\u003e\u003cData Name=\"UtcTime\"\u003e2022-09-22 16:31:14.445\u003c/Data\u003e\u003cData Name=\"SourceProcessGUID\"\u003e{03bfca49-7152-632c-7a0b-000000000b00}\u003c/Data\u003e\u003cData Name=\"SourceProcessId\"\u003e8740\u003c/Data\u003e\u003cData Name=\"SourceThreadId\"\u003e9524\u003c/Data\u003e\u003cData Name=\"SourceImage\"\u003eC:\\Windows\\Explorer.EXE\u003c/Data\u003e\u003cData Name=\"TargetProcessGUID\"\u003e{03bfca49-8dd2-632c-550d-000000000b00}\u003c/Data\u003e\u003cData Name=\"TargetProcessId\"\u003e12372\u003c/Data\u003e\u003cData Name=\"TargetImage\"\u003eC:\\Windows\\system32\\notepad.exe\u003c/Data\u003e\u003cData Name=\"GrantedAccess\"\u003e0x1000\u003c/Data\u003e\u003cData Name=\"CallTrace\"\u003eC:\\Windows\\SYSTEM32\\ntdll.dll+9d234|C:\\Windows\\System32\\KERNELBASE.dll+2c0ce|C:\\Windows\\system32\\twinui.pcshell.dll+16575|C:\\Windows\\system32\\twinui.pcshell.dll+15ecf|C:\\Windows\\system32\\twinui.pcshell.dll+829a7|C:\\Windows\\system32\\twinui.pcshell.dll+7f82c|C:\\Windows\\system32\\twinui.pcshell.dll+48833|C:\\Windows\\system32\\twinui.pcshell.dll+6154f|C:\\Windows\\system32\\twinui.pcshell.dll+62a1e|C:\\Windows\\system32\\twinui.pcshell.dll+81e7d|C:\\Windows\\system32\\twinui.pcshell.dll+655cc|C:\\Windows\\System32\\user32.dll+e7e8|C:\\Windows\\System32\\user32.dll+e229|C:\\Windows\\System32\\windows.immersiveshell.serviceprovider.dll+cc93|C:\\Windows\\System32\\windows.immersiveshell.serviceprovider.dll+c823|C:\\Windows\\System32\\windows.immersiveshell.serviceprovider.dll+f523|C:\\Windows\\System32\\windows.immersiveshell.serviceprovider.dll+f582|C:\\Windows\\System32\\KERNEL32.DLL+17034|C:\\Windows\\SYSTEM32\\ntdll.dll+52651\u003c/Data\u003e\u003cData Name=\"SourceUser\"\u003eMSSENTINEL\\wardog\u003c/Data\u003e\u003cData Name=\"TargetUser\"\u003eMSSENTINEL\\wardog\u003c/Data\u003e\u003c/EventData\u003e","Task":"10","RuleName":"-","UtcTime":"2022-09-22 16:31:14.445","SourceProcessGUID":"{03bfca49-7152-632c-7a0b-000000000b00}","SourceProcessId":"8740","SourceThreadId":"9524","SourceImage":"C:\\Windows\\Explorer.EXE","TargetProcessGUID":"{03bfca49-8dd2-632c-550d-000000000b00}","TargetProcessId":"12372","TargetImage":"C:\\Windows\\system32\\notepad.exe","GrantedAccess":"0x1000","CallTrace":"C:\\Windows\\SYSTEM32\\ntdll.dll+9d234|C:\\Windows\\System32\\KERNELBASE.dll+2c0ce|C:\\Windows\\system32\\twinui.pcshell.dll+16575|C:\\Windows\\system32\\twinui.pcshell.dll+15ecf|C:\\Windows\\system32\\twinui.pcshell.dll+829a7|C:\\Windows\\system32\\twinui.pcshell.dll+7f82c|C:\\Windows\\system32\\twinui.pcshell.dll+48833|C:\\Windows\\system32\\twinui.pcshell.dll+6154f|C:\\Windows\\system32\\twinui.pcshell.dll+62a1e|C:\\Windows\\system32\\twinui.pcshell.dll+81e7d|C:\\Windows\\system32\\twinui.pcshell.dll+655cc|C:\\Windows\\System32\\user32.dll+e7e8|C:\\Windows\\System32\\user32.dll+e229|C:\\Windows\\System32\\windows.immersiveshell.serviceprovider.dll+cc93|C:\\Windows\\System32\\windows.immersiveshell.serviceprovider.dll+c823|C:\\Windows\\System32\\windows.immersiveshell.serviceprovider.dll+f523|C:\\Windows\\System32\\windows.immersiveshell.serviceprovider.dll+f582|C:\\Windows\\System32\\KERNEL32.DLL+17034|C:\\Windows\\SYSTEM32\\ntdll.dll+52651","SourceUser":"MSSENTINEL\\wardog","TargetUser":"MSSENTINEL\\wardog"},{"EventSourceName":"Microsoft-Windows-Sysmon","Provider":"Microsoft-Windows-Sysmon","ProviderGuid":"{5770385f-c22a-43e0-bf4c-06f5698ffbd9}","Level":"4","Keywords":"0x8000000000000000","Channel":"Microsoft-Windows-Sysmon/Operational","Computer":"WORKSTATION6.mssentinel.local","TimeCreated":"2022-09-22T12:31:14.460Z","TimeGenerated":"2022-09-22T04:31:14.460Z","EventRecordID":"3328068","EventID":10,"Message":"Process accessed:\r\nRuleName: -\r\nUtcTime: 2022-09-22 16:31:14.445\r\nSourceProcessGUID: {03bfca49-7152-632c-7a0b-000000000b00}\r\nSourceProcessId: 8740\r\nSourceThreadId: 10340\r\nSourceImage: C:\\Windows\\Explorer.EXE\r\nTargetProcessGUID: {03bfca49-8dd2-632c-550d-000000000b00}\r\nTargetProcessId: 12372\r\nTargetImage: C:\\Windows\\system32\\notepad.exe\r\nGrantedAccess: 0x1000\r\nCallTrace: C:\\Windows\\SYSTEM32\\ntdll.dll+9d234|C:\\Windows\\System32\\KERNELBASE.dll+2c0ce|C:\\Windows\\system32\\twinui.dll+43d85|C:\\Windows\\system32\\twinui.dll+35719|C:\\Windows\\system32\\twinui.dll+386ca|C:\\Windows\\System32\\shcore.dll+3e0b6|C:\\Windows\\System32\\shcore.dll+17295|C:\\Windows\\System32\\shcore.dll+17170|C:\\Windows\\System32\\shcore.dll+15971|C:\\Windows\\System32\\KERNEL32.DLL+17034|C:\\Windows\\SYSTEM32\\ntdll.dll+52651\r\nSourceUser: MSSENTINEL\\wardog\r\nTargetUser: MSSENTINEL\\wardog","EventData":"\u003cEventData xmlns=\"http://schemas.microsoft.com/win/2004/08/events/event\"\u003e\u003cData Name=\"RuleName\"\u003e-\u003c/Data\u003e\u003cData Name=\"UtcTime\"\u003e2022-09-22 16:31:14.445\u003c/Data\u003e\u003cData Name=\"SourceProcessGUID\"\u003e{03bfca49-7152-632c-7a0b-000000000b00}\u003c/Data\u003e\u003cData Name=\"SourceProcessId\"\u003e8740\u003c/Data\u003e\u003cData Name=\"SourceThreadId\"\u003e10340\u003c/Data\u003e\u003cData Name=\"SourceImage\"\u003eC:\\Windows\\Explorer.EXE\u003c/Data\u003e\u003cData Name=\"TargetProcessGUID\"\u003e{03bfca49-8dd2-632c-550d-000000000b00}\u003c/Data\u003e\u003cData Name=\"TargetProcessId\"\u003e12372\u003c/Data\u003e\u003cData Name=\"TargetImage\"\u003eC:\\Windows\\system32\\notepad.exe\u003c/Data\u003e\u003cData Name=\"GrantedAccess\"\u003e0x1000\u003c/Data\u003e\u003cData Name=\"CallTrace\"\u003eC:\\Windows\\SYSTEM32\\ntdll.dll+9d234|C:\\Windows\\System32\\KERNELBASE.dll+2c0ce|C:\\Windows\\system32\\twinui.dll+43d85|C:\\Windows\\system32\\twinui.dll+35719|C:\\Windows\\system32\\twinui.dll+386ca|C:\\Windows\\System32\\shcore.dll+3e0b6|C:\\Windows\\System32\\shcore.dll+17295|C:\\Windows\\System32\\shcore.dll+17170|C:\\Windows\\System32\\shcore.dll+15971|C:\\Windows\\System32\\KERNEL32.DLL+17034|C:\\Windows\\SYSTEM32\\ntdll.dll+52651\u003c/Data\u003e\u003cData Name=\"SourceUser\"\u003eMSSENTINEL\\wardog\u003c/Data\u003e\u003cData Name=\"TargetUser\"\u003eMSSENTINEL\\wardog\u003c/Data\u003e\u003c/EventData\u003e","Task":"10","RuleName":"-","UtcTime":"2022-09-22 16:31:14.445","SourceProcessGUID":"{03bfca49-7152-632c-7a0b-000000000b00}","SourceProcessId":"8740","SourceThreadId":"10340","SourceImage":"C:\\Windows\\Explorer.EXE","TargetProcessGUID":"{03bfca49-8dd2-632c-550d-000000000b00}","TargetProcessId":"12372","TargetImage":"C:\\Windows\\system32\\notepad.exe","GrantedAccess":"0x1000","CallTrace":"C:\\Windows\\SYSTEM32\\ntdll.dll+9d234|C:\\Windows\\System32\\KERNELBASE.dll+2c0ce|C:\\Windows\\system32\\twinui.dll+43d85|C:\\Windows\\system32\\twinui.dll+35719|C:\\Windows\\system32\\twinui.dll+386ca|C:\\Windows\\System32\\shcore.dll+3e0b6|C:\\Windows\\System32\\shcore.dll+17295|C:\\Windows\\System32\\shcore.dll+17170|C:\\Windows\\System32\\shcore.dll+15971|C:\\Windows\\System32\\KERNEL32.DLL+17034|C:\\Windows\\SYSTEM32\\ntdll.dll+52651","SourceUser":"MSSENTINEL\\wardog","TargetUser":"MSSENTINEL\\wardog"},{"EventSourceName":"Microsoft-Windows-Sysmon","Provider":"Microsoft-Windows-Sysmon","ProviderGuid":"{5770385f-c22a-43e0-bf4c-06f5698ffbd9}","Level":"4","Keywords":"0x8000000000000000","Channel":"Microsoft-Windows-Sysmon/Operational","Computer":"WORKSTATION6.mssentinel.local","TimeCreated":"2022-09-22T12:31:14.460Z","TimeGenerated":"2022-09-22T04:31:14.460Z","EventRecordID":"3328069","EventID":10,"Message":"Process accessed:\r\nRuleName: -\r\nUtcTime: 2022-09-22 16:31:14.445\r\nSourceProcessGUID: {03bfca49-7152-632c-7a0b-000000000b00}\r\nSourceProcessId: 8740\r\nSourceThreadId: 3048\r\nSourceImage: C:\\Windows\\Explorer.EXE\r\nTargetProcessGUID: {03bfca49-8dd2-632c-550d-000000000b00}\r\nTargetProcessId: 12372\r\nTargetImage: C:\\Windows\\system32\\notepad.exe\r\nGrantedAccess: 0x1000\r\nCallTrace: C:\\Windows\\SYSTEM32\\ntdll.dll+9d234|C:\\Windows\\System32\\KERNELBASE.dll+2c0ce|C:\\Windows\\System32\\NPSMDesktopProvider.dll+1ef1b|C:\\Windows\\System32\\NPSMDesktopProvider.dll+149b4|C:\\Windows\\System32\\NPSMDesktopProvider.dll+1510a|C:\\Windows\\System32\\shcore.dll+3e0b6|C:\\Windows\\System32\\shcore.dll+17295|C:\\Windows\\System32\\shcore.dll+17170|C:\\Windows\\System32\\shcore.dll+198b9|C:\\Windows\\SYSTEM32\\ntdll.dll+70bf9|C:\\Windows\\SYSTEM32\\ntdll.dll+5315a|C:\\Windows\\System32\\KERNEL32.DLL+17034|C:\\Windows\\SYSTEM32\\ntdll.dll+52651\r\nSourceUser: MSSENTINEL\\wardog\r\nTargetUser: MSSENTINEL\\wardog","EventData":"\u003cEventData xmlns=\"http://schemas.microsoft.com/win/2004/08/events/event\"\u003e\u003cData Name=\"RuleName\"\u003e-\u003c/Data\u003e\u003cData Name=\"UtcTime\"\u003e2022-09-22 16:31:14.445\u003c/Data\u003e\u003cData Name=\"SourceProcessGUID\"\u003e{03bfca49-7152-632c-7a0b-000000000b00}\u003c/Data\u003e\u003cData Name=\"SourceProcessId\"\u003e8740\u003c/Data\u003e\u003cData Name=\"SourceThreadId\"\u003e3048\u003c/Data\u003e\u003cData Name=\"SourceImage\"\u003eC:\\Windows\\Explorer.EXE\u003c/Data\u003e\u003cData Name=\"TargetProcessGUID\"\u003e{03bfca49-8dd2-632c-550d-000000000b00}\u003c/Data\u003e\u003cData Name=\"TargetProcessId\"\u003e12372\u003c/Data\u003e\u003cData Name=\"TargetImage\"\u003eC:\\Windows\\system32\\notepad.exe\u003c/Data\u003e\u003cData Name=\"GrantedAccess\"\u003e0x1000\u003c/Data\u003e\u003cData Name=\"CallTrace\"\u003eC:\\Windows\\SYSTEM32\\ntdll.dll+9d234|C:\\Windows\\System32\\KERNELBASE.dll+2c0ce|C:\\Windows\\System32\\NPSMDesktopProvider.dll+1ef1b|C:\\Windows\\System32\\NPSMDesktopProvider.dll+149b4|C:\\Windows\\System32\\NPSMDesktopProvider.dll+1510a|C:\\Windows\\System32\\shcore.dll+3e0b6|C:\\Windows\\System32\\shcore.dll+17295|C:\\Windows\\System32\\shcore.dll+17170|C:\\Windows\\System32\\shcore.dll+198b9|C:\\Windows\\SYSTEM32\\ntdll.dll+70bf9|C:\\Windows\\SYSTEM32\\ntdll.dll+5315a|C:\\Windows\\System32\\KERNEL32.DLL+17034|C:\\Windows\\SYSTEM32\\ntdll.dll+52651\u003c/Data\u003e\u003cData Name=\"SourceUser\"\u003eMSSENTINEL\\wardog\u003c/Data\u003e\u003cData Name=\"TargetUser\"\u003eMSSENTINEL\\wardog\u003c/Data\u003e\u003c/EventData\u003e","Task":"10","RuleName":"-","UtcTime":"2022-09-22 16:31:14.445","SourceProcessGUID":"{03bfca49-7152-632c-7a0b-000000000b00}","SourceProcessId":"8740","SourceThreadId":"3048","SourceImage":"C:\\Windows\\Explorer.EXE","TargetProcessGUID":"{03bfca49-8dd2-632c-550d-000000000b00}","TargetProcessId":"12372","TargetImage":"C:\\Windows\\system32\\notepad.exe","GrantedAccess":"0x1000","CallTrace":"C:\\Windows\\SYSTEM32\\ntdll.dll+9d234|C:\\Windows\\System32\\KERNELBASE.dll+2c0ce|C:\\Windows\\System32\\NPSMDesktopProvider.dll+1ef1b|C:\\Windows\\System32\\NPSMDesktopProvider.dll+149b4|C:\\Windows\\System32\\NPSMDesktopProvider.dll+1510a|C:\\Windows\\System32\\shcore.dll+3e0b6|C:\\Windows\\System32\\shcore.dll+17295|C:\\Windows\\System32\\shcore.dll+17170|C:\\Windows\\System32\\shcore.dll+198b9|C:\\Windows\\SYSTEM32\\ntdll.dll+70bf9|C:\\Windows\\SYSTEM32\\ntdll.dll+5315a|C:\\Windows\\System32\\KERNEL32.DLL+17034|C:\\Windows\\SYSTEM32\\ntdll.dll+52651","SourceUser":"MSSENTINEL\\wardog","TargetUser":"MSSENTINEL\\wardog"},{"EventSourceName":"Microsoft-Windows-Sysmon","Provider":"Microsoft-Windows-Sysmon","ProviderGuid":"{5770385f-c22a-43e0-bf4c-06f5698ffbd9}","Level":"4","Keywords":"0x8000000000000000","Channel":"Microsoft-Windows-Sysmon/Operational","Computer":"WORKSTATION6.mssentinel.local","TimeCreated":"2022-09-22T12:31:14.460Z","TimeGenerated":"2022-09-22T04:31:14.460Z","EventRecordID":"3328070","EventID":10,"Message":"Process accessed:\r\nRuleName: -\r\nUtcTime: 2022-09-22 16:31:14.445\r\nSourceProcessGUID: {03bfca49-7152-632c-7a0b-000000000b00}\r\nSourceProcessId: 8740\r\nSourceThreadId: 10340\r\nSourceImage: C:\\Windows\\Explorer.EXE\r\nTargetProcessGUID: {03bfca49-8dd2-632c-550d-000000000b00}\r\nTargetProcessId: 12372\r\nTargetImage: C:\\Windows\\system32\\notepad.exe\r\nGrantedAccess: 0x1000\r\nCallTrace: C:\\Windows\\SYSTEM32\\ntdll.dll+9d234|C:\\Windows\\System32\\KERNELBASE.dll+2c0ce|C:\\Windows\\system32\\twinui.dll+43e8d|C:\\Windows\\system32\\twinui.dll+43cad|C:\\Windows\\system32\\twinui.dll+471d9|C:\\Windows\\system32\\twinui.dll+470de|C:\\Windows\\system32\\twinui.dll+3573c|C:\\Windows\\system32\\twinui.dll+386ca|C:\\Windows\\System32\\shcore.dll+3e0b6|C:\\Windows\\System32\\shcore.dll+17295|C:\\Windows\\System32\\shcore.dll+17170|C:\\Windows\\System32\\shcore.dll+15971|C:\\Windows\\System32\\KERNEL32.DLL+17034|C:\\Windows\\SYSTEM32\\ntdll.dll+52651\r\nSourceUser: MSSENTINEL\\wardog\r\nTargetUser: MSSENTINEL\\wardog","EventData":"\u003cEventData xmlns=\"http://schemas.microsoft.com/win/2004/08/events/event\"\u003e\u003cData Name=\"RuleName\"\u003e-\u003c/Data\u003e\u003cData Name=\"UtcTime\"\u003e2022-09-22 16:31:14.445\u003c/Data\u003e\u003cData Name=\"SourceProcessGUID\"\u003e{03bfca49-7152-632c-7a0b-000000000b00}\u003c/Data\u003e\u003cData Name=\"SourceProcessId\"\u003e8740\u003c/Data\u003e\u003cData Name=\"SourceThreadId\"\u003e10340\u003c/Data\u003e\u003cData Name=\"SourceImage\"\u003eC:\\Windows\\Explorer.EXE\u003c/Data\u003e\u003cData Name=\"TargetProcessGUID\"\u003e{03bfca49-8dd2-632c-550d-000000000b00}\u003c/Data\u003e\u003cData Name=\"TargetProcessId\"\u003e12372\u003c/Data\u003e\u003cData Name=\"TargetImage\"\u003eC:\\Windows\\system32\\notepad.exe\u003c/Data\u003e\u003cData Name=\"GrantedAccess\"\u003e0x1000\u003c/Data\u003e\u003cData Name=\"CallTrace\"\u003eC:\\Windows\\SYSTEM32\\ntdll.dll+9d234|C:\\Windows\\System32\\KERNELBASE.dll+2c0ce|C:\\Windows\\system32\\twinui.dll+43e8d|C:\\Windows\\system32\\twinui.dll+43cad|C:\\Windows\\system32\\twinui.dll+471d9|C:\\Windows\\system32\\twinui.dll+470de|C:\\Windows\\system32\\twinui.dll+3573c|C:\\Windows\\system32\\twinui.dll+386ca|C:\\Windows\\System32\\shcore.dll+3e0b6|C:\\Windows\\System32\\shcore.dll+17295|C:\\Windows\\System32\\shcore.dll+17170|C:\\Windows\\System32\\shcore.dll+15971|C:\\Windows\\System32\\KERNEL32.DLL+17034|C:\\Windows\\SYSTEM32\\ntdll.dll+52651\u003c/Data\u003e\u003cData Name=\"SourceUser\"\u003eMSSENTINEL\\wardog\u003c/Data\u003e\u003cData Name=\"TargetUser\"\u003eMSSENTINEL\\wardog\u003c/Data\u003e\u003c/EventData\u003e","Task":"10","RuleName":"-","UtcTime":"2022-09-22 16:31:14.445","SourceProcessGUID":"{03bfca49-7152-632c-7a0b-000000000b00}","SourceProcessId":"8740","SourceThreadId":"10340","SourceImage":"C:\\Windows\\Explorer.EXE","TargetProcessGUID":"{03bfca49-8dd2-632c-550d-000000000b00}","TargetProcessId":"12372","TargetImage":"C:\\Windows\\system32\\notepad.exe","GrantedAccess":"0x1000","CallTrace":"C:\\Windows\\SYSTEM32\\ntdll.dll+9d234|C:\\Windows\\System32\\KERNELBASE.dll+2c0ce|C:\\Windows\\system32\\twinui.dll+43e8d|C:\\Windows\\system32\\twinui.dll+43cad|C:\\Windows\\system32\\twinui.dll+471d9|C:\\Windows\\system32\\twinui.dll+470de|C:\\Windows\\system32\\twinui.dll+3573c|C:\\Windows\\system32\\twinui.dll+386ca|C:\\Windows\\System32\\shcore.dll+3e0b6|C:\\Windows\\System32\\shcore.dll+17295|C:\\Windows\\System32\\shcore.dll+17170|C:\\Windows\\System32\\shcore.dll+15971|C:\\Windows\\System32\\KERNEL32.DLL+17034|C:\\Windows\\SYSTEM32\\ntdll.dll+52651","SourceUser":"MSSENTINEL\\wardog","TargetUser":"MSSENTINEL\\wardog"},{"EventSourceName":"Microsoft-Windows-Sysmon","Provider":"Microsoft-Windows-Sysmon","ProviderGuid":"{5770385f-c22a-43e0-bf4c-06f5698ffbd9}","Level":"4","Keywords":"0x8000000000000000","Channel":"Microsoft-Windows-Sysmon/Operational","Computer":"WORKSTATION6.mssentinel.local","TimeCreated":"2022-09-22T12:31:14.461Z","TimeGenerated":"2022-09-22T04:31:14.461Z","EventRecordID":"3328071","EventID":10,"Message":"Process accessed:\r\nRuleName: -\r\nUtcTime: 2022-09-22 16:31:14.445\r\nSourceProcessGUID: {03bfca49-b064-632b-0d00-000000000b00}\r\nSourceProcessId: 888\r\nSourceThreadId: 7576\r\nSourceImage: C:\\Windows\\system32\\svchost.exe\r\nTargetProcessGUID: {03bfca49-8dd2-632c-550d-000000000b00}\r\nTargetProcessId: 12372\r\nTargetImage: C:\\Windows\\system32\\notepad.exe\r\nGrantedAccess: 0x1000\r\nCallTrace: C:\\Windows\\SYSTEM32\\ntdll.dll+9d234|C:\\Windows\\System32\\KERNELBASE.dll+2c0ce|C:\\Windows\\SYSTEM32\\resourcepolicyserver.dll+5f19|C:\\Windows\\SYSTEM32\\resourcepolicyserver.dll+8dec|C:\\Windows\\SYSTEM32\\resourcepolicyserver.dll+a7f2|C:\\Windows\\SYSTEM32\\resourcepolicyserver.dll+9d45|C:\\Windows\\SYSTEM32\\resourcepolicyserver.dll+4e9d|C:\\Windows\\System32\\RPCRT4.dll+78e33|C:\\Windows\\System32\\RPCRT4.dll+e11cb|C:\\Windows\\System32\\RPCRT4.dll+5cd6c|C:\\Windows\\System32\\RPCRT4.dll+57838|C:\\Windows\\System32\\RPCRT4.dll+39e06|C:\\Windows\\System32\\RPCRT4.dll+39758|C:\\Windows\\System32\\RPCRT4.dll+47f6f|C:\\Windows\\System32\\RPCRT4.dll+47378|C:\\Windows\\System32\\RPCRT4.dll+46961|C:\\Windows\\System32\\RPCRT4.dll+463ce|C:\\Windows\\System32\\RPCRT4.dll+4a9d2|C:\\Windows\\SYSTEM32\\ntdll.dll+20330|C:\\Windows\\SYSTEM32\\ntdll.dll+52f26|C:\\Windows\\System32\\KERNEL32.DLL+17034|C:\\Windows\\SYSTEM32\\ntdll.dll+52651\r\nSourceUser: NT AUTHORITY\\SYSTEM\r\nTargetUser: MSSENTINEL\\wardog","EventData":"\u003cEventData xmlns=\"http://schemas.microsoft.com/win/2004/08/events/event\"\u003e\u003cData Name=\"RuleName\"\u003e-\u003c/Data\u003e\u003cData Name=\"UtcTime\"\u003e2022-09-22 16:31:14.445\u003c/Data\u003e\u003cData Name=\"SourceProcessGUID\"\u003e{03bfca49-b064-632b-0d00-000000000b00}\u003c/Data\u003e\u003cData Name=\"SourceProcessId\"\u003e888\u003c/Data\u003e\u003cData Name=\"SourceThreadId\"\u003e7576\u003c/Data\u003e\u003cData Name=\"SourceImage\"\u003eC:\\Windows\\system32\\svchost.exe\u003c/Data\u003e\u003cData Name=\"TargetProcessGUID\"\u003e{03bfca49-8dd2-632c-550d-000000000b00}\u003c/Data\u003e\u003cData Name=\"TargetProcessId\"\u003e12372\u003c/Data\u003e\u003cData Name=\"TargetImage\"\u003eC:\\Windows\\system32\\notepad.exe\u003c/Data\u003e\u003cData Name=\"GrantedAccess\"\u003e0x1000\u003c/Data\u003e\u003cData Name=\"CallTrace\"\u003eC:\\Windows\\SYSTEM32\\ntdll.dll+9d234|C:\\Windows\\System32\\KERNELBASE.dll+2c0ce|C:\\Windows\\SYSTEM32\\resourcepolicyserver.dll+5f19|C:\\Windows\\SYSTEM32\\resourcepolicyserver.dll+8dec|C:\\Windows\\SYSTEM32\\resourcepolicyserver.dll+a7f2|C:\\Windows\\SYSTEM32\\resourcepolicyserver.dll+9d45|C:\\Windows\\SYSTEM32\\resourcepolicyserver.dll+4e9d|C:\\Windows\\System32\\RPCRT4.dll+78e33|C:\\Windows\\System32\\RPCRT4.dll+e11cb|C:\\Windows\\System32\\RPCRT4.dll+5cd6c|C:\\Windows\\System32\\RPCRT4.dll+57838|C:\\Windows\\System32\\RPCRT4.dll+39e06|C:\\Windows\\System32\\RPCRT4.dll+39758|C:\\Windows\\System32\\RPCRT4.dll+47f6f|C:\\Windows\\System32\\RPCRT4.dll+47378|C:\\Windows\\System32\\RPCRT4.dll+46961|C:\\Windows\\System32\\RPCRT4.dll+463ce|C:\\Windows\\System32\\RPCRT4.dll+4a9d2|C:\\Windows\\SYSTEM32\\ntdll.dll+20330|C:\\Windows\\SYSTEM32\\ntdll.dll+52f26|C:\\Windows\\System32\\KERNEL32.DLL+17034|C:\\Windows\\SYSTEM32\\ntdll.dll+52651\u003c/Data\u003e\u003cData Name=\"SourceUser\"\u003eNT AUTHORITY\\SYSTEM\u003c/Data\u003e\u003cData Name=\"TargetUser\"\u003eMSSENTINEL\\wardog\u003c/Data\u003e\u003c/EventData\u003e","Task":"10","RuleName":"-","UtcTime":"2022-09-22 16:31:14.445","SourceProcessGUID":"{03bfca49-b064-632b-0d00-000000000b00}","SourceProcessId":"888","SourceThreadId":"7576","SourceImage":"C:\\Windows\\system32\\svchost.exe","TargetProcessGUID":"{03bfca49-8dd2-632c-550d-000000000b00}","TargetProcessId":"12372","TargetImage":"C:\\Windows\\system32\\notepad.exe","GrantedAccess":"0x1000","CallTrace":"C:\\Windows\\SYSTEM32\\ntdll.dll+9d234|C:\\Windows\\System32\\KERNELBASE.dll+2c0ce|C:\\Windows\\SYSTEM32\\resourcepolicyserver.dll+5f19|C:\\Windows\\SYSTEM32\\resourcepolicyserver.dll+8dec|C:\\Windows\\SYSTEM32\\resourcepolicyserver.dll+a7f2|C:\\Windows\\SYSTEM32\\resourcepolicyserver.dll+9d45|C:\\Windows\\SYSTEM32\\resourcepolicyserver.dll+4e9d|C:\\Windows\\System32\\RPCRT4.dll+78e33|C:\\Windows\\System32\\RPCRT4.dll+e11cb|C:\\Windows\\System32\\RPCRT4.dll+5cd6c|C:\\Windows\\System32\\RPCRT4.dll+57838|C:\\Windows\\System32\\RPCRT4.dll+39e06|C:\\Windows\\System32\\RPCRT4.dll+39758|C:\\Windows\\System32\\RPCRT4.dll+47f6f|C:\\Windows\\System32\\RPCRT4.dll+47378|C:\\Windows\\System32\\RPCRT4.dll+46961|C:\\Windows\\System32\\RPCRT4.dll+463ce|C:\\Windows\\System32\\RPCRT4.dll+4a9d2|C:\\Windows\\SYSTEM32\\ntdll.dll+20330|C:\\Windows\\SYSTEM32\\ntdll.dll+52f26|C:\\Windows\\System32\\KERNEL32.DLL+17034|C:\\Windows\\SYSTEM32\\ntdll.dll+52651","SourceUser":"NT AUTHORITY\\SYSTEM","TargetUser":"MSSENTINEL\\wardog"},{"EventSourceName":"Microsoft-Windows-Sysmon","Provider":"Microsoft-Windows-Sysmon","ProviderGuid":"{5770385f-c22a-43e0-bf4c-06f5698ffbd9}","Level":"4","Keywords":"0x8000000000000000","Channel":"Microsoft-Windows-Sysmon/Operational","Computer":"WORKSTATION6.mssentinel.local","TimeCreated":"2022-09-22T12:31:14.469Z","TimeGenerated":"2022-09-22T04:31:14.469Z","EventRecordID":"3328072","EventID":10,"Message":"Process accessed:\r\nRuleName: -\r\nUtcTime: 2022-09-22 16:31:14.461\r\nSourceProcessGUID: {03bfca49-b064-632b-0d00-000000000b00}\r\nSourceProcessId: 888\r\nSourceThreadId: 7576\r\nSourceImage: C:\\Windows\\system32\\svchost.exe\r\nTargetProcessGUID: {03bfca49-8dd2-632c-550d-000000000b00}\r\nTargetProcessId: 12372\r\nTargetImage: C:\\Windows\\system32\\notepad.exe\r\nGrantedAccess: 0x1000\r\nCallTrace: C:\\Windows\\SYSTEM32\\ntdll.dll+9d234|C:\\Windows\\System32\\KERNELBASE.dll+2c0ce|C:\\Windows\\SYSTEM32\\resourcepolicyserver.dll+ad24|C:\\Windows\\SYSTEM32\\resourcepolicyserver.dll+9d56|C:\\Windows\\SYSTEM32\\resourcepolicyserver.dll+4e9d|C:\\Windows\\System32\\RPCRT4.dll+78e33|C:\\Windows\\System32\\RPCRT4.dll+e11cb|C:\\Windows\\System32\\RPCRT4.dll+5cd6c|C:\\Windows\\System32\\RPCRT4.dll+57838|C:\\Windows\\System32\\RPCRT4.dll+39e06|C:\\Windows\\System32\\RPCRT4.dll+39758|C:\\Windows\\System32\\RPCRT4.dll+47f6f|C:\\Windows\\System32\\RPCRT4.dll+47378|C:\\Windows\\System32\\RPCRT4.dll+46961|C:\\Windows\\System32\\RPCRT4.dll+463ce|C:\\Windows\\System32\\RPCRT4.dll+4a9d2|C:\\Windows\\SYSTEM32\\ntdll.dll+20330|C:\\Windows\\SYSTEM32\\ntdll.dll+52f26|C:\\Windows\\System32\\KERNEL32.DLL+17034|C:\\Windows\\SYSTEM32\\ntdll.dll+52651\r\nSourceUser: NT AUTHORITY\\SYSTEM\r\nTargetUser: MSSENTINEL\\wardog","EventData":"\u003cEventData xmlns=\"http://schemas.microsoft.com/win/2004/08/events/event\"\u003e\u003cData Name=\"RuleName\"\u003e-\u003c/Data\u003e\u003cData Name=\"UtcTime\"\u003e2022-09-22 16:31:14.461\u003c/Data\u003e\u003cData Name=\"SourceProcessGUID\"\u003e{03bfca49-b064-632b-0d00-000000000b00}\u003c/Data\u003e\u003cData Name=\"SourceProcessId\"\u003e888\u003c/Data\u003e\u003cData Name=\"SourceThreadId\"\u003e7576\u003c/Data\u003e\u003cData Name=\"SourceImage\"\u003eC:\\Windows\\system32\\svchost.exe\u003c/Data\u003e\u003cData Name=\"TargetProcessGUID\"\u003e{03bfca49-8dd2-632c-550d-000000000b00}\u003c/Data\u003e\u003cData Name=\"TargetProcessId\"\u003e12372\u003c/Data\u003e\u003cData Name=\"TargetImage\"\u003eC:\\Windows\\system32\\notepad.exe\u003c/Data\u003e\u003cData Name=\"GrantedAccess\"\u003e0x1000\u003c/Data\u003e\u003cData Name=\"CallTrace\"\u003eC:\\Windows\\SYSTEM32\\ntdll.dll+9d234|C:\\Windows\\System32\\KERNELBASE.dll+2c0ce|C:\\Windows\\SYSTEM32\\resourcepolicyserver.dll+ad24|C:\\Windows\\SYSTEM32\\resourcepolicyserver.dll+9d56|C:\\Windows\\SYSTEM32\\resourcepolicyserver.dll+4e9d|C:\\Windows\\System32\\RPCRT4.dll+78e33|C:\\Windows\\System32\\RPCRT4.dll+e11cb|C:\\Windows\\System32\\RPCRT4.dll+5cd6c|C:\\Windows\\System32\\RPCRT4.dll+57838|C:\\Windows\\System32\\RPCRT4.dll+39e06|C:\\Windows\\System32\\RPCRT4.dll+39758|C:\\Windows\\System32\\RPCRT4.dll+47f6f|C:\\Windows\\System32\\RPCRT4.dll+47378|C:\\Windows\\System32\\RPCRT4.dll+46961|C:\\Windows\\System32\\RPCRT4.dll+463ce|C:\\Windows\\System32\\RPCRT4.dll+4a9d2|C:\\Windows\\SYSTEM32\\ntdll.dll+20330|C:\\Windows\\SYSTEM32\\ntdll.dll+52f26|C:\\Windows\\System32\\KERNEL32.DLL+17034|C:\\Windows\\SYSTEM32\\ntdll.dll+52651\u003c/Data\u003e\u003cData Name=\"SourceUser\"\u003eNT AUTHORITY\\SYSTEM\u003c/Data\u003e\u003cData Name=\"TargetUser\"\u003eMSSENTINEL\\wardog\u003c/Data\u003e\u003c/EventData\u003e","Task":"10","RuleName":"-","UtcTime":"2022-09-22 16:31:14.461","SourceProcessGUID":"{03bfca49-b064-632b-0d00-000000000b00}","SourceProcessId":"888","SourceThreadId":"7576","SourceImage":"C:\\Windows\\system32\\svchost.exe","TargetProcessGUID":"{03bfca49-8dd2-632c-550d-000000000b00}","TargetProcessId":"12372","TargetImage":"C:\\Windows\\system32\\notepad.exe","GrantedAccess":"0x1000","CallTrace":"C:\\Windows\\SYSTEM32\\ntdll.dll+9d234|C:\\Windows\\System32\\KERNELBASE.dll+2c0ce|C:\\Windows\\SYSTEM32\\resourcepolicyserver.dll+ad24|C:\\Windows\\SYSTEM32\\resourcepolicyserver.dll+9d56|C:\\Windows\\SYSTEM32\\resourcepolicyserver.dll+4e9d|C:\\Windows\\System32\\RPCRT4.dll+78e33|C:\\Windows\\System32\\RPCRT4.dll+e11cb|C:\\Windows\\System32\\RPCRT4.dll+5cd6c|C:\\Windows\\System32\\RPCRT4.dll+57838|C:\\Windows\\System32\\RPCRT4.dll+39e06|C:\\Windows\\System32\\RPCRT4.dll+39758|C:\\Windows\\System32\\RPCRT4.dll+47f6f|C:\\Windows\\System32\\RPCRT4.dll+47378|C:\\Windows\\System32\\RPCRT4.dll+46961|C:\\Windows\\System32\\RPCRT4.dll+463ce|C:\\Windows\\System32\\RPCRT4.dll+4a9d2|C:\\Windows\\SYSTEM32\\ntdll.dll+20330|C:\\Windows\\SYSTEM32\\ntdll.dll+52f26|C:\\Windows\\System32\\KERNEL32.DLL+17034|C:\\Windows\\SYSTEM32\\ntdll.dll+52651","SourceUser":"NT AUTHORITY\\SYSTEM","TargetUser":"MSSENTINEL\\wardog"},{"EventSourceName":"Microsoft-Windows-Sysmon","Provider":"Microsoft-Windows-Sysmon","ProviderGuid":"{5770385f-c22a-43e0-bf4c-06f5698ffbd9}","Level":"4","Keywords":"0x8000000000000000","Channel":"Microsoft-Windows-Sysmon/Operational","Computer":"WORKSTATION6.mssentinel.local","TimeCreated":"2022-09-22T12:31:14.469Z","TimeGenerated":"2022-09-22T04:31:14.469Z","EventRecordID":"3328073","EventID":10,"Message":"Process accessed:\r\nRuleName: -\r\nUtcTime: 2022-09-22 16:31:14.461\r\nSourceProcessGUID: {03bfca49-b064-632b-0d00-000000000b00}\r\nSourceProcessId: 888\r\nSourceThreadId: 11528\r\nSourceImage: C:\\Windows\\system32\\svchost.exe\r\nTargetProcessGUID: {03bfca49-8dd2-632c-550d-000000000b00}\r\nTargetProcessId: 12372\r\nTargetImage: C:\\Windows\\system32\\notepad.exe\r\nGrantedAccess: 0x2000\r\nCallTrace: C:\\Windows\\SYSTEM32\\ntdll.dll+9d234|C:\\Windows\\SYSTEM32\\psmserviceexthost.dll+a629|C:\\Windows\\SYSTEM32\\psmserviceexthost.dll+a423|C:\\Windows\\SYSTEM32\\ntdll.dll+62ce9|C:\\Windows\\SYSTEM32\\ntdll.dll+62971|C:\\Windows\\SYSTEM32\\ntdll.dll+627d0|C:\\Windows\\SYSTEM32\\ntdll.dll+10ebc|C:\\Windows\\SYSTEM32\\ntdll.dll+52f26|C:\\Windows\\System32\\KERNEL32.DLL+17034|C:\\Windows\\SYSTEM32\\ntdll.dll+52651\r\nSourceUser: NT AUTHORITY\\SYSTEM\r\nTargetUser: MSSENTINEL\\wardog","EventData":"\u003cEventData xmlns=\"http://schemas.microsoft.com/win/2004/08/events/event\"\u003e\u003cData Name=\"RuleName\"\u003e-\u003c/Data\u003e\u003cData Name=\"UtcTime\"\u003e2022-09-22 16:31:14.461\u003c/Data\u003e\u003cData Name=\"SourceProcessGUID\"\u003e{03bfca49-b064-632b-0d00-000000000b00}\u003c/Data\u003e\u003cData Name=\"SourceProcessId\"\u003e888\u003c/Data\u003e\u003cData Name=\"SourceThreadId\"\u003e11528\u003c/Data\u003e\u003cData Name=\"SourceImage\"\u003eC:\\Windows\\system32\\svchost.exe\u003c/Data\u003e\u003cData Name=\"TargetProcessGUID\"\u003e{03bfca49-8dd2-632c-550d-000000000b00}\u003c/Data\u003e\u003cData Name=\"TargetProcessId\"\u003e12372\u003c/Data\u003e\u003cData Name=\"TargetImage\"\u003eC:\\Windows\\system32\\notepad.exe\u003c/Data\u003e\u003cData Name=\"GrantedAccess\"\u003e0x2000\u003c/Data\u003e\u003cData Name=\"CallTrace\"\u003eC:\\Windows\\SYSTEM32\\ntdll.dll+9d234|C:\\Windows\\SYSTEM32\\psmserviceexthost.dll+a629|C:\\Windows\\SYSTEM32\\psmserviceexthost.dll+a423|C:\\Windows\\SYSTEM32\\ntdll.dll+62ce9|C:\\Windows\\SYSTEM32\\ntdll.dll+62971|C:\\Windows\\SYSTEM32\\ntdll.dll+627d0|C:\\Windows\\SYSTEM32\\ntdll.dll+10ebc|C:\\Windows\\SYSTEM32\\ntdll.dll+52f26|C:\\Windows\\System32\\KERNEL32.DLL+17034|C:\\Windows\\SYSTEM32\\ntdll.dll+52651\u003c/Data\u003e\u003cData Name=\"SourceUser\"\u003eNT AUTHORITY\\SYSTEM\u003c/Data\u003e\u003cData Name=\"TargetUser\"\u003eMSSENTINEL\\wardog\u003c/Data\u003e\u003c/EventData\u003e","Task":"10","RuleName":"-","UtcTime":"2022-09-22 16:31:14.461","SourceProcessGUID":"{03bfca49-b064-632b-0d00-000000000b00}","SourceProcessId":"888","SourceThreadId":"11528","SourceImage":"C:\\Windows\\system32\\svchost.exe","TargetProcessGUID":"{03bfca49-8dd2-632c-550d-000000000b00}","TargetProcessId":"12372","TargetImage":"C:\\Windows\\system32\\notepad.exe","GrantedAccess":"0x2000","CallTrace":"C:\\Windows\\SYSTEM32\\ntdll.dll+9d234|C:\\Windows\\SYSTEM32\\psmserviceexthost.dll+a629|C:\\Windows\\SYSTEM32\\psmserviceexthost.dll+a423|C:\\Windows\\SYSTEM32\\ntdll.dll+62ce9|C:\\Windows\\SYSTEM32\\ntdll.dll+62971|C:\\Windows\\SYSTEM32\\ntdll.dll+627d0|C:\\Windows\\SYSTEM32\\ntdll.dll+10ebc|C:\\Windows\\SYSTEM32\\ntdll.dll+52f26|C:\\Windows\\System32\\KERNEL32.DLL+17034|C:\\Windows\\SYSTEM32\\ntdll.dll+52651","SourceUser":"NT AUTHORITY\\SYSTEM","TargetUser":"MSSENTINEL\\wardog"},{"EventSourceName":"Microsoft-Windows-Sysmon","Provider":"Microsoft-Windows-Sysmon","ProviderGuid":"{5770385f-c22a-43e0-bf4c-06f5698ffbd9}","Level":"4","Keywords":"0x8000000000000000","Channel":"Microsoft-Windows-Sysmon/Operational","Computer":"WORKSTATION6.mssentinel.local","TimeCreated":"2022-09-22T12:31:14.469Z","TimeGenerated":"2022-09-22T04:31:14.469Z","EventRecordID":"3328074","EventID":10,"Message":"Process accessed:\r\nRuleName: -\r\nUtcTime: 2022-09-22 16:31:14.461\r\nSourceProcessGUID: {03bfca49-7152-632c-7a0b-000000000b00}\r\nSourceProcessId: 8740\r\nSourceThreadId: 10340\r\nSourceImage: C:\\Windows\\Explorer.EXE\r\nTargetProcessGUID: {03bfca49-8dd2-632c-550d-000000000b00}\r\nTargetProcessId: 12372\r\nTargetImage: C:\\Windows\\system32\\notepad.exe\r\nGrantedAccess: 0x1000\r\nCallTrace: C:\\Windows\\SYSTEM32\\ntdll.dll+9d234|C:\\Windows\\System32\\KERNELBASE.dll+2c0ce|C:\\Windows\\system32\\twinui.dll+43b6a|C:\\Windows\\system32\\twinui.dll+43ab7|C:\\Windows\\system32\\twinui.dll+4398e|C:\\Windows\\system32\\twinui.dll+4383c|C:\\Windows\\system32\\twinui.dll+47165|C:\\Windows\\system32\\twinui.dll+3573c|C:\\Windows\\system32\\twinui.dll+386ca|C:\\Windows\\System32\\shcore.dll+3e0b6|C:\\Windows\\System32\\shcore.dll+17295|C:\\Windows\\System32\\shcore.dll+17170|C:\\Windows\\System32\\shcore.dll+15971|C:\\Windows\\System32\\KERNEL32.DLL+17034|C:\\Windows\\SYSTEM32\\ntdll.dll+52651\r\nSourceUser: MSSENTINEL\\wardog\r\nTargetUser: MSSENTINEL\\wardog","EventData":"\u003cEventData xmlns=\"http://schemas.microsoft.com/win/2004/08/events/event\"\u003e\u003cData Name=\"RuleName\"\u003e-\u003c/Data\u003e\u003cData Name=\"UtcTime\"\u003e2022-09-22 16:31:14.461\u003c/Data\u003e\u003cData Name=\"SourceProcessGUID\"\u003e{03bfca49-7152-632c-7a0b-000000000b00}\u003c/Data\u003e\u003cData Name=\"SourceProcessId\"\u003e8740\u003c/Data\u003e\u003cData Name=\"SourceThreadId\"\u003e10340\u003c/Data\u003e\u003cData Name=\"SourceImage\"\u003eC:\\Windows\\Explorer.EXE\u003c/Data\u003e\u003cData Name=\"TargetProcessGUID\"\u003e{03bfca49-8dd2-632c-550d-000000000b00}\u003c/Data\u003e\u003cData Name=\"TargetProcessId\"\u003e12372\u003c/Data\u003e\u003cData Name=\"TargetImage\"\u003eC:\\Windows\\system32\\notepad.exe\u003c/Data\u003e\u003cData Name=\"GrantedAccess\"\u003e0x1000\u003c/Data\u003e\u003cData Name=\"CallTrace\"\u003eC:\\Windows\\SYSTEM32\\ntdll.dll+9d234|C:\\Windows\\System32\\KERNELBASE.dll+2c0ce|C:\\Windows\\system32\\twinui.dll+43b6a|C:\\Windows\\system32\\twinui.dll+43ab7|C:\\Windows\\system32\\twinui.dll+4398e|C:\\Windows\\system32\\twinui.dll+4383c|C:\\Windows\\system32\\twinui.dll+47165|C:\\Windows\\system32\\twinui.dll+3573c|C:\\Windows\\system32\\twinui.dll+386ca|C:\\Windows\\System32\\shcore.dll+3e0b6|C:\\Windows\\System32\\shcore.dll+17295|C:\\Windows\\System32\\shcore.dll+17170|C:\\Windows\\System32\\shcore.dll+15971|C:\\Windows\\System32\\KERNEL32.DLL+17034|C:\\Windows\\SYSTEM32\\ntdll.dll+52651\u003c/Data\u003e\u003cData Name=\"SourceUser\"\u003eMSSENTINEL\\wardog\u003c/Data\u003e\u003cData Name=\"TargetUser\"\u003eMSSENTINEL\\wardog\u003c/Data\u003e\u003c/EventData\u003e","Task":"10","RuleName":"-","UtcTime":"2022-09-22 16:31:14.461","SourceProcessGUID":"{03bfca49-7152-632c-7a0b-000000000b00}","SourceProcessId":"8740","SourceThreadId":"10340","SourceImage":"C:\\Windows\\Explorer.EXE","TargetProcessGUID":"{03bfca49-8dd2-632c-550d-000000000b00}","TargetProcessId":"12372","TargetImage":"C:\\Windows\\system32\\notepad.exe","GrantedAccess":"0x1000","CallTrace":"C:\\Windows\\SYSTEM32\\ntdll.dll+9d234|C:\\Windows\\System32\\KERNELBASE.dll+2c0ce|C:\\Windows\\system32\\twinui.dll+43b6a|C:\\Windows\\system32\\twinui.dll+43ab7|C:\\Windows\\system32\\twinui.dll+4398e|C:\\Windows\\system32\\twinui.dll+4383c|C:\\Windows\\system32\\twinui.dll+47165|C:\\Windows\\system32\\twinui.dll+3573c|C:\\Windows\\system32\\twinui.dll+386ca|C:\\Windows\\System32\\shcore.dll+3e0b6|C:\\Windows\\System32\\shcore.dll+17295|C:\\Windows\\System32\\shcore.dll+17170|C:\\Windows\\System32\\shcore.dll+15971|C:\\Windows\\System32\\KERNEL32.DLL+17034|C:\\Windows\\SYSTEM32\\ntdll.dll+52651","SourceUser":"MSSENTINEL\\wardog","TargetUser":"MSSENTINEL\\wardog"},{"EventSourceName":"Microsoft-Windows-Sysmon","Provider":"Microsoft-Windows-Sysmon","ProviderGuid":"{5770385f-c22a-43e0-bf4c-06f5698ffbd9}","Level":"4","Keywords":"0x8000000000000000","Channel":"Microsoft-Windows-Sysmon/Operational","Computer":"WORKSTATION6.mssentinel.local","TimeCreated":"2022-09-22T12:31:14.470Z","TimeGenerated":"2022-09-22T04:31:14.470Z","EventRecordID":"3328075","EventID":10,"Message":"Process accessed:\r\nRuleName: -\r\nUtcTime: 2022-09-22 16:31:14.461\r\nSourceProcessGUID: {03bfca49-7152-632c-7a0b-000000000b00}\r\nSourceProcessId: 8740\r\nSourceThreadId: 10404\r\nSourceImage: C:\\Windows\\Explorer.EXE\r\nTargetProcessGUID: {03bfca49-8dd2-632c-550d-000000000b00}\r\nTargetProcessId: 12372\r\nTargetImage: C:\\Windows\\system32\\notepad.exe\r\nGrantedAccess: 0x1000\r\nCallTrace: C:\\Windows\\SYSTEM32\\ntdll.dll+9d234|C:\\Windows\\System32\\KERNELBASE.dll+2c0ce|C:\\Windows\\System32\\appresolver.dll+21c0b|C:\\Windows\\System32\\appresolver.dll+21a26|C:\\Windows\\Explorer.EXE+2b30a|C:\\Windows\\Explorer.EXE+2a80b|C:\\Windows\\Explorer.EXE+2b619|C:\\Windows\\Explorer.EXE+7b720|C:\\Windows\\SYSTEM32\\windows.storage.dll+14d2dc|C:\\Windows\\SYSTEM32\\windows.storage.dll+14cf21|C:\\Windows\\SYSTEM32\\windows.storage.dll+1958d4|C:\\Windows\\System32\\shcore.dll+33826|C:\\Windows\\SYSTEM32\\ntdll.dll+6fbc3|C:\\Windows\\SYSTEM32\\ntdll.dll+5315a|C:\\Windows\\System32\\KERNEL32.DLL+17034|C:\\Windows\\SYSTEM32\\ntdll.dll+52651\r\nSourceUser: MSSENTINEL\\wardog\r\nTargetUser: MSSENTINEL\\wardog","EventData":"\u003cEventData xmlns=\"http://schemas.microsoft.com/win/2004/08/events/event\"\u003e\u003cData Name=\"RuleName\"\u003e-\u003c/Data\u003e\u003cData Name=\"UtcTime\"\u003e2022-09-22 16:31:14.461\u003c/Data\u003e\u003cData Name=\"SourceProcessGUID\"\u003e{03bfca49-7152-632c-7a0b-000000000b00}\u003c/Data\u003e\u003cData Name=\"SourceProcessId\"\u003e8740\u003c/Data\u003e\u003cData Name=\"SourceThreadId\"\u003e10404\u003c/Data\u003e\u003cData Name=\"SourceImage\"\u003eC:\\Windows\\Explorer.EXE\u003c/Data\u003e\u003cData Name=\"TargetProcessGUID\"\u003e{03bfca49-8dd2-632c-550d-000000000b00}\u003c/Data\u003e\u003cData Name=\"TargetProcessId\"\u003e12372\u003c/Data\u003e\u003cData Name=\"TargetImage\"\u003eC:\\Windows\\system32\\notepad.exe\u003c/Data\u003e\u003cData Name=\"GrantedAccess\"\u003e0x1000\u003c/Data\u003e\u003cData Name=\"CallTrace\"\u003eC:\\Windows\\SYSTEM32\\ntdll.dll+9d234|C:\\Windows\\System32\\KERNELBASE.dll+2c0ce|C:\\Windows\\System32\\appresolver.dll+21c0b|C:\\Windows\\System32\\appresolver.dll+21a26|C:\\Windows\\Explorer.EXE+2b30a|C:\\Windows\\Explorer.EXE+2a80b|C:\\Windows\\Explorer.EXE+2b619|C:\\Windows\\Explorer.EXE+7b720|C:\\Windows\\SYSTEM32\\windows.storage.dll+14d2dc|C:\\Windows\\SYSTEM32\\windows.storage.dll+14cf21|C:\\Windows\\SYSTEM32\\windows.storage.dll+1958d4|C:\\Windows\\System32\\shcore.dll+33826|C:\\Windows\\SYSTEM32\\ntdll.dll+6fbc3|C:\\Windows\\SYSTEM32\\ntdll.dll+5315a|C:\\Windows\\System32\\KERNEL32.DLL+17034|C:\\Windows\\SYSTEM32\\ntdll.dll+52651\u003c/Data\u003e\u003cData Name=\"SourceUser\"\u003eMSSENTINEL\\wardog\u003c/Data\u003e\u003cData Name=\"TargetUser\"\u003eMSSENTINEL\\wardog\u003c/Data\u003e\u003c/EventData\u003e","Task":"10","RuleName":"-","UtcTime":"2022-09-22 16:31:14.461","SourceProcessGUID":"{03bfca49-7152-632c-7a0b-000000000b00}","SourceProcessId":"8740","SourceThreadId":"10404","SourceImage":"C:\\Windows\\Explorer.EXE","TargetProcessGUID":"{03bfca49-8dd2-632c-550d-000000000b00}","TargetProcessId":"12372","TargetImage":"C:\\Windows\\system32\\notepad.exe","GrantedAccess":"0x1000","CallTrace":"C:\\Windows\\SYSTEM32\\ntdll.dll+9d234|C:\\Windows\\System32\\KERNELBASE.dll+2c0ce|C:\\Windows\\System32\\appresolver.dll+21c0b|C:\\Windows\\System32\\appresolver.dll+21a26|C:\\Windows\\Explorer.EXE+2b30a|C:\\Windows\\Explorer.EXE+2a80b|C:\\Windows\\Explorer.EXE+2b619|C:\\Windows\\Explorer.EXE+7b720|C:\\Windows\\SYSTEM32\\windows.storage.dll+14d2dc|C:\\Windows\\SYSTEM32\\windows.storage.dll+14cf21|C:\\Windows\\SYSTEM32\\windows.storage.dll+1958d4|C:\\Windows\\System32\\shcore.dll+33826|C:\\Windows\\SYSTEM32\\ntdll.dll+6fbc3|C:\\Windows\\SYSTEM32\\ntdll.dll+5315a|C:\\Windows\\System32\\KERNEL32.DLL+17034|C:\\Windows\\SYSTEM32\\ntdll.dll+52651","SourceUser":"MSSENTINEL\\wardog","TargetUser":"MSSENTINEL\\wardog"},{"EventSourceName":"Microsoft-Windows-Sysmon","Provider":"Microsoft-Windows-Sysmon","ProviderGuid":"{5770385f-c22a-43e0-bf4c-06f5698ffbd9}","Level":"4","Keywords":"0x8000000000000000","Channel":"Microsoft-Windows-Sysmon/Operational","Computer":"WORKSTATION6.mssentinel.local","TimeCreated":"2022-09-22T12:31:14.474Z","TimeGenerated":"2022-09-22T04:31:14.474Z","EventRecordID":"3328076","EventID":10,"Message":"Process accessed:\r\nRuleName: -\r\nUtcTime: 2022-09-22 16:31:14.461\r\nSourceProcessGUID: {03bfca49-7152-632c-7a0b-000000000b00}\r\nSourceProcessId: 8740\r\nSourceThreadId: 11220\r\nSourceImage: C:\\Windows\\Explorer.EXE\r\nTargetProcessGUID: {03bfca49-8dd2-632c-550d-000000000b00}\r\nTargetProcessId: 12372\r\nTargetImage: C:\\Windows\\system32\\notepad.exe\r\nGrantedAccess: 0x1000\r\nCallTrace: C:\\Windows\\SYSTEM32\\ntdll.dll+9d234|C:\\Windows\\System32\\KERNELBASE.dll+2c0ce|C:\\Windows\\System32\\appresolver.dll+25016|C:\\Windows\\System32\\appresolver.dll+21b43|C:\\Windows\\System32\\appresolver.dll+21a26|C:\\Windows\\Explorer.EXE+2ab20|C:\\Windows\\Explorer.EXE+2aa34|C:\\Windows\\Explorer.EXE+7b720|C:\\Windows\\SYSTEM32\\windows.storage.dll+14d2dc|C:\\Windows\\SYSTEM32\\windows.storage.dll+14cf21|C:\\Windows\\SYSTEM32\\windows.storage.dll+1958d4|C:\\Windows\\System32\\shcore.dll+33826|C:\\Windows\\SYSTEM32\\ntdll.dll+6fbc3|C:\\Windows\\SYSTEM32\\ntdll.dll+5315a|C:\\Windows\\System32\\KERNEL32.DLL+17034|C:\\Windows\\SYSTEM32\\ntdll.dll+52651\r\nSourceUser: MSSENTINEL\\wardog\r\nTargetUser: MSSENTINEL\\wardog","EventData":"\u003cEventData xmlns=\"http://schemas.microsoft.com/win/2004/08/events/event\"\u003e\u003cData Name=\"RuleName\"\u003e-\u003c/Data\u003e\u003cData Name=\"UtcTime\"\u003e2022-09-22 16:31:14.461\u003c/Data\u003e\u003cData Name=\"SourceProcessGUID\"\u003e{03bfca49-7152-632c-7a0b-000000000b00}\u003c/Data\u003e\u003cData Name=\"SourceProcessId\"\u003e8740\u003c/Data\u003e\u003cData Name=\"SourceThreadId\"\u003e11220\u003c/Data\u003e\u003cData Name=\"SourceImage\"\u003eC:\\Windows\\Explorer.EXE\u003c/Data\u003e\u003cData Name=\"TargetProcessGUID\"\u003e{03bfca49-8dd2-632c-550d-000000000b00}\u003c/Data\u003e\u003cData Name=\"TargetProcessId\"\u003e12372\u003c/Data\u003e\u003cData Name=\"TargetImage\"\u003eC:\\Windows\\system32\\notepad.exe\u003c/Data\u003e\u003cData Name=\"GrantedAccess\"\u003e0x1000\u003c/Data\u003e\u003cData Name=\"CallTrace\"\u003eC:\\Windows\\SYSTEM32\\ntdll.dll+9d234|C:\\Windows\\System32\\KERNELBASE.dll+2c0ce|C:\\Windows\\System32\\appresolver.dll+25016|C:\\Windows\\System32\\appresolver.dll+21b43|C:\\Windows\\System32\\appresolver.dll+21a26|C:\\Windows\\Explorer.EXE+2ab20|C:\\Windows\\Explorer.EXE+2aa34|C:\\Windows\\Explorer.EXE+7b720|C:\\Windows\\SYSTEM32\\windows.storage.dll+14d2dc|C:\\Windows\\SYSTEM32\\windows.storage.dll+14cf21|C:\\Windows\\SYSTEM32\\windows.storage.dll+1958d4|C:\\Windows\\System32\\shcore.dll+33826|C:\\Windows\\SYSTEM32\\ntdll.dll+6fbc3|C:\\Windows\\SYSTEM32\\ntdll.dll+5315a|C:\\Windows\\System32\\KERNEL32.DLL+17034|C:\\Windows\\SYSTEM32\\ntdll.dll+52651\u003c/Data\u003e\u003cData Name=\"SourceUser\"\u003eMSSENTINEL\\wardog\u003c/Data\u003e\u003cData Name=\"TargetUser\"\u003eMSSENTINEL\\wardog\u003c/Data\u003e\u003c/EventData\u003e","Task":"10","RuleName":"-","UtcTime":"2022-09-22 16:31:14.461","SourceProcessGUID":"{03bfca49-7152-632c-7a0b-000000000b00}","SourceProcessId":"8740","SourceThreadId":"11220","SourceImage":"C:\\Windows\\Explorer.EXE","TargetProcessGUID":"{03bfca49-8dd2-632c-550d-000000000b00}","TargetProcessId":"12372","TargetImage":"C:\\Windows\\system32\\notepad.exe","GrantedAccess":"0x1000","CallTrace":"C:\\Windows\\SYSTEM32\\ntdll.dll+9d234|C:\\Windows\\System32\\KERNELBASE.dll+2c0ce|C:\\Windows\\System32\\appresolver.dll+25016|C:\\Windows\\System32\\appresolver.dll+21b43|C:\\Windows\\System32\\appresolver.dll+21a26|C:\\Windows\\Explorer.EXE+2ab20|C:\\Windows\\Explorer.EXE+2aa34|C:\\Windows\\Explorer.EXE+7b720|C:\\Windows\\SYSTEM32\\windows.storage.dll+14d2dc|C:\\Windows\\SYSTEM32\\windows.storage.dll+14cf21|C:\\Windows\\SYSTEM32\\windows.storage.dll+1958d4|C:\\Windows\\System32\\shcore.dll+33826|C:\\Windows\\SYSTEM32\\ntdll.dll+6fbc3|C:\\Windows\\SYSTEM32\\ntdll.dll+5315a|C:\\Windows\\System32\\KERNEL32.DLL+17034|C:\\Windows\\SYSTEM32\\ntdll.dll+52651","SourceUser":"MSSENTINEL\\wardog","TargetUser":"MSSENTINEL\\wardog"},