{"EventSourceName":"Microsoft-Windows-Security-Auditing","Provider":"Microsoft-Windows-Security-Auditing","ProviderGuid":"{54849625-5478-4994-a5ba-3e3b0328c30d}","Level":"0","Keywords":"0x8020000000000000","Channel":"Security","Computer":"WORKSTATION6.mssentinel.local","TimeCreated":"2022-09-22T12:31:24.599Z","TimeGenerated":"2022-09-22T04:31:24.599Z","EventRecordID":"1350082","EventID":4690,"Message":"An attempt was made to duplicate a handle to an object.\r\n\r\nSubject:\r\n\tSecurity ID:\t\tS-1-5-21-1569727641-2518674866-3296776394-500\r\n\tAccount Name:\t\twardog\r\n\tAccount Domain:\t\tMSSENTINEL\r\n\tLogon ID:\t\t0x1EF7E8E\r\n\r\nSource Handle Information:\r\n\tSource Handle ID:\t0x770\r\n\tSource Process ID:\t0x3054\r\n\r\nNew Handle Information:\r\n\tTarget Handle ID:\t0x4b8c\r\n\tTarget Process ID:\t0x4","EventData":"\u003cEventData xmlns=\"http://schemas.microsoft.com/win/2004/08/events/event\"\u003e\u003cData Name=\"SubjectUserSid\"\u003eS-1-5-21-1569727641-2518674866-3296776394-500\u003c/Data\u003e\u003cData Name=\"SubjectUserName\"\u003ewardog\u003c/Data\u003e\u003cData Name=\"SubjectDomainName\"\u003eMSSENTINEL\u003c/Data\u003e\u003cData Name=\"SubjectLogonId\"\u003e0x1ef7e8e\u003c/Data\u003e\u003cData Name=\"SourceHandleId\"\u003e0x770\u003c/Data\u003e\u003cData Name=\"SourceProcessId\"\u003e0x3054\u003c/Data\u003e\u003cData Name=\"TargetHandleId\"\u003e0x4b8c\u003c/Data\u003e\u003cData Name=\"TargetProcessId\"\u003e0x4\u003c/Data\u003e\u003c/EventData\u003e","Task":"12807","SubjectUserSid":"S-1-5-21-1569727641-2518674866-3296776394-500","SubjectUserName":"wardog","SubjectDomainName":"MSSENTINEL","SubjectLogonId":"0x1ef7e8e","SourceHandleId":"0x770","SourceProcessId":"0x3054","TargetHandleId":"0x4b8c","TargetProcessId":"0x4"},{"EventSourceName":"Microsoft-Windows-Security-Auditing","Provider":"Microsoft-Windows-Security-Auditing","ProviderGuid":"{54849625-5478-4994-a5ba-3e3b0328c30d}","Level":"0","Keywords":"0x8020000000000000","Channel":"Security","Computer":"WORKSTATION6.mssentinel.local","TimeCreated":"2022-09-22T12:31:24.599Z","TimeGenerated":"2022-09-22T04:31:24.599Z","EventRecordID":"1350083","EventID":4658,"Message":"The handle to an object was closed.\r\n\r\nSubject :\r\n\tSecurity ID:\t\tS-1-5-21-1569727641-2518674866-3296776394-500\r\n\tAccount Name:\t\twardog\r\n\tAccount Domain:\t\tMSSENTINEL\r\n\tLogon ID:\t\t0x1EF7E8E\r\n\r\nObject:\r\n\tObject Server:\t\tSecurity\r\n\tHandle ID:\t\t0x4b8c\r\n\r\nProcess Information:\r\n\tProcess ID:\t\t0x3054\r\n\tProcess Name:\t\tC:\\Windows\\System32\\notepad.exe","EventData":"\u003cEventData xmlns=\"http://schemas.microsoft.com/win/2004/08/events/event\"\u003e\u003cData Name=\"SubjectUserSid\"\u003eS-1-5-21-1569727641-2518674866-3296776394-500\u003c/Data\u003e\u003cData Name=\"SubjectUserName\"\u003ewardog\u003c/Data\u003e\u003cData Name=\"SubjectDomainName\"\u003eMSSENTINEL\u003c/Data\u003e\u003cData Name=\"SubjectLogonId\"\u003e0x1ef7e8e\u003c/Data\u003e\u003cData Name=\"ObjectServer\"\u003eSecurity\u003c/Data\u003e\u003cData Name=\"HandleId\"\u003e0x4b8c\u003c/Data\u003e\u003cData Name=\"ProcessId\"\u003e0x3054\u003c/Data\u003e\u003cData Name=\"ProcessName\"\u003eC:\\Windows\\System32\\notepad.exe\u003c/Data\u003e\u003c/EventData\u003e","Task":"12801","SubjectUserSid":"S-1-5-21-1569727641-2518674866-3296776394-500","SubjectUserName":"wardog","SubjectDomainName":"MSSENTINEL","SubjectLogonId":"0x1ef7e8e","ObjectServer":"Security","HandleId":"0x4b8c","ProcessId":"0x3054","ProcessName":"C:\\Windows\\System32\\notepad.exe"},{"EventSourceName":"Microsoft-Windows-Security-Auditing","Provider":"Microsoft-Windows-Security-Auditing","ProviderGuid":"{54849625-5478-4994-a5ba-3e3b0328c30d}","Level":"0","Keywords":"0x8020000000000000","Channel":"Security","Computer":"WORKSTATION6.mssentinel.local","TimeCreated":"2022-09-22T12:31:24.599Z","TimeGenerated":"2022-09-22T04:31:24.599Z","EventRecordID":"1350084","EventID":4656,"Message":"A handle to an object was requested.\r\n\r\nSubject:\r\n\tSecurity ID:\t\tS-1-5-21-1569727641-2518674866-3296776394-500\r\n\tAccount Name:\t\twardog\r\n\tAccount Domain:\t\tMSSENTINEL\r\n\tLogon ID:\t\t0x1EF7E8E\r\n\r\nObject:\r\n\tObject Server:\t\tSecurity\r\n\tObject Type:\t\tKey\r\n\tObject Name:\t\t\\REGISTRY\\MACHINE\\SOFTWARE\\Microsoft\\Windows NT\\CurrentVersion\\Winlogon\r\n\tHandle ID:\t\t0x770\r\n\tResource Attributes:\t-\r\n\r\nProcess Information:\r\n\tProcess ID:\t\t0x3054\r\n\tProcess Name:\t\tC:\\Windows\\System32\\notepad.exe\r\n\r\nAccess Request Information:\r\n\tTransaction ID:\t\t{00000000-0000-0000-0000-000000000000}\r\n\tAccesses:\t\tREAD_CONTROL\r\n\t\t\t\tQuery key value\r\n\t\t\t\tEnumerate sub-keys\r\n\t\t\t\tNotify about changes to keys\r\n\t\t\t\t\r\n\tAccess Reasons:\t\t-\r\n\tAccess Mask:\t\t0x20019\r\n\tPrivileges Used for Access Check:\t-\r\n\tRestricted SID Count:\t0","EventData":"\u003cEventData xmlns=\"http://schemas.microsoft.com/win/2004/08/events/event\"\u003e\u003cData Name=\"SubjectUserSid\"\u003eS-1-5-21-1569727641-2518674866-3296776394-500\u003c/Data\u003e\u003cData Name=\"SubjectUserName\"\u003ewardog\u003c/Data\u003e\u003cData Name=\"SubjectDomainName\"\u003eMSSENTINEL\u003c/Data\u003e\u003cData Name=\"SubjectLogonId\"\u003e0x1ef7e8e\u003c/Data\u003e\u003cData Name=\"ObjectServer\"\u003eSecurity\u003c/Data\u003e\u003cData Name=\"ObjectType\"\u003eKey\u003c/Data\u003e\u003cData Name=\"ObjectName\"\u003e\\REGISTRY\\MACHINE\\SOFTWARE\\Microsoft\\Windows NT\\CurrentVersion\\Winlogon\u003c/Data\u003e\u003cData Name=\"HandleId\"\u003e0x770\u003c/Data\u003e\u003cData Name=\"TransactionId\"\u003e{00000000-0000-0000-0000-000000000000}\u003c/Data\u003e\u003cData Name=\"AccessList\"\u003e%%1538\n\t\t\t\t%%4432\n\t\t\t\t%%4435\n\t\t\t\t%%4436\n\t\t\t\t\u003c/Data\u003e\u003cData Name=\"AccessReason\"\u003e-\u003c/Data\u003e\u003cData Name=\"AccessMask\"\u003e0x20019\u003c/Data\u003e\u003cData Name=\"PrivilegeList\"\u003e-\u003c/Data\u003e\u003cData Name=\"RestrictedSidCount\"\u003e0\u003c/Data\u003e\u003cData Name=\"ProcessId\"\u003e0x3054\u003c/Data\u003e\u003cData Name=\"ProcessName\"\u003eC:\\Windows\\System32\\notepad.exe\u003c/Data\u003e\u003cData Name=\"ResourceAttributes\"\u003e-\u003c/Data\u003e\u003c/EventData\u003e","Task":"12801","SubjectUserSid":"S-1-5-21-1569727641-2518674866-3296776394-500","SubjectUserName":"wardog","SubjectDomainName":"MSSENTINEL","SubjectLogonId":"0x1ef7e8e","ObjectServer":"Security","ObjectType":"Key","ObjectName":"\\REGISTRY\\MACHINE\\SOFTWARE\\Microsoft\\Windows NT\\CurrentVersion\\Winlogon","HandleId":"0x770","TransactionId":"{00000000-0000-0000-0000-000000000000}","AccessList":"%%1538\n\t\t\t\t%%4432\n\t\t\t\t%%4435\n\t\t\t\t%%4436\n\t\t\t\t","AccessReason":"-","AccessMask":"0x20019","PrivilegeList":"-","RestrictedSidCount":"0","ProcessId":"0x3054","ProcessName":"C:\\Windows\\System32\\notepad.exe","ResourceAttributes":"-"},{"EventSourceName":"Microsoft-Windows-Security-Auditing","Provider":"Microsoft-Windows-Security-Auditing","ProviderGuid":"{54849625-5478-4994-a5ba-3e3b0328c30d}","Level":"0","Keywords":"0x8020000000000000","Channel":"Security","Computer":"WORKSTATION6.mssentinel.local","TimeCreated":"2022-09-22T12:31:24.599Z","TimeGenerated":"2022-09-22T04:31:24.599Z","EventRecordID":"1350085","EventID":4663,"Message":"An attempt was made to access an object.\r\n\r\nSubject:\r\n\tSecurity ID:\t\tS-1-5-21-1569727641-2518674866-3296776394-500\r\n\tAccount Name:\t\twardog\r\n\tAccount Domain:\t\tMSSENTINEL\r\n\tLogon ID:\t\t0x1EF7E8E\r\n\r\nObject:\r\n\tObject Server:\t\tSecurity\r\n\tObject Type:\t\tKey\r\n\tObject Name:\t\t\\REGISTRY\\MACHINE\\SOFTWARE\\Microsoft\\Windows NT\\CurrentVersion\\Winlogon\r\n\tHandle ID:\t\t0x770\r\n\tResource Attributes:\t-\r\n\r\nProcess Information:\r\n\tProcess ID:\t\t0x3054\r\n\tProcess Name:\t\tC:\\Windows\\System32\\notepad.exe\r\n\r\nAccess Request Information:\r\n\tAccesses:\t\tQuery key value\r\n\t\t\t\t\r\n\tAccess Mask:\t\t0x1","EventData":"\u003cEventData xmlns=\"http://schemas.microsoft.com/win/2004/08/events/event\"\u003e\u003cData Name=\"SubjectUserSid\"\u003eS-1-5-21-1569727641-2518674866-3296776394-500\u003c/Data\u003e\u003cData Name=\"SubjectUserName\"\u003ewardog\u003c/Data\u003e\u003cData Name=\"SubjectDomainName\"\u003eMSSENTINEL\u003c/Data\u003e\u003cData Name=\"SubjectLogonId\"\u003e0x1ef7e8e\u003c/Data\u003e\u003cData Name=\"ObjectServer\"\u003eSecurity\u003c/Data\u003e\u003cData Name=\"ObjectType\"\u003eKey\u003c/Data\u003e\u003cData Name=\"ObjectName\"\u003e\\REGISTRY\\MACHINE\\SOFTWARE\\Microsoft\\Windows NT\\CurrentVersion\\Winlogon\u003c/Data\u003e\u003cData Name=\"HandleId\"\u003e0x770\u003c/Data\u003e\u003cData Name=\"AccessList\"\u003e%%4432\n\t\t\t\t\u003c/Data\u003e\u003cData Name=\"AccessMask\"\u003e0x1\u003c/Data\u003e\u003cData Name=\"ProcessId\"\u003e0x3054\u003c/Data\u003e\u003cData Name=\"ProcessName\"\u003eC:\\Windows\\System32\\notepad.exe\u003c/Data\u003e\u003cData Name=\"ResourceAttributes\"\u003e-\u003c/Data\u003e\u003c/EventData\u003e","Task":"12801","SubjectUserSid":"S-1-5-21-1569727641-2518674866-3296776394-500","SubjectUserName":"wardog","SubjectDomainName":"MSSENTINEL","SubjectLogonId":"0x1ef7e8e","ObjectServer":"Security","ObjectType":"Key","ObjectName":"\\REGISTRY\\MACHINE\\SOFTWARE\\Microsoft\\Windows NT\\CurrentVersion\\Winlogon","HandleId":"0x770","AccessList":"%%4432\n\t\t\t\t","AccessMask":"0x1","ProcessId":"0x3054","ProcessName":"C:\\Windows\\System32\\notepad.exe","ResourceAttributes":"-"},{"EventSourceName":"Microsoft-Windows-Security-Auditing","Provider":"Microsoft-Windows-Security-Auditing","ProviderGuid":"{54849625-5478-4994-a5ba-3e3b0328c30d}","Level":"0","Keywords":"0x8020000000000000","Channel":"Security","Computer":"WORKSTATION6.mssentinel.local","TimeCreated":"2022-09-22T12:31:24.599Z","TimeGenerated":"2022-09-22T04:31:24.599Z","EventRecordID":"1350086","EventID":4658,"Message":"The handle to an object was closed.\r\n\r\nSubject :\r\n\tSecurity ID:\t\tS-1-5-21-1569727641-2518674866-3296776394-500\r\n\tAccount Name:\t\twardog\r\n\tAccount Domain:\t\tMSSENTINEL\r\n\tLogon ID:\t\t0x1EF7E8E\r\n\r\nObject:\r\n\tObject Server:\t\tSecurity\r\n\tHandle ID:\t\t0x770\r\n\r\nProcess Information:\r\n\tProcess ID:\t\t0x3054\r\n\tProcess Name:\t\tC:\\Windows\\System32\\notepad.exe","EventData":"\u003cEventData xmlns=\"http://schemas.microsoft.com/win/2004/08/events/event\"\u003e\u003cData Name=\"SubjectUserSid\"\u003eS-1-5-21-1569727641-2518674866-3296776394-500\u003c/Data\u003e\u003cData Name=\"SubjectUserName\"\u003ewardog\u003c/Data\u003e\u003cData Name=\"SubjectDomainName\"\u003eMSSENTINEL\u003c/Data\u003e\u003cData Name=\"SubjectLogonId\"\u003e0x1ef7e8e\u003c/Data\u003e\u003cData Name=\"ObjectServer\"\u003eSecurity\u003c/Data\u003e\u003cData Name=\"HandleId\"\u003e0x770\u003c/Data\u003e\u003cData Name=\"ProcessId\"\u003e0x3054\u003c/Data\u003e\u003cData Name=\"ProcessName\"\u003eC:\\Windows\\System32\\notepad.exe\u003c/Data\u003e\u003c/EventData\u003e","Task":"12801","SubjectUserSid":"S-1-5-21-1569727641-2518674866-3296776394-500","SubjectUserName":"wardog","SubjectDomainName":"MSSENTINEL","SubjectLogonId":"0x1ef7e8e","ObjectServer":"Security","HandleId":"0x770","ProcessId":"0x3054","ProcessName":"C:\\Windows\\System32\\notepad.exe"},{"EventSourceName":"Microsoft-Windows-Security-Auditing","Provider":"Microsoft-Windows-Security-Auditing","ProviderGuid":"{54849625-5478-4994-a5ba-3e3b0328c30d}","Level":"0","Keywords":"0x8020000000000000","Channel":"Security","Computer":"WORKSTATION6.mssentinel.local","TimeCreated":"2022-09-22T12:31:24.600Z","TimeGenerated":"2022-09-22T04:31:24.600Z","EventRecordID":"1350087","EventID":4690,"Message":"An attempt was made to duplicate a handle to an object.\r\n\r\nSubject:\r\n\tSecurity ID:\t\tS-1-5-21-1569727641-2518674866-3296776394-500\r\n\tAccount Name:\t\twardog\r\n\tAccount Domain:\t\tMSSENTINEL\r\n\tLogon ID:\t\t0x1EF7E8E\r\n\r\nSource Handle Information:\r\n\tSource Handle ID:\t0x768\r\n\tSource Process ID:\t0x3054\r\n\r\nNew Handle Information:\r\n\tTarget Handle ID:\t0x4b8c\r\n\tTarget Process ID:\t0x4","EventData":"\u003cEventData xmlns=\"http://schemas.microsoft.com/win/2004/08/events/event\"\u003e\u003cData Name=\"SubjectUserSid\"\u003eS-1-5-21-1569727641-2518674866-3296776394-500\u003c/Data\u003e\u003cData Name=\"SubjectUserName\"\u003ewardog\u003c/Data\u003e\u003cData Name=\"SubjectDomainName\"\u003eMSSENTINEL\u003c/Data\u003e\u003cData Name=\"SubjectLogonId\"\u003e0x1ef7e8e\u003c/Data\u003e\u003cData Name=\"SourceHandleId\"\u003e0x768\u003c/Data\u003e\u003cData Name=\"SourceProcessId\"\u003e0x3054\u003c/Data\u003e\u003cData Name=\"TargetHandleId\"\u003e0x4b8c\u003c/Data\u003e\u003cData Name=\"TargetProcessId\"\u003e0x4\u003c/Data\u003e\u003c/EventData\u003e","Task":"12807","SubjectUserSid":"S-1-5-21-1569727641-2518674866-3296776394-500","SubjectUserName":"wardog","SubjectDomainName":"MSSENTINEL","SubjectLogonId":"0x1ef7e8e","SourceHandleId":"0x768","SourceProcessId":"0x3054","TargetHandleId":"0x4b8c","TargetProcessId":"0x4"},{"EventSourceName":"Microsoft-Windows-Security-Auditing","Provider":"Microsoft-Windows-Security-Auditing","ProviderGuid":"{54849625-5478-4994-a5ba-3e3b0328c30d}","Level":"0","Keywords":"0x8020000000000000","Channel":"Security","Computer":"WORKSTATION6.mssentinel.local","TimeCreated":"2022-09-22T12:31:24.600Z","TimeGenerated":"2022-09-22T04:31:24.600Z","EventRecordID":"1350088","EventID":4658,"Message":"The handle to an object was closed.\r\n\r\nSubject :\r\n\tSecurity ID:\t\tS-1-5-21-1569727641-2518674866-3296776394-500\r\n\tAccount Name:\t\twardog\r\n\tAccount Domain:\t\tMSSENTINEL\r\n\tLogon ID:\t\t0x1EF7E8E\r\n\r\nObject:\r\n\tObject Server:\t\tSecurity\r\n\tHandle ID:\t\t0x4b8c\r\n\r\nProcess Information:\r\n\tProcess ID:\t\t0x3054\r\n\tProcess Name:\t\tC:\\Windows\\System32\\notepad.exe","EventData":"\u003cEventData xmlns=\"http://schemas.microsoft.com/win/2004/08/events/event\"\u003e\u003cData Name=\"SubjectUserSid\"\u003eS-1-5-21-1569727641-2518674866-3296776394-500\u003c/Data\u003e\u003cData Name=\"SubjectUserName\"\u003ewardog\u003c/Data\u003e\u003cData Name=\"SubjectDomainName\"\u003eMSSENTINEL\u003c/Data\u003e\u003cData Name=\"SubjectLogonId\"\u003e0x1ef7e8e\u003c/Data\u003e\u003cData Name=\"ObjectServer\"\u003eSecurity\u003c/Data\u003e\u003cData Name=\"HandleId\"\u003e0x4b8c\u003c/Data\u003e\u003cData Name=\"ProcessId\"\u003e0x3054\u003c/Data\u003e\u003cData Name=\"ProcessName\"\u003eC:\\Windows\\System32\\notepad.exe\u003c/Data\u003e\u003c/EventData\u003e","Task":"12801","SubjectUserSid":"S-1-5-21-1569727641-2518674866-3296776394-500","SubjectUserName":"wardog","SubjectDomainName":"MSSENTINEL","SubjectLogonId":"0x1ef7e8e","ObjectServer":"Security","HandleId":"0x4b8c","ProcessId":"0x3054","ProcessName":"C:\\Windows\\System32\\notepad.exe"},{"EventSourceName":"Microsoft-Windows-Security-Auditing","Provider":"Microsoft-Windows-Security-Auditing","ProviderGuid":"{54849625-5478-4994-a5ba-3e3b0328c30d}","Level":"0","Keywords":"0x8020000000000000","Channel":"Security","Computer":"WORKSTATION6.mssentinel.local","TimeCreated":"2022-09-22T12:31:24.600Z","TimeGenerated":"2022-09-22T04:31:24.600Z","EventRecordID":"1350089","EventID":4656,"Message":"A handle to an object was requested.\r\n\r\nSubject:\r\n\tSecurity ID:\t\tS-1-5-21-1569727641-2518674866-3296776394-500\r\n\tAccount Name:\t\twardog\r\n\tAccount Domain:\t\tMSSENTINEL\r\n\tLogon ID:\t\t0x1EF7E8E\r\n\r\nObject:\r\n\tObject Server:\t\tSecurity\r\n\tObject Type:\t\tKey\r\n\tObject Name:\t\t\\REGISTRY\\MACHINE\\SOFTWARE\\Microsoft\\Windows NT\\CurrentVersion\\Winlogon\r\n\tHandle ID:\t\t0x768\r\n\tResource Attributes:\t-\r\n\r\nProcess Information:\r\n\tProcess ID:\t\t0x3054\r\n\tProcess Name:\t\tC:\\Windows\\System32\\notepad.exe\r\n\r\nAccess Request Information:\r\n\tTransaction ID:\t\t{00000000-0000-0000-0000-000000000000}\r\n\tAccesses:\t\tREAD_CONTROL\r\n\t\t\t\tQuery key value\r\n\t\t\t\tEnumerate sub-keys\r\n\t\t\t\tNotify about changes to keys\r\n\t\t\t\t\r\n\tAccess Reasons:\t\t-\r\n\tAccess Mask:\t\t0x20019\r\n\tPrivileges Used for Access Check:\t-\r\n\tRestricted SID Count:\t0","EventData":"\u003cEventData xmlns=\"http://schemas.microsoft.com/win/2004/08/events/event\"\u003e\u003cData Name=\"SubjectUserSid\"\u003eS-1-5-21-1569727641-2518674866-3296776394-500\u003c/Data\u003e\u003cData Name=\"SubjectUserName\"\u003ewardog\u003c/Data\u003e\u003cData Name=\"SubjectDomainName\"\u003eMSSENTINEL\u003c/Data\u003e\u003cData Name=\"SubjectLogonId\"\u003e0x1ef7e8e\u003c/Data\u003e\u003cData Name=\"ObjectServer\"\u003eSecurity\u003c/Data\u003e\u003cData Name=\"ObjectType\"\u003eKey\u003c/Data\u003e\u003cData Name=\"ObjectName\"\u003e\\REGISTRY\\MACHINE\\SOFTWARE\\Microsoft\\Windows NT\\CurrentVersion\\Winlogon\u003c/Data\u003e\u003cData Name=\"HandleId\"\u003e0x768\u003c/Data\u003e\u003cData Name=\"TransactionId\"\u003e{00000000-0000-0000-0000-000000000000}\u003c/Data\u003e\u003cData Name=\"AccessList\"\u003e%%1538\n\t\t\t\t%%4432\n\t\t\t\t%%4435\n\t\t\t\t%%4436\n\t\t\t\t\u003c/Data\u003e\u003cData Name=\"AccessReason\"\u003e-\u003c/Data\u003e\u003cData Name=\"AccessMask\"\u003e0x20019\u003c/Data\u003e\u003cData Name=\"PrivilegeList\"\u003e-\u003c/Data\u003e\u003cData Name=\"RestrictedSidCount\"\u003e0\u003c/Data\u003e\u003cData Name=\"ProcessId\"\u003e0x3054\u003c/Data\u003e\u003cData Name=\"ProcessName\"\u003eC:\\Windows\\System32\\notepad.exe\u003c/Data\u003e\u003cData Name=\"ResourceAttributes\"\u003e-\u003c/Data\u003e\u003c/EventData\u003e","Task":"12801","SubjectUserSid":"S-1-5-21-1569727641-2518674866-3296776394-500","SubjectUserName":"wardog","SubjectDomainName":"MSSENTINEL","SubjectLogonId":"0x1ef7e8e","ObjectServer":"Security","ObjectType":"Key","ObjectName":"\\REGISTRY\\MACHINE\\SOFTWARE\\Microsoft\\Windows NT\\CurrentVersion\\Winlogon","HandleId":"0x768","TransactionId":"{00000000-0000-0000-0000-000000000000}","AccessList":"%%1538\n\t\t\t\t%%4432\n\t\t\t\t%%4435\n\t\t\t\t%%4436\n\t\t\t\t","AccessReason":"-","AccessMask":"0x20019","PrivilegeList":"-","RestrictedSidCount":"0","ProcessId":"0x3054","ProcessName":"C:\\Windows\\System32\\notepad.exe","ResourceAttributes":"-"},{"EventSourceName":"Microsoft-Windows-Security-Auditing","Provider":"Microsoft-Windows-Security-Auditing","ProviderGuid":"{54849625-5478-4994-a5ba-3e3b0328c30d}","Level":"0","Keywords":"0x8020000000000000","Channel":"Security","Computer":"WORKSTATION6.mssentinel.local","TimeCreated":"2022-09-22T12:31:24.600Z","TimeGenerated":"2022-09-22T04:31:24.600Z","EventRecordID":"1350090","EventID":4663,"Message":"An attempt was made to access an object.\r\n\r\nSubject:\r\n\tSecurity ID:\t\tS-1-5-21-1569727641-2518674866-3296776394-500\r\n\tAccount Name:\t\twardog\r\n\tAccount Domain:\t\tMSSENTINEL\r\n\tLogon ID:\t\t0x1EF7E8E\r\n\r\nObject:\r\n\tObject Server:\t\tSecurity\r\n\tObject Type:\t\tKey\r\n\tObject Name:\t\t\\REGISTRY\\MACHINE\\SOFTWARE\\Microsoft\\Windows NT\\CurrentVersion\\Winlogon\r\n\tHandle ID:\t\t0x768\r\n\tResource Attributes:\t-\r\n\r\nProcess Information:\r\n\tProcess ID:\t\t0x3054\r\n\tProcess Name:\t\tC:\\Windows\\System32\\notepad.exe\r\n\r\nAccess Request Information:\r\n\tAccesses:\t\tQuery key value\r\n\t\t\t\t\r\n\tAccess Mask:\t\t0x1","EventData":"\u003cEventData xmlns=\"http://schemas.microsoft.com/win/2004/08/events/event\"\u003e\u003cData Name=\"SubjectUserSid\"\u003eS-1-5-21-1569727641-2518674866-3296776394-500\u003c/Data\u003e\u003cData Name=\"SubjectUserName\"\u003ewardog\u003c/Data\u003e\u003cData Name=\"SubjectDomainName\"\u003eMSSENTINEL\u003c/Data\u003e\u003cData Name=\"SubjectLogonId\"\u003e0x1ef7e8e\u003c/Data\u003e\u003cData Name=\"ObjectServer\"\u003eSecurity\u003c/Data\u003e\u003cData Name=\"ObjectType\"\u003eKey\u003c/Data\u003e\u003cData Name=\"ObjectName\"\u003e\\REGISTRY\\MACHINE\\SOFTWARE\\Microsoft\\Windows NT\\CurrentVersion\\Winlogon\u003c/Data\u003e\u003cData Name=\"HandleId\"\u003e0x768\u003c/Data\u003e\u003cData Name=\"AccessList\"\u003e%%4432\n\t\t\t\t\u003c/Data\u003e\u003cData Name=\"AccessMask\"\u003e0x1\u003c/Data\u003e\u003cData Name=\"ProcessId\"\u003e0x3054\u003c/Data\u003e\u003cData Name=\"ProcessName\"\u003eC:\\Windows\\System32\\notepad.exe\u003c/Data\u003e\u003cData Name=\"ResourceAttributes\"\u003e-\u003c/Data\u003e\u003c/EventData\u003e","Task":"12801","SubjectUserSid":"S-1-5-21-1569727641-2518674866-3296776394-500","SubjectUserName":"wardog","SubjectDomainName":"MSSENTINEL","SubjectLogonId":"0x1ef7e8e","ObjectServer":"Security","ObjectType":"Key","ObjectName":"\\REGISTRY\\MACHINE\\SOFTWARE\\Microsoft\\Windows NT\\CurrentVersion\\Winlogon","HandleId":"0x768","AccessList":"%%4432\n\t\t\t\t","AccessMask":"0x1","ProcessId":"0x3054","ProcessName":"C:\\Windows\\System32\\notepad.exe","ResourceAttributes":"-"},{"EventSourceName":"Microsoft-Windows-Security-Auditing","Provider":"Microsoft-Windows-Security-Auditing","ProviderGuid":"{54849625-5478-4994-a5ba-3e3b0328c30d}","Level":"0","Keywords":"0x8020000000000000","Channel":"Security","Computer":"WORKSTATION6.mssentinel.local","TimeCreated":"2022-09-22T12:31:24.600Z","TimeGenerated":"2022-09-22T04:31:24.600Z","EventRecordID":"1350091","EventID":4658,"Message":"The handle to an object was closed.\r\n\r\nSubject :\r\n\tSecurity ID:\t\tS-1-5-21-1569727641-2518674866-3296776394-500\r\n\tAccount Name:\t\twardog\r\n\tAccount Domain:\t\tMSSENTINEL\r\n\tLogon ID:\t\t0x1EF7E8E\r\n\r\nObject:\r\n\tObject Server:\t\tSecurity\r\n\tHandle ID:\t\t0x768\r\n\r\nProcess Information:\r\n\tProcess ID:\t\t0x3054\r\n\tProcess Name:\t\tC:\\Windows\\System32\\notepad.exe","EventData":"\u003cEventData xmlns=\"http://schemas.microsoft.com/win/2004/08/events/event\"\u003e\u003cData Name=\"SubjectUserSid\"\u003eS-1-5-21-1569727641-2518674866-3296776394-500\u003c/Data\u003e\u003cData Name=\"SubjectUserName\"\u003ewardog\u003c/Data\u003e\u003cData Name=\"SubjectDomainName\"\u003eMSSENTINEL\u003c/Data\u003e\u003cData Name=\"SubjectLogonId\"\u003e0x1ef7e8e\u003c/Data\u003e\u003cData Name=\"ObjectServer\"\u003eSecurity\u003c/Data\u003e\u003cData Name=\"HandleId\"\u003e0x768\u003c/Data\u003e\u003cData Name=\"ProcessId\"\u003e0x3054\u003c/Data\u003e\u003cData Name=\"ProcessName\"\u003eC:\\Windows\\System32\\notepad.exe\u003c/Data\u003e\u003c/EventData\u003e","Task":"12801","SubjectUserSid":"S-1-5-21-1569727641-2518674866-3296776394-500","SubjectUserName":"wardog","SubjectDomainName":"MSSENTINEL","SubjectLogonId":"0x1ef7e8e","ObjectServer":"Security","HandleId":"0x768","ProcessId":"0x3054","ProcessName":"C:\\Windows\\System32\\notepad.exe"},{"EventSourceName":"Microsoft-Windows-Security-Auditing","Provider":"Microsoft-Windows-Security-Auditing","ProviderGuid":"{54849625-5478-4994-a5ba-3e3b0328c30d}","Level":"0","Keywords":"0x8020000000000000","Channel":"Security","Computer":"WORKSTATION6.mssentinel.local","TimeCreated":"2022-09-22T12:31:24.602Z","TimeGenerated":"2022-09-22T04:31:24.602Z","EventRecordID":"1350092","EventID":4690,"Message":"An attempt was made to duplicate a handle to an object.\r\n\r\nSubject:\r\n\tSecurity ID:\t\tS-1-5-21-1569727641-2518674866-3296776394-500\r\n\tAccount Name:\t\twardog\r\n\tAccount Domain:\t\tMSSENTINEL\r\n\tLogon ID:\t\t0x1EF7E8E\r\n\r\nSource Handle Information:\r\n\tSource Handle ID:\t0x758\r\n\tSource Process ID:\t0x3054\r\n\r\nNew Handle Information:\r\n\tTarget Handle ID:\t0x2a4c\r\n\tTarget Process ID:\t0x4","EventData":"\u003cEventData xmlns=\"http://schemas.microsoft.com/win/2004/08/events/event\"\u003e\u003cData Name=\"SubjectUserSid\"\u003eS-1-5-21-1569727641-2518674866-3296776394-500\u003c/Data\u003e\u003cData Name=\"SubjectUserName\"\u003ewardog\u003c/Data\u003e\u003cData Name=\"SubjectDomainName\"\u003eMSSENTINEL\u003c/Data\u003e\u003cData Name=\"SubjectLogonId\"\u003e0x1ef7e8e\u003c/Data\u003e\u003cData Name=\"SourceHandleId\"\u003e0x758\u003c/Data\u003e\u003cData Name=\"SourceProcessId\"\u003e0x3054\u003c/Data\u003e\u003cData Name=\"TargetHandleId\"\u003e0x2a4c\u003c/Data\u003e\u003cData Name=\"TargetProcessId\"\u003e0x4\u003c/Data\u003e\u003c/EventData\u003e","Task":"12807","SubjectUserSid":"S-1-5-21-1569727641-2518674866-3296776394-500","SubjectUserName":"wardog","SubjectDomainName":"MSSENTINEL","SubjectLogonId":"0x1ef7e8e","SourceHandleId":"0x758","SourceProcessId":"0x3054","TargetHandleId":"0x2a4c","TargetProcessId":"0x4"},{"EventSourceName":"Microsoft-Windows-Security-Auditing","Provider":"Microsoft-Windows-Security-Auditing","ProviderGuid":"{54849625-5478-4994-a5ba-3e3b0328c30d}","Level":"0","Keywords":"0x8020000000000000","Channel":"Security","Computer":"WORKSTATION6.mssentinel.local","TimeCreated":"2022-09-22T12:31:24.602Z","TimeGenerated":"2022-09-22T04:31:24.602Z","EventRecordID":"1350093","EventID":4658,"Message":"The handle to an object was closed.\r\n\r\nSubject :\r\n\tSecurity ID:\t\tS-1-5-21-1569727641-2518674866-3296776394-500\r\n\tAccount Name:\t\twardog\r\n\tAccount Domain:\t\tMSSENTINEL\r\n\tLogon ID:\t\t0x1EF7E8E\r\n\r\nObject:\r\n\tObject Server:\t\tSecurity\r\n\tHandle ID:\t\t0x2a4c\r\n\r\nProcess Information:\r\n\tProcess ID:\t\t0x3054\r\n\tProcess Name:\t\tC:\\Windows\\System32\\notepad.exe","EventData":"\u003cEventData xmlns=\"http://schemas.microsoft.com/win/2004/08/events/event\"\u003e\u003cData Name=\"SubjectUserSid\"\u003eS-1-5-21-1569727641-2518674866-3296776394-500\u003c/Data\u003e\u003cData Name=\"SubjectUserName\"\u003ewardog\u003c/Data\u003e\u003cData Name=\"SubjectDomainName\"\u003eMSSENTINEL\u003c/Data\u003e\u003cData Name=\"SubjectLogonId\"\u003e0x1ef7e8e\u003c/Data\u003e\u003cData Name=\"ObjectServer\"\u003eSecurity\u003c/Data\u003e\u003cData Name=\"HandleId\"\u003e0x2a4c\u003c/Data\u003e\u003cData Name=\"ProcessId\"\u003e0x3054\u003c/Data\u003e\u003cData Name=\"ProcessName\"\u003eC:\\Windows\\System32\\notepad.exe\u003c/Data\u003e\u003c/EventData\u003e","Task":"12801","SubjectUserSid":"S-1-5-21-1569727641-2518674866-3296776394-500","SubjectUserName":"wardog","SubjectDomainName":"MSSENTINEL","SubjectLogonId":"0x1ef7e8e","ObjectServer":"Security","HandleId":"0x2a4c","ProcessId":"0x3054","ProcessName":"C:\\Windows\\System32\\notepad.exe"},{"EventSourceName":"Microsoft-Windows-Security-Auditing","Provider":"Microsoft-Windows-Security-Auditing","ProviderGuid":"{54849625-5478-4994-a5ba-3e3b0328c30d}","Level":"0","Keywords":"0x8020000000000000","Channel":"Security","Computer":"WORKSTATION6.mssentinel.local","TimeCreated":"2022-09-22T12:31:24.602Z","TimeGenerated":"2022-09-22T04:31:24.602Z","EventRecordID":"1350094","EventID":4656,"Message":"A handle to an object was requested.\r\n\r\nSubject:\r\n\tSecurity ID:\t\tS-1-5-21-1569727641-2518674866-3296776394-500\r\n\tAccount Name:\t\twardog\r\n\tAccount Domain:\t\tMSSENTINEL\r\n\tLogon ID:\t\t0x1EF7E8E\r\n\r\nObject:\r\n\tObject Server:\t\tSecurity\r\n\tObject Type:\t\tKey\r\n\tObject Name:\t\t\\REGISTRY\\MACHINE\\SOFTWARE\\Microsoft\\Windows NT\\CurrentVersion\\Winlogon\r\n\tHandle ID:\t\t0x758\r\n\tResource Attributes:\t-\r\n\r\nProcess Information:\r\n\tProcess ID:\t\t0x3054\r\n\tProcess Name:\t\tC:\\Windows\\System32\\notepad.exe\r\n\r\nAccess Request Information:\r\n\tTransaction ID:\t\t{00000000-0000-0000-0000-000000000000}\r\n\tAccesses:\t\tREAD_CONTROL\r\n\t\t\t\tQuery key value\r\n\t\t\t\tEnumerate sub-keys\r\n\t\t\t\tNotify about changes to keys\r\n\t\t\t\t\r\n\tAccess Reasons:\t\t-\r\n\tAccess Mask:\t\t0x20019\r\n\tPrivileges Used for Access Check:\t-\r\n\tRestricted SID Count:\t0","EventData":"\u003cEventData xmlns=\"http://schemas.microsoft.com/win/2004/08/events/event\"\u003e\u003cData Name=\"SubjectUserSid\"\u003eS-1-5-21-1569727641-2518674866-3296776394-500\u003c/Data\u003e\u003cData Name=\"SubjectUserName\"\u003ewardog\u003c/Data\u003e\u003cData Name=\"SubjectDomainName\"\u003eMSSENTINEL\u003c/Data\u003e\u003cData Name=\"SubjectLogonId\"\u003e0x1ef7e8e\u003c/Data\u003e\u003cData Name=\"ObjectServer\"\u003eSecurity\u003c/Data\u003e\u003cData Name=\"ObjectType\"\u003eKey\u003c/Data\u003e\u003cData Name=\"ObjectName\"\u003e\\REGISTRY\\MACHINE\\SOFTWARE\\Microsoft\\Windows NT\\CurrentVersion\\Winlogon\u003c/Data\u003e\u003cData Name=\"HandleId\"\u003e0x758\u003c/Data\u003e\u003cData Name=\"TransactionId\"\u003e{00000000-0000-0000-0000-000000000000}\u003c/Data\u003e\u003cData Name=\"AccessList\"\u003e%%1538\n\t\t\t\t%%4432\n\t\t\t\t%%4435\n\t\t\t\t%%4436\n\t\t\t\t\u003c/Data\u003e\u003cData Name=\"AccessReason\"\u003e-\u003c/Data\u003e\u003cData Name=\"AccessMask\"\u003e0x20019\u003c/Data\u003e\u003cData Name=\"PrivilegeList\"\u003e-\u003c/Data\u003e\u003cData Name=\"RestrictedSidCount\"\u003e0\u003c/Data\u003e\u003cData Name=\"ProcessId\"\u003e0x3054\u003c/Data\u003e\u003cData Name=\"ProcessName\"\u003eC:\\Windows\\System32\\notepad.exe\u003c/Data\u003e\u003cData Name=\"ResourceAttributes\"\u003e-\u003c/Data\u003e\u003c/EventData\u003e","Task":"12801","SubjectUserSid":"S-1-5-21-1569727641-2518674866-3296776394-500","SubjectUserName":"wardog","SubjectDomainName":"MSSENTINEL","SubjectLogonId":"0x1ef7e8e","ObjectServer":"Security","ObjectType":"Key","ObjectName":"\\REGISTRY\\MACHINE\\SOFTWARE\\Microsoft\\Windows NT\\CurrentVersion\\Winlogon","HandleId":"0x758","TransactionId":"{00000000-0000-0000-0000-000000000000}","AccessList":"%%1538\n\t\t\t\t%%4432\n\t\t\t\t%%4435\n\t\t\t\t%%4436\n\t\t\t\t","AccessReason":"-","AccessMask":"0x20019","PrivilegeList":"-","RestrictedSidCount":"0","ProcessId":"0x3054","ProcessName":"C:\\Windows\\System32\\notepad.exe","ResourceAttributes":"-"},{"EventSourceName":"Microsoft-Windows-Security-Auditing","Provider":"Microsoft-Windows-Security-Auditing","ProviderGuid":"{54849625-5478-4994-a5ba-3e3b0328c30d}","Level":"0","Keywords":"0x8020000000000000","Channel":"Security","Computer":"WORKSTATION6.mssentinel.local","TimeCreated":"2022-09-22T12:31:24.602Z","TimeGenerated":"2022-09-22T04:31:24.602Z","EventRecordID":"1350095","EventID":4663,"Message":"An attempt was made to access an object.\r\n\r\nSubject:\r\n\tSecurity ID:\t\tS-1-5-21-1569727641-2518674866-3296776394-500\r\n\tAccount Name:\t\twardog\r\n\tAccount Domain:\t\tMSSENTINEL\r\n\tLogon ID:\t\t0x1EF7E8E\r\n\r\nObject:\r\n\tObject Server:\t\tSecurity\r\n\tObject Type:\t\tKey\r\n\tObject Name:\t\t\\REGISTRY\\MACHINE\\SOFTWARE\\Microsoft\\Windows NT\\CurrentVersion\\Winlogon\r\n\tHandle ID:\t\t0x758\r\n\tResource Attributes:\t-\r\n\r\nProcess Information:\r\n\tProcess ID:\t\t0x3054\r\n\tProcess Name:\t\tC:\\Windows\\System32\\notepad.exe\r\n\r\nAccess Request Information:\r\n\tAccesses:\t\tQuery key value\r\n\t\t\t\t\r\n\tAccess Mask:\t\t0x1","EventData":"\u003cEventData xmlns=\"http://schemas.microsoft.com/win/2004/08/events/event\"\u003e\u003cData Name=\"SubjectUserSid\"\u003eS-1-5-21-1569727641-2518674866-3296776394-500\u003c/Data\u003e\u003cData Name=\"SubjectUserName\"\u003ewardog\u003c/Data\u003e\u003cData Name=\"SubjectDomainName\"\u003eMSSENTINEL\u003c/Data\u003e\u003cData Name=\"SubjectLogonId\"\u003e0x1ef7e8e\u003c/Data\u003e\u003cData Name=\"ObjectServer\"\u003eSecurity\u003c/Data\u003e\u003cData Name=\"ObjectType\"\u003eKey\u003c/Data\u003e\u003cData Name=\"ObjectName\"\u003e\\REGISTRY\\MACHINE\\SOFTWARE\\Microsoft\\Windows NT\\CurrentVersion\\Winlogon\u003c/Data\u003e\u003cData Name=\"HandleId\"\u003e0x758\u003c/Data\u003e\u003cData Name=\"AccessList\"\u003e%%4432\n\t\t\t\t\u003c/Data\u003e\u003cData Name=\"AccessMask\"\u003e0x1\u003c/Data\u003e\u003cData Name=\"ProcessId\"\u003e0x3054\u003c/Data\u003e\u003cData Name=\"ProcessName\"\u003eC:\\Windows\\System32\\notepad.exe\u003c/Data\u003e\u003cData Name=\"ResourceAttributes\"\u003e-\u003c/Data\u003e\u003c/EventData\u003e","Task":"12801","SubjectUserSid":"S-1-5-21-1569727641-2518674866-3296776394-500","SubjectUserName":"wardog","SubjectDomainName":"MSSENTINEL","SubjectLogonId":"0x1ef7e8e","ObjectServer":"Security","ObjectType":"Key","ObjectName":"\\REGISTRY\\MACHINE\\SOFTWARE\\Microsoft\\Windows NT\\CurrentVersion\\Winlogon","HandleId":"0x758","AccessList":"%%4432\n\t\t\t\t","AccessMask":"0x1","ProcessId":"0x3054","ProcessName":"C:\\Windows\\System32\\notepad.exe","ResourceAttributes":"-"},{"EventSourceName":"Microsoft-Windows-Security-Auditing","Provider":"Microsoft-Windows-Security-Auditing","ProviderGuid":"{54849625-5478-4994-a5ba-3e3b0328c30d}","Level":"0","Keywords":"0x8020000000000000","Channel":"Security","Computer":"WORKSTATION6.mssentinel.local","TimeCreated":"2022-09-22T12:31:24.602Z","TimeGenerated":"2022-09-22T04:31:24.602Z","EventRecordID":"1350096","EventID":4658,"Message":"The handle to an object was closed.\r\n\r\nSubject :\r\n\tSecurity ID:\t\tS-1-5-21-1569727641-2518674866-3296776394-500\r\n\tAccount Name:\t\twardog\r\n\tAccount Domain:\t\tMSSENTINEL\r\n\tLogon ID:\t\t0x1EF7E8E\r\n\r\nObject:\r\n\tObject Server:\t\tSecurity\r\n\tHandle ID:\t\t0x758\r\n\r\nProcess Information:\r\n\tProcess ID:\t\t0x3054\r\n\tProcess Name:\t\tC:\\Windows\\System32\\notepad.exe","EventData":"\u003cEventData xmlns=\"http://schemas.microsoft.com/win/2004/08/events/event\"\u003e\u003cData Name=\"SubjectUserSid\"\u003eS-1-5-21-1569727641-2518674866-3296776394-500\u003c/Data\u003e\u003cData Name=\"SubjectUserName\"\u003ewardog\u003c/Data\u003e\u003cData Name=\"SubjectDomainName\"\u003eMSSENTINEL\u003c/Data\u003e\u003cData Name=\"SubjectLogonId\"\u003e0x1ef7e8e\u003c/Data\u003e\u003cData Name=\"ObjectServer\"\u003eSecurity\u003c/Data\u003e\u003cData Name=\"HandleId\"\u003e0x758\u003c/Data\u003e\u003cData Name=\"ProcessId\"\u003e0x3054\u003c/Data\u003e\u003cData Name=\"ProcessName\"\u003eC:\\Windows\\System32\\notepad.exe\u003c/Data\u003e\u003c/EventData\u003e","Task":"12801","SubjectUserSid":"S-1-5-21-1569727641-2518674866-3296776394-500","SubjectUserName":"wardog","SubjectDomainName":"MSSENTINEL","SubjectLogonId":"0x1ef7e8e","ObjectServer":"Security","HandleId":"0x758","ProcessId":"0x3054","ProcessName":"C:\\Windows\\System32\\notepad.exe"}]
