{"EventSourceName":"Microsoft-Windows-Sysmon","Provider":"Microsoft-Windows-Sysmon","ProviderGuid":"{5770385f-c22a-43e0-bf4c-06f5698ffbd9}","Level":"4","Keywords":"0x8000000000000000","Channel":"Microsoft-Windows-Sysmon/Operational","Computer":"WORKSTATION6.mssentinel.local","TimeCreated":"2022-09-22T12:31:24.413Z","TimeGenerated":"2022-09-22T04:31:24.413Z","EventRecordID":"3328639","EventID":7,"Message":"Image loaded:\r\nRuleName: -\r\nUtcTime: 2022-09-22 16:31:24.398\r\nProcessGuid: {03bfca49-8dd2-632c-550d-000000000b00}\r\nProcessId: 12372\r\nImage: C:\\Windows\\System32\\notepad.exe\r\nImageLoaded: C:\\Windows\\System32\\secur32.dll\r\nFileVersion: 10.0.19041.546 (WinBuild.160101.0800)\r\nDescription: Security Support Provider Interface\r\nProduct: Microsoft® Windows® Operating System\r\nCompany: Microsoft Corporation\r\nOriginalFileName: secur32.dll\r\nHashes: SHA1=406632CDFDF16748B0319D8DC8DC5B1C3CC140BA,MD5=3F11C63CB70A726F1F0B6ACCD5934E83,SHA256=02F0C498BB4E5F62722AB5E8A63F5B3779DB88EF1F69FF70F01094EBC14ABF75,IMPHASH=F90C2A389F295606533D615109FB248B\r\nSigned: true\r\nSignature: Microsoft Windows\r\nSignatureStatus: Valid\r\nUser: MSSENTINEL\\wardog","EventData":"\u003cEventData xmlns=\"http://schemas.microsoft.com/win/2004/08/events/event\"\u003e\u003cData Name=\"RuleName\"\u003e-\u003c/Data\u003e\u003cData Name=\"UtcTime\"\u003e2022-09-22 16:31:24.398\u003c/Data\u003e\u003cData Name=\"ProcessGuid\"\u003e{03bfca49-8dd2-632c-550d-000000000b00}\u003c/Data\u003e\u003cData Name=\"ProcessId\"\u003e12372\u003c/Data\u003e\u003cData Name=\"Image\"\u003eC:\\Windows\\System32\\notepad.exe\u003c/Data\u003e\u003cData Name=\"ImageLoaded\"\u003eC:\\Windows\\System32\\secur32.dll\u003c/Data\u003e\u003cData Name=\"FileVersion\"\u003e10.0.19041.546 (WinBuild.160101.0800)\u003c/Data\u003e\u003cData Name=\"Description\"\u003eSecurity Support Provider Interface\u003c/Data\u003e\u003cData Name=\"Product\"\u003eMicrosoft® Windows® Operating System\u003c/Data\u003e\u003cData Name=\"Company\"\u003eMicrosoft Corporation\u003c/Data\u003e\u003cData Name=\"OriginalFileName\"\u003esecur32.dll\u003c/Data\u003e\u003cData Name=\"Hashes\"\u003eSHA1=406632CDFDF16748B0319D8DC8DC5B1C3CC140BA,MD5=3F11C63CB70A726F1F0B6ACCD5934E83,SHA256=02F0C498BB4E5F62722AB5E8A63F5B3779DB88EF1F69FF70F01094EBC14ABF75,IMPHASH=F90C2A389F295606533D615109FB248B\u003c/Data\u003e\u003cData Name=\"Signed\"\u003etrue\u003c/Data\u003e\u003cData Name=\"Signature\"\u003eMicrosoft Windows\u003c/Data\u003e\u003cData Name=\"SignatureStatus\"\u003eValid\u003c/Data\u003e\u003cData Name=\"User\"\u003eMSSENTINEL\\wardog\u003c/Data\u003e\u003c/EventData\u003e","Task":"7","RuleName":"-","UtcTime":"2022-09-22 16:31:24.398","ProcessGuid":"{03bfca49-8dd2-632c-550d-000000000b00}","ProcessId":"12372","Image":"C:\\Windows\\System32\\notepad.exe","ImageLoaded":"C:\\Windows\\System32\\secur32.dll","FileVersion":"10.0.19041.546 (WinBuild.160101.0800)","Description":"Security Support Provider Interface","Product":"Microsoft® Windows® Operating System","Company":"Microsoft Corporation","OriginalFileName":"secur32.dll","Hashes":"SHA1=406632CDFDF16748B0319D8DC8DC5B1C3CC140BA,MD5=3F11C63CB70A726F1F0B6ACCD5934E83,SHA256=02F0C498BB4E5F62722AB5E8A63F5B3779DB88EF1F69FF70F01094EBC14ABF75,IMPHASH=F90C2A389F295606533D615109FB248B","Signed":"true","Signature":"Microsoft Windows","SignatureStatus":"Valid","User":"MSSENTINEL\\wardog"},{"EventSourceName":"Microsoft-Windows-Sysmon","Provider":"Microsoft-Windows-Sysmon","ProviderGuid":"{5770385f-c22a-43e0-bf4c-06f5698ffbd9}","Level":"4","Keywords":"0x8000000000000000","Channel":"Microsoft-Windows-Sysmon/Operational","Computer":"WORKSTATION6.mssentinel.local","TimeCreated":"2022-09-22T12:31:24.421Z","TimeGenerated":"2022-09-22T04:31:24.421Z","EventRecordID":"3328640","EventID":7,"Message":"Image loaded:\r\nRuleName: -\r\nUtcTime: 2022-09-22 16:31:24.398\r\nProcessGuid: {03bfca49-8dd2-632c-550d-000000000b00}\r\nProcessId: 12372\r\nImage: C:\\Windows\\System32\\notepad.exe\r\nImageLoaded: C:\\Windows\\System32\\sspicli.dll\r\nFileVersion: 10.0.19041.1266 (WinBuild.160101.0800)\r\nDescription: Security Support Provider Interface\r\nProduct: Microsoft® Windows® Operating System\r\nCompany: Microsoft Corporation\r\nOriginalFileName: sspicli.dll\r\nHashes: SHA1=1C241020754267181DD501949E0D43F35F0A4D10,MD5=956AD5A3683B1D05ECB2927114682495,SHA256=74542C85C237583A61BFD6296E7610DA2973872645DDC614AD837705D9C4AC72,IMPHASH=97FA8308A6F9D1869F11A4DBB652B29E\r\nSigned: true\r\nSignature: Microsoft Windows\r\nSignatureStatus: Valid\r\nUser: MSSENTINEL\\wardog","EventData":"\u003cEventData xmlns=\"http://schemas.microsoft.com/win/2004/08/events/event\"\u003e\u003cData Name=\"RuleName\"\u003e-\u003c/Data\u003e\u003cData Name=\"UtcTime\"\u003e2022-09-22 16:31:24.398\u003c/Data\u003e\u003cData Name=\"ProcessGuid\"\u003e{03bfca49-8dd2-632c-550d-000000000b00}\u003c/Data\u003e\u003cData Name=\"ProcessId\"\u003e12372\u003c/Data\u003e\u003cData Name=\"Image\"\u003eC:\\Windows\\System32\\notepad.exe\u003c/Data\u003e\u003cData Name=\"ImageLoaded\"\u003eC:\\Windows\\System32\\sspicli.dll\u003c/Data\u003e\u003cData Name=\"FileVersion\"\u003e10.0.19041.1266 (WinBuild.160101.0800)\u003c/Data\u003e\u003cData Name=\"Description\"\u003eSecurity Support Provider Interface\u003c/Data\u003e\u003cData Name=\"Product\"\u003eMicrosoft® Windows® Operating System\u003c/Data\u003e\u003cData Name=\"Company\"\u003eMicrosoft Corporation\u003c/Data\u003e\u003cData Name=\"OriginalFileName\"\u003esspicli.dll\u003c/Data\u003e\u003cData Name=\"Hashes\"\u003eSHA1=1C241020754267181DD501949E0D43F35F0A4D10,MD5=956AD5A3683B1D05ECB2927114682495,SHA256=74542C85C237583A61BFD6296E7610DA2973872645DDC614AD837705D9C4AC72,IMPHASH=97FA8308A6F9D1869F11A4DBB652B29E\u003c/Data\u003e\u003cData Name=\"Signed\"\u003etrue\u003c/Data\u003e\u003cData Name=\"Signature\"\u003eMicrosoft Windows\u003c/Data\u003e\u003cData Name=\"SignatureStatus\"\u003eValid\u003c/Data\u003e\u003cData Name=\"User\"\u003eMSSENTINEL\\wardog\u003c/Data\u003e\u003c/EventData\u003e","Task":"7","RuleName":"-","UtcTime":"2022-09-22 16:31:24.398","ProcessGuid":"{03bfca49-8dd2-632c-550d-000000000b00}","ProcessId":"12372","Image":"C:\\Windows\\System32\\notepad.exe","ImageLoaded":"C:\\Windows\\System32\\sspicli.dll","FileVersion":"10.0.19041.1266 (WinBuild.160101.0800)","Description":"Security Support Provider Interface","Product":"Microsoft® Windows® Operating System","Company":"Microsoft Corporation","OriginalFileName":"sspicli.dll","Hashes":"SHA1=1C241020754267181DD501949E0D43F35F0A4D10,MD5=956AD5A3683B1D05ECB2927114682495,SHA256=74542C85C237583A61BFD6296E7610DA2973872645DDC614AD837705D9C4AC72,IMPHASH=97FA8308A6F9D1869F11A4DBB652B29E","Signed":"true","Signature":"Microsoft Windows","SignatureStatus":"Valid","User":"MSSENTINEL\\wardog"},{"EventSourceName":"Microsoft-Windows-Sysmon","Provider":"Microsoft-Windows-Sysmon","ProviderGuid":"{5770385f-c22a-43e0-bf4c-06f5698ffbd9}","Level":"4","Keywords":"0x8000000000000000","Channel":"Microsoft-Windows-Sysmon/Operational","Computer":"WORKSTATION6.mssentinel.local","TimeCreated":"2022-09-22T12:31:24.421Z","TimeGenerated":"2022-09-22T04:31:24.421Z","EventRecordID":"3328641","EventID":10,"Message":"Process accessed:\r\nRuleName: -\r\nUtcTime: 2022-09-22 16:31:24.414\r\nSourceProcessGUID: {03bfca49-b063-632b-0c00-000000000b00}\r\nSourceProcessId: 788\r\nSourceThreadId: 9980\r\nSourceImage: C:\\Windows\\system32\\lsass.exe\r\nTargetProcessGUID: {03bfca49-8dd2-632c-550d-000000000b00}\r\nTargetProcessId: 12372\r\nTargetImage: C:\\Windows\\system32\\notepad.exe\r\nGrantedAccess: 0x1000\r\nCallTrace: C:\\Windows\\SYSTEM32\\ntdll.dll+9de44|C:\\Windows\\System32\\RPCRT4.dll+3b8a4|C:\\Windows\\system32\\lsasrv.dll+38f39|C:\\Windows\\SYSTEM32\\SspiSrv.dll+1a82|C:\\Windows\\System32\\RPCRT4.dll+78e33|C:\\Windows\\System32\\RPCRT4.dll+e11cb|C:\\Windows\\System32\\RPCRT4.dll+5cd6c|C:\\Windows\\System32\\RPCRT4.dll+57838|C:\\Windows\\System32\\RPCRT4.dll+39e06|C:\\Windows\\System32\\RPCRT4.dll+39758|C:\\Windows\\System32\\RPCRT4.dll+47f6f|C:\\Windows\\System32\\RPCRT4.dll+47378|C:\\Windows\\System32\\RPCRT4.dll+46961|C:\\Windows\\System32\\RPCRT4.dll+463ce|C:\\Windows\\System32\\RPCRT4.dll+4a9d2|C:\\Windows\\SYSTEM32\\ntdll.dll+20330|C:\\Windows\\SYSTEM32\\ntdll.dll+52f26|C:\\Windows\\System32\\KERNEL32.DLL+17034|C:\\Windows\\SYSTEM32\\ntdll.dll+52651\r\nSourceUser: NT AUTHORITY\\SYSTEM\r\nTargetUser: MSSENTINEL\\wardog","EventData":"\u003cEventData xmlns=\"http://schemas.microsoft.com/win/2004/08/events/event\"\u003e\u003cData Name=\"RuleName\"\u003e-\u003c/Data\u003e\u003cData Name=\"UtcTime\"\u003e2022-09-22 16:31:24.414\u003c/Data\u003e\u003cData Name=\"SourceProcessGUID\"\u003e{03bfca49-b063-632b-0c00-000000000b00}\u003c/Data\u003e\u003cData Name=\"SourceProcessId\"\u003e788\u003c/Data\u003e\u003cData Name=\"SourceThreadId\"\u003e9980\u003c/Data\u003e\u003cData Name=\"SourceImage\"\u003eC:\\Windows\\system32\\lsass.exe\u003c/Data\u003e\u003cData Name=\"TargetProcessGUID\"\u003e{03bfca49-8dd2-632c-550d-000000000b00}\u003c/Data\u003e\u003cData Name=\"TargetProcessId\"\u003e12372\u003c/Data\u003e\u003cData Name=\"TargetImage\"\u003eC:\\Windows\\system32\\notepad.exe\u003c/Data\u003e\u003cData Name=\"GrantedAccess\"\u003e0x1000\u003c/Data\u003e\u003cData Name=\"CallTrace\"\u003eC:\\Windows\\SYSTEM32\\ntdll.dll+9de44|C:\\Windows\\System32\\RPCRT4.dll+3b8a4|C:\\Windows\\system32\\lsasrv.dll+38f39|C:\\Windows\\SYSTEM32\\SspiSrv.dll+1a82|C:\\Windows\\System32\\RPCRT4.dll+78e33|C:\\Windows\\System32\\RPCRT4.dll+e11cb|C:\\Windows\\System32\\RPCRT4.dll+5cd6c|C:\\Windows\\System32\\RPCRT4.dll+57838|C:\\Windows\\System32\\RPCRT4.dll+39e06|C:\\Windows\\System32\\RPCRT4.dll+39758|C:\\Windows\\System32\\RPCRT4.dll+47f6f|C:\\Windows\\System32\\RPCRT4.dll+47378|C:\\Windows\\System32\\RPCRT4.dll+46961|C:\\Windows\\System32\\RPCRT4.dll+463ce|C:\\Windows\\System32\\RPCRT4.dll+4a9d2|C:\\Windows\\SYSTEM32\\ntdll.dll+20330|C:\\Windows\\SYSTEM32\\ntdll.dll+52f26|C:\\Windows\\System32\\KERNEL32.DLL+17034|C:\\Windows\\SYSTEM32\\ntdll.dll+52651\u003c/Data\u003e\u003cData Name=\"SourceUser\"\u003eNT AUTHORITY\\SYSTEM\u003c/Data\u003e\u003cData Name=\"TargetUser\"\u003eMSSENTINEL\\wardog\u003c/Data\u003e\u003c/EventData\u003e","Task":"10","RuleName":"-","UtcTime":"2022-09-22 16:31:24.414","SourceProcessGUID":"{03bfca49-b063-632b-0c00-000000000b00}","SourceProcessId":"788","SourceThreadId":"9980","SourceImage":"C:\\Windows\\system32\\lsass.exe","TargetProcessGUID":"{03bfca49-8dd2-632c-550d-000000000b00}","TargetProcessId":"12372","TargetImage":"C:\\Windows\\system32\\notepad.exe","GrantedAccess":"0x1000","CallTrace":"C:\\Windows\\SYSTEM32\\ntdll.dll+9de44|C:\\Windows\\System32\\RPCRT4.dll+3b8a4|C:\\Windows\\system32\\lsasrv.dll+38f39|C:\\Windows\\SYSTEM32\\SspiSrv.dll+1a82|C:\\Windows\\System32\\RPCRT4.dll+78e33|C:\\Windows\\System32\\RPCRT4.dll+e11cb|C:\\Windows\\System32\\RPCRT4.dll+5cd6c|C:\\Windows\\System32\\RPCRT4.dll+57838|C:\\Windows\\System32\\RPCRT4.dll+39e06|C:\\Windows\\System32\\RPCRT4.dll+39758|C:\\Windows\\System32\\RPCRT4.dll+47f6f|C:\\Windows\\System32\\RPCRT4.dll+47378|C:\\Windows\\System32\\RPCRT4.dll+46961|C:\\Windows\\System32\\RPCRT4.dll+463ce|C:\\Windows\\System32\\RPCRT4.dll+4a9d2|C:\\Windows\\SYSTEM32\\ntdll.dll+20330|C:\\Windows\\SYSTEM32\\ntdll.dll+52f26|C:\\Windows\\System32\\KERNEL32.DLL+17034|C:\\Windows\\SYSTEM32\\ntdll.dll+52651","SourceUser":"NT AUTHORITY\\SYSTEM","TargetUser":"MSSENTINEL\\wardog"},{"EventSourceName":"Microsoft-Windows-Sysmon","Provider":"Microsoft-Windows-Sysmon","ProviderGuid":"{5770385f-c22a-43e0-bf4c-06f5698ffbd9}","Level":"4","Keywords":"0x8000000000000000","Channel":"Microsoft-Windows-Sysmon/Operational","Computer":"WORKSTATION6.mssentinel.local","TimeCreated":"2022-09-22T12:31:24.422Z","TimeGenerated":"2022-09-22T04:31:24.422Z","EventRecordID":"3328642","EventID":10,"Message":"Process accessed:\r\nRuleName: -\r\nUtcTime: 2022-09-22 16:31:24.414\r\nSourceProcessGUID: {03bfca49-b063-632b-0c00-000000000b00}\r\nSourceProcessId: 788\r\nSourceThreadId: 9980\r\nSourceImage: C:\\Windows\\system32\\lsass.exe\r\nTargetProcessGUID: {03bfca49-8dd2-632c-550d-000000000b00}\r\nTargetProcessId: 12372\r\nTargetImage: C:\\Windows\\system32\\notepad.exe\r\nGrantedAccess: 0x1478\r\nCallTrace: C:\\Windows\\SYSTEM32\\ntdll.dll+9d234|C:\\Windows\\system32\\lsasrv.dll+396be|C:\\Windows\\system32\\lsasrv.dll+394b0|C:\\Windows\\system32\\lsasrv.dll+3908b|C:\\Windows\\SYSTEM32\\SspiSrv.dll+1a82|C:\\Windows\\System32\\RPCRT4.dll+78e33|C:\\Windows\\System32\\RPCRT4.dll+e11cb|C:\\Windows\\System32\\RPCRT4.dll+5cd6c|C:\\Windows\\System32\\RPCRT4.dll+57838|C:\\Windows\\System32\\RPCRT4.dll+39e06|C:\\Windows\\System32\\RPCRT4.dll+39758|C:\\Windows\\System32\\RPCRT4.dll+47f6f|C:\\Windows\\System32\\RPCRT4.dll+47378|C:\\Windows\\System32\\RPCRT4.dll+46961|C:\\Windows\\System32\\RPCRT4.dll+463ce|C:\\Windows\\System32\\RPCRT4.dll+4a9d2|C:\\Windows\\SYSTEM32\\ntdll.dll+20330|C:\\Windows\\SYSTEM32\\ntdll.dll+52f26|C:\\Windows\\System32\\KERNEL32.DLL+17034|C:\\Windows\\SYSTEM32\\ntdll.dll+52651\r\nSourceUser: NT AUTHORITY\\SYSTEM\r\nTargetUser: MSSENTINEL\\wardog","EventData":"\u003cEventData xmlns=\"http://schemas.microsoft.com/win/2004/08/events/event\"\u003e\u003cData Name=\"RuleName\"\u003e-\u003c/Data\u003e\u003cData Name=\"UtcTime\"\u003e2022-09-22 16:31:24.414\u003c/Data\u003e\u003cData Name=\"SourceProcessGUID\"\u003e{03bfca49-b063-632b-0c00-000000000b00}\u003c/Data\u003e\u003cData Name=\"SourceProcessId\"\u003e788\u003c/Data\u003e\u003cData Name=\"SourceThreadId\"\u003e9980\u003c/Data\u003e\u003cData Name=\"SourceImage\"\u003eC:\\Windows\\system32\\lsass.exe\u003c/Data\u003e\u003cData Name=\"TargetProcessGUID\"\u003e{03bfca49-8dd2-632c-550d-000000000b00}\u003c/Data\u003e\u003cData Name=\"TargetProcessId\"\u003e12372\u003c/Data\u003e\u003cData Name=\"TargetImage\"\u003eC:\\Windows\\system32\\notepad.exe\u003c/Data\u003e\u003cData Name=\"GrantedAccess\"\u003e0x1478\u003c/Data\u003e\u003cData Name=\"CallTrace\"\u003eC:\\Windows\\SYSTEM32\\ntdll.dll+9d234|C:\\Windows\\system32\\lsasrv.dll+396be|C:\\Windows\\system32\\lsasrv.dll+394b0|C:\\Windows\\system32\\lsasrv.dll+3908b|C:\\Windows\\SYSTEM32\\SspiSrv.dll+1a82|C:\\Windows\\System32\\RPCRT4.dll+78e33|C:\\Windows\\System32\\RPCRT4.dll+e11cb|C:\\Windows\\System32\\RPCRT4.dll+5cd6c|C:\\Windows\\System32\\RPCRT4.dll+57838|C:\\Windows\\System32\\RPCRT4.dll+39e06|C:\\Windows\\System32\\RPCRT4.dll+39758|C:\\Windows\\System32\\RPCRT4.dll+47f6f|C:\\Windows\\System32\\RPCRT4.dll+47378|C:\\Windows\\System32\\RPCRT4.dll+46961|C:\\Windows\\System32\\RPCRT4.dll+463ce|C:\\Windows\\System32\\RPCRT4.dll+4a9d2|C:\\Windows\\SYSTEM32\\ntdll.dll+20330|C:\\Windows\\SYSTEM32\\ntdll.dll+52f26|C:\\Windows\\System32\\KERNEL32.DLL+17034|C:\\Windows\\SYSTEM32\\ntdll.dll+52651\u003c/Data\u003e\u003cData Name=\"SourceUser\"\u003eNT AUTHORITY\\SYSTEM\u003c/Data\u003e\u003cData Name=\"TargetUser\"\u003eMSSENTINEL\\wardog\u003c/Data\u003e\u003c/EventData\u003e","Task":"10","RuleName":"-","UtcTime":"2022-09-22 16:31:24.414","SourceProcessGUID":"{03bfca49-b063-632b-0c00-000000000b00}","SourceProcessId":"788","SourceThreadId":"9980","SourceImage":"C:\\Windows\\system32\\lsass.exe","TargetProcessGUID":"{03bfca49-8dd2-632c-550d-000000000b00}","TargetProcessId":"12372","TargetImage":"C:\\Windows\\system32\\notepad.exe","GrantedAccess":"0x1478","CallTrace":"C:\\Windows\\SYSTEM32\\ntdll.dll+9d234|C:\\Windows\\system32\\lsasrv.dll+396be|C:\\Windows\\system32\\lsasrv.dll+394b0|C:\\Windows\\system32\\lsasrv.dll+3908b|C:\\Windows\\SYSTEM32\\SspiSrv.dll+1a82|C:\\Windows\\System32\\RPCRT4.dll+78e33|C:\\Windows\\System32\\RPCRT4.dll+e11cb|C:\\Windows\\System32\\RPCRT4.dll+5cd6c|C:\\Windows\\System32\\RPCRT4.dll+57838|C:\\Windows\\System32\\RPCRT4.dll+39e06|C:\\Windows\\System32\\RPCRT4.dll+39758|C:\\Windows\\System32\\RPCRT4.dll+47f6f|C:\\Windows\\System32\\RPCRT4.dll+47378|C:\\Windows\\System32\\RPCRT4.dll+46961|C:\\Windows\\System32\\RPCRT4.dll+463ce|C:\\Windows\\System32\\RPCRT4.dll+4a9d2|C:\\Windows\\SYSTEM32\\ntdll.dll+20330|C:\\Windows\\SYSTEM32\\ntdll.dll+52f26|C:\\Windows\\System32\\KERNEL32.DLL+17034|C:\\Windows\\SYSTEM32\\ntdll.dll+52651","SourceUser":"NT AUTHORITY\\SYSTEM","TargetUser":"MSSENTINEL\\wardog"},{"EventSourceName":"Microsoft-Windows-Sysmon","Provider":"Microsoft-Windows-Sysmon","ProviderGuid":"{5770385f-c22a-43e0-bf4c-06f5698ffbd9}","Level":"4","Keywords":"0x8000000000000000","Channel":"Microsoft-Windows-Sysmon/Operational","Computer":"WORKSTATION6.mssentinel.local","TimeCreated":"2022-09-22T12:31:24.497Z","TimeGenerated":"2022-09-22T04:31:24.497Z","EventRecordID":"3328643","EventID":7,"Message":"Image loaded:\r\nRuleName: -\r\nUtcTime: 2022-09-22 16:31:24.492\r\nProcessGuid: {03bfca49-8dd2-632c-550d-000000000b00}\r\nProcessId: 12372\r\nImage: C:\\Windows\\System32\\notepad.exe\r\nImageLoaded: C:\\Windows\\Microsoft.NET\\Framework64\\v4.0.30319\\diasymreader.dll\r\nFileVersion: 14.8.4084.0 built by: NET48REL1\r\nDescription: Dia based SymReader\r\nProduct: Microsoft® .NET Framework\r\nCompany: Microsoft Corporation\r\nOriginalFileName: diasymreader.dll\r\nHashes: SHA1=8959A2BA1826766F6762723C395C1BF6068554B2,MD5=A4FE1ECBD344B144B7929ADC02AC70CA,SHA256=543524172EECD79DB799314A00669F3A8F70836F6265A29207CC133460D24983,IMPHASH=291B64B0984CCD3A091CF75D2A111D5D\r\nSigned: true\r\nSignature: Microsoft Corporation\r\nSignatureStatus: Valid\r\nUser: MSSENTINEL\\wardog","EventData":"\u003cEventData xmlns=\"http://schemas.microsoft.com/win/2004/08/events/event\"\u003e\u003cData Name=\"RuleName\"\u003e-\u003c/Data\u003e\u003cData Name=\"UtcTime\"\u003e2022-09-22 16:31:24.492\u003c/Data\u003e\u003cData Name=\"ProcessGuid\"\u003e{03bfca49-8dd2-632c-550d-000000000b00}\u003c/Data\u003e\u003cData Name=\"ProcessId\"\u003e12372\u003c/Data\u003e\u003cData Name=\"Image\"\u003eC:\\Windows\\System32\\notepad.exe\u003c/Data\u003e\u003cData Name=\"ImageLoaded\"\u003eC:\\Windows\\Microsoft.NET\\Framework64\\v4.0.30319\\diasymreader.dll\u003c/Data\u003e\u003cData Name=\"FileVersion\"\u003e14.8.4084.0 built by: NET48REL1\u003c/Data\u003e\u003cData Name=\"Description\"\u003eDia based SymReader\u003c/Data\u003e\u003cData Name=\"Product\"\u003eMicrosoft® .NET Framework\u003c/Data\u003e\u003cData Name=\"Company\"\u003eMicrosoft Corporation\u003c/Data\u003e\u003cData Name=\"OriginalFileName\"\u003ediasymreader.dll\u003c/Data\u003e\u003cData Name=\"Hashes\"\u003eSHA1=8959A2BA1826766F6762723C395C1BF6068554B2,MD5=A4FE1ECBD344B144B7929ADC02AC70CA,SHA256=543524172EECD79DB799314A00669F3A8F70836F6265A29207CC133460D24983,IMPHASH=291B64B0984CCD3A091CF75D2A111D5D\u003c/Data\u003e\u003cData Name=\"Signed\"\u003etrue\u003c/Data\u003e\u003cData Name=\"Signature\"\u003eMicrosoft Corporation\u003c/Data\u003e\u003cData Name=\"SignatureStatus\"\u003eValid\u003c/Data\u003e\u003cData Name=\"User\"\u003eMSSENTINEL\\wardog\u003c/Data\u003e\u003c/EventData\u003e","Task":"7","RuleName":"-","UtcTime":"2022-09-22 16:31:24.492","ProcessGuid":"{03bfca49-8dd2-632c-550d-000000000b00}","ProcessId":"12372","Image":"C:\\Windows\\System32\\notepad.exe","ImageLoaded":"C:\\Windows\\Microsoft.NET\\Framework64\\v4.0.30319\\diasymreader.dll","FileVersion":"14.8.4084.0 built by: NET48REL1","Description":"Dia based SymReader","Product":"Microsoft® .NET Framework","Company":"Microsoft Corporation","OriginalFileName":"diasymreader.dll","Hashes":"SHA1=8959A2BA1826766F6762723C395C1BF6068554B2,MD5=A4FE1ECBD344B144B7929ADC02AC70CA,SHA256=543524172EECD79DB799314A00669F3A8F70836F6265A29207CC133460D24983,IMPHASH=291B64B0984CCD3A091CF75D2A111D5D","Signed":"true","Signature":"Microsoft Corporation","SignatureStatus":"Valid","User":"MSSENTINEL\\wardog"},{"EventSourceName":"Microsoft-Windows-Sysmon","Provider":"Microsoft-Windows-Sysmon","ProviderGuid":"{5770385f-c22a-43e0-bf4c-06f5698ffbd9}","Level":"4","Keywords":"0x8000000000000000","Channel":"Microsoft-Windows-Sysmon/Operational","Computer":"WORKSTATION6.mssentinel.local","TimeCreated":"2022-09-22T12:31:24.591Z","TimeGenerated":"2022-09-22T04:31:24.591Z","EventRecordID":"3328644","EventID":7,"Message":"Image loaded:\r\nRuleName: -\r\nUtcTime: 2022-09-22 16:31:24.586\r\nProcessGuid: {03bfca49-8dd2-632c-550d-000000000b00}\r\nProcessId: 12372\r\nImage: C:\\Windows\\System32\\notepad.exe\r\nImageLoaded: C:\\ProgramData\\Microsoft\\Windows Defender\\Platform\\4.18.2207.7-0\\MpClient.dll\r\nFileVersion: 4.18.2207.7 (WinBuild.160101.0800)\r\nDescription: Client Interface\r\nProduct: Microsoft® Windows® Operating System\r\nCompany: Microsoft Corporation\r\nOriginalFileName: mpclient.dll\r\nHashes: SHA1=BA4174CAD03CE267E338B9B4BCE61ACD0B8422E5,MD5=01FF7FE8BBB5F6E4004E5909EE1CE321,SHA256=265A54BA2C7F3F83C425B93C83B16F215B1ED8F0CECB75D7639020189D6A5D11,IMPHASH=1B76CDCE5E761B41EE5DC5C825C40E13\r\nSigned: true\r\nSignature: Microsoft Windows\r\nSignatureStatus: Valid\r\nUser: MSSENTINEL\\wardog","EventData":"\u003cEventData xmlns=\"http://schemas.microsoft.com/win/2004/08/events/event\"\u003e\u003cData Name=\"RuleName\"\u003e-\u003c/Data\u003e\u003cData Name=\"UtcTime\"\u003e2022-09-22 16:31:24.586\u003c/Data\u003e\u003cData Name=\"ProcessGuid\"\u003e{03bfca49-8dd2-632c-550d-000000000b00}\u003c/Data\u003e\u003cData Name=\"ProcessId\"\u003e12372\u003c/Data\u003e\u003cData Name=\"Image\"\u003eC:\\Windows\\System32\\notepad.exe\u003c/Data\u003e\u003cData Name=\"ImageLoaded\"\u003eC:\\ProgramData\\Microsoft\\Windows Defender\\Platform\\4.18.2207.7-0\\MpClient.dll\u003c/Data\u003e\u003cData Name=\"FileVersion\"\u003e4.18.2207.7 (WinBuild.160101.0800)\u003c/Data\u003e\u003cData Name=\"Description\"\u003eClient Interface\u003c/Data\u003e\u003cData Name=\"Product\"\u003eMicrosoft® Windows® Operating System\u003c/Data\u003e\u003cData Name=\"Company\"\u003eMicrosoft Corporation\u003c/Data\u003e\u003cData Name=\"OriginalFileName\"\u003empclient.dll\u003c/Data\u003e\u003cData Name=\"Hashes\"\u003eSHA1=BA4174CAD03CE267E338B9B4BCE61ACD0B8422E5,MD5=01FF7FE8BBB5F6E4004E5909EE1CE321,SHA256=265A54BA2C7F3F83C425B93C83B16F215B1ED8F0CECB75D7639020189D6A5D11,IMPHASH=1B76CDCE5E761B41EE5DC5C825C40E13\u003c/Data\u003e\u003cData Name=\"Signed\"\u003etrue\u003c/Data\u003e\u003cData Name=\"Signature\"\u003eMicrosoft Windows\u003c/Data\u003e\u003cData Name=\"SignatureStatus\"\u003eValid\u003c/Data\u003e\u003cData Name=\"User\"\u003eMSSENTINEL\\wardog\u003c/Data\u003e\u003c/EventData\u003e","Task":"7","RuleName":"-","UtcTime":"2022-09-22 16:31:24.586","ProcessGuid":"{03bfca49-8dd2-632c-550d-000000000b00}","ProcessId":"12372","Image":"C:\\Windows\\System32\\notepad.exe","ImageLoaded":"C:\\ProgramData\\Microsoft\\Windows Defender\\Platform\\4.18.2207.7-0\\MpClient.dll","FileVersion":"4.18.2207.7 (WinBuild.160101.0800)","Description":"Client Interface","Product":"Microsoft® Windows® Operating System","Company":"Microsoft Corporation","OriginalFileName":"mpclient.dll","Hashes":"SHA1=BA4174CAD03CE267E338B9B4BCE61ACD0B8422E5,MD5=01FF7FE8BBB5F6E4004E5909EE1CE321,SHA256=265A54BA2C7F3F83C425B93C83B16F215B1ED8F0CECB75D7639020189D6A5D11,IMPHASH=1B76CDCE5E761B41EE5DC5C825C40E13","Signed":"true","Signature":"Microsoft Windows","SignatureStatus":"Valid","User":"MSSENTINEL\\wardog"},{"EventSourceName":"Microsoft-Windows-Sysmon","Provider":"Microsoft-Windows-Sysmon","ProviderGuid":"{5770385f-c22a-43e0-bf4c-06f5698ffbd9}","Level":"4","Keywords":"0x8000000000000000","Channel":"Microsoft-Windows-Sysmon/Operational","Computer":"WORKSTATION6.mssentinel.local","TimeCreated":"2022-09-22T12:31:24.596Z","TimeGenerated":"2022-09-22T04:31:24.596Z","EventRecordID":"3328645","EventID":7,"Message":"Image loaded:\r\nRuleName: -\r\nUtcTime: 2022-09-22 16:31:24.586\r\nProcessGuid: {03bfca49-8dd2-632c-550d-000000000b00}\r\nProcessId: 12372\r\nImage: C:\\Windows\\System32\\notepad.exe\r\nImageLoaded: C:\\Windows\\System32\\gpapi.dll\r\nFileVersion: 10.0.19041.1387 (WinBuild.160101.0800)\r\nDescription: Group Policy Client API\r\nProduct: Microsoft® Windows® Operating System\r\nCompany: Microsoft Corporation\r\nOriginalFileName: gpapi.dll\r\nHashes: SHA1=B83CA77605621A5DE72738DC063FBE0F8F19740F,MD5=42AE6AF494029776CCDD137315E247E1,SHA256=2404E44E37BBB848F10573187A313D0598619E9F31C744B76AA4773803F8D9E8,IMPHASH=5DABEC1BC8E76084EDACD112F77CACD1\r\nSigned: true\r\nSignature: Microsoft Windows\r\nSignatureStatus: Valid\r\nUser: MSSENTINEL\\wardog","EventData":"\u003cEventData xmlns=\"http://schemas.microsoft.com/win/2004/08/events/event\"\u003e\u003cData Name=\"RuleName\"\u003e-\u003c/Data\u003e\u003cData Name=\"UtcTime\"\u003e2022-09-22 16:31:24.586\u003c/Data\u003e\u003cData Name=\"ProcessGuid\"\u003e{03bfca49-8dd2-632c-550d-000000000b00}\u003c/Data\u003e\u003cData Name=\"ProcessId\"\u003e12372\u003c/Data\u003e\u003cData Name=\"Image\"\u003eC:\\Windows\\System32\\notepad.exe\u003c/Data\u003e\u003cData Name=\"ImageLoaded\"\u003eC:\\Windows\\System32\\gpapi.dll\u003c/Data\u003e\u003cData Name=\"FileVersion\"\u003e10.0.19041.1387 (WinBuild.160101.0800)\u003c/Data\u003e\u003cData Name=\"Description\"\u003eGroup Policy Client API\u003c/Data\u003e\u003cData Name=\"Product\"\u003eMicrosoft® Windows® Operating System\u003c/Data\u003e\u003cData Name=\"Company\"\u003eMicrosoft Corporation\u003c/Data\u003e\u003cData Name=\"OriginalFileName\"\u003egpapi.dll\u003c/Data\u003e\u003cData Name=\"Hashes\"\u003eSHA1=B83CA77605621A5DE72738DC063FBE0F8F19740F,MD5=42AE6AF494029776CCDD137315E247E1,SHA256=2404E44E37BBB848F10573187A313D0598619E9F31C744B76AA4773803F8D9E8,IMPHASH=5DABEC1BC8E76084EDACD112F77CACD1\u003c/Data\u003e\u003cData Name=\"Signed\"\u003etrue\u003c/Data\u003e\u003cData Name=\"Signature\"\u003eMicrosoft Windows\u003c/Data\u003e\u003cData Name=\"SignatureStatus\"\u003eValid\u003c/Data\u003e\u003cData Name=\"User\"\u003eMSSENTINEL\\wardog\u003c/Data\u003e\u003c/EventData\u003e","Task":"7","RuleName":"-","UtcTime":"2022-09-22 16:31:24.586","ProcessGuid":"{03bfca49-8dd2-632c-550d-000000000b00}","ProcessId":"12372","Image":"C:\\Windows\\System32\\notepad.exe","ImageLoaded":"C:\\Windows\\System32\\gpapi.dll","FileVersion":"10.0.19041.1387 (WinBuild.160101.0800)","Description":"Group Policy Client API","Product":"Microsoft® Windows® Operating System","Company":"Microsoft Corporation","OriginalFileName":"gpapi.dll","Hashes":"SHA1=B83CA77605621A5DE72738DC063FBE0F8F19740F,MD5=42AE6AF494029776CCDD137315E247E1,SHA256=2404E44E37BBB848F10573187A313D0598619E9F31C744B76AA4773803F8D9E8,IMPHASH=5DABEC1BC8E76084EDACD112F77CACD1","Signed":"true","Signature":"Microsoft Windows","SignatureStatus":"Valid","User":"MSSENTINEL\\wardog"}]
