{"EventSourceName":"Microsoft-Windows-Sysmon","Provider":"Microsoft-Windows-Sysmon","ProviderGuid":"{5770385f-c22a-43e0-bf4c-06f5698ffbd9}","Level":"4","Keywords":"0x8000000000000000","Channel":"Microsoft-Windows-Sysmon/Operational","Computer":"WORKSTATION6.mssentinel.local","TimeCreated":"2022-09-22T12:31:23.762Z","TimeGenerated":"2022-09-22T04:31:23.762Z","EventRecordID":"3328611","EventID":7,"Message":"Image loaded:\r\nRuleName: -\r\nUtcTime: 2022-09-22 16:31:23.758\r\nProcessGuid: {03bfca49-8dd2-632c-550d-000000000b00}\r\nProcessId: 12372\r\nImage: C:\\Windows\\System32\\notepad.exe\r\nImageLoaded: C:\\Windows\\System32\\OpcServices.dll\r\nFileVersion: 10.0.19041.546 (WinBuild.160101.0800)\r\nDescription: Native Code OPC Services Library\r\nProduct: Microsoft® Windows® Operating System\r\nCompany: Microsoft Corporation\r\nOriginalFileName: OpcServices.dll\r\nHashes: SHA1=9B18C2A9E432BBAB2AEDF73A2FD8DAD7E72D66D3,MD5=67BB7A4626D3B429F5145C9FDD725F58,SHA256=DB39590B74ACC4268A47FB1F5E4BB12E0F6B369B870BB3C70E6252BF7724AD21,IMPHASH=C707D399920BA5ACB9C4A3FC1BF1B076\r\nSigned: true\r\nSignature: Microsoft Windows\r\nSignatureStatus: Valid\r\nUser: MSSENTINEL\\wardog","EventData":"\u003cEventData xmlns=\"http://schemas.microsoft.com/win/2004/08/events/event\"\u003e\u003cData Name=\"RuleName\"\u003e-\u003c/Data\u003e\u003cData Name=\"UtcTime\"\u003e2022-09-22 16:31:23.758\u003c/Data\u003e\u003cData Name=\"ProcessGuid\"\u003e{03bfca49-8dd2-632c-550d-000000000b00}\u003c/Data\u003e\u003cData Name=\"ProcessId\"\u003e12372\u003c/Data\u003e\u003cData Name=\"Image\"\u003eC:\\Windows\\System32\\notepad.exe\u003c/Data\u003e\u003cData Name=\"ImageLoaded\"\u003eC:\\Windows\\System32\\OpcServices.dll\u003c/Data\u003e\u003cData Name=\"FileVersion\"\u003e10.0.19041.546 (WinBuild.160101.0800)\u003c/Data\u003e\u003cData Name=\"Description\"\u003eNative Code OPC Services Library\u003c/Data\u003e\u003cData Name=\"Product\"\u003eMicrosoft® Windows® Operating System\u003c/Data\u003e\u003cData Name=\"Company\"\u003eMicrosoft Corporation\u003c/Data\u003e\u003cData Name=\"OriginalFileName\"\u003eOpcServices.dll\u003c/Data\u003e\u003cData Name=\"Hashes\"\u003eSHA1=9B18C2A9E432BBAB2AEDF73A2FD8DAD7E72D66D3,MD5=67BB7A4626D3B429F5145C9FDD725F58,SHA256=DB39590B74ACC4268A47FB1F5E4BB12E0F6B369B870BB3C70E6252BF7724AD21,IMPHASH=C707D399920BA5ACB9C4A3FC1BF1B076\u003c/Data\u003e\u003cData Name=\"Signed\"\u003etrue\u003c/Data\u003e\u003cData Name=\"Signature\"\u003eMicrosoft Windows\u003c/Data\u003e\u003cData Name=\"SignatureStatus\"\u003eValid\u003c/Data\u003e\u003cData Name=\"User\"\u003eMSSENTINEL\\wardog\u003c/Data\u003e\u003c/EventData\u003e","Task":"7","RuleName":"-","UtcTime":"2022-09-22 16:31:23.758","ProcessGuid":"{03bfca49-8dd2-632c-550d-000000000b00}","ProcessId":"12372","Image":"C:\\Windows\\System32\\notepad.exe","ImageLoaded":"C:\\Windows\\System32\\OpcServices.dll","FileVersion":"10.0.19041.546 (WinBuild.160101.0800)","Description":"Native Code OPC Services Library","Product":"Microsoft® Windows® Operating System","Company":"Microsoft Corporation","OriginalFileName":"OpcServices.dll","Hashes":"SHA1=9B18C2A9E432BBAB2AEDF73A2FD8DAD7E72D66D3,MD5=67BB7A4626D3B429F5145C9FDD725F58,SHA256=DB39590B74ACC4268A47FB1F5E4BB12E0F6B369B870BB3C70E6252BF7724AD21,IMPHASH=C707D399920BA5ACB9C4A3FC1BF1B076","Signed":"true","Signature":"Microsoft Windows","SignatureStatus":"Valid","User":"MSSENTINEL\\wardog"},{"EventSourceName":"Microsoft-Windows-Sysmon","Provider":"Microsoft-Windows-Sysmon","ProviderGuid":"{5770385f-c22a-43e0-bf4c-06f5698ffbd9}","Level":"4","Keywords":"0x8000000000000000","Channel":"Microsoft-Windows-Sysmon/Operational","Computer":"WORKSTATION6.mssentinel.local","TimeCreated":"2022-09-22T12:31:23.780Z","TimeGenerated":"2022-09-22T04:31:23.780Z","EventRecordID":"3328612","EventID":7,"Message":"Image loaded:\r\nRuleName: -\r\nUtcTime: 2022-09-22 16:31:23.774\r\nProcessGuid: {03bfca49-8dd2-632c-550d-000000000b00}\r\nProcessId: 12372\r\nImage: C:\\Windows\\System32\\notepad.exe\r\nImageLoaded: C:\\Windows\\System32\\xmllite.dll\r\nFileVersion: 10.0.19041.546 (WinBuild.160101.0800)\r\nDescription: Microsoft XmlLite Library\r\nProduct: Microsoft® Windows® Operating System\r\nCompany: Microsoft Corporation\r\nOriginalFileName: XmlLite.dll\r\nHashes: SHA1=D9B3AF28C0DD54260EC2995E1610568DBB23C48E,MD5=EDD4AB0B9754DDAEBA5B1EBA5BFB7D49,SHA256=1C504B90689A1D12AB8B571EDC6189B085502D1794FCDC890897DF4729399A5F,IMPHASH=D2E0F3F026362C9BF4BA56FA26B36D50\r\nSigned: true\r\nSignature: Microsoft Windows\r\nSignatureStatus: Valid\r\nUser: MSSENTINEL\\wardog","EventData":"\u003cEventData xmlns=\"http://schemas.microsoft.com/win/2004/08/events/event\"\u003e\u003cData Name=\"RuleName\"\u003e-\u003c/Data\u003e\u003cData Name=\"UtcTime\"\u003e2022-09-22 16:31:23.774\u003c/Data\u003e\u003cData Name=\"ProcessGuid\"\u003e{03bfca49-8dd2-632c-550d-000000000b00}\u003c/Data\u003e\u003cData Name=\"ProcessId\"\u003e12372\u003c/Data\u003e\u003cData Name=\"Image\"\u003eC:\\Windows\\System32\\notepad.exe\u003c/Data\u003e\u003cData Name=\"ImageLoaded\"\u003eC:\\Windows\\System32\\xmllite.dll\u003c/Data\u003e\u003cData Name=\"FileVersion\"\u003e10.0.19041.546 (WinBuild.160101.0800)\u003c/Data\u003e\u003cData Name=\"Description\"\u003eMicrosoft XmlLite Library\u003c/Data\u003e\u003cData Name=\"Product\"\u003eMicrosoft® Windows® Operating System\u003c/Data\u003e\u003cData Name=\"Company\"\u003eMicrosoft Corporation\u003c/Data\u003e\u003cData Name=\"OriginalFileName\"\u003eXmlLite.dll\u003c/Data\u003e\u003cData Name=\"Hashes\"\u003eSHA1=D9B3AF28C0DD54260EC2995E1610568DBB23C48E,MD5=EDD4AB0B9754DDAEBA5B1EBA5BFB7D49,SHA256=1C504B90689A1D12AB8B571EDC6189B085502D1794FCDC890897DF4729399A5F,IMPHASH=D2E0F3F026362C9BF4BA56FA26B36D50\u003c/Data\u003e\u003cData Name=\"Signed\"\u003etrue\u003c/Data\u003e\u003cData Name=\"Signature\"\u003eMicrosoft Windows\u003c/Data\u003e\u003cData Name=\"SignatureStatus\"\u003eValid\u003c/Data\u003e\u003cData Name=\"User\"\u003eMSSENTINEL\\wardog\u003c/Data\u003e\u003c/EventData\u003e","Task":"7","RuleName":"-","UtcTime":"2022-09-22 16:31:23.774","ProcessGuid":"{03bfca49-8dd2-632c-550d-000000000b00}","ProcessId":"12372","Image":"C:\\Windows\\System32\\notepad.exe","ImageLoaded":"C:\\Windows\\System32\\xmllite.dll","FileVersion":"10.0.19041.546 (WinBuild.160101.0800)","Description":"Microsoft XmlLite Library","Product":"Microsoft® Windows® Operating System","Company":"Microsoft Corporation","OriginalFileName":"XmlLite.dll","Hashes":"SHA1=D9B3AF28C0DD54260EC2995E1610568DBB23C48E,MD5=EDD4AB0B9754DDAEBA5B1EBA5BFB7D49,SHA256=1C504B90689A1D12AB8B571EDC6189B085502D1794FCDC890897DF4729399A5F,IMPHASH=D2E0F3F026362C9BF4BA56FA26B36D50","Signed":"true","Signature":"Microsoft Windows","SignatureStatus":"Valid","User":"MSSENTINEL\\wardog"},{"EventSourceName":"Microsoft-Windows-Sysmon","Provider":"Microsoft-Windows-Sysmon","ProviderGuid":"{5770385f-c22a-43e0-bf4c-06f5698ffbd9}","Level":"4","Keywords":"0x8000000000000000","Channel":"Microsoft-Windows-Sysmon/Operational","Computer":"WORKSTATION6.mssentinel.local","TimeCreated":"2022-09-22T12:31:23.795Z","TimeGenerated":"2022-09-22T04:31:23.795Z","EventRecordID":"3328613","EventID":7,"Message":"Image loaded:\r\nRuleName: -\r\nUtcTime: 2022-09-22 16:31:23.789\r\nProcessGuid: {03bfca49-8dd2-632c-550d-000000000b00}\r\nProcessId: 12372\r\nImage: C:\\Windows\\System32\\notepad.exe\r\nImageLoaded: C:\\Windows\\System32\\urlmon.dll\r\nFileVersion: 11.00.19041.1320 (WinBuild.160101.0800)\r\nDescription: OLE32 Extensions for Win32\r\nProduct: Internet Explorer\r\nCompany: Microsoft Corporation\r\nOriginalFileName: UrlMon.dll\r\nHashes: SHA1=F0243431043FF3B30835BC00085518A81B4E56D6,MD5=DEEFC52FA55C586DA20AEABABF25C504,SHA256=484F3904F9A862DA6505B285121824DE515E239E0960B01D5D45B735E36D0A46,IMPHASH=88A5A42864C4C2F3ED787E37A7630515\r\nSigned: true\r\nSignature: Microsoft Windows\r\nSignatureStatus: Valid\r\nUser: MSSENTINEL\\wardog","EventData":"\u003cEventData xmlns=\"http://schemas.microsoft.com/win/2004/08/events/event\"\u003e\u003cData Name=\"RuleName\"\u003e-\u003c/Data\u003e\u003cData Name=\"UtcTime\"\u003e2022-09-22 16:31:23.789\u003c/Data\u003e\u003cData Name=\"ProcessGuid\"\u003e{03bfca49-8dd2-632c-550d-000000000b00}\u003c/Data\u003e\u003cData Name=\"ProcessId\"\u003e12372\u003c/Data\u003e\u003cData Name=\"Image\"\u003eC:\\Windows\\System32\\notepad.exe\u003c/Data\u003e\u003cData Name=\"ImageLoaded\"\u003eC:\\Windows\\System32\\urlmon.dll\u003c/Data\u003e\u003cData Name=\"FileVersion\"\u003e11.00.19041.1320 (WinBuild.160101.0800)\u003c/Data\u003e\u003cData Name=\"Description\"\u003eOLE32 Extensions for Win32\u003c/Data\u003e\u003cData Name=\"Product\"\u003eInternet Explorer\u003c/Data\u003e\u003cData Name=\"Company\"\u003eMicrosoft Corporation\u003c/Data\u003e\u003cData Name=\"OriginalFileName\"\u003eUrlMon.dll\u003c/Data\u003e\u003cData Name=\"Hashes\"\u003eSHA1=F0243431043FF3B30835BC00085518A81B4E56D6,MD5=DEEFC52FA55C586DA20AEABABF25C504,SHA256=484F3904F9A862DA6505B285121824DE515E239E0960B01D5D45B735E36D0A46,IMPHASH=88A5A42864C4C2F3ED787E37A7630515\u003c/Data\u003e\u003cData Name=\"Signed\"\u003etrue\u003c/Data\u003e\u003cData Name=\"Signature\"\u003eMicrosoft Windows\u003c/Data\u003e\u003cData Name=\"SignatureStatus\"\u003eValid\u003c/Data\u003e\u003cData Name=\"User\"\u003eMSSENTINEL\\wardog\u003c/Data\u003e\u003c/EventData\u003e","Task":"7","RuleName":"-","UtcTime":"2022-09-22 16:31:23.789","ProcessGuid":"{03bfca49-8dd2-632c-550d-000000000b00}","ProcessId":"12372","Image":"C:\\Windows\\System32\\notepad.exe","ImageLoaded":"C:\\Windows\\System32\\urlmon.dll","FileVersion":"11.00.19041.1320 (WinBuild.160101.0800)","Description":"OLE32 Extensions for Win32","Product":"Internet Explorer","Company":"Microsoft Corporation","OriginalFileName":"UrlMon.dll","Hashes":"SHA1=F0243431043FF3B30835BC00085518A81B4E56D6,MD5=DEEFC52FA55C586DA20AEABABF25C504,SHA256=484F3904F9A862DA6505B285121824DE515E239E0960B01D5D45B735E36D0A46,IMPHASH=88A5A42864C4C2F3ED787E37A7630515","Signed":"true","Signature":"Microsoft Windows","SignatureStatus":"Valid","User":"MSSENTINEL\\wardog"},{"EventSourceName":"Microsoft-Windows-Sysmon","Provider":"Microsoft-Windows-Sysmon","ProviderGuid":"{5770385f-c22a-43e0-bf4c-06f5698ffbd9}","Level":"4","Keywords":"0x8000000000000000","Channel":"Microsoft-Windows-Sysmon/Operational","Computer":"WORKSTATION6.mssentinel.local","TimeCreated":"2022-09-22T12:31:23.796Z","TimeGenerated":"2022-09-22T04:31:23.796Z","EventRecordID":"3328614","EventID":7,"Message":"Image loaded:\r\nRuleName: -\r\nUtcTime: 2022-09-22 16:31:23.789\r\nProcessGuid: {03bfca49-8dd2-632c-550d-000000000b00}\r\nProcessId: 12372\r\nImage: C:\\Windows\\System32\\notepad.exe\r\nImageLoaded: C:\\Windows\\System32\\netutils.dll\r\nFileVersion: 10.0.19041.546 (WinBuild.160101.0800)\r\nDescription: Net Win32 API Helpers DLL\r\nProduct: Microsoft® Windows® Operating System\r\nCompany: Microsoft Corporation\r\nOriginalFileName: NETUTILS.DLL\r\nHashes: SHA1=1038AA4D791515382EF14485601E74AE897122FE,MD5=87185311A6DE2E993E72502F58C1171F,SHA256=4B02305203AB1AC0E795B6467C1E17A00C17447941AEFBF91378186E2FC580D8,IMPHASH=2F3A8C2E0C916DDE0562583BEBDFFEB4\r\nSigned: true\r\nSignature: Microsoft Windows\r\nSignatureStatus: Valid\r\nUser: MSSENTINEL\\wardog","EventData":"\u003cEventData xmlns=\"http://schemas.microsoft.com/win/2004/08/events/event\"\u003e\u003cData Name=\"RuleName\"\u003e-\u003c/Data\u003e\u003cData Name=\"UtcTime\"\u003e2022-09-22 16:31:23.789\u003c/Data\u003e\u003cData Name=\"ProcessGuid\"\u003e{03bfca49-8dd2-632c-550d-000000000b00}\u003c/Data\u003e\u003cData Name=\"ProcessId\"\u003e12372\u003c/Data\u003e\u003cData Name=\"Image\"\u003eC:\\Windows\\System32\\notepad.exe\u003c/Data\u003e\u003cData Name=\"ImageLoaded\"\u003eC:\\Windows\\System32\\netutils.dll\u003c/Data\u003e\u003cData Name=\"FileVersion\"\u003e10.0.19041.546 (WinBuild.160101.0800)\u003c/Data\u003e\u003cData Name=\"Description\"\u003eNet Win32 API Helpers DLL\u003c/Data\u003e\u003cData Name=\"Product\"\u003eMicrosoft® Windows® Operating System\u003c/Data\u003e\u003cData Name=\"Company\"\u003eMicrosoft Corporation\u003c/Data\u003e\u003cData Name=\"OriginalFileName\"\u003eNETUTILS.DLL\u003c/Data\u003e\u003cData Name=\"Hashes\"\u003eSHA1=1038AA4D791515382EF14485601E74AE897122FE,MD5=87185311A6DE2E993E72502F58C1171F,SHA256=4B02305203AB1AC0E795B6467C1E17A00C17447941AEFBF91378186E2FC580D8,IMPHASH=2F3A8C2E0C916DDE0562583BEBDFFEB4\u003c/Data\u003e\u003cData Name=\"Signed\"\u003etrue\u003c/Data\u003e\u003cData Name=\"Signature\"\u003eMicrosoft Windows\u003c/Data\u003e\u003cData Name=\"SignatureStatus\"\u003eValid\u003c/Data\u003e\u003cData Name=\"User\"\u003eMSSENTINEL\\wardog\u003c/Data\u003e\u003c/EventData\u003e","Task":"7","RuleName":"-","UtcTime":"2022-09-22 16:31:23.789","ProcessGuid":"{03bfca49-8dd2-632c-550d-000000000b00}","ProcessId":"12372","Image":"C:\\Windows\\System32\\notepad.exe","ImageLoaded":"C:\\Windows\\System32\\netutils.dll","FileVersion":"10.0.19041.546 (WinBuild.160101.0800)","Description":"Net Win32 API Helpers DLL","Product":"Microsoft® Windows® Operating System","Company":"Microsoft Corporation","OriginalFileName":"NETUTILS.DLL","Hashes":"SHA1=1038AA4D791515382EF14485601E74AE897122FE,MD5=87185311A6DE2E993E72502F58C1171F,SHA256=4B02305203AB1AC0E795B6467C1E17A00C17447941AEFBF91378186E2FC580D8,IMPHASH=2F3A8C2E0C916DDE0562583BEBDFFEB4","Signed":"true","Signature":"Microsoft Windows","SignatureStatus":"Valid","User":"MSSENTINEL\\wardog"},{"EventSourceName":"Microsoft-Windows-Sysmon","Provider":"Microsoft-Windows-Sysmon","ProviderGuid":"{5770385f-c22a-43e0-bf4c-06f5698ffbd9}","Level":"4","Keywords":"0x8000000000000000","Channel":"Microsoft-Windows-Sysmon/Operational","Computer":"WORKSTATION6.mssentinel.local","TimeCreated":"2022-09-22T12:31:23.797Z","TimeGenerated":"2022-09-22T04:31:23.797Z","EventRecordID":"3328615","EventID":7,"Message":"Image loaded:\r\nRuleName: -\r\nUtcTime: 2022-09-22 16:31:23.789\r\nProcessGuid: {03bfca49-8dd2-632c-550d-000000000b00}\r\nProcessId: 12372\r\nImage: C:\\Windows\\System32\\notepad.exe\r\nImageLoaded: C:\\Windows\\System32\\srvcli.dll\r\nFileVersion: 10.0.19041.546 (WinBuild.160101.0800)\r\nDescription: Server Service Client DLL\r\nProduct: Microsoft® Windows® Operating System\r\nCompany: Microsoft Corporation\r\nOriginalFileName: SRVCLI.DLL\r\nHashes: SHA1=7C6C23F7869AFD77FC693D8213BEA5C4C64246CF,MD5=77703D4393B62469F8FB6B0C343B49BD,SHA256=FBFE510826C49C0E6637D3E48E34C0B872ED545B3262520D18954B735A8EFD85,IMPHASH=A09FF3616CBB41B2263E0AEA182A8311\r\nSigned: true\r\nSignature: Microsoft Windows\r\nSignatureStatus: Valid\r\nUser: MSSENTINEL\\wardog","EventData":"\u003cEventData xmlns=\"http://schemas.microsoft.com/win/2004/08/events/event\"\u003e\u003cData Name=\"RuleName\"\u003e-\u003c/Data\u003e\u003cData Name=\"UtcTime\"\u003e2022-09-22 16:31:23.789\u003c/Data\u003e\u003cData Name=\"ProcessGuid\"\u003e{03bfca49-8dd2-632c-550d-000000000b00}\u003c/Data\u003e\u003cData Name=\"ProcessId\"\u003e12372\u003c/Data\u003e\u003cData Name=\"Image\"\u003eC:\\Windows\\System32\\notepad.exe\u003c/Data\u003e\u003cData Name=\"ImageLoaded\"\u003eC:\\Windows\\System32\\srvcli.dll\u003c/Data\u003e\u003cData Name=\"FileVersion\"\u003e10.0.19041.546 (WinBuild.160101.0800)\u003c/Data\u003e\u003cData Name=\"Description\"\u003eServer Service Client DLL\u003c/Data\u003e\u003cData Name=\"Product\"\u003eMicrosoft® Windows® Operating System\u003c/Data\u003e\u003cData Name=\"Company\"\u003eMicrosoft Corporation\u003c/Data\u003e\u003cData Name=\"OriginalFileName\"\u003eSRVCLI.DLL\u003c/Data\u003e\u003cData Name=\"Hashes\"\u003eSHA1=7C6C23F7869AFD77FC693D8213BEA5C4C64246CF,MD5=77703D4393B62469F8FB6B0C343B49BD,SHA256=FBFE510826C49C0E6637D3E48E34C0B872ED545B3262520D18954B735A8EFD85,IMPHASH=A09FF3616CBB41B2263E0AEA182A8311\u003c/Data\u003e\u003cData Name=\"Signed\"\u003etrue\u003c/Data\u003e\u003cData Name=\"Signature\"\u003eMicrosoft Windows\u003c/Data\u003e\u003cData Name=\"SignatureStatus\"\u003eValid\u003c/Data\u003e\u003cData Name=\"User\"\u003eMSSENTINEL\\wardog\u003c/Data\u003e\u003c/EventData\u003e","Task":"7","RuleName":"-","UtcTime":"2022-09-22 16:31:23.789","ProcessGuid":"{03bfca49-8dd2-632c-550d-000000000b00}","ProcessId":"12372","Image":"C:\\Windows\\System32\\notepad.exe","ImageLoaded":"C:\\Windows\\System32\\srvcli.dll","FileVersion":"10.0.19041.546 (WinBuild.160101.0800)","Description":"Server Service Client DLL","Product":"Microsoft® Windows® Operating System","Company":"Microsoft Corporation","OriginalFileName":"SRVCLI.DLL","Hashes":"SHA1=7C6C23F7869AFD77FC693D8213BEA5C4C64246CF,MD5=77703D4393B62469F8FB6B0C343B49BD,SHA256=FBFE510826C49C0E6637D3E48E34C0B872ED545B3262520D18954B735A8EFD85,IMPHASH=A09FF3616CBB41B2263E0AEA182A8311","Signed":"true","Signature":"Microsoft Windows","SignatureStatus":"Valid","User":"MSSENTINEL\\wardog"},{"EventSourceName":"Microsoft-Windows-Sysmon","Provider":"Microsoft-Windows-Sysmon","ProviderGuid":"{5770385f-c22a-43e0-bf4c-06f5698ffbd9}","Level":"4","Keywords":"0x8000000000000000","Channel":"Microsoft-Windows-Sysmon/Operational","Computer":"WORKSTATION6.mssentinel.local","TimeCreated":"2022-09-22T12:31:23.825Z","TimeGenerated":"2022-09-22T04:31:23.825Z","EventRecordID":"3328616","EventID":7,"Message":"Image loaded:\r\nRuleName: -\r\nUtcTime: 2022-09-22 16:31:23.820\r\nProcessGuid: {03bfca49-8dd2-632c-550d-000000000b00}\r\nProcessId: 12372\r\nImage: C:\\Windows\\System32\\notepad.exe\r\nImageLoaded: C:\\Windows\\System32\\iertutil.dll\r\nFileVersion: 11.00.19041.1266 (WinBuild.160101.0800)\r\nDescription: Run time utility for Internet Explorer\r\nProduct: Internet Explorer\r\nCompany: Microsoft Corporation\r\nOriginalFileName: IeRtUtil.dll\r\nHashes: SHA1=72BB4BBF5DBE64993CD005407C565264A7388879,MD5=41F1FC3CCD219C58D2ED91A0213F6693,SHA256=A40DE7FDA4A60B9315D1A50453EB2EAC2E3E720490239510E213B0E9959DB76C,IMPHASH=B852FEA8B6523C4DCD675F6BB00E682C\r\nSigned: true\r\nSignature: Microsoft Windows\r\nSignatureStatus: Valid\r\nUser: MSSENTINEL\\wardog","EventData":"\u003cEventData xmlns=\"http://schemas.microsoft.com/win/2004/08/events/event\"\u003e\u003cData Name=\"RuleName\"\u003e-\u003c/Data\u003e\u003cData Name=\"UtcTime\"\u003e2022-09-22 16:31:23.820\u003c/Data\u003e\u003cData Name=\"ProcessGuid\"\u003e{03bfca49-8dd2-632c-550d-000000000b00}\u003c/Data\u003e\u003cData Name=\"ProcessId\"\u003e12372\u003c/Data\u003e\u003cData Name=\"Image\"\u003eC:\\Windows\\System32\\notepad.exe\u003c/Data\u003e\u003cData Name=\"ImageLoaded\"\u003eC:\\Windows\\System32\\iertutil.dll\u003c/Data\u003e\u003cData Name=\"FileVersion\"\u003e11.00.19041.1266 (WinBuild.160101.0800)\u003c/Data\u003e\u003cData Name=\"Description\"\u003eRun time utility for Internet Explorer\u003c/Data\u003e\u003cData Name=\"Product\"\u003eInternet Explorer\u003c/Data\u003e\u003cData Name=\"Company\"\u003eMicrosoft Corporation\u003c/Data\u003e\u003cData Name=\"OriginalFileName\"\u003eIeRtUtil.dll\u003c/Data\u003e\u003cData Name=\"Hashes\"\u003eSHA1=72BB4BBF5DBE64993CD005407C565264A7388879,MD5=41F1FC3CCD219C58D2ED91A0213F6693,SHA256=A40DE7FDA4A60B9315D1A50453EB2EAC2E3E720490239510E213B0E9959DB76C,IMPHASH=B852FEA8B6523C4DCD675F6BB00E682C\u003c/Data\u003e\u003cData Name=\"Signed\"\u003etrue\u003c/Data\u003e\u003cData Name=\"Signature\"\u003eMicrosoft Windows\u003c/Data\u003e\u003cData Name=\"SignatureStatus\"\u003eValid\u003c/Data\u003e\u003cData Name=\"User\"\u003eMSSENTINEL\\wardog\u003c/Data\u003e\u003c/EventData\u003e","Task":"7","RuleName":"-","UtcTime":"2022-09-22 16:31:23.820","ProcessGuid":"{03bfca49-8dd2-632c-550d-000000000b00}","ProcessId":"12372","Image":"C:\\Windows\\System32\\notepad.exe","ImageLoaded":"C:\\Windows\\System32\\iertutil.dll","FileVersion":"11.00.19041.1266 (WinBuild.160101.0800)","Description":"Run time utility for Internet Explorer","Product":"Internet Explorer","Company":"Microsoft Corporation","OriginalFileName":"IeRtUtil.dll","Hashes":"SHA1=72BB4BBF5DBE64993CD005407C565264A7388879,MD5=41F1FC3CCD219C58D2ED91A0213F6693,SHA256=A40DE7FDA4A60B9315D1A50453EB2EAC2E3E720490239510E213B0E9959DB76C,IMPHASH=B852FEA8B6523C4DCD675F6BB00E682C","Signed":"true","Signature":"Microsoft Windows","SignatureStatus":"Valid","User":"MSSENTINEL\\wardog"},{"EventSourceName":"Microsoft-Windows-Sysmon","Provider":"Microsoft-Windows-Sysmon","ProviderGuid":"{5770385f-c22a-43e0-bf4c-06f5698ffbd9}","Level":"4","Keywords":"0x8000000000000000","Channel":"Microsoft-Windows-Sysmon/Operational","Computer":"WORKSTATION6.mssentinel.local","TimeCreated":"2022-09-22T12:31:23.828Z","TimeGenerated":"2022-09-22T04:31:23.828Z","EventRecordID":"3328617","EventID":7,"Message":"Image loaded:\r\nRuleName: -\r\nUtcTime: 2022-09-22 16:31:23.820\r\nProcessGuid: {03bfca49-8dd2-632c-550d-000000000b00}\r\nProcessId: 12372\r\nImage: C:\\Windows\\System32\\notepad.exe\r\nImageLoaded: C:\\Windows\\System32\\WindowsPowerShell\\v1.0\\pwrshsip.dll\r\nFileVersion: 10.0.19041.546 (WinBuild.160101.0800)\r\nDescription: Crypto SIP provider for signing and verifying PowerShell script files (.ps1/.ps1xml)\r\nProduct: Microsoft® Windows® Operating System\r\nCompany: Microsoft Corporation\r\nOriginalFileName: pwrshsip.dll\r\nHashes: SHA1=C52A4C2685BEF3C3CAC8A0ED69F6009ED23B0F11,MD5=80C5053A34BD3BBDB6DF18D5E0B7F870,SHA256=9A1BB8828D989032F1C33B321D84D0108B4FBFB6A71942B93C287BADFF132B30,IMPHASH=D9D7C00E2EAF03F74330D8F1204C0A12\r\nSigned: true\r\nSignature: Microsoft Windows\r\nSignatureStatus: Valid\r\nUser: MSSENTINEL\\wardog","EventData":"\u003cEventData xmlns=\"http://schemas.microsoft.com/win/2004/08/events/event\"\u003e\u003cData Name=\"RuleName\"\u003e-\u003c/Data\u003e\u003cData Name=\"UtcTime\"\u003e2022-09-22 16:31:23.820\u003c/Data\u003e\u003cData Name=\"ProcessGuid\"\u003e{03bfca49-8dd2-632c-550d-000000000b00}\u003c/Data\u003e\u003cData Name=\"ProcessId\"\u003e12372\u003c/Data\u003e\u003cData Name=\"Image\"\u003eC:\\Windows\\System32\\notepad.exe\u003c/Data\u003e\u003cData Name=\"ImageLoaded\"\u003eC:\\Windows\\System32\\WindowsPowerShell\\v1.0\\pwrshsip.dll\u003c/Data\u003e\u003cData Name=\"FileVersion\"\u003e10.0.19041.546 (WinBuild.160101.0800)\u003c/Data\u003e\u003cData Name=\"Description\"\u003eCrypto SIP provider for signing and verifying PowerShell script files (.ps1/.ps1xml)\u003c/Data\u003e\u003cData Name=\"Product\"\u003eMicrosoft® Windows® Operating System\u003c/Data\u003e\u003cData Name=\"Company\"\u003eMicrosoft Corporation\u003c/Data\u003e\u003cData Name=\"OriginalFileName\"\u003epwrshsip.dll\u003c/Data\u003e\u003cData Name=\"Hashes\"\u003eSHA1=C52A4C2685BEF3C3CAC8A0ED69F6009ED23B0F11,MD5=80C5053A34BD3BBDB6DF18D5E0B7F870,SHA256=9A1BB8828D989032F1C33B321D84D0108B4FBFB6A71942B93C287BADFF132B30,IMPHASH=D9D7C00E2EAF03F74330D8F1204C0A12\u003c/Data\u003e\u003cData Name=\"Signed\"\u003etrue\u003c/Data\u003e\u003cData Name=\"Signature\"\u003eMicrosoft Windows\u003c/Data\u003e\u003cData Name=\"SignatureStatus\"\u003eValid\u003c/Data\u003e\u003cData Name=\"User\"\u003eMSSENTINEL\\wardog\u003c/Data\u003e\u003c/EventData\u003e","Task":"7","RuleName":"-","UtcTime":"2022-09-22 16:31:23.820","ProcessGuid":"{03bfca49-8dd2-632c-550d-000000000b00}","ProcessId":"12372","Image":"C:\\Windows\\System32\\notepad.exe","ImageLoaded":"C:\\Windows\\System32\\WindowsPowerShell\\v1.0\\pwrshsip.dll","FileVersion":"10.0.19041.546 (WinBuild.160101.0800)","Description":"Crypto SIP provider for signing and verifying PowerShell script files (.ps1/.ps1xml)","Product":"Microsoft® Windows® Operating System","Company":"Microsoft Corporation","OriginalFileName":"pwrshsip.dll","Hashes":"SHA1=C52A4C2685BEF3C3CAC8A0ED69F6009ED23B0F11,MD5=80C5053A34BD3BBDB6DF18D5E0B7F870,SHA256=9A1BB8828D989032F1C33B321D84D0108B4FBFB6A71942B93C287BADFF132B30,IMPHASH=D9D7C00E2EAF03F74330D8F1204C0A12","Signed":"true","Signature":"Microsoft Windows","SignatureStatus":"Valid","User":"MSSENTINEL\\wardog"},{"EventSourceName":"Microsoft-Windows-Sysmon","Provider":"Microsoft-Windows-Sysmon","ProviderGuid":"{5770385f-c22a-43e0-bf4c-06f5698ffbd9}","Level":"4","Keywords":"0x8000000000000000","Channel":"Microsoft-Windows-Sysmon/Operational","Computer":"WORKSTATION6.mssentinel.local","TimeCreated":"2022-09-22T12:31:23.831Z","TimeGenerated":"2022-09-22T04:31:23.831Z","EventRecordID":"3328618","EventID":23,"Message":"File Delete archived:\r\nRuleName: -\r\nUtcTime: 2022-09-22 16:31:23.820\r\nProcessGuid: {03bfca49-8dd2-632c-550d-000000000b00}\r\nProcessId: 12372\r\nUser: MSSENTINEL\\wardog\r\nImage: C:\\Windows\\system32\\notepad.exe\r\nTargetFilename: C:\\Users\\wardog.MSSENTINEL\\AppData\\Local\\Temp\\__PSScriptPolicyTest_13zg2uwn.zhu.ps1\r\nHashes: SHA1=6AB83620379FC69F80C0242105DDFFD7D98D5D9D,MD5=D17FE0A3F47BE24A6453E9EF58C94641,SHA256=96AD1146EB96877EAB5942AE0736B82D8B5E2039A80D3D6932665C1A4C87DCF7,IMPHASH=00000000000000000000000000000000\r\nIsExecutable: false\r\nArchived: true","EventData":"\u003cEventData xmlns=\"http://schemas.microsoft.com/win/2004/08/events/event\"\u003e\u003cData Name=\"RuleName\"\u003e-\u003c/Data\u003e\u003cData Name=\"UtcTime\"\u003e2022-09-22 16:31:23.820\u003c/Data\u003e\u003cData Name=\"ProcessGuid\"\u003e{03bfca49-8dd2-632c-550d-000000000b00}\u003c/Data\u003e\u003cData Name=\"ProcessId\"\u003e12372\u003c/Data\u003e\u003cData Name=\"User\"\u003eMSSENTINEL\\wardog\u003c/Data\u003e\u003cData Name=\"Image\"\u003eC:\\Windows\\system32\\notepad.exe\u003c/Data\u003e\u003cData Name=\"TargetFilename\"\u003eC:\\Users\\wardog.MSSENTINEL\\AppData\\Local\\Temp\\__PSScriptPolicyTest_13zg2uwn.zhu.ps1\u003c/Data\u003e\u003cData Name=\"Hashes\"\u003eSHA1=6AB83620379FC69F80C0242105DDFFD7D98D5D9D,MD5=D17FE0A3F47BE24A6453E9EF58C94641,SHA256=96AD1146EB96877EAB5942AE0736B82D8B5E2039A80D3D6932665C1A4C87DCF7,IMPHASH=00000000000000000000000000000000\u003c/Data\u003e\u003cData Name=\"IsExecutable\"\u003efalse\u003c/Data\u003e\u003cData Name=\"Archived\"\u003etrue\u003c/Data\u003e\u003c/EventData\u003e","Task":"23","RuleName":"-","UtcTime":"2022-09-22 16:31:23.820","ProcessGuid":"{03bfca49-8dd2-632c-550d-000000000b00}","ProcessId":"12372","User":"MSSENTINEL\\wardog","Image":"C:\\Windows\\system32\\notepad.exe","TargetFilename":"C:\\Users\\wardog.MSSENTINEL\\AppData\\Local\\Temp\\__PSScriptPolicyTest_13zg2uwn.zhu.ps1","Hashes":"SHA1=6AB83620379FC69F80C0242105DDFFD7D98D5D9D,MD5=D17FE0A3F47BE24A6453E9EF58C94641,SHA256=96AD1146EB96877EAB5942AE0736B82D8B5E2039A80D3D6932665C1A4C87DCF7,IMPHASH=00000000000000000000000000000000","IsExecutable":"false","Archived":"true"},{"EventSourceName":"Microsoft-Windows-Sysmon","Provider":"Microsoft-Windows-Sysmon","ProviderGuid":"{5770385f-c22a-43e0-bf4c-06f5698ffbd9}","Level":"4","Keywords":"0x8000000000000000","Channel":"Microsoft-Windows-Sysmon/Operational","Computer":"WORKSTATION6.mssentinel.local","TimeCreated":"2022-09-22T12:31:23.832Z","TimeGenerated":"2022-09-22T04:31:23.832Z","EventRecordID":"3328619","EventID":23,"Message":"File Delete archived:\r\nRuleName: -\r\nUtcTime: 2022-09-22 16:31:23.820\r\nProcessGuid: {03bfca49-8dd2-632c-550d-000000000b00}\r\nProcessId: 12372\r\nUser: MSSENTINEL\\wardog\r\nImage: C:\\Windows\\system32\\notepad.exe\r\nTargetFilename: C:\\Users\\wardog.MSSENTINEL\\AppData\\Local\\Temp\\__PSScriptPolicyTest_aywruud0.vh3.psm1\r\nHashes: SHA1=6AB83620379FC69F80C0242105DDFFD7D98D5D9D,MD5=D17FE0A3F47BE24A6453E9EF58C94641,SHA256=96AD1146EB96877EAB5942AE0736B82D8B5E2039A80D3D6932665C1A4C87DCF7,IMPHASH=00000000000000000000000000000000\r\nIsExecutable: false\r\nArchived: true","EventData":"\u003cEventData xmlns=\"http://schemas.microsoft.com/win/2004/08/events/event\"\u003e\u003cData Name=\"RuleName\"\u003e-\u003c/Data\u003e\u003cData Name=\"UtcTime\"\u003e2022-09-22 16:31:23.820\u003c/Data\u003e\u003cData Name=\"ProcessGuid\"\u003e{03bfca49-8dd2-632c-550d-000000000b00}\u003c/Data\u003e\u003cData Name=\"ProcessId\"\u003e12372\u003c/Data\u003e\u003cData Name=\"User\"\u003eMSSENTINEL\\wardog\u003c/Data\u003e\u003cData Name=\"Image\"\u003eC:\\Windows\\system32\\notepad.exe\u003c/Data\u003e\u003cData Name=\"TargetFilename\"\u003eC:\\Users\\wardog.MSSENTINEL\\AppData\\Local\\Temp\\__PSScriptPolicyTest_aywruud0.vh3.psm1\u003c/Data\u003e\u003cData Name=\"Hashes\"\u003eSHA1=6AB83620379FC69F80C0242105DDFFD7D98D5D9D,MD5=D17FE0A3F47BE24A6453E9EF58C94641,SHA256=96AD1146EB96877EAB5942AE0736B82D8B5E2039A80D3D6932665C1A4C87DCF7,IMPHASH=00000000000000000000000000000000\u003c/Data\u003e\u003cData Name=\"IsExecutable\"\u003efalse\u003c/Data\u003e\u003cData Name=\"Archived\"\u003etrue\u003c/Data\u003e\u003c/EventData\u003e","Task":"23","RuleName":"-","UtcTime":"2022-09-22 16:31:23.820","ProcessGuid":"{03bfca49-8dd2-632c-550d-000000000b00}","ProcessId":"12372","User":"MSSENTINEL\\wardog","Image":"C:\\Windows\\system32\\notepad.exe","TargetFilename":"C:\\Users\\wardog.MSSENTINEL\\AppData\\Local\\Temp\\__PSScriptPolicyTest_aywruud0.vh3.psm1","Hashes":"SHA1=6AB83620379FC69F80C0242105DDFFD7D98D5D9D,MD5=D17FE0A3F47BE24A6453E9EF58C94641,SHA256=96AD1146EB96877EAB5942AE0736B82D8B5E2039A80D3D6932665C1A4C87DCF7,IMPHASH=00000000000000000000000000000000","IsExecutable":"false","Archived":"true"},{"EventSourceName":"Microsoft-Windows-Sysmon","Provider":"Microsoft-Windows-Sysmon","ProviderGuid":"{5770385f-c22a-43e0-bf4c-06f5698ffbd9}","Level":"4","Keywords":"0x8000000000000000","Channel":"Microsoft-Windows-Sysmon/Operational","Computer":"WORKSTATION6.mssentinel.local","TimeCreated":"2022-09-22T12:31:23.851Z","TimeGenerated":"2022-09-22T04:31:23.851Z","EventRecordID":"3328620","EventID":7,"Message":"Image loaded:\r\nRuleName: -\r\nUtcTime: 2022-09-22 16:31:23.836\r\nProcessGuid: {03bfca49-8dd2-632c-550d-000000000b00}\r\nProcessId: 12372\r\nImage: C:\\Windows\\System32\\notepad.exe\r\nImageLoaded: C:\\Windows\\assembly\\NativeImages_v4.0.30319_64\\Microsoft.P1706cafe#\\d63db24ddf11301f08d943816d1a7dd2\\Microsoft.PowerShell.Commands.Diagnostics.ni.dll\r\nFileVersion: 10.0.19041.1023\r\nDescription:  \r\nProduct: Microsoft (R) Windows (R) Operating System\r\nCompany: Microsoft Corporation\r\nOriginalFileName: Microsoft.PowerShell.Commands.Diagnostics.dll\r\nHashes: SHA1=BE16628406948942B49D7A12304F9D51C6E2A149,MD5=32CA4F1EE0392487D69BD7DB0864DD74,SHA256=E9C4E4F6946CDEF9F6DE9F6DD96BA11136EB2BB506DAE8D3F0F43FB4D5D54CDC,IMPHASH=00000000000000000000000000000000\r\nSigned: false\r\nSignature: -\r\nSignatureStatus: Unavailable\r\nUser: MSSENTINEL\\wardog","EventData":"\u003cEventData xmlns=\"http://schemas.microsoft.com/win/2004/08/events/event\"\u003e\u003cData Name=\"RuleName\"\u003e-\u003c/Data\u003e\u003cData Name=\"UtcTime\"\u003e2022-09-22 16:31:23.836\u003c/Data\u003e\u003cData Name=\"ProcessGuid\"\u003e{03bfca49-8dd2-632c-550d-000000000b00}\u003c/Data\u003e\u003cData Name=\"ProcessId\"\u003e12372\u003c/Data\u003e\u003cData Name=\"Image\"\u003eC:\\Windows\\System32\\notepad.exe\u003c/Data\u003e\u003cData Name=\"ImageLoaded\"\u003eC:\\Windows\\assembly\\NativeImages_v4.0.30319_64\\Microsoft.P1706cafe#\\d63db24ddf11301f08d943816d1a7dd2\\Microsoft.PowerShell.Commands.Diagnostics.ni.dll\u003c/Data\u003e\u003cData Name=\"FileVersion\"\u003e10.0.19041.1023\u003c/Data\u003e\u003cData Name=\"Description\"\u003e\u003c/Data\u003e\u003cData Name=\"Product\"\u003eMicrosoft (R) Windows (R) Operating System\u003c/Data\u003e\u003cData Name=\"Company\"\u003eMicrosoft Corporation\u003c/Data\u003e\u003cData Name=\"OriginalFileName\"\u003eMicrosoft.PowerShell.Commands.Diagnostics.dll\u003c/Data\u003e\u003cData Name=\"Hashes\"\u003eSHA1=BE16628406948942B49D7A12304F9D51C6E2A149,MD5=32CA4F1EE0392487D69BD7DB0864DD74,SHA256=E9C4E4F6946CDEF9F6DE9F6DD96BA11136EB2BB506DAE8D3F0F43FB4D5D54CDC,IMPHASH=00000000000000000000000000000000\u003c/Data\u003e\u003cData Name=\"Signed\"\u003efalse\u003c/Data\u003e\u003cData Name=\"Signature\"\u003e-\u003c/Data\u003e\u003cData Name=\"SignatureStatus\"\u003eUnavailable\u003c/Data\u003e\u003cData Name=\"User\"\u003eMSSENTINEL\\wardog\u003c/Data\u003e\u003c/EventData\u003e","Task":"7","RuleName":"-","UtcTime":"2022-09-22 16:31:23.836","ProcessGuid":"{03bfca49-8dd2-632c-550d-000000000b00}","ProcessId":"12372","Image":"C:\\Windows\\System32\\notepad.exe","ImageLoaded":"C:\\Windows\\assembly\\NativeImages_v4.0.30319_64\\Microsoft.P1706cafe#\\d63db24ddf11301f08d943816d1a7dd2\\Microsoft.PowerShell.Commands.Diagnostics.ni.dll","FileVersion":"10.0.19041.1023","Description":null,"Product":"Microsoft (R) Windows (R) Operating System","Company":"Microsoft Corporation","OriginalFileName":"Microsoft.PowerShell.Commands.Diagnostics.dll","Hashes":"SHA1=BE16628406948942B49D7A12304F9D51C6E2A149,MD5=32CA4F1EE0392487D69BD7DB0864DD74,SHA256=E9C4E4F6946CDEF9F6DE9F6DD96BA11136EB2BB506DAE8D3F0F43FB4D5D54CDC,IMPHASH=00000000000000000000000000000000","Signed":"false","Signature":"-","SignatureStatus":"Unavailable","User":"MSSENTINEL\\wardog"},{"EventSourceName":"Microsoft-Windows-Sysmon","Provider":"Microsoft-Windows-Sysmon","ProviderGuid":"{5770385f-c22a-43e0-bf4c-06f5698ffbd9}","Level":"4","Keywords":"0x8000000000000000","Channel":"Microsoft-Windows-Sysmon/Operational","Computer":"WORKSTATION6.mssentinel.local","TimeCreated":"2022-09-22T12:31:23.854Z","TimeGenerated":"2022-09-22T04:31:23.854Z","EventRecordID":"3328621","EventID":7,"Message":"Image loaded:\r\nRuleName: -\r\nUtcTime: 2022-09-22 16:31:23.852\r\nProcessGuid: {03bfca49-8dd2-632c-550d-000000000b00}\r\nProcessId: 12372\r\nImage: C:\\Windows\\System32\\notepad.exe\r\nImageLoaded: C:\\Windows\\assembly\\NativeImages_v4.0.30319_64\\System.Confe64a9051#\\d6ed8f372dd99506ccf3bc8b70fbea6a\\System.Configuration.Install.ni.dll\r\nFileVersion: 4.8.4084.0 built by: NET48REL1\r\nDescription: .NET Framework\r\nProduct: Microsoft® .NET Framework\r\nCompany: Microsoft Corporation\r\nOriginalFileName: System.Configuration.Install.dll\r\nHashes: SHA1=984E850C4AA843FF6799540691EEF8D75B52A236,MD5=82FA0D62C6EF18D2B706570F2E5E38F1,SHA256=14B2CB1D540281F2E8D86D4D34B4E33BDE4BE3AD9761BFA04D673EE4DE727603,IMPHASH=00000000000000000000000000000000\r\nSigned: false\r\nSignature: -\r\nSignatureStatus: Unavailable\r\nUser: MSSENTINEL\\wardog","EventData":"\u003cEventData xmlns=\"http://schemas.microsoft.com/win/2004/08/events/event\"\u003e\u003cData Name=\"RuleName\"\u003e-\u003c/Data\u003e\u003cData Name=\"UtcTime\"\u003e2022-09-22 16:31:23.852\u003c/Data\u003e\u003cData Name=\"ProcessGuid\"\u003e{03bfca49-8dd2-632c-550d-000000000b00}\u003c/Data\u003e\u003cData Name=\"ProcessId\"\u003e12372\u003c/Data\u003e\u003cData Name=\"Image\"\u003eC:\\Windows\\System32\\notepad.exe\u003c/Data\u003e\u003cData Name=\"ImageLoaded\"\u003eC:\\Windows\\assembly\\NativeImages_v4.0.30319_64\\System.Confe64a9051#\\d6ed8f372dd99506ccf3bc8b70fbea6a\\System.Configuration.Install.ni.dll\u003c/Data\u003e\u003cData Name=\"FileVersion\"\u003e4.8.4084.0 built by: NET48REL1\u003c/Data\u003e\u003cData Name=\"Description\"\u003e.NET Framework\u003c/Data\u003e\u003cData Name=\"Product\"\u003eMicrosoft® .NET Framework\u003c/Data\u003e\u003cData Name=\"Company\"\u003eMicrosoft Corporation\u003c/Data\u003e\u003cData Name=\"OriginalFileName\"\u003eSystem.Configuration.Install.dll\u003c/Data\u003e\u003cData Name=\"Hashes\"\u003eSHA1=984E850C4AA843FF6799540691EEF8D75B52A236,MD5=82FA0D62C6EF18D2B706570F2E5E38F1,SHA256=14B2CB1D540281F2E8D86D4D34B4E33BDE4BE3AD9761BFA04D673EE4DE727603,IMPHASH=00000000000000000000000000000000\u003c/Data\u003e\u003cData Name=\"Signed\"\u003efalse\u003c/Data\u003e\u003cData Name=\"Signature\"\u003e-\u003c/Data\u003e\u003cData Name=\"SignatureStatus\"\u003eUnavailable\u003c/Data\u003e\u003cData Name=\"User\"\u003eMSSENTINEL\\wardog\u003c/Data\u003e\u003c/EventData\u003e","Task":"7","RuleName":"-","UtcTime":"2022-09-22 16:31:23.852","ProcessGuid":"{03bfca49-8dd2-632c-550d-000000000b00}","ProcessId":"12372","Image":"C:\\Windows\\System32\\notepad.exe","ImageLoaded":"C:\\Windows\\assembly\\NativeImages_v4.0.30319_64\\System.Confe64a9051#\\d6ed8f372dd99506ccf3bc8b70fbea6a\\System.Configuration.Install.ni.dll","FileVersion":"4.8.4084.0 built by: NET48REL1","Description":".NET Framework","Product":"Microsoft® .NET Framework","Company":"Microsoft Corporation","OriginalFileName":"System.Configuration.Install.dll","Hashes":"SHA1=984E850C4AA843FF6799540691EEF8D75B52A236,MD5=82FA0D62C6EF18D2B706570F2E5E38F1,SHA256=14B2CB1D540281F2E8D86D4D34B4E33BDE4BE3AD9761BFA04D673EE4DE727603,IMPHASH=00000000000000000000000000000000","Signed":"false","Signature":"-","SignatureStatus":"Unavailable","User":"MSSENTINEL\\wardog"},{"EventSourceName":"Microsoft-Windows-Sysmon","Provider":"Microsoft-Windows-Sysmon","ProviderGuid":"{5770385f-c22a-43e0-bf4c-06f5698ffbd9}","Level":"4","Keywords":"0x8000000000000000","Channel":"Microsoft-Windows-Sysmon/Operational","Computer":"WORKSTATION6.mssentinel.local","TimeCreated":"2022-09-22T12:31:23.864Z","TimeGenerated":"2022-09-22T04:31:23.864Z","EventRecordID":"3328622","EventID":7,"Message":"Image loaded:\r\nRuleName: -\r\nUtcTime: 2022-09-22 16:31:23.852\r\nProcessGuid: {03bfca49-8dd2-632c-550d-000000000b00}\r\nProcessId: 12372\r\nImage: C:\\Windows\\System32\\notepad.exe\r\nImageLoaded: C:\\Windows\\assembly\\NativeImages_v4.0.30319_64\\Microsoft.Pb378ec07#\\2c5efdb72386e14d90ce0f8882ab5ec8\\Microsoft.PowerShell.ConsoleHost.ni.dll\r\nFileVersion: 10.0.19041.1\r\nDescription: Microsoft.PowerShell.ConsoleHost\r\nProduct: Microsoft (R) Windows (R) Operating System\r\nCompany: Microsoft Corporation\r\nOriginalFileName: Microsoft.PowerShell.ConsoleHost.dll\r\nHashes: SHA1=AED4F728BA1A98B82EA3FBA1B2DE6B94D04908F1,MD5=AD52A614F2AB802EEC1DC7EF787225D5,SHA256=05678451AC99AE0C29092EC7FDDA26BBDEBC7869D27D3089C540650CA76F6EDC,IMPHASH=00000000000000000000000000000000\r\nSigned: false\r\nSignature: -\r\nSignatureStatus: Unavailable\r\nUser: MSSENTINEL\\wardog","EventData":"\u003cEventData xmlns=\"http://schemas.microsoft.com/win/2004/08/events/event\"\u003e\u003cData Name=\"RuleName\"\u003e-\u003c/Data\u003e\u003cData Name=\"UtcTime\"\u003e2022-09-22 16:31:23.852\u003c/Data\u003e\u003cData Name=\"ProcessGuid\"\u003e{03bfca49-8dd2-632c-550d-000000000b00}\u003c/Data\u003e\u003cData Name=\"ProcessId\"\u003e12372\u003c/Data\u003e\u003cData Name=\"Image\"\u003eC:\\Windows\\System32\\notepad.exe\u003c/Data\u003e\u003cData Name=\"ImageLoaded\"\u003eC:\\Windows\\assembly\\NativeImages_v4.0.30319_64\\Microsoft.Pb378ec07#\\2c5efdb72386e14d90ce0f8882ab5ec8\\Microsoft.PowerShell.ConsoleHost.ni.dll\u003c/Data\u003e\u003cData Name=\"FileVersion\"\u003e10.0.19041.1\u003c/Data\u003e\u003cData Name=\"Description\"\u003eMicrosoft.PowerShell.ConsoleHost\u003c/Data\u003e\u003cData Name=\"Product\"\u003eMicrosoft (R) Windows (R) Operating System\u003c/Data\u003e\u003cData Name=\"Company\"\u003eMicrosoft Corporation\u003c/Data\u003e\u003cData Name=\"OriginalFileName\"\u003eMicrosoft.PowerShell.ConsoleHost.dll\u003c/Data\u003e\u003cData Name=\"Hashes\"\u003eSHA1=AED4F728BA1A98B82EA3FBA1B2DE6B94D04908F1,MD5=AD52A614F2AB802EEC1DC7EF787225D5,SHA256=05678451AC99AE0C29092EC7FDDA26BBDEBC7869D27D3089C540650CA76F6EDC,IMPHASH=00000000000000000000000000000000\u003c/Data\u003e\u003cData Name=\"Signed\"\u003efalse\u003c/Data\u003e\u003cData Name=\"Signature\"\u003e-\u003c/Data\u003e\u003cData Name=\"SignatureStatus\"\u003eUnavailable\u003c/Data\u003e\u003cData Name=\"User\"\u003eMSSENTINEL\\wardog\u003c/Data\u003e\u003c/EventData\u003e","Task":"7","RuleName":"-","UtcTime":"2022-09-22 16:31:23.852","ProcessGuid":"{03bfca49-8dd2-632c-550d-000000000b00}","ProcessId":"12372","Image":"C:\\Windows\\System32\\notepad.exe","ImageLoaded":"C:\\Windows\\assembly\\NativeImages_v4.0.30319_64\\Microsoft.Pb378ec07#\\2c5efdb72386e14d90ce0f8882ab5ec8\\Microsoft.PowerShell.ConsoleHost.ni.dll","FileVersion":"10.0.19041.1","Description":"Microsoft.PowerShell.ConsoleHost","Product":"Microsoft (R) Windows (R) Operating System","Company":"Microsoft Corporation","OriginalFileName":"Microsoft.PowerShell.ConsoleHost.dll","Hashes":"SHA1=AED4F728BA1A98B82EA3FBA1B2DE6B94D04908F1,MD5=AD52A614F2AB802EEC1DC7EF787225D5,SHA256=05678451AC99AE0C29092EC7FDDA26BBDEBC7869D27D3089C540650CA76F6EDC,IMPHASH=00000000000000000000000000000000","Signed":"false","Signature":"-","SignatureStatus":"Unavailable","User":"MSSENTINEL\\wardog"},{"EventSourceName":"Microsoft-Windows-Sysmon","Provider":"Microsoft-Windows-Sysmon","ProviderGuid":"{5770385f-c22a-43e0-bf4c-06f5698ffbd9}","Level":"4","Keywords":"0x8000000000000000","Channel":"Microsoft-Windows-Sysmon/Operational","Computer":"WORKSTATION6.mssentinel.local","TimeCreated":"2022-09-22T12:31:24.008Z","TimeGenerated":"2022-09-22T04:31:24.008Z","EventRecordID":"3328623","EventID":7,"Message":"Image loaded:\r\nRuleName: -\r\nUtcTime: 2022-09-22 16:31:23.992\r\nProcessGuid: {03bfca49-8dd2-632c-550d-000000000b00}\r\nProcessId: 12372\r\nImage: C:\\Windows\\System32\\notepad.exe\r\nImageLoaded: C:\\Windows\\assembly\\NativeImages_v4.0.30319_64\\Microsoft.P521220ea#\\e6fa630f364b0000e28b233dbaadab92\\Microsoft.PowerShell.Commands.Utility.ni.dll\r\nFileVersion: 10.0.19041.804\r\nDescription: Microsoft Windows PowerShell Utility Commands\r\nProduct: Microsoft (R) Windows (R) Operating System\r\nCompany: Microsoft Corporation\r\nOriginalFileName: Microsoft.PowerShell.Commands.Utility.dll\r\nHashes: SHA1=7E42B55ACDFA63E1FF36C03A7FB5EA2E8BC5447A,MD5=8FDADACC1D6909B42DEF829034B901F4,SHA256=6CF9FB6240A89B0C2C9B877C9B687E8D825BA775B68015592467CBBC929E65F3,IMPHASH=00000000000000000000000000000000\r\nSigned: false\r\nSignature: -\r\nSignatureStatus: Unavailable\r\nUser: MSSENTINEL\\wardog","EventData":"\u003cEventData xmlns=\"http://schemas.microsoft.com/win/2004/08/events/event\"\u003e\u003cData Name=\"RuleName\"\u003e-\u003c/Data\u003e\u003cData Name=\"UtcTime\"\u003e2022-09-22 16:31:23.992\u003c/Data\u003e\u003cData Name=\"ProcessGuid\"\u003e{03bfca49-8dd2-632c-550d-000000000b00}\u003c/Data\u003e\u003cData Name=\"ProcessId\"\u003e12372\u003c/Data\u003e\u003cData Name=\"Image\"\u003eC:\\Windows\\System32\\notepad.exe\u003c/Data\u003e\u003cData Name=\"ImageLoaded\"\u003eC:\\Windows\\assembly\\NativeImages_v4.0.30319_64\\Microsoft.P521220ea#\\e6fa630f364b0000e28b233dbaadab92\\Microsoft.PowerShell.Commands.Utility.ni.dll\u003c/Data\u003e\u003cData Name=\"FileVersion\"\u003e10.0.19041.804\u003c/Data\u003e\u003cData Name=\"Description\"\u003eMicrosoft Windows PowerShell Utility Commands\u003c/Data\u003e\u003cData Name=\"Product\"\u003eMicrosoft (R) Windows (R) Operating System\u003c/Data\u003e\u003cData Name=\"Company\"\u003eMicrosoft Corporation\u003c/Data\u003e\u003cData Name=\"OriginalFileName\"\u003eMicrosoft.PowerShell.Commands.Utility.dll\u003c/Data\u003e\u003cData Name=\"Hashes\"\u003eSHA1=7E42B55ACDFA63E1FF36C03A7FB5EA2E8BC5447A,MD5=8FDADACC1D6909B42DEF829034B901F4,SHA256=6CF9FB6240A89B0C2C9B877C9B687E8D825BA775B68015592467CBBC929E65F3,IMPHASH=00000000000000000000000000000000\u003c/Data\u003e\u003cData Name=\"Signed\"\u003efalse\u003c/Data\u003e\u003cData Name=\"Signature\"\u003e-\u003c/Data\u003e\u003cData Name=\"SignatureStatus\"\u003eUnavailable\u003c/Data\u003e\u003cData Name=\"User\"\u003eMSSENTINEL\\wardog\u003c/Data\u003e\u003c/EventData\u003e","Task":"7","RuleName":"-","UtcTime":"2022-09-22 16:31:23.992","ProcessGuid":"{03bfca49-8dd2-632c-550d-000000000b00}","ProcessId":"12372","Image":"C:\\Windows\\System32\\notepad.exe","ImageLoaded":"C:\\Windows\\assembly\\NativeImages_v4.0.30319_64\\Microsoft.P521220ea#\\e6fa630f364b0000e28b233dbaadab92\\Microsoft.PowerShell.Commands.Utility.ni.dll","FileVersion":"10.0.19041.804","Description":"Microsoft Windows PowerShell Utility Commands","Product":"Microsoft (R) Windows (R) Operating System","Company":"Microsoft Corporation","OriginalFileName":"Microsoft.PowerShell.Commands.Utility.dll","Hashes":"SHA1=7E42B55ACDFA63E1FF36C03A7FB5EA2E8BC5447A,MD5=8FDADACC1D6909B42DEF829034B901F4,SHA256=6CF9FB6240A89B0C2C9B877C9B687E8D825BA775B68015592467CBBC929E65F3,IMPHASH=00000000000000000000000000000000","Signed":"false","Signature":"-","SignatureStatus":"Unavailable","User":"MSSENTINEL\\wardog"},{"EventSourceName":"Microsoft-Windows-Sysmon","Provider":"Microsoft-Windows-Sysmon","ProviderGuid":"{5770385f-c22a-43e0-bf4c-06f5698ffbd9}","Level":"4","Keywords":"0x8000000000000000","Channel":"Microsoft-Windows-Sysmon/Operational","Computer":"WORKSTATION6.mssentinel.local","TimeCreated":"2022-09-22T12:31:24.036Z","TimeGenerated":"2022-09-22T04:31:24.036Z","EventRecordID":"3328624","EventID":7,"Message":"Image loaded:\r\nRuleName: -\r\nUtcTime: 2022-09-22 16:31:24.024\r\nProcessGuid: {03bfca49-8dd2-632c-550d-000000000b00}\r\nProcessId: 12372\r\nImage: C:\\Windows\\System32\\notepad.exe\r\nImageLoaded: C:\\Windows\\assembly\\NativeImages_v4.0.30319_64\\Microsoft.Pae3498d9#\\140e2b464a1407857f7b9b129e9701c6\\Microsoft.PowerShell.Commands.Management.ni.dll\r\nFileVersion: 10.0.19041.1\r\nDescription: Microsoft Windows PowerShell Management Commands\r\nProduct: Microsoft (R) Windows (R) Operating System\r\nCompany: Microsoft Corporation\r\nOriginalFileName: Microsoft.PowerShell.Commands.Management.dll\r\nHashes: SHA1=DFF429FA91F6D5D095D7BB0F617FF9814527B326,MD5=D05032B7618C2AC76D0A74A8AAC2338E,SHA256=9013B8C48E2347628C2418AA56DA4DE5F902F2FDEAE6A65B130C7CDAC3834812,IMPHASH=00000000000000000000000000000000\r\nSigned: false\r\nSignature: -\r\nSignatureStatus: Unavailable\r\nUser: MSSENTINEL\\wardog","EventData":"\u003cEventData xmlns=\"http://schemas.microsoft.com/win/2004/08/events/event\"\u003e\u003cData Name=\"RuleName\"\u003e-\u003c/Data\u003e\u003cData Name=\"UtcTime\"\u003e2022-09-22 16:31:24.024\u003c/Data\u003e\u003cData Name=\"ProcessGuid\"\u003e{03bfca49-8dd2-632c-550d-000000000b00}\u003c/Data\u003e\u003cData Name=\"ProcessId\"\u003e12372\u003c/Data\u003e\u003cData Name=\"Image\"\u003eC:\\Windows\\System32\\notepad.exe\u003c/Data\u003e\u003cData Name=\"ImageLoaded\"\u003eC:\\Windows\\assembly\\NativeImages_v4.0.30319_64\\Microsoft.Pae3498d9#\\140e2b464a1407857f7b9b129e9701c6\\Microsoft.PowerShell.Commands.Management.ni.dll\u003c/Data\u003e\u003cData Name=\"FileVersion\"\u003e10.0.19041.1\u003c/Data\u003e\u003cData Name=\"Description\"\u003eMicrosoft Windows PowerShell Management Commands\u003c/Data\u003e\u003cData Name=\"Product\"\u003eMicrosoft (R) Windows (R) Operating System\u003c/Data\u003e\u003cData Name=\"Company\"\u003eMicrosoft Corporation\u003c/Data\u003e\u003cData Name=\"OriginalFileName\"\u003eMicrosoft.PowerShell.Commands.Management.dll\u003c/Data\u003e\u003cData Name=\"Hashes\"\u003eSHA1=DFF429FA91F6D5D095D7BB0F617FF9814527B326,MD5=D05032B7618C2AC76D0A74A8AAC2338E,SHA256=9013B8C48E2347628C2418AA56DA4DE5F902F2FDEAE6A65B130C7CDAC3834812,IMPHASH=00000000000000000000000000000000\u003c/Data\u003e\u003cData Name=\"Signed\"\u003efalse\u003c/Data\u003e\u003cData Name=\"Signature\"\u003e-\u003c/Data\u003e\u003cData Name=\"SignatureStatus\"\u003eUnavailable\u003c/Data\u003e\u003cData Name=\"User\"\u003eMSSENTINEL\\wardog\u003c/Data\u003e\u003c/EventData\u003e","Task":"7","RuleName":"-","UtcTime":"2022-09-22 16:31:24.024","ProcessGuid":"{03bfca49-8dd2-632c-550d-000000000b00}","ProcessId":"12372","Image":"C:\\Windows\\System32\\notepad.exe","ImageLoaded":"C:\\Windows\\assembly\\NativeImages_v4.0.30319_64\\Microsoft.Pae3498d9#\\140e2b464a1407857f7b9b129e9701c6\\Microsoft.PowerShell.Commands.Management.ni.dll","FileVersion":"10.0.19041.1","Description":"Microsoft Windows PowerShell Management Commands","Product":"Microsoft (R) Windows (R) Operating System","Company":"Microsoft Corporation","OriginalFileName":"Microsoft.PowerShell.Commands.Management.dll","Hashes":"SHA1=DFF429FA91F6D5D095D7BB0F617FF9814527B326,MD5=D05032B7618C2AC76D0A74A8AAC2338E,SHA256=9013B8C48E2347628C2418AA56DA4DE5F902F2FDEAE6A65B130C7CDAC3834812,IMPHASH=00000000000000000000000000000000","Signed":"false","Signature":"-","SignatureStatus":"Unavailable","User":"MSSENTINEL\\wardog"},