{"EventSourceName":"Microsoft-Windows-Sysmon","Provider":"Microsoft-Windows-Sysmon","ProviderGuid":"{5770385f-c22a-43e0-bf4c-06f5698ffbd9}","Level":"4","Keywords":"0x8000000000000000","Channel":"Microsoft-Windows-Sysmon/Operational","Computer":"WORKSTATION6.mssentinel.local","TimeCreated":"2022-09-22T12:31:14.432Z","TimeGenerated":"2022-09-22T04:31:14.432Z","EventRecordID":"3328041","EventID":10,"Message":"Process accessed:\r\nRuleName: -\r\nUtcTime: 2022-09-22 16:31:14.430\r\nSourceProcessGUID: {03bfca49-7152-632c-7a0b-000000000b00}\r\nSourceProcessId: 8740\r\nSourceThreadId: 9524\r\nSourceImage: C:\\Windows\\Explorer.EXE\r\nTargetProcessGUID: {03bfca49-8dd2-632c-550d-000000000b00}\r\nTargetProcessId: 12372\r\nTargetImage: C:\\Windows\\system32\\notepad.exe\r\nGrantedAccess: 0x1000\r\nCallTrace: C:\\Windows\\SYSTEM32\\ntdll.dll+9d234|C:\\Windows\\System32\\KERNELBASE.dll+2c0ce|C:\\Windows\\system32\\twinui.pcshell.dll+16575|C:\\Windows\\system32\\twinui.pcshell.dll+15ecf|C:\\Windows\\system32\\twinui.pcshell.dll+829a7|C:\\Windows\\system32\\twinui.pcshell.dll+15ad8|C:\\Windows\\system32\\twinui.pcshell.dll+181f5|C:\\Windows\\system32\\twinui.pcshell.dll+425f4|C:\\Windows\\system32\\twinui.dll+6d026|C:\\Windows\\system32\\twinui.dll+6cd9b|C:\\Windows\\system32\\twinui.dll+6c953|C:\\Windows\\System32\\user32.dll+e7e8|C:\\Windows\\System32\\user32.dll+e36c|C:\\Windows\\System32\\user32.dll+26dc2|C:\\Windows\\SYSTEM32\\ntdll.dll+a0ba4|UNKNOWN(FFFFF800452AF635)|UNKNOWN(FFFFF2D788110A71)|UNKNOWN(FFFFF2D788098554)|UNKNOWN(FFFFF2D7880975B4)|UNKNOWN(FFFFF2D788094FF8)|UNKNOWN(FFFFF2D788094238)|UNKNOWN(FFFFF2D787DB71AE)|UNKNOWN(FFFFF80045008AB5)|C:\\Windows\\System32\\win32u.dll+1064\r\nSourceUser: MSSENTINEL\\wardog\r\nTargetUser: MSSENTINEL\\wardog","EventData":"\u003cEventData xmlns=\"http://schemas.microsoft.com/win/2004/08/events/event\"\u003e\u003cData Name=\"RuleName\"\u003e-\u003c/Data\u003e\u003cData Name=\"UtcTime\"\u003e2022-09-22 16:31:14.430\u003c/Data\u003e\u003cData Name=\"SourceProcessGUID\"\u003e{03bfca49-7152-632c-7a0b-000000000b00}\u003c/Data\u003e\u003cData Name=\"SourceProcessId\"\u003e8740\u003c/Data\u003e\u003cData Name=\"SourceThreadId\"\u003e9524\u003c/Data\u003e\u003cData Name=\"SourceImage\"\u003eC:\\Windows\\Explorer.EXE\u003c/Data\u003e\u003cData Name=\"TargetProcessGUID\"\u003e{03bfca49-8dd2-632c-550d-000000000b00}\u003c/Data\u003e\u003cData Name=\"TargetProcessId\"\u003e12372\u003c/Data\u003e\u003cData Name=\"TargetImage\"\u003eC:\\Windows\\system32\\notepad.exe\u003c/Data\u003e\u003cData Name=\"GrantedAccess\"\u003e0x1000\u003c/Data\u003e\u003cData Name=\"CallTrace\"\u003eC:\\Windows\\SYSTEM32\\ntdll.dll+9d234|C:\\Windows\\System32\\KERNELBASE.dll+2c0ce|C:\\Windows\\system32\\twinui.pcshell.dll+16575|C:\\Windows\\system32\\twinui.pcshell.dll+15ecf|C:\\Windows\\system32\\twinui.pcshell.dll+829a7|C:\\Windows\\system32\\twinui.pcshell.dll+15ad8|C:\\Windows\\system32\\twinui.pcshell.dll+181f5|C:\\Windows\\system32\\twinui.pcshell.dll+425f4|C:\\Windows\\system32\\twinui.dll+6d026|C:\\Windows\\system32\\twinui.dll+6cd9b|C:\\Windows\\system32\\twinui.dll+6c953|C:\\Windows\\System32\\user32.dll+e7e8|C:\\Windows\\System32\\user32.dll+e36c|C:\\Windows\\System32\\user32.dll+26dc2|C:\\Windows\\SYSTEM32\\ntdll.dll+a0ba4|UNKNOWN(FFFFF800452AF635)|UNKNOWN(FFFFF2D788110A71)|UNKNOWN(FFFFF2D788098554)|UNKNOWN(FFFFF2D7880975B4)|UNKNOWN(FFFFF2D788094FF8)|UNKNOWN(FFFFF2D788094238)|UNKNOWN(FFFFF2D787DB71AE)|UNKNOWN(FFFFF80045008AB5)|C:\\Windows\\System32\\win32u.dll+1064\u003c/Data\u003e\u003cData Name=\"SourceUser\"\u003eMSSENTINEL\\wardog\u003c/Data\u003e\u003cData Name=\"TargetUser\"\u003eMSSENTINEL\\wardog\u003c/Data\u003e\u003c/EventData\u003e","Task":"10","RuleName":"-","UtcTime":"2022-09-22 16:31:14.430","SourceProcessGUID":"{03bfca49-7152-632c-7a0b-000000000b00}","SourceProcessId":"8740","SourceThreadId":"9524","SourceImage":"C:\\Windows\\Explorer.EXE","TargetProcessGUID":"{03bfca49-8dd2-632c-550d-000000000b00}","TargetProcessId":"12372","TargetImage":"C:\\Windows\\system32\\notepad.exe","GrantedAccess":"0x1000","CallTrace":"C:\\Windows\\SYSTEM32\\ntdll.dll+9d234|C:\\Windows\\System32\\KERNELBASE.dll+2c0ce|C:\\Windows\\system32\\twinui.pcshell.dll+16575|C:\\Windows\\system32\\twinui.pcshell.dll+15ecf|C:\\Windows\\system32\\twinui.pcshell.dll+829a7|C:\\Windows\\system32\\twinui.pcshell.dll+15ad8|C:\\Windows\\system32\\twinui.pcshell.dll+181f5|C:\\Windows\\system32\\twinui.pcshell.dll+425f4|C:\\Windows\\system32\\twinui.dll+6d026|C:\\Windows\\system32\\twinui.dll+6cd9b|C:\\Windows\\system32\\twinui.dll+6c953|C:\\Windows\\System32\\user32.dll+e7e8|C:\\Windows\\System32\\user32.dll+e36c|C:\\Windows\\System32\\user32.dll+26dc2|C:\\Windows\\SYSTEM32\\ntdll.dll+a0ba4|UNKNOWN(FFFFF800452AF635)|UNKNOWN(FFFFF2D788110A71)|UNKNOWN(FFFFF2D788098554)|UNKNOWN(FFFFF2D7880975B4)|UNKNOWN(FFFFF2D788094FF8)|UNKNOWN(FFFFF2D788094238)|UNKNOWN(FFFFF2D787DB71AE)|UNKNOWN(FFFFF80045008AB5)|C:\\Windows\\System32\\win32u.dll+1064","SourceUser":"MSSENTINEL\\wardog","TargetUser":"MSSENTINEL\\wardog"},{"EventSourceName":"Microsoft-Windows-Sysmon","Provider":"Microsoft-Windows-Sysmon","ProviderGuid":"{5770385f-c22a-43e0-bf4c-06f5698ffbd9}","Level":"4","Keywords":"0x8000000000000000","Channel":"Microsoft-Windows-Sysmon/Operational","Computer":"WORKSTATION6.mssentinel.local","TimeCreated":"2022-09-22T12:31:14.432Z","TimeGenerated":"2022-09-22T04:31:14.432Z","EventRecordID":"3328042","EventID":10,"Message":"Process accessed:\r\nRuleName: -\r\nUtcTime: 2022-09-22 16:31:14.430\r\nSourceProcessGUID: {03bfca49-7152-632c-7a0b-000000000b00}\r\nSourceProcessId: 8740\r\nSourceThreadId: 12472\r\nSourceImage: C:\\Windows\\Explorer.EXE\r\nTargetProcessGUID: {03bfca49-8dd2-632c-550d-000000000b00}\r\nTargetProcessId: 12372\r\nTargetImage: C:\\Windows\\system32\\notepad.exe\r\nGrantedAccess: 0x1000\r\nCallTrace: C:\\Windows\\SYSTEM32\\ntdll.dll+9d234|C:\\Windows\\System32\\KERNELBASE.dll+2c0ce|C:\\Windows\\SYSTEM32\\twinapi.appcore.dll+227a3|C:\\Windows\\SYSTEM32\\twinapi.appcore.dll+31381|C:\\Windows\\SYSTEM32\\twinapi.appcore.dll+621ff|C:\\Windows\\System32\\TaskFlowDataEngine.dll+9e0f0|C:\\Windows\\System32\\TaskFlowDataEngine.dll+9ce57|C:\\Windows\\System32\\TaskFlowDataEngine.dll+9ccb5|C:\\Windows\\System32\\TaskFlowDataEngine.dll+99b18|C:\\Windows\\System32\\TaskFlowDataEngine.dll+98394|C:\\Windows\\System32\\TaskFlowDataEngine.dll+a3341|C:\\Windows\\System32\\shcore.dll+3e0b6|C:\\Windows\\System32\\shcore.dll+17295|C:\\Windows\\System32\\shcore.dll+17170|C:\\Windows\\System32\\shcore.dll+15971|C:\\Windows\\System32\\KERNEL32.DLL+17034|C:\\Windows\\SYSTEM32\\ntdll.dll+52651\r\nSourceUser: MSSENTINEL\\wardog\r\nTargetUser: MSSENTINEL\\wardog","EventData":"\u003cEventData xmlns=\"http://schemas.microsoft.com/win/2004/08/events/event\"\u003e\u003cData Name=\"RuleName\"\u003e-\u003c/Data\u003e\u003cData Name=\"UtcTime\"\u003e2022-09-22 16:31:14.430\u003c/Data\u003e\u003cData Name=\"SourceProcessGUID\"\u003e{03bfca49-7152-632c-7a0b-000000000b00}\u003c/Data\u003e\u003cData Name=\"SourceProcessId\"\u003e8740\u003c/Data\u003e\u003cData Name=\"SourceThreadId\"\u003e12472\u003c/Data\u003e\u003cData Name=\"SourceImage\"\u003eC:\\Windows\\Explorer.EXE\u003c/Data\u003e\u003cData Name=\"TargetProcessGUID\"\u003e{03bfca49-8dd2-632c-550d-000000000b00}\u003c/Data\u003e\u003cData Name=\"TargetProcessId\"\u003e12372\u003c/Data\u003e\u003cData Name=\"TargetImage\"\u003eC:\\Windows\\system32\\notepad.exe\u003c/Data\u003e\u003cData Name=\"GrantedAccess\"\u003e0x1000\u003c/Data\u003e\u003cData Name=\"CallTrace\"\u003eC:\\Windows\\SYSTEM32\\ntdll.dll+9d234|C:\\Windows\\System32\\KERNELBASE.dll+2c0ce|C:\\Windows\\SYSTEM32\\twinapi.appcore.dll+227a3|C:\\Windows\\SYSTEM32\\twinapi.appcore.dll+31381|C:\\Windows\\SYSTEM32\\twinapi.appcore.dll+621ff|C:\\Windows\\System32\\TaskFlowDataEngine.dll+9e0f0|C:\\Windows\\System32\\TaskFlowDataEngine.dll+9ce57|C:\\Windows\\System32\\TaskFlowDataEngine.dll+9ccb5|C:\\Windows\\System32\\TaskFlowDataEngine.dll+99b18|C:\\Windows\\System32\\TaskFlowDataEngine.dll+98394|C:\\Windows\\System32\\TaskFlowDataEngine.dll+a3341|C:\\Windows\\System32\\shcore.dll+3e0b6|C:\\Windows\\System32\\shcore.dll+17295|C:\\Windows\\System32\\shcore.dll+17170|C:\\Windows\\System32\\shcore.dll+15971|C:\\Windows\\System32\\KERNEL32.DLL+17034|C:\\Windows\\SYSTEM32\\ntdll.dll+52651\u003c/Data\u003e\u003cData Name=\"SourceUser\"\u003eMSSENTINEL\\wardog\u003c/Data\u003e\u003cData Name=\"TargetUser\"\u003eMSSENTINEL\\wardog\u003c/Data\u003e\u003c/EventData\u003e","Task":"10","RuleName":"-","UtcTime":"2022-09-22 16:31:14.430","SourceProcessGUID":"{03bfca49-7152-632c-7a0b-000000000b00}","SourceProcessId":"8740","SourceThreadId":"12472","SourceImage":"C:\\Windows\\Explorer.EXE","TargetProcessGUID":"{03bfca49-8dd2-632c-550d-000000000b00}","TargetProcessId":"12372","TargetImage":"C:\\Windows\\system32\\notepad.exe","GrantedAccess":"0x1000","CallTrace":"C:\\Windows\\SYSTEM32\\ntdll.dll+9d234|C:\\Windows\\System32\\KERNELBASE.dll+2c0ce|C:\\Windows\\SYSTEM32\\twinapi.appcore.dll+227a3|C:\\Windows\\SYSTEM32\\twinapi.appcore.dll+31381|C:\\Windows\\SYSTEM32\\twinapi.appcore.dll+621ff|C:\\Windows\\System32\\TaskFlowDataEngine.dll+9e0f0|C:\\Windows\\System32\\TaskFlowDataEngine.dll+9ce57|C:\\Windows\\System32\\TaskFlowDataEngine.dll+9ccb5|C:\\Windows\\System32\\TaskFlowDataEngine.dll+99b18|C:\\Windows\\System32\\TaskFlowDataEngine.dll+98394|C:\\Windows\\System32\\TaskFlowDataEngine.dll+a3341|C:\\Windows\\System32\\shcore.dll+3e0b6|C:\\Windows\\System32\\shcore.dll+17295|C:\\Windows\\System32\\shcore.dll+17170|C:\\Windows\\System32\\shcore.dll+15971|C:\\Windows\\System32\\KERNEL32.DLL+17034|C:\\Windows\\SYSTEM32\\ntdll.dll+52651","SourceUser":"MSSENTINEL\\wardog","TargetUser":"MSSENTINEL\\wardog"},{"EventSourceName":"Microsoft-Windows-Sysmon","Provider":"Microsoft-Windows-Sysmon","ProviderGuid":"{5770385f-c22a-43e0-bf4c-06f5698ffbd9}","Level":"4","Keywords":"0x8000000000000000","Channel":"Microsoft-Windows-Sysmon/Operational","Computer":"WORKSTATION6.mssentinel.local","TimeCreated":"2022-09-22T12:31:14.432Z","TimeGenerated":"2022-09-22T04:31:14.432Z","EventRecordID":"3328043","EventID":10,"Message":"Process accessed:\r\nRuleName: -\r\nUtcTime: 2022-09-22 16:31:14.430\r\nSourceProcessGUID: {03bfca49-7152-632c-7a0b-000000000b00}\r\nSourceProcessId: 8740\r\nSourceThreadId: 9524\r\nSourceImage: C:\\Windows\\Explorer.EXE\r\nTargetProcessGUID: {03bfca49-8dd2-632c-550d-000000000b00}\r\nTargetProcessId: 12372\r\nTargetImage: C:\\Windows\\system32\\notepad.exe\r\nGrantedAccess: 0x1000\r\nCallTrace: C:\\Windows\\SYSTEM32\\ntdll.dll+9d234|C:\\Windows\\System32\\KERNELBASE.dll+2c0ce|C:\\Windows\\system32\\twinui.pcshell.dll+1615e|C:\\Windows\\system32\\twinui.pcshell.dll+16008|C:\\Windows\\system32\\twinui.pcshell.dll+15d61|C:\\Windows\\system32\\twinui.pcshell.dll+15ae6|C:\\Windows\\system32\\twinui.pcshell.dll+181f5|C:\\Windows\\system32\\twinui.pcshell.dll+425f4|C:\\Windows\\system32\\twinui.dll+6d026|C:\\Windows\\system32\\twinui.dll+6cd9b|C:\\Windows\\system32\\twinui.dll+6c953|C:\\Windows\\System32\\user32.dll+e7e8|C:\\Windows\\System32\\user32.dll+e36c|C:\\Windows\\System32\\user32.dll+26dc2|C:\\Windows\\SYSTEM32\\ntdll.dll+a0ba4|UNKNOWN(FFFFF800452AF635)|UNKNOWN(FFFFF2D788110A71)|UNKNOWN(FFFFF2D788098554)|UNKNOWN(FFFFF2D7880975B4)|UNKNOWN(FFFFF2D788094FF8)|UNKNOWN(FFFFF2D788094238)|UNKNOWN(FFFFF2D787DB71AE)|UNKNOWN(FFFFF80045008AB5)|C:\\Windows\\System32\\win32u.dll+1064\r\nSourceUser: MSSENTINEL\\wardog\r\nTargetUser: MSSENTINEL\\wardog","EventData":"\u003cEventData xmlns=\"http://schemas.microsoft.com/win/2004/08/events/event\"\u003e\u003cData Name=\"RuleName\"\u003e-\u003c/Data\u003e\u003cData Name=\"UtcTime\"\u003e2022-09-22 16:31:14.430\u003c/Data\u003e\u003cData Name=\"SourceProcessGUID\"\u003e{03bfca49-7152-632c-7a0b-000000000b00}\u003c/Data\u003e\u003cData Name=\"SourceProcessId\"\u003e8740\u003c/Data\u003e\u003cData Name=\"SourceThreadId\"\u003e9524\u003c/Data\u003e\u003cData Name=\"SourceImage\"\u003eC:\\Windows\\Explorer.EXE\u003c/Data\u003e\u003cData Name=\"TargetProcessGUID\"\u003e{03bfca49-8dd2-632c-550d-000000000b00}\u003c/Data\u003e\u003cData Name=\"TargetProcessId\"\u003e12372\u003c/Data\u003e\u003cData Name=\"TargetImage\"\u003eC:\\Windows\\system32\\notepad.exe\u003c/Data\u003e\u003cData Name=\"GrantedAccess\"\u003e0x1000\u003c/Data\u003e\u003cData Name=\"CallTrace\"\u003eC:\\Windows\\SYSTEM32\\ntdll.dll+9d234|C:\\Windows\\System32\\KERNELBASE.dll+2c0ce|C:\\Windows\\system32\\twinui.pcshell.dll+1615e|C:\\Windows\\system32\\twinui.pcshell.dll+16008|C:\\Windows\\system32\\twinui.pcshell.dll+15d61|C:\\Windows\\system32\\twinui.pcshell.dll+15ae6|C:\\Windows\\system32\\twinui.pcshell.dll+181f5|C:\\Windows\\system32\\twinui.pcshell.dll+425f4|C:\\Windows\\system32\\twinui.dll+6d026|C:\\Windows\\system32\\twinui.dll+6cd9b|C:\\Windows\\system32\\twinui.dll+6c953|C:\\Windows\\System32\\user32.dll+e7e8|C:\\Windows\\System32\\user32.dll+e36c|C:\\Windows\\System32\\user32.dll+26dc2|C:\\Windows\\SYSTEM32\\ntdll.dll+a0ba4|UNKNOWN(FFFFF800452AF635)|UNKNOWN(FFFFF2D788110A71)|UNKNOWN(FFFFF2D788098554)|UNKNOWN(FFFFF2D7880975B4)|UNKNOWN(FFFFF2D788094FF8)|UNKNOWN(FFFFF2D788094238)|UNKNOWN(FFFFF2D787DB71AE)|UNKNOWN(FFFFF80045008AB5)|C:\\Windows\\System32\\win32u.dll+1064\u003c/Data\u003e\u003cData Name=\"SourceUser\"\u003eMSSENTINEL\\wardog\u003c/Data\u003e\u003cData Name=\"TargetUser\"\u003eMSSENTINEL\\wardog\u003c/Data\u003e\u003c/EventData\u003e","Task":"10","RuleName":"-","UtcTime":"2022-09-22 16:31:14.430","SourceProcessGUID":"{03bfca49-7152-632c-7a0b-000000000b00}","SourceProcessId":"8740","SourceThreadId":"9524","SourceImage":"C:\\Windows\\Explorer.EXE","TargetProcessGUID":"{03bfca49-8dd2-632c-550d-000000000b00}","TargetProcessId":"12372","TargetImage":"C:\\Windows\\system32\\notepad.exe","GrantedAccess":"0x1000","CallTrace":"C:\\Windows\\SYSTEM32\\ntdll.dll+9d234|C:\\Windows\\System32\\KERNELBASE.dll+2c0ce|C:\\Windows\\system32\\twinui.pcshell.dll+1615e|C:\\Windows\\system32\\twinui.pcshell.dll+16008|C:\\Windows\\system32\\twinui.pcshell.dll+15d61|C:\\Windows\\system32\\twinui.pcshell.dll+15ae6|C:\\Windows\\system32\\twinui.pcshell.dll+181f5|C:\\Windows\\system32\\twinui.pcshell.dll+425f4|C:\\Windows\\system32\\twinui.dll+6d026|C:\\Windows\\system32\\twinui.dll+6cd9b|C:\\Windows\\system32\\twinui.dll+6c953|C:\\Windows\\System32\\user32.dll+e7e8|C:\\Windows\\System32\\user32.dll+e36c|C:\\Windows\\System32\\user32.dll+26dc2|C:\\Windows\\SYSTEM32\\ntdll.dll+a0ba4|UNKNOWN(FFFFF800452AF635)|UNKNOWN(FFFFF2D788110A71)|UNKNOWN(FFFFF2D788098554)|UNKNOWN(FFFFF2D7880975B4)|UNKNOWN(FFFFF2D788094FF8)|UNKNOWN(FFFFF2D788094238)|UNKNOWN(FFFFF2D787DB71AE)|UNKNOWN(FFFFF80045008AB5)|C:\\Windows\\System32\\win32u.dll+1064","SourceUser":"MSSENTINEL\\wardog","TargetUser":"MSSENTINEL\\wardog"},{"EventSourceName":"Microsoft-Windows-Sysmon","Provider":"Microsoft-Windows-Sysmon","ProviderGuid":"{5770385f-c22a-43e0-bf4c-06f5698ffbd9}","Level":"4","Keywords":"0x8000000000000000","Channel":"Microsoft-Windows-Sysmon/Operational","Computer":"WORKSTATION6.mssentinel.local","TimeCreated":"2022-09-22T12:31:14.432Z","TimeGenerated":"2022-09-22T04:31:14.432Z","EventRecordID":"3328044","EventID":10,"Message":"Process accessed:\r\nRuleName: -\r\nUtcTime: 2022-09-22 16:31:14.430\r\nSourceProcessGUID: {03bfca49-7152-632c-7a0b-000000000b00}\r\nSourceProcessId: 8740\r\nSourceThreadId: 12472\r\nSourceImage: C:\\Windows\\Explorer.EXE\r\nTargetProcessGUID: {03bfca49-8dd2-632c-550d-000000000b00}\r\nTargetProcessId: 12372\r\nTargetImage: C:\\Windows\\system32\\notepad.exe\r\nGrantedAccess: 0x1000\r\nCallTrace: C:\\Windows\\SYSTEM32\\ntdll.dll+9d234|C:\\Windows\\System32\\KERNELBASE.dll+2c0ce|C:\\Windows\\SYSTEM32\\twinapi.appcore.dll+22822|C:\\Windows\\SYSTEM32\\twinapi.appcore.dll+31381|C:\\Windows\\SYSTEM32\\twinapi.appcore.dll+621ff|C:\\Windows\\System32\\TaskFlowDataEngine.dll+9e0f0|C:\\Windows\\System32\\TaskFlowDataEngine.dll+9ce57|C:\\Windows\\System32\\TaskFlowDataEngine.dll+9ccb5|C:\\Windows\\System32\\TaskFlowDataEngine.dll+99b18|C:\\Windows\\System32\\TaskFlowDataEngine.dll+98394|C:\\Windows\\System32\\TaskFlowDataEngine.dll+a3341|C:\\Windows\\System32\\shcore.dll+3e0b6|C:\\Windows\\System32\\shcore.dll+17295|C:\\Windows\\System32\\shcore.dll+17170|C:\\Windows\\System32\\shcore.dll+15971|C:\\Windows\\System32\\KERNEL32.DLL+17034|C:\\Windows\\SYSTEM32\\ntdll.dll+52651\r\nSourceUser: MSSENTINEL\\wardog\r\nTargetUser: MSSENTINEL\\wardog","EventData":"\u003cEventData xmlns=\"http://schemas.microsoft.com/win/2004/08/events/event\"\u003e\u003cData Name=\"RuleName\"\u003e-\u003c/Data\u003e\u003cData Name=\"UtcTime\"\u003e2022-09-22 16:31:14.430\u003c/Data\u003e\u003cData Name=\"SourceProcessGUID\"\u003e{03bfca49-7152-632c-7a0b-000000000b00}\u003c/Data\u003e\u003cData Name=\"SourceProcessId\"\u003e8740\u003c/Data\u003e\u003cData Name=\"SourceThreadId\"\u003e12472\u003c/Data\u003e\u003cData Name=\"SourceImage\"\u003eC:\\Windows\\Explorer.EXE\u003c/Data\u003e\u003cData Name=\"TargetProcessGUID\"\u003e{03bfca49-8dd2-632c-550d-000000000b00}\u003c/Data\u003e\u003cData Name=\"TargetProcessId\"\u003e12372\u003c/Data\u003e\u003cData Name=\"TargetImage\"\u003eC:\\Windows\\system32\\notepad.exe\u003c/Data\u003e\u003cData Name=\"GrantedAccess\"\u003e0x1000\u003c/Data\u003e\u003cData Name=\"CallTrace\"\u003eC:\\Windows\\SYSTEM32\\ntdll.dll+9d234|C:\\Windows\\System32\\KERNELBASE.dll+2c0ce|C:\\Windows\\SYSTEM32\\twinapi.appcore.dll+22822|C:\\Windows\\SYSTEM32\\twinapi.appcore.dll+31381|C:\\Windows\\SYSTEM32\\twinapi.appcore.dll+621ff|C:\\Windows\\System32\\TaskFlowDataEngine.dll+9e0f0|C:\\Windows\\System32\\TaskFlowDataEngine.dll+9ce57|C:\\Windows\\System32\\TaskFlowDataEngine.dll+9ccb5|C:\\Windows\\System32\\TaskFlowDataEngine.dll+99b18|C:\\Windows\\System32\\TaskFlowDataEngine.dll+98394|C:\\Windows\\System32\\TaskFlowDataEngine.dll+a3341|C:\\Windows\\System32\\shcore.dll+3e0b6|C:\\Windows\\System32\\shcore.dll+17295|C:\\Windows\\System32\\shcore.dll+17170|C:\\Windows\\System32\\shcore.dll+15971|C:\\Windows\\System32\\KERNEL32.DLL+17034|C:\\Windows\\SYSTEM32\\ntdll.dll+52651\u003c/Data\u003e\u003cData Name=\"SourceUser\"\u003eMSSENTINEL\\wardog\u003c/Data\u003e\u003cData Name=\"TargetUser\"\u003eMSSENTINEL\\wardog\u003c/Data\u003e\u003c/EventData\u003e","Task":"10","RuleName":"-","UtcTime":"2022-09-22 16:31:14.430","SourceProcessGUID":"{03bfca49-7152-632c-7a0b-000000000b00}","SourceProcessId":"8740","SourceThreadId":"12472","SourceImage":"C:\\Windows\\Explorer.EXE","TargetProcessGUID":"{03bfca49-8dd2-632c-550d-000000000b00}","TargetProcessId":"12372","TargetImage":"C:\\Windows\\system32\\notepad.exe","GrantedAccess":"0x1000","CallTrace":"C:\\Windows\\SYSTEM32\\ntdll.dll+9d234|C:\\Windows\\System32\\KERNELBASE.dll+2c0ce|C:\\Windows\\SYSTEM32\\twinapi.appcore.dll+22822|C:\\Windows\\SYSTEM32\\twinapi.appcore.dll+31381|C:\\Windows\\SYSTEM32\\twinapi.appcore.dll+621ff|C:\\Windows\\System32\\TaskFlowDataEngine.dll+9e0f0|C:\\Windows\\System32\\TaskFlowDataEngine.dll+9ce57|C:\\Windows\\System32\\TaskFlowDataEngine.dll+9ccb5|C:\\Windows\\System32\\TaskFlowDataEngine.dll+99b18|C:\\Windows\\System32\\TaskFlowDataEngine.dll+98394|C:\\Windows\\System32\\TaskFlowDataEngine.dll+a3341|C:\\Windows\\System32\\shcore.dll+3e0b6|C:\\Windows\\System32\\shcore.dll+17295|C:\\Windows\\System32\\shcore.dll+17170|C:\\Windows\\System32\\shcore.dll+15971|C:\\Windows\\System32\\KERNEL32.DLL+17034|C:\\Windows\\SYSTEM32\\ntdll.dll+52651","SourceUser":"MSSENTINEL\\wardog","TargetUser":"MSSENTINEL\\wardog"},{"EventSourceName":"Microsoft-Windows-Sysmon","Provider":"Microsoft-Windows-Sysmon","ProviderGuid":"{5770385f-c22a-43e0-bf4c-06f5698ffbd9}","Level":"4","Keywords":"0x8000000000000000","Channel":"Microsoft-Windows-Sysmon/Operational","Computer":"WORKSTATION6.mssentinel.local","TimeCreated":"2022-09-22T12:31:14.432Z","TimeGenerated":"2022-09-22T04:31:14.432Z","EventRecordID":"3328045","EventID":10,"Message":"Process accessed:\r\nRuleName: -\r\nUtcTime: 2022-09-22 16:31:14.430\r\nSourceProcessGUID: {03bfca49-7152-632c-7a0b-000000000b00}\r\nSourceProcessId: 8740\r\nSourceThreadId: 9524\r\nSourceImage: C:\\Windows\\Explorer.EXE\r\nTargetProcessGUID: {03bfca49-8dd2-632c-550d-000000000b00}\r\nTargetProcessId: 12372\r\nTargetImage: C:\\Windows\\system32\\notepad.exe\r\nGrantedAccess: 0x1000\r\nCallTrace: C:\\Windows\\SYSTEM32\\ntdll.dll+9d234|C:\\Windows\\System32\\KERNELBASE.dll+2c0ce|C:\\Windows\\system32\\twinui.pcshell.dll+15e9d|C:\\Windows\\system32\\twinui.pcshell.dll+829a7|C:\\Windows\\system32\\twinui.pcshell.dll+7f82c|C:\\Windows\\system32\\twinui.pcshell.dll+2dae6|C:\\Windows\\system32\\twinui.pcshell.dll+25103|C:\\Windows\\system32\\twinui.pcshell.dll+24ce0|C:\\Windows\\system32\\twinui.pcshell.dll+8104e|C:\\Windows\\system32\\twinui.pcshell.dll+182b8|C:\\Windows\\system32\\twinui.pcshell.dll+425f4|C:\\Windows\\system32\\twinui.dll+6d026|C:\\Windows\\system32\\twinui.dll+6cd9b|C:\\Windows\\system32\\twinui.dll+6c953|C:\\Windows\\System32\\user32.dll+e7e8|C:\\Windows\\System32\\user32.dll+e36c|C:\\Windows\\System32\\user32.dll+26dc2|C:\\Windows\\SYSTEM32\\ntdll.dll+a0ba4|UNKNOWN(FFFFF800452AF635)|UNKNOWN(FFFFF2D788110A71)|UNKNOWN(FFFFF2D788098554)|UNKNOWN(FFFFF2D7880975B4)|UNKNOWN(FFFFF2D788094FF8)|UNKNOWN(FFFFF2D788094238)\r\nSourceUser: MSSENTINEL\\wardog\r\nTargetUser: MSSENTINEL\\wardog","EventData":"\u003cEventData xmlns=\"http://schemas.microsoft.com/win/2004/08/events/event\"\u003e\u003cData Name=\"RuleName\"\u003e-\u003c/Data\u003e\u003cData Name=\"UtcTime\"\u003e2022-09-22 16:31:14.430\u003c/Data\u003e\u003cData Name=\"SourceProcessGUID\"\u003e{03bfca49-7152-632c-7a0b-000000000b00}\u003c/Data\u003e\u003cData Name=\"SourceProcessId\"\u003e8740\u003c/Data\u003e\u003cData Name=\"SourceThreadId\"\u003e9524\u003c/Data\u003e\u003cData Name=\"SourceImage\"\u003eC:\\Windows\\Explorer.EXE\u003c/Data\u003e\u003cData Name=\"TargetProcessGUID\"\u003e{03bfca49-8dd2-632c-550d-000000000b00}\u003c/Data\u003e\u003cData Name=\"TargetProcessId\"\u003e12372\u003c/Data\u003e\u003cData Name=\"TargetImage\"\u003eC:\\Windows\\system32\\notepad.exe\u003c/Data\u003e\u003cData Name=\"GrantedAccess\"\u003e0x1000\u003c/Data\u003e\u003cData Name=\"CallTrace\"\u003eC:\\Windows\\SYSTEM32\\ntdll.dll+9d234|C:\\Windows\\System32\\KERNELBASE.dll+2c0ce|C:\\Windows\\system32\\twinui.pcshell.dll+15e9d|C:\\Windows\\system32\\twinui.pcshell.dll+829a7|C:\\Windows\\system32\\twinui.pcshell.dll+7f82c|C:\\Windows\\system32\\twinui.pcshell.dll+2dae6|C:\\Windows\\system32\\twinui.pcshell.dll+25103|C:\\Windows\\system32\\twinui.pcshell.dll+24ce0|C:\\Windows\\system32\\twinui.pcshell.dll+8104e|C:\\Windows\\system32\\twinui.pcshell.dll+182b8|C:\\Windows\\system32\\twinui.pcshell.dll+425f4|C:\\Windows\\system32\\twinui.dll+6d026|C:\\Windows\\system32\\twinui.dll+6cd9b|C:\\Windows\\system32\\twinui.dll+6c953|C:\\Windows\\System32\\user32.dll+e7e8|C:\\Windows\\System32\\user32.dll+e36c|C:\\Windows\\System32\\user32.dll+26dc2|C:\\Windows\\SYSTEM32\\ntdll.dll+a0ba4|UNKNOWN(FFFFF800452AF635)|UNKNOWN(FFFFF2D788110A71)|UNKNOWN(FFFFF2D788098554)|UNKNOWN(FFFFF2D7880975B4)|UNKNOWN(FFFFF2D788094FF8)|UNKNOWN(FFFFF2D788094238)\u003c/Data\u003e\u003cData Name=\"SourceUser\"\u003eMSSENTINEL\\wardog\u003c/Data\u003e\u003cData Name=\"TargetUser\"\u003eMSSENTINEL\\wardog\u003c/Data\u003e\u003c/EventData\u003e","Task":"10","RuleName":"-","UtcTime":"2022-09-22 16:31:14.430","SourceProcessGUID":"{03bfca49-7152-632c-7a0b-000000000b00}","SourceProcessId":"8740","SourceThreadId":"9524","SourceImage":"C:\\Windows\\Explorer.EXE","TargetProcessGUID":"{03bfca49-8dd2-632c-550d-000000000b00}","TargetProcessId":"12372","TargetImage":"C:\\Windows\\system32\\notepad.exe","GrantedAccess":"0x1000","CallTrace":"C:\\Windows\\SYSTEM32\\ntdll.dll+9d234|C:\\Windows\\System32\\KERNELBASE.dll+2c0ce|C:\\Windows\\system32\\twinui.pcshell.dll+15e9d|C:\\Windows\\system32\\twinui.pcshell.dll+829a7|C:\\Windows\\system32\\twinui.pcshell.dll+7f82c|C:\\Windows\\system32\\twinui.pcshell.dll+2dae6|C:\\Windows\\system32\\twinui.pcshell.dll+25103|C:\\Windows\\system32\\twinui.pcshell.dll+24ce0|C:\\Windows\\system32\\twinui.pcshell.dll+8104e|C:\\Windows\\system32\\twinui.pcshell.dll+182b8|C:\\Windows\\system32\\twinui.pcshell.dll+425f4|C:\\Windows\\system32\\twinui.dll+6d026|C:\\Windows\\system32\\twinui.dll+6cd9b|C:\\Windows\\system32\\twinui.dll+6c953|C:\\Windows\\System32\\user32.dll+e7e8|C:\\Windows\\System32\\user32.dll+e36c|C:\\Windows\\System32\\user32.dll+26dc2|C:\\Windows\\SYSTEM32\\ntdll.dll+a0ba4|UNKNOWN(FFFFF800452AF635)|UNKNOWN(FFFFF2D788110A71)|UNKNOWN(FFFFF2D788098554)|UNKNOWN(FFFFF2D7880975B4)|UNKNOWN(FFFFF2D788094FF8)|UNKNOWN(FFFFF2D788094238)","SourceUser":"MSSENTINEL\\wardog","TargetUser":"MSSENTINEL\\wardog"},{"EventSourceName":"Microsoft-Windows-Sysmon","Provider":"Microsoft-Windows-Sysmon","ProviderGuid":"{5770385f-c22a-43e0-bf4c-06f5698ffbd9}","Level":"4","Keywords":"0x8000000000000000","Channel":"Microsoft-Windows-Sysmon/Operational","Computer":"WORKSTATION6.mssentinel.local","TimeCreated":"2022-09-22T12:31:14.432Z","TimeGenerated":"2022-09-22T04:31:14.432Z","EventRecordID":"3328046","EventID":10,"Message":"Process accessed:\r\nRuleName: -\r\nUtcTime: 2022-09-22 16:31:14.430\r\nSourceProcessGUID: {03bfca49-7152-632c-7a0b-000000000b00}\r\nSourceProcessId: 8740\r\nSourceThreadId: 9524\r\nSourceImage: C:\\Windows\\Explorer.EXE\r\nTargetProcessGUID: {03bfca49-8dd2-632c-550d-000000000b00}\r\nTargetProcessId: 12372\r\nTargetImage: C:\\Windows\\system32\\notepad.exe\r\nGrantedAccess: 0x1000\r\nCallTrace: C:\\Windows\\SYSTEM32\\ntdll.dll+9d234|C:\\Windows\\System32\\KERNELBASE.dll+2c0ce|C:\\Windows\\system32\\twinui.pcshell.dll+16575|C:\\Windows\\system32\\twinui.pcshell.dll+15ecf|C:\\Windows\\system32\\twinui.pcshell.dll+829a7|C:\\Windows\\system32\\twinui.pcshell.dll+7f82c|C:\\Windows\\system32\\twinui.pcshell.dll+2dae6|C:\\Windows\\system32\\twinui.pcshell.dll+25103|C:\\Windows\\system32\\twinui.pcshell.dll+24ce0|C:\\Windows\\system32\\twinui.pcshell.dll+8104e|C:\\Windows\\system32\\twinui.pcshell.dll+182b8|C:\\Windows\\system32\\twinui.pcshell.dll+425f4|C:\\Windows\\system32\\twinui.dll+6d026|C:\\Windows\\system32\\twinui.dll+6cd9b|C:\\Windows\\system32\\twinui.dll+6c953|C:\\Windows\\System32\\user32.dll+e7e8|C:\\Windows\\System32\\user32.dll+e36c|C:\\Windows\\System32\\user32.dll+26dc2|C:\\Windows\\SYSTEM32\\ntdll.dll+a0ba4|UNKNOWN(FFFFF800452AF635)|UNKNOWN(FFFFF2D788110A71)|UNKNOWN(FFFFF2D788098554)|UNKNOWN(FFFFF2D7880975B4)|UNKNOWN(FFFFF2D788094FF8)\r\nSourceUser: MSSENTINEL\\wardog\r\nTargetUser: MSSENTINEL\\wardog","EventData":"\u003cEventData xmlns=\"http://schemas.microsoft.com/win/2004/08/events/event\"\u003e\u003cData Name=\"RuleName\"\u003e-\u003c/Data\u003e\u003cData Name=\"UtcTime\"\u003e2022-09-22 16:31:14.430\u003c/Data\u003e\u003cData Name=\"SourceProcessGUID\"\u003e{03bfca49-7152-632c-7a0b-000000000b00}\u003c/Data\u003e\u003cData Name=\"SourceProcessId\"\u003e8740\u003c/Data\u003e\u003cData Name=\"SourceThreadId\"\u003e9524\u003c/Data\u003e\u003cData Name=\"SourceImage\"\u003eC:\\Windows\\Explorer.EXE\u003c/Data\u003e\u003cData Name=\"TargetProcessGUID\"\u003e{03bfca49-8dd2-632c-550d-000000000b00}\u003c/Data\u003e\u003cData Name=\"TargetProcessId\"\u003e12372\u003c/Data\u003e\u003cData Name=\"TargetImage\"\u003eC:\\Windows\\system32\\notepad.exe\u003c/Data\u003e\u003cData Name=\"GrantedAccess\"\u003e0x1000\u003c/Data\u003e\u003cData Name=\"CallTrace\"\u003eC:\\Windows\\SYSTEM32\\ntdll.dll+9d234|C:\\Windows\\System32\\KERNELBASE.dll+2c0ce|C:\\Windows\\system32\\twinui.pcshell.dll+16575|C:\\Windows\\system32\\twinui.pcshell.dll+15ecf|C:\\Windows\\system32\\twinui.pcshell.dll+829a7|C:\\Windows\\system32\\twinui.pcshell.dll+7f82c|C:\\Windows\\system32\\twinui.pcshell.dll+2dae6|C:\\Windows\\system32\\twinui.pcshell.dll+25103|C:\\Windows\\system32\\twinui.pcshell.dll+24ce0|C:\\Windows\\system32\\twinui.pcshell.dll+8104e|C:\\Windows\\system32\\twinui.pcshell.dll+182b8|C:\\Windows\\system32\\twinui.pcshell.dll+425f4|C:\\Windows\\system32\\twinui.dll+6d026|C:\\Windows\\system32\\twinui.dll+6cd9b|C:\\Windows\\system32\\twinui.dll+6c953|C:\\Windows\\System32\\user32.dll+e7e8|C:\\Windows\\System32\\user32.dll+e36c|C:\\Windows\\System32\\user32.dll+26dc2|C:\\Windows\\SYSTEM32\\ntdll.dll+a0ba4|UNKNOWN(FFFFF800452AF635)|UNKNOWN(FFFFF2D788110A71)|UNKNOWN(FFFFF2D788098554)|UNKNOWN(FFFFF2D7880975B4)|UNKNOWN(FFFFF2D788094FF8)\u003c/Data\u003e\u003cData Name=\"SourceUser\"\u003eMSSENTINEL\\wardog\u003c/Data\u003e\u003cData Name=\"TargetUser\"\u003eMSSENTINEL\\wardog\u003c/Data\u003e\u003c/EventData\u003e","Task":"10","RuleName":"-","UtcTime":"2022-09-22 16:31:14.430","SourceProcessGUID":"{03bfca49-7152-632c-7a0b-000000000b00}","SourceProcessId":"8740","SourceThreadId":"9524","SourceImage":"C:\\Windows\\Explorer.EXE","TargetProcessGUID":"{03bfca49-8dd2-632c-550d-000000000b00}","TargetProcessId":"12372","TargetImage":"C:\\Windows\\system32\\notepad.exe","GrantedAccess":"0x1000","CallTrace":"C:\\Windows\\SYSTEM32\\ntdll.dll+9d234|C:\\Windows\\System32\\KERNELBASE.dll+2c0ce|C:\\Windows\\system32\\twinui.pcshell.dll+16575|C:\\Windows\\system32\\twinui.pcshell.dll+15ecf|C:\\Windows\\system32\\twinui.pcshell.dll+829a7|C:\\Windows\\system32\\twinui.pcshell.dll+7f82c|C:\\Windows\\system32\\twinui.pcshell.dll+2dae6|C:\\Windows\\system32\\twinui.pcshell.dll+25103|C:\\Windows\\system32\\twinui.pcshell.dll+24ce0|C:\\Windows\\system32\\twinui.pcshell.dll+8104e|C:\\Windows\\system32\\twinui.pcshell.dll+182b8|C:\\Windows\\system32\\twinui.pcshell.dll+425f4|C:\\Windows\\system32\\twinui.dll+6d026|C:\\Windows\\system32\\twinui.dll+6cd9b|C:\\Windows\\system32\\twinui.dll+6c953|C:\\Windows\\System32\\user32.dll+e7e8|C:\\Windows\\System32\\user32.dll+e36c|C:\\Windows\\System32\\user32.dll+26dc2|C:\\Windows\\SYSTEM32\\ntdll.dll+a0ba4|UNKNOWN(FFFFF800452AF635)|UNKNOWN(FFFFF2D788110A71)|UNKNOWN(FFFFF2D788098554)|UNKNOWN(FFFFF2D7880975B4)|UNKNOWN(FFFFF2D788094FF8)","SourceUser":"MSSENTINEL\\wardog","TargetUser":"MSSENTINEL\\wardog"},{"EventSourceName":"Microsoft-Windows-Sysmon","Provider":"Microsoft-Windows-Sysmon","ProviderGuid":"{5770385f-c22a-43e0-bf4c-06f5698ffbd9}","Level":"4","Keywords":"0x8000000000000000","Channel":"Microsoft-Windows-Sysmon/Operational","Computer":"WORKSTATION6.mssentinel.local","TimeCreated":"2022-09-22T12:31:14.439Z","TimeGenerated":"2022-09-22T04:31:14.439Z","EventRecordID":"3328047","EventID":10,"Message":"Process accessed:\r\nRuleName: -\r\nUtcTime: 2022-09-22 16:31:14.430\r\nSourceProcessGUID: {03bfca49-7152-632c-7a0b-000000000b00}\r\nSourceProcessId: 8740\r\nSourceThreadId: 11180\r\nSourceImage: C:\\Windows\\Explorer.EXE\r\nTargetProcessGUID: {03bfca49-8dd2-632c-550d-000000000b00}\r\nTargetProcessId: 12372\r\nTargetImage: C:\\Windows\\system32\\notepad.exe\r\nGrantedAccess: 0x1000\r\nCallTrace: C:\\Windows\\System32\\win32u.dll+99a4|C:\\Windows\\Explorer.EXE+2b876|C:\\Windows\\Explorer.EXE+2b802|C:\\Windows\\Explorer.EXE+2b67c|C:\\Windows\\Explorer.EXE+2917b|C:\\Windows\\Explorer.EXE+7b3db|C:\\Windows\\Explorer.EXE+7b389|C:\\Windows\\Explorer.EXE+26970|C:\\Windows\\Explorer.EXE+2643d|C:\\Windows\\Explorer.EXE+75be8|C:\\Windows\\System32\\user32.dll+e7e8|C:\\Windows\\System32\\user32.dll+e229|C:\\Windows\\Explorer.EXE+5dd03|C:\\Windows\\Explorer.EXE+5db6c|C:\\Windows\\System32\\shcore.dll+2c889|C:\\Windows\\System32\\KERNEL32.DLL+17034|C:\\Windows\\SYSTEM32\\ntdll.dll+52651\r\nSourceUser: MSSENTINEL\\wardog\r\nTargetUser: MSSENTINEL\\wardog","EventData":"\u003cEventData xmlns=\"http://schemas.microsoft.com/win/2004/08/events/event\"\u003e\u003cData Name=\"RuleName\"\u003e-\u003c/Data\u003e\u003cData Name=\"UtcTime\"\u003e2022-09-22 16:31:14.430\u003c/Data\u003e\u003cData Name=\"SourceProcessGUID\"\u003e{03bfca49-7152-632c-7a0b-000000000b00}\u003c/Data\u003e\u003cData Name=\"SourceProcessId\"\u003e8740\u003c/Data\u003e\u003cData Name=\"SourceThreadId\"\u003e11180\u003c/Data\u003e\u003cData Name=\"SourceImage\"\u003eC:\\Windows\\Explorer.EXE\u003c/Data\u003e\u003cData Name=\"TargetProcessGUID\"\u003e{03bfca49-8dd2-632c-550d-000000000b00}\u003c/Data\u003e\u003cData Name=\"TargetProcessId\"\u003e12372\u003c/Data\u003e\u003cData Name=\"TargetImage\"\u003eC:\\Windows\\system32\\notepad.exe\u003c/Data\u003e\u003cData Name=\"GrantedAccess\"\u003e0x1000\u003c/Data\u003e\u003cData Name=\"CallTrace\"\u003eC:\\Windows\\System32\\win32u.dll+99a4|C:\\Windows\\Explorer.EXE+2b876|C:\\Windows\\Explorer.EXE+2b802|C:\\Windows\\Explorer.EXE+2b67c|C:\\Windows\\Explorer.EXE+2917b|C:\\Windows\\Explorer.EXE+7b3db|C:\\Windows\\Explorer.EXE+7b389|C:\\Windows\\Explorer.EXE+26970|C:\\Windows\\Explorer.EXE+2643d|C:\\Windows\\Explorer.EXE+75be8|C:\\Windows\\System32\\user32.dll+e7e8|C:\\Windows\\System32\\user32.dll+e229|C:\\Windows\\Explorer.EXE+5dd03|C:\\Windows\\Explorer.EXE+5db6c|C:\\Windows\\System32\\shcore.dll+2c889|C:\\Windows\\System32\\KERNEL32.DLL+17034|C:\\Windows\\SYSTEM32\\ntdll.dll+52651\u003c/Data\u003e\u003cData Name=\"SourceUser\"\u003eMSSENTINEL\\wardog\u003c/Data\u003e\u003cData Name=\"TargetUser\"\u003eMSSENTINEL\\wardog\u003c/Data\u003e\u003c/EventData\u003e","Task":"10","RuleName":"-","UtcTime":"2022-09-22 16:31:14.430","SourceProcessGUID":"{03bfca49-7152-632c-7a0b-000000000b00}","SourceProcessId":"8740","SourceThreadId":"11180","SourceImage":"C:\\Windows\\Explorer.EXE","TargetProcessGUID":"{03bfca49-8dd2-632c-550d-000000000b00}","TargetProcessId":"12372","TargetImage":"C:\\Windows\\system32\\notepad.exe","GrantedAccess":"0x1000","CallTrace":"C:\\Windows\\System32\\win32u.dll+99a4|C:\\Windows\\Explorer.EXE+2b876|C:\\Windows\\Explorer.EXE+2b802|C:\\Windows\\Explorer.EXE+2b67c|C:\\Windows\\Explorer.EXE+2917b|C:\\Windows\\Explorer.EXE+7b3db|C:\\Windows\\Explorer.EXE+7b389|C:\\Windows\\Explorer.EXE+26970|C:\\Windows\\Explorer.EXE+2643d|C:\\Windows\\Explorer.EXE+75be8|C:\\Windows\\System32\\user32.dll+e7e8|C:\\Windows\\System32\\user32.dll+e229|C:\\Windows\\Explorer.EXE+5dd03|C:\\Windows\\Explorer.EXE+5db6c|C:\\Windows\\System32\\shcore.dll+2c889|C:\\Windows\\System32\\KERNEL32.DLL+17034|C:\\Windows\\SYSTEM32\\ntdll.dll+52651","SourceUser":"MSSENTINEL\\wardog","TargetUser":"MSSENTINEL\\wardog"},{"EventSourceName":"Microsoft-Windows-Sysmon","Provider":"Microsoft-Windows-Sysmon","ProviderGuid":"{5770385f-c22a-43e0-bf4c-06f5698ffbd9}","Level":"4","Keywords":"0x8000000000000000","Channel":"Microsoft-Windows-Sysmon/Operational","Computer":"WORKSTATION6.mssentinel.local","TimeCreated":"2022-09-22T12:31:14.439Z","TimeGenerated":"2022-09-22T04:31:14.439Z","EventRecordID":"3328048","EventID":10,"Message":"Process accessed:\r\nRuleName: -\r\nUtcTime: 2022-09-22 16:31:14.430\r\nSourceProcessGUID: {03bfca49-7152-632c-7a0b-000000000b00}\r\nSourceProcessId: 8740\r\nSourceThreadId: 9524\r\nSourceImage: C:\\Windows\\Explorer.EXE\r\nTargetProcessGUID: {03bfca49-8dd2-632c-550d-000000000b00}\r\nTargetProcessId: 12372\r\nTargetImage: C:\\Windows\\system32\\notepad.exe\r\nGrantedAccess: 0x1000\r\nCallTrace: C:\\Windows\\SYSTEM32\\ntdll.dll+9d234|C:\\Windows\\System32\\KERNELBASE.dll+2c0ce|C:\\Windows\\SYSTEM32\\TWINAPI.dll+2d77|C:\\Windows\\system32\\twinui.pcshell.dll+3835d|C:\\Windows\\system32\\twinui.pcshell.dll+37adc|C:\\Windows\\system32\\twinui.dll+68ebc|C:\\Windows\\system32\\twinui.dll+68e1c|C:\\Windows\\system32\\twinui.dll+6101a|C:\\Windows\\system32\\twinui.dll+6094a|C:\\Windows\\system32\\twinui.dll+611eb|C:\\Windows\\system32\\twinui.dll+60a0d|C:\\Windows\\System32\\user32.dll+e7e8|C:\\Windows\\System32\\user32.dll+e229|C:\\Windows\\System32\\windows.immersiveshell.serviceprovider.dll+cc93|C:\\Windows\\System32\\windows.immersiveshell.serviceprovider.dll+c823|C:\\Windows\\System32\\windows.immersiveshell.serviceprovider.dll+f523|C:\\Windows\\System32\\windows.immersiveshell.serviceprovider.dll+f582|C:\\Windows\\System32\\KERNEL32.DLL+17034|C:\\Windows\\SYSTEM32\\ntdll.dll+52651\r\nSourceUser: MSSENTINEL\\wardog\r\nTargetUser: MSSENTINEL\\wardog","EventData":"\u003cEventData xmlns=\"http://schemas.microsoft.com/win/2004/08/events/event\"\u003e\u003cData Name=\"RuleName\"\u003e-\u003c/Data\u003e\u003cData Name=\"UtcTime\"\u003e2022-09-22 16:31:14.430\u003c/Data\u003e\u003cData Name=\"SourceProcessGUID\"\u003e{03bfca49-7152-632c-7a0b-000000000b00}\u003c/Data\u003e\u003cData Name=\"SourceProcessId\"\u003e8740\u003c/Data\u003e\u003cData Name=\"SourceThreadId\"\u003e9524\u003c/Data\u003e\u003cData Name=\"SourceImage\"\u003eC:\\Windows\\Explorer.EXE\u003c/Data\u003e\u003cData Name=\"TargetProcessGUID\"\u003e{03bfca49-8dd2-632c-550d-000000000b00}\u003c/Data\u003e\u003cData Name=\"TargetProcessId\"\u003e12372\u003c/Data\u003e\u003cData Name=\"TargetImage\"\u003eC:\\Windows\\system32\\notepad.exe\u003c/Data\u003e\u003cData Name=\"GrantedAccess\"\u003e0x1000\u003c/Data\u003e\u003cData Name=\"CallTrace\"\u003eC:\\Windows\\SYSTEM32\\ntdll.dll+9d234|C:\\Windows\\System32\\KERNELBASE.dll+2c0ce|C:\\Windows\\SYSTEM32\\TWINAPI.dll+2d77|C:\\Windows\\system32\\twinui.pcshell.dll+3835d|C:\\Windows\\system32\\twinui.pcshell.dll+37adc|C:\\Windows\\system32\\twinui.dll+68ebc|C:\\Windows\\system32\\twinui.dll+68e1c|C:\\Windows\\system32\\twinui.dll+6101a|C:\\Windows\\system32\\twinui.dll+6094a|C:\\Windows\\system32\\twinui.dll+611eb|C:\\Windows\\system32\\twinui.dll+60a0d|C:\\Windows\\System32\\user32.dll+e7e8|C:\\Windows\\System32\\user32.dll+e229|C:\\Windows\\System32\\windows.immersiveshell.serviceprovider.dll+cc93|C:\\Windows\\System32\\windows.immersiveshell.serviceprovider.dll+c823|C:\\Windows\\System32\\windows.immersiveshell.serviceprovider.dll+f523|C:\\Windows\\System32\\windows.immersiveshell.serviceprovider.dll+f582|C:\\Windows\\System32\\KERNEL32.DLL+17034|C:\\Windows\\SYSTEM32\\ntdll.dll+52651\u003c/Data\u003e\u003cData Name=\"SourceUser\"\u003eMSSENTINEL\\wardog\u003c/Data\u003e\u003cData Name=\"TargetUser\"\u003eMSSENTINEL\\wardog\u003c/Data\u003e\u003c/EventData\u003e","Task":"10","RuleName":"-","UtcTime":"2022-09-22 16:31:14.430","SourceProcessGUID":"{03bfca49-7152-632c-7a0b-000000000b00}","SourceProcessId":"8740","SourceThreadId":"9524","SourceImage":"C:\\Windows\\Explorer.EXE","TargetProcessGUID":"{03bfca49-8dd2-632c-550d-000000000b00}","TargetProcessId":"12372","TargetImage":"C:\\Windows\\system32\\notepad.exe","GrantedAccess":"0x1000","CallTrace":"C:\\Windows\\SYSTEM32\\ntdll.dll+9d234|C:\\Windows\\System32\\KERNELBASE.dll+2c0ce|C:\\Windows\\SYSTEM32\\TWINAPI.dll+2d77|C:\\Windows\\system32\\twinui.pcshell.dll+3835d|C:\\Windows\\system32\\twinui.pcshell.dll+37adc|C:\\Windows\\system32\\twinui.dll+68ebc|C:\\Windows\\system32\\twinui.dll+68e1c|C:\\Windows\\system32\\twinui.dll+6101a|C:\\Windows\\system32\\twinui.dll+6094a|C:\\Windows\\system32\\twinui.dll+611eb|C:\\Windows\\system32\\twinui.dll+60a0d|C:\\Windows\\System32\\user32.dll+e7e8|C:\\Windows\\System32\\user32.dll+e229|C:\\Windows\\System32\\windows.immersiveshell.serviceprovider.dll+cc93|C:\\Windows\\System32\\windows.immersiveshell.serviceprovider.dll+c823|C:\\Windows\\System32\\windows.immersiveshell.serviceprovider.dll+f523|C:\\Windows\\System32\\windows.immersiveshell.serviceprovider.dll+f582|C:\\Windows\\System32\\KERNEL32.DLL+17034|C:\\Windows\\SYSTEM32\\ntdll.dll+52651","SourceUser":"MSSENTINEL\\wardog","TargetUser":"MSSENTINEL\\wardog"},{"EventSourceName":"Microsoft-Windows-Sysmon","Provider":"Microsoft-Windows-Sysmon","ProviderGuid":"{5770385f-c22a-43e0-bf4c-06f5698ffbd9}","Level":"4","Keywords":"0x8000000000000000","Channel":"Microsoft-Windows-Sysmon/Operational","Computer":"WORKSTATION6.mssentinel.local","TimeCreated":"2022-09-22T12:31:14.439Z","TimeGenerated":"2022-09-22T04:31:14.439Z","EventRecordID":"3328049","EventID":10,"Message":"Process accessed:\r\nRuleName: -\r\nUtcTime: 2022-09-22 16:31:14.430\r\nSourceProcessGUID: {03bfca49-7152-632c-7a0b-000000000b00}\r\nSourceProcessId: 8740\r\nSourceThreadId: 9524\r\nSourceImage: C:\\Windows\\Explorer.EXE\r\nTargetProcessGUID: {03bfca49-8dd2-632c-550d-000000000b00}\r\nTargetProcessId: 12372\r\nTargetImage: C:\\Windows\\system32\\notepad.exe\r\nGrantedAccess: 0x2000\r\nCallTrace: C:\\Windows\\SYSTEM32\\ntdll.dll+9d234|C:\\Windows\\System32\\KERNELBASE.dll+2c0ce|C:\\Windows\\system32\\twinui.dll+31da3|C:\\Windows\\system32\\twinui.dll+68ebc|C:\\Windows\\system32\\twinui.dll+68e1c|C:\\Windows\\system32\\twinui.dll+6101a|C:\\Windows\\system32\\twinui.dll+6094a|C:\\Windows\\system32\\twinui.dll+611eb|C:\\Windows\\system32\\twinui.dll+60a0d|C:\\Windows\\System32\\user32.dll+e7e8|C:\\Windows\\System32\\user32.dll+e229|C:\\Windows\\System32\\windows.immersiveshell.serviceprovider.dll+cc93|C:\\Windows\\System32\\windows.immersiveshell.serviceprovider.dll+c823|C:\\Windows\\System32\\windows.immersiveshell.serviceprovider.dll+f523|C:\\Windows\\System32\\windows.immersiveshell.serviceprovider.dll+f582|C:\\Windows\\System32\\KERNEL32.DLL+17034|C:\\Windows\\SYSTEM32\\ntdll.dll+52651\r\nSourceUser: MSSENTINEL\\wardog\r\nTargetUser: MSSENTINEL\\wardog","EventData":"\u003cEventData xmlns=\"http://schemas.microsoft.com/win/2004/08/events/event\"\u003e\u003cData Name=\"RuleName\"\u003e-\u003c/Data\u003e\u003cData Name=\"UtcTime\"\u003e2022-09-22 16:31:14.430\u003c/Data\u003e\u003cData Name=\"SourceProcessGUID\"\u003e{03bfca49-7152-632c-7a0b-000000000b00}\u003c/Data\u003e\u003cData Name=\"SourceProcessId\"\u003e8740\u003c/Data\u003e\u003cData Name=\"SourceThreadId\"\u003e9524\u003c/Data\u003e\u003cData Name=\"SourceImage\"\u003eC:\\Windows\\Explorer.EXE\u003c/Data\u003e\u003cData Name=\"TargetProcessGUID\"\u003e{03bfca49-8dd2-632c-550d-000000000b00}\u003c/Data\u003e\u003cData Name=\"TargetProcessId\"\u003e12372\u003c/Data\u003e\u003cData Name=\"TargetImage\"\u003eC:\\Windows\\system32\\notepad.exe\u003c/Data\u003e\u003cData Name=\"GrantedAccess\"\u003e0x2000\u003c/Data\u003e\u003cData Name=\"CallTrace\"\u003eC:\\Windows\\SYSTEM32\\ntdll.dll+9d234|C:\\Windows\\System32\\KERNELBASE.dll+2c0ce|C:\\Windows\\system32\\twinui.dll+31da3|C:\\Windows\\system32\\twinui.dll+68ebc|C:\\Windows\\system32\\twinui.dll+68e1c|C:\\Windows\\system32\\twinui.dll+6101a|C:\\Windows\\system32\\twinui.dll+6094a|C:\\Windows\\system32\\twinui.dll+611eb|C:\\Windows\\system32\\twinui.dll+60a0d|C:\\Windows\\System32\\user32.dll+e7e8|C:\\Windows\\System32\\user32.dll+e229|C:\\Windows\\System32\\windows.immersiveshell.serviceprovider.dll+cc93|C:\\Windows\\System32\\windows.immersiveshell.serviceprovider.dll+c823|C:\\Windows\\System32\\windows.immersiveshell.serviceprovider.dll+f523|C:\\Windows\\System32\\windows.immersiveshell.serviceprovider.dll+f582|C:\\Windows\\System32\\KERNEL32.DLL+17034|C:\\Windows\\SYSTEM32\\ntdll.dll+52651\u003c/Data\u003e\u003cData Name=\"SourceUser\"\u003eMSSENTINEL\\wardog\u003c/Data\u003e\u003cData Name=\"TargetUser\"\u003eMSSENTINEL\\wardog\u003c/Data\u003e\u003c/EventData\u003e","Task":"10","RuleName":"-","UtcTime":"2022-09-22 16:31:14.430","SourceProcessGUID":"{03bfca49-7152-632c-7a0b-000000000b00}","SourceProcessId":"8740","SourceThreadId":"9524","SourceImage":"C:\\Windows\\Explorer.EXE","TargetProcessGUID":"{03bfca49-8dd2-632c-550d-000000000b00}","TargetProcessId":"12372","TargetImage":"C:\\Windows\\system32\\notepad.exe","GrantedAccess":"0x2000","CallTrace":"C:\\Windows\\SYSTEM32\\ntdll.dll+9d234|C:\\Windows\\System32\\KERNELBASE.dll+2c0ce|C:\\Windows\\system32\\twinui.dll+31da3|C:\\Windows\\system32\\twinui.dll+68ebc|C:\\Windows\\system32\\twinui.dll+68e1c|C:\\Windows\\system32\\twinui.dll+6101a|C:\\Windows\\system32\\twinui.dll+6094a|C:\\Windows\\system32\\twinui.dll+611eb|C:\\Windows\\system32\\twinui.dll+60a0d|C:\\Windows\\System32\\user32.dll+e7e8|C:\\Windows\\System32\\user32.dll+e229|C:\\Windows\\System32\\windows.immersiveshell.serviceprovider.dll+cc93|C:\\Windows\\System32\\windows.immersiveshell.serviceprovider.dll+c823|C:\\Windows\\System32\\windows.immersiveshell.serviceprovider.dll+f523|C:\\Windows\\System32\\windows.immersiveshell.serviceprovider.dll+f582|C:\\Windows\\System32\\KERNEL32.DLL+17034|C:\\Windows\\SYSTEM32\\ntdll.dll+52651","SourceUser":"MSSENTINEL\\wardog","TargetUser":"MSSENTINEL\\wardog"},{"EventSourceName":"Microsoft-Windows-Sysmon","Provider":"Microsoft-Windows-Sysmon","ProviderGuid":"{5770385f-c22a-43e0-bf4c-06f5698ffbd9}","Level":"4","Keywords":"0x8000000000000000","Channel":"Microsoft-Windows-Sysmon/Operational","Computer":"WORKSTATION6.mssentinel.local","TimeCreated":"2022-09-22T12:31:14.439Z","TimeGenerated":"2022-09-22T04:31:14.439Z","EventRecordID":"3328050","EventID":12,"Message":"Registry object added or deleted:\r\nRuleName: -\r\nEventType: CreateKey\r\nUtcTime: 2022-09-22 16:31:14.430\r\nProcessGuid: {03bfca49-714e-632c-6d0b-000000000b00}\r\nProcessId: 3008\r\nImage: C:\\Windows\\system32\\ctfmon.exe\r\nTargetObject: HKU\\S-1-5-21-1569727641-2518674866-3296776394-500\\SOFTWARE\\Microsoft\\Input\\TypingInsights\r\nUser: MSSENTINEL\\wardog","EventData":"\u003cEventData xmlns=\"http://schemas.microsoft.com/win/2004/08/events/event\"\u003e\u003cData Name=\"RuleName\"\u003e-\u003c/Data\u003e\u003cData Name=\"EventType\"\u003eCreateKey\u003c/Data\u003e\u003cData Name=\"UtcTime\"\u003e2022-09-22 16:31:14.430\u003c/Data\u003e\u003cData Name=\"ProcessGuid\"\u003e{03bfca49-714e-632c-6d0b-000000000b00}\u003c/Data\u003e\u003cData Name=\"ProcessId\"\u003e3008\u003c/Data\u003e\u003cData Name=\"Image\"\u003eC:\\Windows\\system32\\ctfmon.exe\u003c/Data\u003e\u003cData Name=\"TargetObject\"\u003eHKU\\S-1-5-21-1569727641-2518674866-3296776394-500\\SOFTWARE\\Microsoft\\Input\\TypingInsights\u003c/Data\u003e\u003cData Name=\"User\"\u003eMSSENTINEL\\wardog\u003c/Data\u003e\u003c/EventData\u003e","Task":"12","RuleName":"-","EventType":"CreateKey","UtcTime":"2022-09-22 16:31:14.430","ProcessGuid":"{03bfca49-714e-632c-6d0b-000000000b00}","ProcessId":"3008","Image":"C:\\Windows\\system32\\ctfmon.exe","TargetObject":"HKU\\S-1-5-21-1569727641-2518674866-3296776394-500\\SOFTWARE\\Microsoft\\Input\\TypingInsights","User":"MSSENTINEL\\wardog"},{"EventSourceName":"Microsoft-Windows-Sysmon","Provider":"Microsoft-Windows-Sysmon","ProviderGuid":"{5770385f-c22a-43e0-bf4c-06f5698ffbd9}","Level":"4","Keywords":"0x8000000000000000","Channel":"Microsoft-Windows-Sysmon/Operational","Computer":"WORKSTATION6.mssentinel.local","TimeCreated":"2022-09-22T12:31:14.439Z","TimeGenerated":"2022-09-22T04:31:14.439Z","EventRecordID":"3328051","EventID":13,"Message":"Registry value set:\r\nRuleName: -\r\nEventType: SetValue\r\nUtcTime: 2022-09-22 16:31:14.430\r\nProcessGuid: {03bfca49-714e-632c-6d0b-000000000b00}\r\nProcessId: 3008\r\nImage: C:\\Windows\\system32\\ctfmon.exe\r\nTargetObject: HKU\\S-1-5-21-1569727641-2518674866-3296776394-500\\SOFTWARE\\Microsoft\\Input\\TypingInsights\\Insights\r\nDetails: Binary Data\r\nUser: MSSENTINEL\\wardog","EventData":"\u003cEventData xmlns=\"http://schemas.microsoft.com/win/2004/08/events/event\"\u003e\u003cData Name=\"RuleName\"\u003e-\u003c/Data\u003e\u003cData Name=\"EventType\"\u003eSetValue\u003c/Data\u003e\u003cData Name=\"UtcTime\"\u003e2022-09-22 16:31:14.430\u003c/Data\u003e\u003cData Name=\"ProcessGuid\"\u003e{03bfca49-714e-632c-6d0b-000000000b00}\u003c/Data\u003e\u003cData Name=\"ProcessId\"\u003e3008\u003c/Data\u003e\u003cData Name=\"Image\"\u003eC:\\Windows\\system32\\ctfmon.exe\u003c/Data\u003e\u003cData Name=\"TargetObject\"\u003eHKU\\S-1-5-21-1569727641-2518674866-3296776394-500\\SOFTWARE\\Microsoft\\Input\\TypingInsights\\Insights\u003c/Data\u003e\u003cData Name=\"Details\"\u003eBinary Data\u003c/Data\u003e\u003cData Name=\"User\"\u003eMSSENTINEL\\wardog\u003c/Data\u003e\u003c/EventData\u003e","Task":"13","RuleName":"-","EventType":"SetValue","UtcTime":"2022-09-22 16:31:14.430","ProcessGuid":"{03bfca49-714e-632c-6d0b-000000000b00}","ProcessId":"3008","Image":"C:\\Windows\\system32\\ctfmon.exe","TargetObject":"HKU\\S-1-5-21-1569727641-2518674866-3296776394-500\\SOFTWARE\\Microsoft\\Input\\TypingInsights\\Insights","Details":"Binary Data","User":"MSSENTINEL\\wardog"},