{"EventSourceName":"Microsoft-Windows-Sysmon","Provider":"Microsoft-Windows-Sysmon","ProviderGuid":"{5770385f-c22a-43e0-bf4c-06f5698ffbd9}","Level":"4","Keywords":"0x8000000000000000","Channel":"Microsoft-Windows-Sysmon/Operational","Computer":"WORKSTATION6.mssentinel.local","TimeCreated":"2022-09-22T12:31:14.394Z","TimeGenerated":"2022-09-22T04:31:14.394Z","EventRecordID":"3328020","EventID":7,"Message":"Image loaded:\r\nRuleName: -\r\nUtcTime: 2022-09-22 16:31:14.383\r\nProcessGuid: {03bfca49-8dd2-632c-550d-000000000b00}\r\nProcessId: 12372\r\nImage: C:\\Windows\\System32\\notepad.exe\r\nImageLoaded: C:\\Windows\\System32\\TextShaping.dll\r\nFileVersion: -\r\nDescription: -\r\nProduct: -\r\nCompany: -\r\nOriginalFileName: -\r\nHashes: SHA1=C0222E0ED87B618A16564DADD485CE3A80B762E2,MD5=4C528AE5D512E3901BACAA5D75240381,SHA256=B51BBE4C3D01ED3ECB8947C7CCE071022149496D713E65E5A30CACAA82B7681E,IMPHASH=A943777AC898B6DD3182E319E9ECBC5E\r\nSigned: true\r\nSignature: Microsoft Windows\r\nSignatureStatus: Valid\r\nUser: MSSENTINEL\\wardog","EventData":"\u003cEventData xmlns=\"http://schemas.microsoft.com/win/2004/08/events/event\"\u003e\u003cData Name=\"RuleName\"\u003e-\u003c/Data\u003e\u003cData Name=\"UtcTime\"\u003e2022-09-22 16:31:14.383\u003c/Data\u003e\u003cData Name=\"ProcessGuid\"\u003e{03bfca49-8dd2-632c-550d-000000000b00}\u003c/Data\u003e\u003cData Name=\"ProcessId\"\u003e12372\u003c/Data\u003e\u003cData Name=\"Image\"\u003eC:\\Windows\\System32\\notepad.exe\u003c/Data\u003e\u003cData Name=\"ImageLoaded\"\u003eC:\\Windows\\System32\\TextShaping.dll\u003c/Data\u003e\u003cData Name=\"FileVersion\"\u003e-\u003c/Data\u003e\u003cData Name=\"Description\"\u003e-\u003c/Data\u003e\u003cData Name=\"Product\"\u003e-\u003c/Data\u003e\u003cData Name=\"Company\"\u003e-\u003c/Data\u003e\u003cData Name=\"OriginalFileName\"\u003e-\u003c/Data\u003e\u003cData Name=\"Hashes\"\u003eSHA1=C0222E0ED87B618A16564DADD485CE3A80B762E2,MD5=4C528AE5D512E3901BACAA5D75240381,SHA256=B51BBE4C3D01ED3ECB8947C7CCE071022149496D713E65E5A30CACAA82B7681E,IMPHASH=A943777AC898B6DD3182E319E9ECBC5E\u003c/Data\u003e\u003cData Name=\"Signed\"\u003etrue\u003c/Data\u003e\u003cData Name=\"Signature\"\u003eMicrosoft Windows\u003c/Data\u003e\u003cData Name=\"SignatureStatus\"\u003eValid\u003c/Data\u003e\u003cData Name=\"User\"\u003eMSSENTINEL\\wardog\u003c/Data\u003e\u003c/EventData\u003e","Task":"7","RuleName":"-","UtcTime":"2022-09-22 16:31:14.383","ProcessGuid":"{03bfca49-8dd2-632c-550d-000000000b00}","ProcessId":"12372","Image":"C:\\Windows\\System32\\notepad.exe","ImageLoaded":"C:\\Windows\\System32\\TextShaping.dll","FileVersion":"-","Description":"-","Product":"-","Company":"-","OriginalFileName":"-","Hashes":"SHA1=C0222E0ED87B618A16564DADD485CE3A80B762E2,MD5=4C528AE5D512E3901BACAA5D75240381,SHA256=B51BBE4C3D01ED3ECB8947C7CCE071022149496D713E65E5A30CACAA82B7681E,IMPHASH=A943777AC898B6DD3182E319E9ECBC5E","Signed":"true","Signature":"Microsoft Windows","SignatureStatus":"Valid","User":"MSSENTINEL\\wardog"},{"EventSourceName":"Microsoft-Windows-Sysmon","Provider":"Microsoft-Windows-Sysmon","ProviderGuid":"{5770385f-c22a-43e0-bf4c-06f5698ffbd9}","Level":"4","Keywords":"0x8000000000000000","Channel":"Microsoft-Windows-Sysmon/Operational","Computer":"WORKSTATION6.mssentinel.local","TimeCreated":"2022-09-22T12:31:14.409Z","TimeGenerated":"2022-09-22T04:31:14.409Z","EventRecordID":"3328021","EventID":10,"Message":"Process accessed:\r\nRuleName: -\r\nUtcTime: 2022-09-22 16:31:14.383\r\nSourceProcessGUID: {03bfca49-7152-632c-7a0b-000000000b00}\r\nSourceProcessId: 8740\r\nSourceThreadId: 9524\r\nSourceImage: C:\\Windows\\Explorer.EXE\r\nTargetProcessGUID: {03bfca49-8dd2-632c-550d-000000000b00}\r\nTargetProcessId: 12372\r\nTargetImage: C:\\Windows\\system32\\notepad.exe\r\nGrantedAccess: 0x1000\r\nCallTrace: C:\\Windows\\SYSTEM32\\ntdll.dll+9d234|C:\\Windows\\System32\\KERNELBASE.dll+2c0ce|C:\\Windows\\SYSTEM32\\TWINAPI.dll+2d77|C:\\Windows\\system32\\twinui.pcshell.dll+3835d|C:\\Windows\\system32\\twinui.pcshell.dll+37adc|C:\\Windows\\system32\\twinui.dll+68ebc|C:\\Windows\\system32\\twinui.dll+68e1c|C:\\Windows\\system32\\twinui.dll+6101a|C:\\Windows\\system32\\twinui.dll+6094a|C:\\Windows\\system32\\twinui.dll+611eb|C:\\Windows\\system32\\twinui.dll+60a0d|C:\\Windows\\System32\\user32.dll+e7e8|C:\\Windows\\System32\\user32.dll+e229|C:\\Windows\\System32\\windows.immersiveshell.serviceprovider.dll+cc93|C:\\Windows\\System32\\windows.immersiveshell.serviceprovider.dll+c823|C:\\Windows\\System32\\windows.immersiveshell.serviceprovider.dll+f523|C:\\Windows\\System32\\windows.immersiveshell.serviceprovider.dll+f582|C:\\Windows\\System32\\KERNEL32.DLL+17034|C:\\Windows\\SYSTEM32\\ntdll.dll+52651\r\nSourceUser: MSSENTINEL\\wardog\r\nTargetUser: MSSENTINEL\\wardog","EventData":"\u003cEventData xmlns=\"http://schemas.microsoft.com/win/2004/08/events/event\"\u003e\u003cData Name=\"RuleName\"\u003e-\u003c/Data\u003e\u003cData Name=\"UtcTime\"\u003e2022-09-22 16:31:14.383\u003c/Data\u003e\u003cData Name=\"SourceProcessGUID\"\u003e{03bfca49-7152-632c-7a0b-000000000b00}\u003c/Data\u003e\u003cData Name=\"SourceProcessId\"\u003e8740\u003c/Data\u003e\u003cData Name=\"SourceThreadId\"\u003e9524\u003c/Data\u003e\u003cData Name=\"SourceImage\"\u003eC:\\Windows\\Explorer.EXE\u003c/Data\u003e\u003cData Name=\"TargetProcessGUID\"\u003e{03bfca49-8dd2-632c-550d-000000000b00}\u003c/Data\u003e\u003cData Name=\"TargetProcessId\"\u003e12372\u003c/Data\u003e\u003cData Name=\"TargetImage\"\u003eC:\\Windows\\system32\\notepad.exe\u003c/Data\u003e\u003cData Name=\"GrantedAccess\"\u003e0x1000\u003c/Data\u003e\u003cData Name=\"CallTrace\"\u003eC:\\Windows\\SYSTEM32\\ntdll.dll+9d234|C:\\Windows\\System32\\KERNELBASE.dll+2c0ce|C:\\Windows\\SYSTEM32\\TWINAPI.dll+2d77|C:\\Windows\\system32\\twinui.pcshell.dll+3835d|C:\\Windows\\system32\\twinui.pcshell.dll+37adc|C:\\Windows\\system32\\twinui.dll+68ebc|C:\\Windows\\system32\\twinui.dll+68e1c|C:\\Windows\\system32\\twinui.dll+6101a|C:\\Windows\\system32\\twinui.dll+6094a|C:\\Windows\\system32\\twinui.dll+611eb|C:\\Windows\\system32\\twinui.dll+60a0d|C:\\Windows\\System32\\user32.dll+e7e8|C:\\Windows\\System32\\user32.dll+e229|C:\\Windows\\System32\\windows.immersiveshell.serviceprovider.dll+cc93|C:\\Windows\\System32\\windows.immersiveshell.serviceprovider.dll+c823|C:\\Windows\\System32\\windows.immersiveshell.serviceprovider.dll+f523|C:\\Windows\\System32\\windows.immersiveshell.serviceprovider.dll+f582|C:\\Windows\\System32\\KERNEL32.DLL+17034|C:\\Windows\\SYSTEM32\\ntdll.dll+52651\u003c/Data\u003e\u003cData Name=\"SourceUser\"\u003eMSSENTINEL\\wardog\u003c/Data\u003e\u003cData Name=\"TargetUser\"\u003eMSSENTINEL\\wardog\u003c/Data\u003e\u003c/EventData\u003e","Task":"10","RuleName":"-","UtcTime":"2022-09-22 16:31:14.383","SourceProcessGUID":"{03bfca49-7152-632c-7a0b-000000000b00}","SourceProcessId":"8740","SourceThreadId":"9524","SourceImage":"C:\\Windows\\Explorer.EXE","TargetProcessGUID":"{03bfca49-8dd2-632c-550d-000000000b00}","TargetProcessId":"12372","TargetImage":"C:\\Windows\\system32\\notepad.exe","GrantedAccess":"0x1000","CallTrace":"C:\\Windows\\SYSTEM32\\ntdll.dll+9d234|C:\\Windows\\System32\\KERNELBASE.dll+2c0ce|C:\\Windows\\SYSTEM32\\TWINAPI.dll+2d77|C:\\Windows\\system32\\twinui.pcshell.dll+3835d|C:\\Windows\\system32\\twinui.pcshell.dll+37adc|C:\\Windows\\system32\\twinui.dll+68ebc|C:\\Windows\\system32\\twinui.dll+68e1c|C:\\Windows\\system32\\twinui.dll+6101a|C:\\Windows\\system32\\twinui.dll+6094a|C:\\Windows\\system32\\twinui.dll+611eb|C:\\Windows\\system32\\twinui.dll+60a0d|C:\\Windows\\System32\\user32.dll+e7e8|C:\\Windows\\System32\\user32.dll+e229|C:\\Windows\\System32\\windows.immersiveshell.serviceprovider.dll+cc93|C:\\Windows\\System32\\windows.immersiveshell.serviceprovider.dll+c823|C:\\Windows\\System32\\windows.immersiveshell.serviceprovider.dll+f523|C:\\Windows\\System32\\windows.immersiveshell.serviceprovider.dll+f582|C:\\Windows\\System32\\KERNEL32.DLL+17034|C:\\Windows\\SYSTEM32\\ntdll.dll+52651","SourceUser":"MSSENTINEL\\wardog","TargetUser":"MSSENTINEL\\wardog"},{"EventSourceName":"Microsoft-Windows-Sysmon","Provider":"Microsoft-Windows-Sysmon","ProviderGuid":"{5770385f-c22a-43e0-bf4c-06f5698ffbd9}","Level":"4","Keywords":"0x8000000000000000","Channel":"Microsoft-Windows-Sysmon/Operational","Computer":"WORKSTATION6.mssentinel.local","TimeCreated":"2022-09-22T12:31:14.411Z","TimeGenerated":"2022-09-22T04:31:14.411Z","EventRecordID":"3328022","EventID":7,"Message":"Image loaded:\r\nRuleName: -\r\nUtcTime: 2022-09-22 16:31:14.399\r\nProcessGuid: {03bfca49-8dd2-632c-550d-000000000b00}\r\nProcessId: 12372\r\nImage: C:\\Windows\\System32\\notepad.exe\r\nImageLoaded: C:\\Windows\\System32\\WinTypes.dll\r\nFileVersion: 10.0.19041.1348 (WinBuild.160101.0800)\r\nDescription: Windows Base Types DLL\r\nProduct: Microsoft® Windows® Operating System\r\nCompany: Microsoft Corporation\r\nOriginalFileName: WinTypes.dll\r\nHashes: SHA1=F0309242C4FFFDCB0891928D50FA67C5CD94E414,MD5=01844EE13BF526446F103390F4A69309,SHA256=BDF7F7A38E35404407A695C17E730736BFCF7573707AA0FDC7E1BDD2E21944B3,IMPHASH=29DAF5F20C970881AB4F6C896AC969CE\r\nSigned: true\r\nSignature: Microsoft Windows\r\nSignatureStatus: Valid\r\nUser: MSSENTINEL\\wardog","EventData":"\u003cEventData xmlns=\"http://schemas.microsoft.com/win/2004/08/events/event\"\u003e\u003cData Name=\"RuleName\"\u003e-\u003c/Data\u003e\u003cData Name=\"UtcTime\"\u003e2022-09-22 16:31:14.399\u003c/Data\u003e\u003cData Name=\"ProcessGuid\"\u003e{03bfca49-8dd2-632c-550d-000000000b00}\u003c/Data\u003e\u003cData Name=\"ProcessId\"\u003e12372\u003c/Data\u003e\u003cData Name=\"Image\"\u003eC:\\Windows\\System32\\notepad.exe\u003c/Data\u003e\u003cData Name=\"ImageLoaded\"\u003eC:\\Windows\\System32\\WinTypes.dll\u003c/Data\u003e\u003cData Name=\"FileVersion\"\u003e10.0.19041.1348 (WinBuild.160101.0800)\u003c/Data\u003e\u003cData Name=\"Description\"\u003eWindows Base Types DLL\u003c/Data\u003e\u003cData Name=\"Product\"\u003eMicrosoft® Windows® Operating System\u003c/Data\u003e\u003cData Name=\"Company\"\u003eMicrosoft Corporation\u003c/Data\u003e\u003cData Name=\"OriginalFileName\"\u003eWinTypes.dll\u003c/Data\u003e\u003cData Name=\"Hashes\"\u003eSHA1=F0309242C4FFFDCB0891928D50FA67C5CD94E414,MD5=01844EE13BF526446F103390F4A69309,SHA256=BDF7F7A38E35404407A695C17E730736BFCF7573707AA0FDC7E1BDD2E21944B3,IMPHASH=29DAF5F20C970881AB4F6C896AC969CE\u003c/Data\u003e\u003cData Name=\"Signed\"\u003etrue\u003c/Data\u003e\u003cData Name=\"Signature\"\u003eMicrosoft Windows\u003c/Data\u003e\u003cData Name=\"SignatureStatus\"\u003eValid\u003c/Data\u003e\u003cData Name=\"User\"\u003eMSSENTINEL\\wardog\u003c/Data\u003e\u003c/EventData\u003e","Task":"7","RuleName":"-","UtcTime":"2022-09-22 16:31:14.399","ProcessGuid":"{03bfca49-8dd2-632c-550d-000000000b00}","ProcessId":"12372","Image":"C:\\Windows\\System32\\notepad.exe","ImageLoaded":"C:\\Windows\\System32\\WinTypes.dll","FileVersion":"10.0.19041.1348 (WinBuild.160101.0800)","Description":"Windows Base Types DLL","Product":"Microsoft® Windows® Operating System","Company":"Microsoft Corporation","OriginalFileName":"WinTypes.dll","Hashes":"SHA1=F0309242C4FFFDCB0891928D50FA67C5CD94E414,MD5=01844EE13BF526446F103390F4A69309,SHA256=BDF7F7A38E35404407A695C17E730736BFCF7573707AA0FDC7E1BDD2E21944B3,IMPHASH=29DAF5F20C970881AB4F6C896AC969CE","Signed":"true","Signature":"Microsoft Windows","SignatureStatus":"Valid","User":"MSSENTINEL\\wardog"},{"EventSourceName":"Microsoft-Windows-Sysmon","Provider":"Microsoft-Windows-Sysmon","ProviderGuid":"{5770385f-c22a-43e0-bf4c-06f5698ffbd9}","Level":"4","Keywords":"0x8000000000000000","Channel":"Microsoft-Windows-Sysmon/Operational","Computer":"WORKSTATION6.mssentinel.local","TimeCreated":"2022-09-22T12:31:14.413Z","TimeGenerated":"2022-09-22T04:31:14.413Z","EventRecordID":"3328023","EventID":10,"Message":"Process accessed:\r\nRuleName: -\r\nUtcTime: 2022-09-22 16:31:14.399\r\nSourceProcessGUID: {03bfca49-b064-632b-0d00-000000000b00}\r\nSourceProcessId: 888\r\nSourceThreadId: 11528\r\nSourceImage: C:\\Windows\\system32\\svchost.exe\r\nTargetProcessGUID: {03bfca49-8dd2-632c-550d-000000000b00}\r\nTargetProcessId: 12372\r\nTargetImage: C:\\Windows\\system32\\notepad.exe\r\nGrantedAccess: 0x1000\r\nCallTrace: C:\\Windows\\SYSTEM32\\ntdll.dll+9d234|C:\\Windows\\System32\\KERNELBASE.dll+2c0ce|c:\\windows\\system32\\rpcss.dll+473e3|c:\\windows\\system32\\rpcss.dll+473a3|C:\\Windows\\System32\\RPCRT4.dll+78e33|C:\\Windows\\System32\\RPCRT4.dll+1c468|C:\\Windows\\System32\\RPCRT4.dll+5ec3a|C:\\Windows\\System32\\RPCRT4.dll+57838|C:\\Windows\\System32\\RPCRT4.dll+39e06|C:\\Windows\\System32\\RPCRT4.dll+39758|C:\\Windows\\System32\\RPCRT4.dll+47f6f|C:\\Windows\\System32\\RPCRT4.dll+47378|C:\\Windows\\System32\\RPCRT4.dll+46961|C:\\Windows\\System32\\RPCRT4.dll+463ce|C:\\Windows\\System32\\RPCRT4.dll+4a9d2|C:\\Windows\\SYSTEM32\\ntdll.dll+20330|C:\\Windows\\SYSTEM32\\ntdll.dll+52f26|C:\\Windows\\System32\\KERNEL32.DLL+17034|C:\\Windows\\SYSTEM32\\ntdll.dll+52651\r\nSourceUser: NT AUTHORITY\\SYSTEM\r\nTargetUser: MSSENTINEL\\wardog","EventData":"\u003cEventData xmlns=\"http://schemas.microsoft.com/win/2004/08/events/event\"\u003e\u003cData Name=\"RuleName\"\u003e-\u003c/Data\u003e\u003cData Name=\"UtcTime\"\u003e2022-09-22 16:31:14.399\u003c/Data\u003e\u003cData Name=\"SourceProcessGUID\"\u003e{03bfca49-b064-632b-0d00-000000000b00}\u003c/Data\u003e\u003cData Name=\"SourceProcessId\"\u003e888\u003c/Data\u003e\u003cData Name=\"SourceThreadId\"\u003e11528\u003c/Data\u003e\u003cData Name=\"SourceImage\"\u003eC:\\Windows\\system32\\svchost.exe\u003c/Data\u003e\u003cData Name=\"TargetProcessGUID\"\u003e{03bfca49-8dd2-632c-550d-000000000b00}\u003c/Data\u003e\u003cData Name=\"TargetProcessId\"\u003e12372\u003c/Data\u003e\u003cData Name=\"TargetImage\"\u003eC:\\Windows\\system32\\notepad.exe\u003c/Data\u003e\u003cData Name=\"GrantedAccess\"\u003e0x1000\u003c/Data\u003e\u003cData Name=\"CallTrace\"\u003eC:\\Windows\\SYSTEM32\\ntdll.dll+9d234|C:\\Windows\\System32\\KERNELBASE.dll+2c0ce|c:\\windows\\system32\\rpcss.dll+473e3|c:\\windows\\system32\\rpcss.dll+473a3|C:\\Windows\\System32\\RPCRT4.dll+78e33|C:\\Windows\\System32\\RPCRT4.dll+1c468|C:\\Windows\\System32\\RPCRT4.dll+5ec3a|C:\\Windows\\System32\\RPCRT4.dll+57838|C:\\Windows\\System32\\RPCRT4.dll+39e06|C:\\Windows\\System32\\RPCRT4.dll+39758|C:\\Windows\\System32\\RPCRT4.dll+47f6f|C:\\Windows\\System32\\RPCRT4.dll+47378|C:\\Windows\\System32\\RPCRT4.dll+46961|C:\\Windows\\System32\\RPCRT4.dll+463ce|C:\\Windows\\System32\\RPCRT4.dll+4a9d2|C:\\Windows\\SYSTEM32\\ntdll.dll+20330|C:\\Windows\\SYSTEM32\\ntdll.dll+52f26|C:\\Windows\\System32\\KERNEL32.DLL+17034|C:\\Windows\\SYSTEM32\\ntdll.dll+52651\u003c/Data\u003e\u003cData Name=\"SourceUser\"\u003eNT AUTHORITY\\SYSTEM\u003c/Data\u003e\u003cData Name=\"TargetUser\"\u003eMSSENTINEL\\wardog\u003c/Data\u003e\u003c/EventData\u003e","Task":"10","RuleName":"-","UtcTime":"2022-09-22 16:31:14.399","SourceProcessGUID":"{03bfca49-b064-632b-0d00-000000000b00}","SourceProcessId":"888","SourceThreadId":"11528","SourceImage":"C:\\Windows\\system32\\svchost.exe","TargetProcessGUID":"{03bfca49-8dd2-632c-550d-000000000b00}","TargetProcessId":"12372","TargetImage":"C:\\Windows\\system32\\notepad.exe","GrantedAccess":"0x1000","CallTrace":"C:\\Windows\\SYSTEM32\\ntdll.dll+9d234|C:\\Windows\\System32\\KERNELBASE.dll+2c0ce|c:\\windows\\system32\\rpcss.dll+473e3|c:\\windows\\system32\\rpcss.dll+473a3|C:\\Windows\\System32\\RPCRT4.dll+78e33|C:\\Windows\\System32\\RPCRT4.dll+1c468|C:\\Windows\\System32\\RPCRT4.dll+5ec3a|C:\\Windows\\System32\\RPCRT4.dll+57838|C:\\Windows\\System32\\RPCRT4.dll+39e06|C:\\Windows\\System32\\RPCRT4.dll+39758|C:\\Windows\\System32\\RPCRT4.dll+47f6f|C:\\Windows\\System32\\RPCRT4.dll+47378|C:\\Windows\\System32\\RPCRT4.dll+46961|C:\\Windows\\System32\\RPCRT4.dll+463ce|C:\\Windows\\System32\\RPCRT4.dll+4a9d2|C:\\Windows\\SYSTEM32\\ntdll.dll+20330|C:\\Windows\\SYSTEM32\\ntdll.dll+52f26|C:\\Windows\\System32\\KERNEL32.DLL+17034|C:\\Windows\\SYSTEM32\\ntdll.dll+52651","SourceUser":"NT AUTHORITY\\SYSTEM","TargetUser":"MSSENTINEL\\wardog"},{"EventSourceName":"Microsoft-Windows-Sysmon","Provider":"Microsoft-Windows-Sysmon","ProviderGuid":"{5770385f-c22a-43e0-bf4c-06f5698ffbd9}","Level":"4","Keywords":"0x8000000000000000","Channel":"Microsoft-Windows-Sysmon/Operational","Computer":"WORKSTATION6.mssentinel.local","TimeCreated":"2022-09-22T12:31:14.413Z","TimeGenerated":"2022-09-22T04:31:14.413Z","EventRecordID":"3328024","EventID":10,"Message":"Process accessed:\r\nRuleName: -\r\nUtcTime: 2022-09-22 16:31:14.399\r\nSourceProcessGUID: {03bfca49-b064-632b-1000-000000000b00}\r\nSourceProcessId: 1008\r\nSourceThreadId: 12092\r\nSourceImage: C:\\Windows\\system32\\svchost.exe\r\nTargetProcessGUID: {03bfca49-8dd2-632c-550d-000000000b00}\r\nTargetProcessId: 12372\r\nTargetImage: C:\\Windows\\system32\\notepad.exe\r\nGrantedAccess: 0x100000\r\nCallTrace: C:\\Windows\\SYSTEM32\\ntdll.dll+9de44|C:\\Windows\\System32\\RPCRT4.dll+3b8a4|c:\\windows\\system32\\rpcss.dll+15d19|c:\\windows\\system32\\rpcss.dll+145a7|C:\\Windows\\System32\\RPCRT4.dll+78e33|C:\\Windows\\System32\\RPCRT4.dll+1c468|C:\\Windows\\System32\\RPCRT4.dll+5ec3a|C:\\Windows\\System32\\RPCRT4.dll+57838|C:\\Windows\\System32\\RPCRT4.dll+39e06|C:\\Windows\\System32\\RPCRT4.dll+39758|C:\\Windows\\System32\\RPCRT4.dll+47f6f|C:\\Windows\\System32\\RPCRT4.dll+47378|C:\\Windows\\System32\\RPCRT4.dll+46961|C:\\Windows\\System32\\RPCRT4.dll+463ce|C:\\Windows\\System32\\RPCRT4.dll+4a9d2|C:\\Windows\\SYSTEM32\\ntdll.dll+20330|C:\\Windows\\SYSTEM32\\ntdll.dll+52f26|C:\\Windows\\System32\\KERNEL32.DLL+17034|C:\\Windows\\SYSTEM32\\ntdll.dll+52651\r\nSourceUser: NT AUTHORITY\\NETWORK SERVICE\r\nTargetUser: MSSENTINEL\\wardog","EventData":"\u003cEventData xmlns=\"http://schemas.microsoft.com/win/2004/08/events/event\"\u003e\u003cData Name=\"RuleName\"\u003e-\u003c/Data\u003e\u003cData Name=\"UtcTime\"\u003e2022-09-22 16:31:14.399\u003c/Data\u003e\u003cData Name=\"SourceProcessGUID\"\u003e{03bfca49-b064-632b-1000-000000000b00}\u003c/Data\u003e\u003cData Name=\"SourceProcessId\"\u003e1008\u003c/Data\u003e\u003cData Name=\"SourceThreadId\"\u003e12092\u003c/Data\u003e\u003cData Name=\"SourceImage\"\u003eC:\\Windows\\system32\\svchost.exe\u003c/Data\u003e\u003cData Name=\"TargetProcessGUID\"\u003e{03bfca49-8dd2-632c-550d-000000000b00}\u003c/Data\u003e\u003cData Name=\"TargetProcessId\"\u003e12372\u003c/Data\u003e\u003cData Name=\"TargetImage\"\u003eC:\\Windows\\system32\\notepad.exe\u003c/Data\u003e\u003cData Name=\"GrantedAccess\"\u003e0x100000\u003c/Data\u003e\u003cData Name=\"CallTrace\"\u003eC:\\Windows\\SYSTEM32\\ntdll.dll+9de44|C:\\Windows\\System32\\RPCRT4.dll+3b8a4|c:\\windows\\system32\\rpcss.dll+15d19|c:\\windows\\system32\\rpcss.dll+145a7|C:\\Windows\\System32\\RPCRT4.dll+78e33|C:\\Windows\\System32\\RPCRT4.dll+1c468|C:\\Windows\\System32\\RPCRT4.dll+5ec3a|C:\\Windows\\System32\\RPCRT4.dll+57838|C:\\Windows\\System32\\RPCRT4.dll+39e06|C:\\Windows\\System32\\RPCRT4.dll+39758|C:\\Windows\\System32\\RPCRT4.dll+47f6f|C:\\Windows\\System32\\RPCRT4.dll+47378|C:\\Windows\\System32\\RPCRT4.dll+46961|C:\\Windows\\System32\\RPCRT4.dll+463ce|C:\\Windows\\System32\\RPCRT4.dll+4a9d2|C:\\Windows\\SYSTEM32\\ntdll.dll+20330|C:\\Windows\\SYSTEM32\\ntdll.dll+52f26|C:\\Windows\\System32\\KERNEL32.DLL+17034|C:\\Windows\\SYSTEM32\\ntdll.dll+52651\u003c/Data\u003e\u003cData Name=\"SourceUser\"\u003eNT AUTHORITY\\NETWORK SERVICE\u003c/Data\u003e\u003cData Name=\"TargetUser\"\u003eMSSENTINEL\\wardog\u003c/Data\u003e\u003c/EventData\u003e","Task":"10","RuleName":"-","UtcTime":"2022-09-22 16:31:14.399","SourceProcessGUID":"{03bfca49-b064-632b-1000-000000000b00}","SourceProcessId":"1008","SourceThreadId":"12092","SourceImage":"C:\\Windows\\system32\\svchost.exe","TargetProcessGUID":"{03bfca49-8dd2-632c-550d-000000000b00}","TargetProcessId":"12372","TargetImage":"C:\\Windows\\system32\\notepad.exe","GrantedAccess":"0x100000","CallTrace":"C:\\Windows\\SYSTEM32\\ntdll.dll+9de44|C:\\Windows\\System32\\RPCRT4.dll+3b8a4|c:\\windows\\system32\\rpcss.dll+15d19|c:\\windows\\system32\\rpcss.dll+145a7|C:\\Windows\\System32\\RPCRT4.dll+78e33|C:\\Windows\\System32\\RPCRT4.dll+1c468|C:\\Windows\\System32\\RPCRT4.dll+5ec3a|C:\\Windows\\System32\\RPCRT4.dll+57838|C:\\Windows\\System32\\RPCRT4.dll+39e06|C:\\Windows\\System32\\RPCRT4.dll+39758|C:\\Windows\\System32\\RPCRT4.dll+47f6f|C:\\Windows\\System32\\RPCRT4.dll+47378|C:\\Windows\\System32\\RPCRT4.dll+46961|C:\\Windows\\System32\\RPCRT4.dll+463ce|C:\\Windows\\System32\\RPCRT4.dll+4a9d2|C:\\Windows\\SYSTEM32\\ntdll.dll+20330|C:\\Windows\\SYSTEM32\\ntdll.dll+52f26|C:\\Windows\\System32\\KERNEL32.DLL+17034|C:\\Windows\\SYSTEM32\\ntdll.dll+52651","SourceUser":"NT AUTHORITY\\NETWORK SERVICE","TargetUser":"MSSENTINEL\\wardog"},{"EventSourceName":"Microsoft-Windows-Sysmon","Provider":"Microsoft-Windows-Sysmon","ProviderGuid":"{5770385f-c22a-43e0-bf4c-06f5698ffbd9}","Level":"4","Keywords":"0x8000000000000000","Channel":"Microsoft-Windows-Sysmon/Operational","Computer":"WORKSTATION6.mssentinel.local","TimeCreated":"2022-09-22T12:31:14.424Z","TimeGenerated":"2022-09-22T04:31:14.424Z","EventRecordID":"3328025","EventID":7,"Message":"Image loaded:\r\nRuleName: -\r\nUtcTime: 2022-09-22 16:31:14.414\r\nProcessGuid: {03bfca49-8dd2-632c-550d-000000000b00}\r\nProcessId: 12372\r\nImage: C:\\Windows\\System32\\notepad.exe\r\nImageLoaded: C:\\Windows\\System32\\oleacc.dll\r\nFileVersion: 7.2.19041.746 (WinBuild.160101.0800)\r\nDescription: Active Accessibility Core Component\r\nProduct: Microsoft® Windows® Operating System\r\nCompany: Microsoft Corporation\r\nOriginalFileName: OLEACC.DLL\r\nHashes: SHA1=1C7EECC6162EA5C4BFD54DE99539B949E79271C6,MD5=B00A2DD89A729847B68756DDE75295ED,SHA256=1AE01D0D52650E2CF60A55020CBDE832AA8E436D14F52991F2F833C12A879F88,IMPHASH=D9B39C103B7AFE80605468B4135BF979\r\nSigned: true\r\nSignature: Microsoft Windows\r\nSignatureStatus: Valid\r\nUser: MSSENTINEL\\wardog","EventData":"\u003cEventData xmlns=\"http://schemas.microsoft.com/win/2004/08/events/event\"\u003e\u003cData Name=\"RuleName\"\u003e-\u003c/Data\u003e\u003cData Name=\"UtcTime\"\u003e2022-09-22 16:31:14.414\u003c/Data\u003e\u003cData Name=\"ProcessGuid\"\u003e{03bfca49-8dd2-632c-550d-000000000b00}\u003c/Data\u003e\u003cData Name=\"ProcessId\"\u003e12372\u003c/Data\u003e\u003cData Name=\"Image\"\u003eC:\\Windows\\System32\\notepad.exe\u003c/Data\u003e\u003cData Name=\"ImageLoaded\"\u003eC:\\Windows\\System32\\oleacc.dll\u003c/Data\u003e\u003cData Name=\"FileVersion\"\u003e7.2.19041.746 (WinBuild.160101.0800)\u003c/Data\u003e\u003cData Name=\"Description\"\u003eActive Accessibility Core Component\u003c/Data\u003e\u003cData Name=\"Product\"\u003eMicrosoft® Windows® Operating System\u003c/Data\u003e\u003cData Name=\"Company\"\u003eMicrosoft Corporation\u003c/Data\u003e\u003cData Name=\"OriginalFileName\"\u003eOLEACC.DLL\u003c/Data\u003e\u003cData Name=\"Hashes\"\u003eSHA1=1C7EECC6162EA5C4BFD54DE99539B949E79271C6,MD5=B00A2DD89A729847B68756DDE75295ED,SHA256=1AE01D0D52650E2CF60A55020CBDE832AA8E436D14F52991F2F833C12A879F88,IMPHASH=D9B39C103B7AFE80605468B4135BF979\u003c/Data\u003e\u003cData Name=\"Signed\"\u003etrue\u003c/Data\u003e\u003cData Name=\"Signature\"\u003eMicrosoft Windows\u003c/Data\u003e\u003cData Name=\"SignatureStatus\"\u003eValid\u003c/Data\u003e\u003cData Name=\"User\"\u003eMSSENTINEL\\wardog\u003c/Data\u003e\u003c/EventData\u003e","Task":"7","RuleName":"-","UtcTime":"2022-09-22 16:31:14.414","ProcessGuid":"{03bfca49-8dd2-632c-550d-000000000b00}","ProcessId":"12372","Image":"C:\\Windows\\System32\\notepad.exe","ImageLoaded":"C:\\Windows\\System32\\oleacc.dll","FileVersion":"7.2.19041.746 (WinBuild.160101.0800)","Description":"Active Accessibility Core Component","Product":"Microsoft® Windows® Operating System","Company":"Microsoft Corporation","OriginalFileName":"OLEACC.DLL","Hashes":"SHA1=1C7EECC6162EA5C4BFD54DE99539B949E79271C6,MD5=B00A2DD89A729847B68756DDE75295ED,SHA256=1AE01D0D52650E2CF60A55020CBDE832AA8E436D14F52991F2F833C12A879F88,IMPHASH=D9B39C103B7AFE80605468B4135BF979","Signed":"true","Signature":"Microsoft Windows","SignatureStatus":"Valid","User":"MSSENTINEL\\wardog"},{"EventSourceName":"Microsoft-Windows-Sysmon","Provider":"Microsoft-Windows-Sysmon","ProviderGuid":"{5770385f-c22a-43e0-bf4c-06f5698ffbd9}","Level":"4","Keywords":"0x8000000000000000","Channel":"Microsoft-Windows-Sysmon/Operational","Computer":"WORKSTATION6.mssentinel.local","TimeCreated":"2022-09-22T12:31:14.427Z","TimeGenerated":"2022-09-22T04:31:14.427Z","EventRecordID":"3328026","EventID":10,"Message":"Process accessed:\r\nRuleName: -\r\nUtcTime: 2022-09-22 16:31:14.414\r\nSourceProcessGUID: {03bfca49-7152-632c-7a0b-000000000b00}\r\nSourceProcessId: 8740\r\nSourceThreadId: 9524\r\nSourceImage: C:\\Windows\\Explorer.EXE\r\nTargetProcessGUID: {03bfca49-8dd2-632c-550d-000000000b00}\r\nTargetProcessId: 12372\r\nTargetImage: C:\\Windows\\system32\\notepad.exe\r\nGrantedAccess: 0x1000\r\nCallTrace: C:\\Windows\\SYSTEM32\\ntdll.dll+9d234|C:\\Windows\\System32\\KERNELBASE.dll+2c0ce|C:\\Windows\\system32\\twinui.pcshell.dll+15e9d|C:\\Windows\\system32\\twinui.pcshell.dll+829a7|C:\\Windows\\system32\\twinui.pcshell.dll+797b1|C:\\Windows\\system32\\twinui.pcshell.dll+72340|C:\\Windows\\system32\\twinui.pcshell.dll+6154f|C:\\Windows\\system32\\twinui.pcshell.dll+2a159|C:\\Windows\\system32\\twinui.pcshell.dll+6154f|C:\\Windows\\system32\\twinui.pcshell.dll+62a1e|C:\\Windows\\system32\\twinui.pcshell.dll+81e7d|C:\\Windows\\system32\\twinui.pcshell.dll+655cc|C:\\Windows\\System32\\user32.dll+e7e8|C:\\Windows\\System32\\user32.dll+e229|C:\\Windows\\system32\\twinui.pcshell.dll+e2e6|C:\\Windows\\system32\\twinui.pcshell.dll+dcc9|C:\\Windows\\system32\\twinui.pcshell.dll+1817c|C:\\Windows\\system32\\twinui.pcshell.dll+425f4|C:\\Windows\\system32\\twinui.dll+6d026|C:\\Windows\\system32\\twinui.dll+6cd9b|C:\\Windows\\system32\\twinui.dll+6c953|C:\\Windows\\System32\\user32.dll+e7e8|C:\\Windows\\System32\\user32.dll+e36c|C:\\Windows\\System32\\user32.dll+26dc2\r\nSourceUser: MSSENTINEL\\wardog\r\nTargetUser: MSSENTINEL\\wardog","EventData":"\u003cEventData xmlns=\"http://schemas.microsoft.com/win/2004/08/events/event\"\u003e\u003cData Name=\"RuleName\"\u003e-\u003c/Data\u003e\u003cData Name=\"UtcTime\"\u003e2022-09-22 16:31:14.414\u003c/Data\u003e\u003cData Name=\"SourceProcessGUID\"\u003e{03bfca49-7152-632c-7a0b-000000000b00}\u003c/Data\u003e\u003cData Name=\"SourceProcessId\"\u003e8740\u003c/Data\u003e\u003cData Name=\"SourceThreadId\"\u003e9524\u003c/Data\u003e\u003cData Name=\"SourceImage\"\u003eC:\\Windows\\Explorer.EXE\u003c/Data\u003e\u003cData Name=\"TargetProcessGUID\"\u003e{03bfca49-8dd2-632c-550d-000000000b00}\u003c/Data\u003e\u003cData Name=\"TargetProcessId\"\u003e12372\u003c/Data\u003e\u003cData Name=\"TargetImage\"\u003eC:\\Windows\\system32\\notepad.exe\u003c/Data\u003e\u003cData Name=\"GrantedAccess\"\u003e0x1000\u003c/Data\u003e\u003cData Name=\"CallTrace\"\u003eC:\\Windows\\SYSTEM32\\ntdll.dll+9d234|C:\\Windows\\System32\\KERNELBASE.dll+2c0ce|C:\\Windows\\system32\\twinui.pcshell.dll+15e9d|C:\\Windows\\system32\\twinui.pcshell.dll+829a7|C:\\Windows\\system32\\twinui.pcshell.dll+797b1|C:\\Windows\\system32\\twinui.pcshell.dll+72340|C:\\Windows\\system32\\twinui.pcshell.dll+6154f|C:\\Windows\\system32\\twinui.pcshell.dll+2a159|C:\\Windows\\system32\\twinui.pcshell.dll+6154f|C:\\Windows\\system32\\twinui.pcshell.dll+62a1e|C:\\Windows\\system32\\twinui.pcshell.dll+81e7d|C:\\Windows\\system32\\twinui.pcshell.dll+655cc|C:\\Windows\\System32\\user32.dll+e7e8|C:\\Windows\\System32\\user32.dll+e229|C:\\Windows\\system32\\twinui.pcshell.dll+e2e6|C:\\Windows\\system32\\twinui.pcshell.dll+dcc9|C:\\Windows\\system32\\twinui.pcshell.dll+1817c|C:\\Windows\\system32\\twinui.pcshell.dll+425f4|C:\\Windows\\system32\\twinui.dll+6d026|C:\\Windows\\system32\\twinui.dll+6cd9b|C:\\Windows\\system32\\twinui.dll+6c953|C:\\Windows\\System32\\user32.dll+e7e8|C:\\Windows\\System32\\user32.dll+e36c|C:\\Windows\\System32\\user32.dll+26dc2\u003c/Data\u003e\u003cData Name=\"SourceUser\"\u003eMSSENTINEL\\wardog\u003c/Data\u003e\u003cData Name=\"TargetUser\"\u003eMSSENTINEL\\wardog\u003c/Data\u003e\u003c/EventData\u003e","Task":"10","RuleName":"-","UtcTime":"2022-09-22 16:31:14.414","SourceProcessGUID":"{03bfca49-7152-632c-7a0b-000000000b00}","SourceProcessId":"8740","SourceThreadId":"9524","SourceImage":"C:\\Windows\\Explorer.EXE","TargetProcessGUID":"{03bfca49-8dd2-632c-550d-000000000b00}","TargetProcessId":"12372","TargetImage":"C:\\Windows\\system32\\notepad.exe","GrantedAccess":"0x1000","CallTrace":"C:\\Windows\\SYSTEM32\\ntdll.dll+9d234|C:\\Windows\\System32\\KERNELBASE.dll+2c0ce|C:\\Windows\\system32\\twinui.pcshell.dll+15e9d|C:\\Windows\\system32\\twinui.pcshell.dll+829a7|C:\\Windows\\system32\\twinui.pcshell.dll+797b1|C:\\Windows\\system32\\twinui.pcshell.dll+72340|C:\\Windows\\system32\\twinui.pcshell.dll+6154f|C:\\Windows\\system32\\twinui.pcshell.dll+2a159|C:\\Windows\\system32\\twinui.pcshell.dll+6154f|C:\\Windows\\system32\\twinui.pcshell.dll+62a1e|C:\\Windows\\system32\\twinui.pcshell.dll+81e7d|C:\\Windows\\system32\\twinui.pcshell.dll+655cc|C:\\Windows\\System32\\user32.dll+e7e8|C:\\Windows\\System32\\user32.dll+e229|C:\\Windows\\system32\\twinui.pcshell.dll+e2e6|C:\\Windows\\system32\\twinui.pcshell.dll+dcc9|C:\\Windows\\system32\\twinui.pcshell.dll+1817c|C:\\Windows\\system32\\twinui.pcshell.dll+425f4|C:\\Windows\\system32\\twinui.dll+6d026|C:\\Windows\\system32\\twinui.dll+6cd9b|C:\\Windows\\system32\\twinui.dll+6c953|C:\\Windows\\System32\\user32.dll+e7e8|C:\\Windows\\System32\\user32.dll+e36c|C:\\Windows\\System32\\user32.dll+26dc2","SourceUser":"MSSENTINEL\\wardog","TargetUser":"MSSENTINEL\\wardog"},{"EventSourceName":"Microsoft-Windows-Sysmon","Provider":"Microsoft-Windows-Sysmon","ProviderGuid":"{5770385f-c22a-43e0-bf4c-06f5698ffbd9}","Level":"4","Keywords":"0x8000000000000000","Channel":"Microsoft-Windows-Sysmon/Operational","Computer":"WORKSTATION6.mssentinel.local","TimeCreated":"2022-09-22T12:31:14.427Z","TimeGenerated":"2022-09-22T04:31:14.427Z","EventRecordID":"3328027","EventID":10,"Message":"Process accessed:\r\nRuleName: -\r\nUtcTime: 2022-09-22 16:31:14.414\r\nSourceProcessGUID: {03bfca49-7152-632c-7a0b-000000000b00}\r\nSourceProcessId: 8740\r\nSourceThreadId: 9524\r\nSourceImage: C:\\Windows\\Explorer.EXE\r\nTargetProcessGUID: {03bfca49-8dd2-632c-550d-000000000b00}\r\nTargetProcessId: 12372\r\nTargetImage: C:\\Windows\\system32\\notepad.exe\r\nGrantedAccess: 0x1000\r\nCallTrace: C:\\Windows\\SYSTEM32\\ntdll.dll+9d234|C:\\Windows\\System32\\KERNELBASE.dll+2c0ce|C:\\Windows\\system32\\twinui.pcshell.dll+16575|C:\\Windows\\system32\\twinui.pcshell.dll+15ecf|C:\\Windows\\system32\\twinui.pcshell.dll+829a7|C:\\Windows\\system32\\twinui.pcshell.dll+797b1|C:\\Windows\\system32\\twinui.pcshell.dll+72340|C:\\Windows\\system32\\twinui.pcshell.dll+6154f|C:\\Windows\\system32\\twinui.pcshell.dll+2a159|C:\\Windows\\system32\\twinui.pcshell.dll+6154f|C:\\Windows\\system32\\twinui.pcshell.dll+62a1e|C:\\Windows\\system32\\twinui.pcshell.dll+81e7d|C:\\Windows\\system32\\twinui.pcshell.dll+655cc|C:\\Windows\\System32\\user32.dll+e7e8|C:\\Windows\\System32\\user32.dll+e229|C:\\Windows\\system32\\twinui.pcshell.dll+e2e6|C:\\Windows\\system32\\twinui.pcshell.dll+dcc9|C:\\Windows\\system32\\twinui.pcshell.dll+1817c|C:\\Windows\\system32\\twinui.pcshell.dll+425f4|C:\\Windows\\system32\\twinui.dll+6d026|C:\\Windows\\system32\\twinui.dll+6cd9b|C:\\Windows\\system32\\twinui.dll+6c953|C:\\Windows\\System32\\user32.dll+e7e8|C:\\Windows\\System32\\user32.dll+e36c\r\nSourceUser: MSSENTINEL\\wardog\r\nTargetUser: MSSENTINEL\\wardog","EventData":"\u003cEventData xmlns=\"http://schemas.microsoft.com/win/2004/08/events/event\"\u003e\u003cData Name=\"RuleName\"\u003e-\u003c/Data\u003e\u003cData Name=\"UtcTime\"\u003e2022-09-22 16:31:14.414\u003c/Data\u003e\u003cData Name=\"SourceProcessGUID\"\u003e{03bfca49-7152-632c-7a0b-000000000b00}\u003c/Data\u003e\u003cData Name=\"SourceProcessId\"\u003e8740\u003c/Data\u003e\u003cData Name=\"SourceThreadId\"\u003e9524\u003c/Data\u003e\u003cData Name=\"SourceImage\"\u003eC:\\Windows\\Explorer.EXE\u003c/Data\u003e\u003cData Name=\"TargetProcessGUID\"\u003e{03bfca49-8dd2-632c-550d-000000000b00}\u003c/Data\u003e\u003cData Name=\"TargetProcessId\"\u003e12372\u003c/Data\u003e\u003cData Name=\"TargetImage\"\u003eC:\\Windows\\system32\\notepad.exe\u003c/Data\u003e\u003cData Name=\"GrantedAccess\"\u003e0x1000\u003c/Data\u003e\u003cData Name=\"CallTrace\"\u003eC:\\Windows\\SYSTEM32\\ntdll.dll+9d234|C:\\Windows\\System32\\KERNELBASE.dll+2c0ce|C:\\Windows\\system32\\twinui.pcshell.dll+16575|C:\\Windows\\system32\\twinui.pcshell.dll+15ecf|C:\\Windows\\system32\\twinui.pcshell.dll+829a7|C:\\Windows\\system32\\twinui.pcshell.dll+797b1|C:\\Windows\\system32\\twinui.pcshell.dll+72340|C:\\Windows\\system32\\twinui.pcshell.dll+6154f|C:\\Windows\\system32\\twinui.pcshell.dll+2a159|C:\\Windows\\system32\\twinui.pcshell.dll+6154f|C:\\Windows\\system32\\twinui.pcshell.dll+62a1e|C:\\Windows\\system32\\twinui.pcshell.dll+81e7d|C:\\Windows\\system32\\twinui.pcshell.dll+655cc|C:\\Windows\\System32\\user32.dll+e7e8|C:\\Windows\\System32\\user32.dll+e229|C:\\Windows\\system32\\twinui.pcshell.dll+e2e6|C:\\Windows\\system32\\twinui.pcshell.dll+dcc9|C:\\Windows\\system32\\twinui.pcshell.dll+1817c|C:\\Windows\\system32\\twinui.pcshell.dll+425f4|C:\\Windows\\system32\\twinui.dll+6d026|C:\\Windows\\system32\\twinui.dll+6cd9b|C:\\Windows\\system32\\twinui.dll+6c953|C:\\Windows\\System32\\user32.dll+e7e8|C:\\Windows\\System32\\user32.dll+e36c\u003c/Data\u003e\u003cData Name=\"SourceUser\"\u003eMSSENTINEL\\wardog\u003c/Data\u003e\u003cData Name=\"TargetUser\"\u003eMSSENTINEL\\wardog\u003c/Data\u003e\u003c/EventData\u003e","Task":"10","RuleName":"-","UtcTime":"2022-09-22 16:31:14.414","SourceProcessGUID":"{03bfca49-7152-632c-7a0b-000000000b00}","SourceProcessId":"8740","SourceThreadId":"9524","SourceImage":"C:\\Windows\\Explorer.EXE","TargetProcessGUID":"{03bfca49-8dd2-632c-550d-000000000b00}","TargetProcessId":"12372","TargetImage":"C:\\Windows\\system32\\notepad.exe","GrantedAccess":"0x1000","CallTrace":"C:\\Windows\\SYSTEM32\\ntdll.dll+9d234|C:\\Windows\\System32\\KERNELBASE.dll+2c0ce|C:\\Windows\\system32\\twinui.pcshell.dll+16575|C:\\Windows\\system32\\twinui.pcshell.dll+15ecf|C:\\Windows\\system32\\twinui.pcshell.dll+829a7|C:\\Windows\\system32\\twinui.pcshell.dll+797b1|C:\\Windows\\system32\\twinui.pcshell.dll+72340|C:\\Windows\\system32\\twinui.pcshell.dll+6154f|C:\\Windows\\system32\\twinui.pcshell.dll+2a159|C:\\Windows\\system32\\twinui.pcshell.dll+6154f|C:\\Windows\\system32\\twinui.pcshell.dll+62a1e|C:\\Windows\\system32\\twinui.pcshell.dll+81e7d|C:\\Windows\\system32\\twinui.pcshell.dll+655cc|C:\\Windows\\System32\\user32.dll+e7e8|C:\\Windows\\System32\\user32.dll+e229|C:\\Windows\\system32\\twinui.pcshell.dll+e2e6|C:\\Windows\\system32\\twinui.pcshell.dll+dcc9|C:\\Windows\\system32\\twinui.pcshell.dll+1817c|C:\\Windows\\system32\\twinui.pcshell.dll+425f4|C:\\Windows\\system32\\twinui.dll+6d026|C:\\Windows\\system32\\twinui.dll+6cd9b|C:\\Windows\\system32\\twinui.dll+6c953|C:\\Windows\\System32\\user32.dll+e7e8|C:\\Windows\\System32\\user32.dll+e36c","SourceUser":"MSSENTINEL\\wardog","TargetUser":"MSSENTINEL\\wardog"},{"EventSourceName":"Microsoft-Windows-Sysmon","Provider":"Microsoft-Windows-Sysmon","ProviderGuid":"{5770385f-c22a-43e0-bf4c-06f5698ffbd9}","Level":"4","Keywords":"0x8000000000000000","Channel":"Microsoft-Windows-Sysmon/Operational","Computer":"WORKSTATION6.mssentinel.local","TimeCreated":"2022-09-22T12:31:14.427Z","TimeGenerated":"2022-09-22T04:31:14.427Z","EventRecordID":"3328028","EventID":12,"Message":"Registry object added or deleted:\r\nRuleName: -\r\nEventType: CreateKey\r\nUtcTime: 2022-09-22 16:31:14.414\r\nProcessGuid: {03bfca49-7152-632c-7a0b-000000000b00}\r\nProcessId: 8740\r\nImage: C:\\Windows\\Explorer.EXE\r\nTargetObject: HKU\\S-1-5-21-1569727641-2518674866-3296776394-500\\SOFTWARE\\Microsoft\\Windows\\CurrentVersion\\Explorer\\SessionInfo\\3\\ApplicationViewManagement\\W32:000000000003039E\r\nUser: MSSENTINEL\\wardog","EventData":"\u003cEventData xmlns=\"http://schemas.microsoft.com/win/2004/08/events/event\"\u003e\u003cData Name=\"RuleName\"\u003e-\u003c/Data\u003e\u003cData Name=\"EventType\"\u003eCreateKey\u003c/Data\u003e\u003cData Name=\"UtcTime\"\u003e2022-09-22 16:31:14.414\u003c/Data\u003e\u003cData Name=\"ProcessGuid\"\u003e{03bfca49-7152-632c-7a0b-000000000b00}\u003c/Data\u003e\u003cData Name=\"ProcessId\"\u003e8740\u003c/Data\u003e\u003cData Name=\"Image\"\u003eC:\\Windows\\Explorer.EXE\u003c/Data\u003e\u003cData Name=\"TargetObject\"\u003eHKU\\S-1-5-21-1569727641-2518674866-3296776394-500\\SOFTWARE\\Microsoft\\Windows\\CurrentVersion\\Explorer\\SessionInfo\\3\\ApplicationViewManagement\\W32:000000000003039E\u003c/Data\u003e\u003cData Name=\"User\"\u003eMSSENTINEL\\wardog\u003c/Data\u003e\u003c/EventData\u003e","Task":"12","RuleName":"-","EventType":"CreateKey","UtcTime":"2022-09-22 16:31:14.414","ProcessGuid":"{03bfca49-7152-632c-7a0b-000000000b00}","ProcessId":"8740","Image":"C:\\Windows\\Explorer.EXE","TargetObject":"HKU\\S-1-5-21-1569727641-2518674866-3296776394-500\\SOFTWARE\\Microsoft\\Windows\\CurrentVersion\\Explorer\\SessionInfo\\3\\ApplicationViewManagement\\W32:000000000003039E","User":"MSSENTINEL\\wardog"},{"EventSourceName":"Microsoft-Windows-Sysmon","Provider":"Microsoft-Windows-Sysmon","ProviderGuid":"{5770385f-c22a-43e0-bf4c-06f5698ffbd9}","Level":"4","Keywords":"0x8000000000000000","Channel":"Microsoft-Windows-Sysmon/Operational","Computer":"WORKSTATION6.mssentinel.local","TimeCreated":"2022-09-22T12:31:14.427Z","TimeGenerated":"2022-09-22T04:31:14.427Z","EventRecordID":"3328029","EventID":13,"Message":"Registry value set:\r\nRuleName: -\r\nEventType: SetValue\r\nUtcTime: 2022-09-22 16:31:14.414\r\nProcessGuid: {03bfca49-7152-632c-7a0b-000000000b00}\r\nProcessId: 8740\r\nImage: C:\\Windows\\Explorer.EXE\r\nTargetObject: HKU\\S-1-5-21-1569727641-2518674866-3296776394-500\\SOFTWARE\\Microsoft\\Windows\\CurrentVersion\\Explorer\\SessionInfo\\3\\ApplicationViewManagement\\W32:000000000003039E\\VirtualDesktop\r\nDetails: Binary Data\r\nUser: MSSENTINEL\\wardog","EventData":"\u003cEventData xmlns=\"http://schemas.microsoft.com/win/2004/08/events/event\"\u003e\u003cData Name=\"RuleName\"\u003e-\u003c/Data\u003e\u003cData Name=\"EventType\"\u003eSetValue\u003c/Data\u003e\u003cData Name=\"UtcTime\"\u003e2022-09-22 16:31:14.414\u003c/Data\u003e\u003cData Name=\"ProcessGuid\"\u003e{03bfca49-7152-632c-7a0b-000000000b00}\u003c/Data\u003e\u003cData Name=\"ProcessId\"\u003e8740\u003c/Data\u003e\u003cData Name=\"Image\"\u003eC:\\Windows\\Explorer.EXE\u003c/Data\u003e\u003cData Name=\"TargetObject\"\u003eHKU\\S-1-5-21-1569727641-2518674866-3296776394-500\\SOFTWARE\\Microsoft\\Windows\\CurrentVersion\\Explorer\\SessionInfo\\3\\ApplicationViewManagement\\W32:000000000003039E\\VirtualDesktop\u003c/Data\u003e\u003cData Name=\"Details\"\u003eBinary Data\u003c/Data\u003e\u003cData Name=\"User\"\u003eMSSENTINEL\\wardog\u003c/Data\u003e\u003c/EventData\u003e","Task":"13","RuleName":"-","EventType":"SetValue","UtcTime":"2022-09-22 16:31:14.414","ProcessGuid":"{03bfca49-7152-632c-7a0b-000000000b00}","ProcessId":"8740","Image":"C:\\Windows\\Explorer.EXE","TargetObject":"HKU\\S-1-5-21-1569727641-2518674866-3296776394-500\\SOFTWARE\\Microsoft\\Windows\\CurrentVersion\\Explorer\\SessionInfo\\3\\ApplicationViewManagement\\W32:000000000003039E\\VirtualDesktop","Details":"Binary Data","User":"MSSENTINEL\\wardog"},{"EventSourceName":"Microsoft-Windows-Sysmon","Provider":"Microsoft-Windows-Sysmon","ProviderGuid":"{5770385f-c22a-43e0-bf4c-06f5698ffbd9}","Level":"4","Keywords":"0x8000000000000000","Channel":"Microsoft-Windows-Sysmon/Operational","Computer":"WORKSTATION6.mssentinel.local","TimeCreated":"2022-09-22T12:31:14.428Z","TimeGenerated":"2022-09-22T04:31:14.428Z","EventRecordID":"3328030","EventID":7,"Message":"Image loaded:\r\nRuleName: -\r\nUtcTime: 2022-09-22 16:31:14.352\r\nProcessGuid: {03bfca49-8dd2-632c-550d-000000000b00}\r\nProcessId: 12372\r\nImage: C:\\Windows\\System32\\notepad.exe\r\nImageLoaded: C:\\Windows\\System32\\windows.storage.dll\r\nFileVersion: 10.0.19041.1387 (WinBuild.160101.0800)\r\nDescription: Microsoft WinRT Storage API\r\nProduct: Microsoft® Windows® Operating System\r\nCompany: Microsoft Corporation\r\nOriginalFileName: Windows.Storage.dll\r\nHashes: SHA1=84C9D31EA45BBF850D767C1887EA542E79BC9B24,MD5=46D811D95F8BFFAA56E6FD84E28B4012,SHA256=A0666996CF840C556DEF6C00ACB9547CA114F1AFD0675852D8BFAF796A4B7116,IMPHASH=4A586976F0250886DDFCF328FDB9DFEC\r\nSigned: true\r\nSignature: Microsoft Windows\r\nSignatureStatus: Valid\r\nUser: MSSENTINEL\\wardog","EventData":"\u003cEventData xmlns=\"http://schemas.microsoft.com/win/2004/08/events/event\"\u003e\u003cData Name=\"RuleName\"\u003e-\u003c/Data\u003e\u003cData Name=\"UtcTime\"\u003e2022-09-22 16:31:14.352\u003c/Data\u003e\u003cData Name=\"ProcessGuid\"\u003e{03bfca49-8dd2-632c-550d-000000000b00}\u003c/Data\u003e\u003cData Name=\"ProcessId\"\u003e12372\u003c/Data\u003e\u003cData Name=\"Image\"\u003eC:\\Windows\\System32\\notepad.exe\u003c/Data\u003e\u003cData Name=\"ImageLoaded\"\u003eC:\\Windows\\System32\\windows.storage.dll\u003c/Data\u003e\u003cData Name=\"FileVersion\"\u003e10.0.19041.1387 (WinBuild.160101.0800)\u003c/Data\u003e\u003cData Name=\"Description\"\u003eMicrosoft WinRT Storage API\u003c/Data\u003e\u003cData Name=\"Product\"\u003eMicrosoft® Windows® Operating System\u003c/Data\u003e\u003cData Name=\"Company\"\u003eMicrosoft Corporation\u003c/Data\u003e\u003cData Name=\"OriginalFileName\"\u003eWindows.Storage.dll\u003c/Data\u003e\u003cData Name=\"Hashes\"\u003eSHA1=84C9D31EA45BBF850D767C1887EA542E79BC9B24,MD5=46D811D95F8BFFAA56E6FD84E28B4012,SHA256=A0666996CF840C556DEF6C00ACB9547CA114F1AFD0675852D8BFAF796A4B7116,IMPHASH=4A586976F0250886DDFCF328FDB9DFEC\u003c/Data\u003e\u003cData Name=\"Signed\"\u003etrue\u003c/Data\u003e\u003cData Name=\"Signature\"\u003eMicrosoft Windows\u003c/Data\u003e\u003cData Name=\"SignatureStatus\"\u003eValid\u003c/Data\u003e\u003cData Name=\"User\"\u003eMSSENTINEL\\wardog\u003c/Data\u003e\u003c/EventData\u003e","Task":"7","RuleName":"-","UtcTime":"2022-09-22 16:31:14.352","ProcessGuid":"{03bfca49-8dd2-632c-550d-000000000b00}","ProcessId":"12372","Image":"C:\\Windows\\System32\\notepad.exe","ImageLoaded":"C:\\Windows\\System32\\windows.storage.dll","FileVersion":"10.0.19041.1387 (WinBuild.160101.0800)","Description":"Microsoft WinRT Storage API","Product":"Microsoft® Windows® Operating System","Company":"Microsoft Corporation","OriginalFileName":"Windows.Storage.dll","Hashes":"SHA1=84C9D31EA45BBF850D767C1887EA542E79BC9B24,MD5=46D811D95F8BFFAA56E6FD84E28B4012,SHA256=A0666996CF840C556DEF6C00ACB9547CA114F1AFD0675852D8BFAF796A4B7116,IMPHASH=4A586976F0250886DDFCF328FDB9DFEC","Signed":"true","Signature":"Microsoft Windows","SignatureStatus":"Valid","User":"MSSENTINEL\\wardog"},{"EventSourceName":"Microsoft-Windows-Sysmon","Provider":"Microsoft-Windows-Sysmon","ProviderGuid":"{5770385f-c22a-43e0-bf4c-06f5698ffbd9}","Level":"4","Keywords":"0x8000000000000000","Channel":"Microsoft-Windows-Sysmon/Operational","Computer":"WORKSTATION6.mssentinel.local","TimeCreated":"2022-09-22T12:31:14.428Z","TimeGenerated":"2022-09-22T04:31:14.428Z","EventRecordID":"3328031","EventID":10,"Message":"Process accessed:\r\nRuleName: -\r\nUtcTime: 2022-09-22 16:31:14.414\r\nSourceProcessGUID: {03bfca49-7152-632c-7a0b-000000000b00}\r\nSourceProcessId: 8740\r\nSourceThreadId: 9524\r\nSourceImage: C:\\Windows\\Explorer.EXE\r\nTargetProcessGUID: {03bfca49-8dd2-632c-550d-000000000b00}\r\nTargetProcessId: 12372\r\nTargetImage: C:\\Windows\\system32\\notepad.exe\r\nGrantedAccess: 0x1000\r\nCallTrace: C:\\Windows\\SYSTEM32\\ntdll.dll+9d234|C:\\Windows\\System32\\KERNELBASE.dll+2c0ce|C:\\Windows\\system32\\twinui.pcshell.dll+15e9d|C:\\Windows\\system32\\twinui.pcshell.dll+829a7|C:\\Windows\\system32\\twinui.pcshell.dll+7f82c|C:\\Windows\\system32\\twinui.pcshell.dll+48833|C:\\Windows\\system32\\twinui.pcshell.dll+6154f|C:\\Windows\\system32\\twinui.pcshell.dll+62a1e|C:\\Windows\\system32\\twinui.pcshell.dll+81e7d|C:\\Windows\\system32\\twinui.pcshell.dll+655cc|C:\\Windows\\System32\\user32.dll+e7e8|C:\\Windows\\System32\\user32.dll+e229|C:\\Windows\\system32\\twinui.pcshell.dll+e2e6|C:\\Windows\\system32\\twinui.pcshell.dll+dcc9|C:\\Windows\\system32\\twinui.pcshell.dll+1817c|C:\\Windows\\system32\\twinui.pcshell.dll+425f4|C:\\Windows\\system32\\twinui.dll+6d026|C:\\Windows\\system32\\twinui.dll+6cd9b|C:\\Windows\\system32\\twinui.dll+6c953|C:\\Windows\\System32\\user32.dll+e7e8|C:\\Windows\\System32\\user32.dll+e36c|C:\\Windows\\System32\\user32.dll+26dc2|C:\\Windows\\SYSTEM32\\ntdll.dll+a0ba4|UNKNOWN(FFFFF800452AF635)\r\nSourceUser: MSSENTINEL\\wardog\r\nTargetUser: MSSENTINEL\\wardog","EventData":"\u003cEventData xmlns=\"http://schemas.microsoft.com/win/2004/08/events/event\"\u003e\u003cData Name=\"RuleName\"\u003e-\u003c/Data\u003e\u003cData Name=\"UtcTime\"\u003e2022-09-22 16:31:14.414\u003c/Data\u003e\u003cData Name=\"SourceProcessGUID\"\u003e{03bfca49-7152-632c-7a0b-000000000b00}\u003c/Data\u003e\u003cData Name=\"SourceProcessId\"\u003e8740\u003c/Data\u003e\u003cData Name=\"SourceThreadId\"\u003e9524\u003c/Data\u003e\u003cData Name=\"SourceImage\"\u003eC:\\Windows\\Explorer.EXE\u003c/Data\u003e\u003cData Name=\"TargetProcessGUID\"\u003e{03bfca49-8dd2-632c-550d-000000000b00}\u003c/Data\u003e\u003cData Name=\"TargetProcessId\"\u003e12372\u003c/Data\u003e\u003cData Name=\"TargetImage\"\u003eC:\\Windows\\system32\\notepad.exe\u003c/Data\u003e\u003cData Name=\"GrantedAccess\"\u003e0x1000\u003c/Data\u003e\u003cData Name=\"CallTrace\"\u003eC:\\Windows\\SYSTEM32\\ntdll.dll+9d234|C:\\Windows\\System32\\KERNELBASE.dll+2c0ce|C:\\Windows\\system32\\twinui.pcshell.dll+15e9d|C:\\Windows\\system32\\twinui.pcshell.dll+829a7|C:\\Windows\\system32\\twinui.pcshell.dll+7f82c|C:\\Windows\\system32\\twinui.pcshell.dll+48833|C:\\Windows\\system32\\twinui.pcshell.dll+6154f|C:\\Windows\\system32\\twinui.pcshell.dll+62a1e|C:\\Windows\\system32\\twinui.pcshell.dll+81e7d|C:\\Windows\\system32\\twinui.pcshell.dll+655cc|C:\\Windows\\System32\\user32.dll+e7e8|C:\\Windows\\System32\\user32.dll+e229|C:\\Windows\\system32\\twinui.pcshell.dll+e2e6|C:\\Windows\\system32\\twinui.pcshell.dll+dcc9|C:\\Windows\\system32\\twinui.pcshell.dll+1817c|C:\\Windows\\system32\\twinui.pcshell.dll+425f4|C:\\Windows\\system32\\twinui.dll+6d026|C:\\Windows\\system32\\twinui.dll+6cd9b|C:\\Windows\\system32\\twinui.dll+6c953|C:\\Windows\\System32\\user32.dll+e7e8|C:\\Windows\\System32\\user32.dll+e36c|C:\\Windows\\System32\\user32.dll+26dc2|C:\\Windows\\SYSTEM32\\ntdll.dll+a0ba4|UNKNOWN(FFFFF800452AF635)\u003c/Data\u003e\u003cData Name=\"SourceUser\"\u003eMSSENTINEL\\wardog\u003c/Data\u003e\u003cData Name=\"TargetUser\"\u003eMSSENTINEL\\wardog\u003c/Data\u003e\u003c/EventData\u003e","Task":"10","RuleName":"-","UtcTime":"2022-09-22 16:31:14.414","SourceProcessGUID":"{03bfca49-7152-632c-7a0b-000000000b00}","SourceProcessId":"8740","SourceThreadId":"9524","SourceImage":"C:\\Windows\\Explorer.EXE","TargetProcessGUID":"{03bfca49-8dd2-632c-550d-000000000b00}","TargetProcessId":"12372","TargetImage":"C:\\Windows\\system32\\notepad.exe","GrantedAccess":"0x1000","CallTrace":"C:\\Windows\\SYSTEM32\\ntdll.dll+9d234|C:\\Windows\\System32\\KERNELBASE.dll+2c0ce|C:\\Windows\\system32\\twinui.pcshell.dll+15e9d|C:\\Windows\\system32\\twinui.pcshell.dll+829a7|C:\\Windows\\system32\\twinui.pcshell.dll+7f82c|C:\\Windows\\system32\\twinui.pcshell.dll+48833|C:\\Windows\\system32\\twinui.pcshell.dll+6154f|C:\\Windows\\system32\\twinui.pcshell.dll+62a1e|C:\\Windows\\system32\\twinui.pcshell.dll+81e7d|C:\\Windows\\system32\\twinui.pcshell.dll+655cc|C:\\Windows\\System32\\user32.dll+e7e8|C:\\Windows\\System32\\user32.dll+e229|C:\\Windows\\system32\\twinui.pcshell.dll+e2e6|C:\\Windows\\system32\\twinui.pcshell.dll+dcc9|C:\\Windows\\system32\\twinui.pcshell.dll+1817c|C:\\Windows\\system32\\twinui.pcshell.dll+425f4|C:\\Windows\\system32\\twinui.dll+6d026|C:\\Windows\\system32\\twinui.dll+6cd9b|C:\\Windows\\system32\\twinui.dll+6c953|C:\\Windows\\System32\\user32.dll+e7e8|C:\\Windows\\System32\\user32.dll+e36c|C:\\Windows\\System32\\user32.dll+26dc2|C:\\Windows\\SYSTEM32\\ntdll.dll+a0ba4|UNKNOWN(FFFFF800452AF635)","SourceUser":"MSSENTINEL\\wardog","TargetUser":"MSSENTINEL\\wardog"},