{"tags":["mordorDataset"],"@version":"1","EventType":"CreateKey","Version":2,"ThreadID":4364,"EventTime":"2020-08-06 12:13:14","Task":12,"AccountType":"User","Channel":"Microsoft-Windows-Sysmon/Operational","EventTypeOrignal":"INFO","SourceName":"Microsoft-Windows-Sysmon","Hostname":"WORKSTATION5.theshire.local","@timestamp":"2020-08-06T16:13:15.865Z","OpcodeValue":0,"Message":"Registry object added or deleted:\r\nRuleName: -\r\nEventType: CreateKey\r\nUtcTime: 2020-08-06 16:13:14.365\r\nProcessGuid: {297bc33e-7d2a-5f2b-6003-000000000400}\r\nProcessId: 7240\r\nImage: C:\\Users\\pgustavo\\Desktop\\GruntHTTP.exe\r\nTargetObject: HKU\\S-1-5-21-1363495622-3806888128-621328882-1104\\Software\\Microsoft","SourceModuleName":"eventlog","ProcessId":"7240","EventReceivedTime":"2020-08-06 12:13:15","port":60122,"AccountName":"SYSTEM","UtcTime":"2020-08-06 16:13:14.365","Domain":"NT AUTHORITY","ExecutionProcessID":3284,"host":"wec.internal.cloudapp.net","Severity":"INFO","TargetObject":"HKU\\S-1-5-21-1363495622-3806888128-621328882-1104\\Software\\Microsoft","SeverityValue":2,"EventID":12,"UserID":"S-1-5-18","ProviderGuid":"{5770385F-C22A-43E0-BF4C-06F5698FFBD9}","RecordNumber":403260,"Image":"C:\\Users\\pgustavo\\Desktop\\GruntHTTP.exe","Keywords":-9223372036854775808,"ProcessGuid":"{297bc33e-7d2a-5f2b-6003-000000000400}","SourceModuleType":"im_msvistalog","RuleName":"-"}
{"tags":["mordorDataset"],"@version":"1","EventType":"CreateKey","Version":2,"ThreadID":4364,"EventTime":"2020-08-06 12:13:14","Task":12,"AccountType":"User","Channel":"Microsoft-Windows-Sysmon/Operational","EventTypeOrignal":"INFO","SourceName":"Microsoft-Windows-Sysmon","Hostname":"WORKSTATION5.theshire.local","@timestamp":"2020-08-06T16:13:15.866Z","OpcodeValue":0,"Message":"Registry object added or deleted:\r\nRuleName: -\r\nEventType: CreateKey\r\nUtcTime: 2020-08-06 16:13:14.365\r\nProcessGuid: {297bc33e-7d2a-5f2b-6003-000000000400}\r\nProcessId: 7240\r\nImage: C:\\Users\\pgustavo\\Desktop\\GruntHTTP.exe\r\nTargetObject: HKU\\S-1-5-21-1363495622-3806888128-621328882-1104\\Software\\Microsoft\\ADs","SourceModuleName":"eventlog","ProcessId":"7240","EventReceivedTime":"2020-08-06 12:13:15","port":60122,"AccountName":"SYSTEM","UtcTime":"2020-08-06 16:13:14.365","Domain":"NT AUTHORITY","ExecutionProcessID":3284,"host":"wec.internal.cloudapp.net","Severity":"INFO","TargetObject":"HKU\\S-1-5-21-1363495622-3806888128-621328882-1104\\Software\\Microsoft\\ADs","SeverityValue":2,"EventID":12,"UserID":"S-1-5-18","ProviderGuid":"{5770385F-C22A-43E0-BF4C-06F5698FFBD9}","RecordNumber":403261,"Image":"C:\\Users\\pgustavo\\Desktop\\GruntHTTP.exe","Keywords":-9223372036854775808,"ProcessGuid":"{297bc33e-7d2a-5f2b-6003-000000000400}","SourceModuleType":"im_msvistalog","RuleName":"-"}
{"tags":["mordorDataset"],"@version":"1","EventType":"CreateKey","Version":2,"ThreadID":4364,"EventTime":"2020-08-06 12:13:14","Task":12,"AccountType":"User","Channel":"Microsoft-Windows-Sysmon/Operational","EventTypeOrignal":"INFO","SourceName":"Microsoft-Windows-Sysmon","Hostname":"WORKSTATION5.theshire.local","@timestamp":"2020-08-06T16:13:15.867Z","OpcodeValue":0,"Message":"Registry object added or deleted:\r\nRuleName: -\r\nEventType: CreateKey\r\nUtcTime: 2020-08-06 16:13:14.365\r\nProcessGuid: {297bc33e-7d2a-5f2b-6003-000000000400}\r\nProcessId: 7240\r\nImage: C:\\Users\\pgustavo\\Desktop\\GruntHTTP.exe\r\nTargetObject: HKU\\S-1-5-21-1363495622-3806888128-621328882-1104\\Software\\Microsoft\\ADs\\Providers","SourceModuleName":"eventlog","ProcessId":"7240","EventReceivedTime":"2020-08-06 12:13:15","port":60122,"AccountName":"SYSTEM","UtcTime":"2020-08-06 16:13:14.365","Domain":"NT AUTHORITY","ExecutionProcessID":3284,"host":"wec.internal.cloudapp.net","Severity":"INFO","TargetObject":"HKU\\S-1-5-21-1363495622-3806888128-621328882-1104\\Software\\Microsoft\\ADs\\Providers","SeverityValue":2,"EventID":12,"UserID":"S-1-5-18","ProviderGuid":"{5770385F-C22A-43E0-BF4C-06F5698FFBD9}","RecordNumber":403262,"Image":"C:\\Users\\pgustavo\\Desktop\\GruntHTTP.exe","Keywords":-9223372036854775808,"ProcessGuid":"{297bc33e-7d2a-5f2b-6003-000000000400}","SourceModuleType":"im_msvistalog","RuleName":"-"}
{"tags":["mordorDataset"],"@version":"1","EventType":"CreateKey","Version":2,"ThreadID":4364,"EventTime":"2020-08-06 12:13:14","Task":12,"AccountType":"User","Channel":"Microsoft-Windows-Sysmon/Operational","EventTypeOrignal":"INFO","SourceName":"Microsoft-Windows-Sysmon","Hostname":"WORKSTATION5.theshire.local","@timestamp":"2020-08-06T16:13:15.867Z","OpcodeValue":0,"Message":"Registry object added or deleted:\r\nRuleName: -\r\nEventType: CreateKey\r\nUtcTime: 2020-08-06 16:13:14.365\r\nProcessGuid: {297bc33e-7d2a-5f2b-6003-000000000400}\r\nProcessId: 7240\r\nImage: C:\\Users\\pgustavo\\Desktop\\GruntHTTP.exe\r\nTargetObject: HKU\\S-1-5-21-1363495622-3806888128-621328882-1104\\Software\\Microsoft\\ADs\\Providers\\LDAP","SourceModuleName":"eventlog","ProcessId":"7240","EventReceivedTime":"2020-08-06 12:13:15","port":60122,"AccountName":"SYSTEM","UtcTime":"2020-08-06 16:13:14.365","Domain":"NT AUTHORITY","ExecutionProcessID":3284,"host":"wec.internal.cloudapp.net","Severity":"INFO","TargetObject":"HKU\\S-1-5-21-1363495622-3806888128-621328882-1104\\Software\\Microsoft\\ADs\\Providers\\LDAP","SeverityValue":2,"EventID":12,"UserID":"S-1-5-18","ProviderGuid":"{5770385F-C22A-43E0-BF4C-06F5698FFBD9}","RecordNumber":403263,"Image":"C:\\Users\\pgustavo\\Desktop\\GruntHTTP.exe","Keywords":-9223372036854775808,"ProcessGuid":"{297bc33e-7d2a-5f2b-6003-000000000400}","SourceModuleType":"im_msvistalog","RuleName":"-"}
{"tags":["mordorDataset"],"@version":"1","EventType":"CreateKey","Version":2,"ThreadID":4364,"EventTime":"2020-08-06 12:13:14","Task":12,"AccountType":"User","Channel":"Microsoft-Windows-Sysmon/Operational","EventTypeOrignal":"INFO","SourceName":"Microsoft-Windows-Sysmon","Hostname":"WORKSTATION5.theshire.local","@timestamp":"2020-08-06T16:13:15.867Z","OpcodeValue":0,"Message":"Registry object added or deleted:\r\nRuleName: -\r\nEventType: CreateKey\r\nUtcTime: 2020-08-06 16:13:14.365\r\nProcessGuid: {297bc33e-7d2a-5f2b-6003-000000000400}\r\nProcessId: 7240\r\nImage: C:\\Users\\pgustavo\\Desktop\\GruntHTTP.exe\r\nTargetObject: HKU\\S-1-5-21-1363495622-3806888128-621328882-1104\\Software\\Microsoft\\ADs\\Providers\\LDAP\\CN=Aggregate,CN=Schema,CN=Configuration,DC=theshire,DC=local","SourceModuleName":"eventlog","ProcessId":"7240","EventReceivedTime":"2020-08-06 12:13:15","port":60122,"AccountName":"SYSTEM","UtcTime":"2020-08-06 16:13:14.365","Domain":"NT AUTHORITY","ExecutionProcessID":3284,"host":"wec.internal.cloudapp.net","Severity":"INFO","TargetObject":"HKU\\S-1-5-21-1363495622-3806888128-621328882-1104\\Software\\Microsoft\\ADs\\Providers\\LDAP\\CN=Aggregate,CN=Schema,CN=Configuration,DC=theshire,DC=local","SeverityValue":2,"EventID":12,"UserID":"S-1-5-18","ProviderGuid":"{5770385F-C22A-43E0-BF4C-06F5698FFBD9}","RecordNumber":403264,"Image":"C:\\Users\\pgustavo\\Desktop\\GruntHTTP.exe","Keywords":-9223372036854775808,"ProcessGuid":"{297bc33e-7d2a-5f2b-6003-000000000400}","SourceModuleType":"im_msvistalog","RuleName":"-"}
{"SourceModuleType":"im_msvistalog","tags":["mordorDataset"],"@version":"1","EventType":"INFO","Version":2,"ThreadID":4364,"EventTime":"2020-08-06 12:13:14","Task":11,"AccountType":"User","Channel":"Microsoft-Windows-Sysmon/Operational","SourceName":"Microsoft-Windows-Sysmon","OpcodeValue":0,"Hostname":"WORKSTATION5.theshire.local","@timestamp":"2020-08-06T16:13:15.868Z","Message":"File created:\r\nRuleName: -\r\nUtcTime: 2020-08-06 16:13:14.365\r\nProcessGuid: {297bc33e-7d2a-5f2b-6003-000000000400}\r\nProcessId: 7240\r\nImage: C:\\Users\\pgustavo\\Desktop\\GruntHTTP.exe\r\nTargetFilename: C:\\Users\\pgustavo\\AppData\\Local\\Microsoft\\Windows\\SchCache\r\nCreationUtcTime: 2020-08-06 16:13:14.365","SourceModuleName":"eventlog","ProcessId":"7240","EventReceivedTime":"2020-08-06 12:13:15","port":60122,"AccountName":"SYSTEM","UtcTime":"2020-08-06 16:13:14.365","Domain":"NT AUTHORITY","ExecutionProcessID":3284,"TargetFilename":"C:\\Users\\pgustavo\\AppData\\Local\\Microsoft\\Windows\\SchCache","host":"wec.internal.cloudapp.net","Severity":"INFO","SeverityValue":2,"EventID":11,"UserID":"S-1-5-18","ProviderGuid":"{5770385F-C22A-43E0-BF4C-06F5698FFBD9}","RecordNumber":403265,"Image":"C:\\Users\\pgustavo\\Desktop\\GruntHTTP.exe","Keywords":-9223372036854775808,"ProcessGuid":"{297bc33e-7d2a-5f2b-6003-000000000400}","CreationUtcTime":"2020-08-06 16:13:14.365","RuleName":"-"}
{"SourceModuleType":"im_msvistalog","tags":["mordorDataset"],"@version":"1","EventType":"INFO","Version":2,"ThreadID":4364,"EventTime":"2020-08-06 12:13:14","Task":11,"AccountType":"User","Channel":"Microsoft-Windows-Sysmon/Operational","SourceName":"Microsoft-Windows-Sysmon","OpcodeValue":0,"Hostname":"WORKSTATION5.theshire.local","@timestamp":"2020-08-06T16:13:15.868Z","Message":"File created:\r\nRuleName: -\r\nUtcTime: 2020-08-06 16:13:14.365\r\nProcessGuid: {297bc33e-7d2a-5f2b-6003-000000000400}\r\nProcessId: 7240\r\nImage: C:\\Users\\pgustavo\\Desktop\\GruntHTTP.exe\r\nTargetFilename: C:\\Users\\pgustavo\\AppData\\Local\\Microsoft\\Windows\\SchCache\\theshire.local.sch\r\nCreationUtcTime: 2020-08-06 16:13:14.365","SourceModuleName":"eventlog","ProcessId":"7240","EventReceivedTime":"2020-08-06 12:13:15","port":60122,"AccountName":"SYSTEM","UtcTime":"2020-08-06 16:13:14.365","Domain":"NT AUTHORITY","ExecutionProcessID":3284,"TargetFilename":"C:\\Users\\pgustavo\\AppData\\Local\\Microsoft\\Windows\\SchCache\\theshire.local.sch","host":"wec.internal.cloudapp.net","Severity":"INFO","SeverityValue":2,"EventID":11,"UserID":"S-1-5-18","ProviderGuid":"{5770385F-C22A-43E0-BF4C-06F5698FFBD9}","RecordNumber":403266,"Image":"C:\\Users\\pgustavo\\Desktop\\GruntHTTP.exe","Keywords":-9223372036854775808,"ProcessGuid":"{297bc33e-7d2a-5f2b-6003-000000000400}","CreationUtcTime":"2020-08-06 16:13:14.365","RuleName":"-"}
{"tags":["mordorDataset"],"@version":"1","EventType":"SetValue","Version":2,"ThreadID":4364,"EventTime":"2020-08-06 12:13:14","Task":13,"AccountType":"User","Channel":"Microsoft-Windows-Sysmon/Operational","EventTypeOrignal":"INFO","SourceName":"Microsoft-Windows-Sysmon","Hostname":"WORKSTATION5.theshire.local","@timestamp":"2020-08-06T16:13:15.868Z","OpcodeValue":0,"Message":"Registry value set:\r\nRuleName: -\r\nEventType: SetValue\r\nUtcTime: 2020-08-06 16:13:14.380\r\nProcessGuid: {297bc33e-7d2a-5f2b-6003-000000000400}\r\nProcessId: 7240\r\nImage: C:\\Users\\pgustavo\\Desktop\\GruntHTTP.exe\r\nTargetObject: HKU\\S-1-5-21-1363495622-3806888128-621328882-1104\\Software\\Microsoft\\ADs\\Providers\\LDAP\\CN=Aggregate,CN=Schema,CN=Configuration,DC=theshire,DC=local\\File\r\nDetails: %%LOCALAPPDATA%%\\Microsoft\\Windows\\SchCache\\theshire.local.sch","SourceModuleName":"eventlog","ProcessId":"7240","Details":"%%LOCALAPPDATA%%\\Microsoft\\Windows\\SchCache\\theshire.local.sch","port":60122,"AccountName":"SYSTEM","EventReceivedTime":"2020-08-06 12:13:15","UtcTime":"2020-08-06 16:13:14.380","Domain":"NT AUTHORITY","ExecutionProcessID":3284,"host":"wec.internal.cloudapp.net","Severity":"INFO","TargetObject":"HKU\\S-1-5-21-1363495622-3806888128-621328882-1104\\Software\\Microsoft\\ADs\\Providers\\LDAP\\CN=Aggregate,CN=Schema,CN=Configuration,DC=theshire,DC=local\\File","SeverityValue":2,"EventID":13,"UserID":"S-1-5-18","ProviderGuid":"{5770385F-C22A-43E0-BF4C-06F5698FFBD9}","RecordNumber":403267,"Image":"C:\\Users\\pgustavo\\Desktop\\GruntHTTP.exe","Keywords":-9223372036854775808,"ProcessGuid":"{297bc33e-7d2a-5f2b-6003-000000000400}","SourceModuleType":"im_msvistalog","RuleName":"-"}
{"tags":["mordorDataset"],"@version":"1","EventType":"SetValue","Version":2,"ThreadID":4364,"EventTime":"2020-08-06 12:13:14","Task":13,"AccountType":"User","Channel":"Microsoft-Windows-Sysmon/Operational","EventTypeOrignal":"INFO","SourceName":"Microsoft-Windows-Sysmon","Hostname":"WORKSTATION5.theshire.local","@timestamp":"2020-08-06T16:13:15.869Z","OpcodeValue":0,"Message":"Registry value set:\r\nRuleName: -\r\nEventType: SetValue\r\nUtcTime: 2020-08-06 16:13:14.380\r\nProcessGuid: {297bc33e-7d2a-5f2b-6003-000000000400}\r\nProcessId: 7240\r\nImage: C:\\Users\\pgustavo\\Desktop\\GruntHTTP.exe\r\nTargetObject: HKU\\S-1-5-21-1363495622-3806888128-621328882-1104\\Software\\Microsoft\\ADs\\Providers\\LDAP\\CN=Aggregate,CN=Schema,CN=Configuration,DC=theshire,DC=local\\Time\r\nDetails: 20200806021621.0Z","SourceModuleName":"eventlog","ProcessId":"7240","Details":"20200806021621.0Z","port":60122,"AccountName":"SYSTEM","EventReceivedTime":"2020-08-06 12:13:15","UtcTime":"2020-08-06 16:13:14.380","Domain":"NT AUTHORITY","ExecutionProcessID":3284,"host":"wec.internal.cloudapp.net","Severity":"INFO","TargetObject":"HKU\\S-1-5-21-1363495622-3806888128-621328882-1104\\Software\\Microsoft\\ADs\\Providers\\LDAP\\CN=Aggregate,CN=Schema,CN=Configuration,DC=theshire,DC=local\\Time","SeverityValue":2,"EventID":13,"UserID":"S-1-5-18","ProviderGuid":"{5770385F-C22A-43E0-BF4C-06F5698FFBD9}","RecordNumber":403268,"Image":"C:\\Users\\pgustavo\\Desktop\\GruntHTTP.exe","Keywords":-9223372036854775808,"ProcessGuid":"{297bc33e-7d2a-5f2b-6003-000000000400}","SourceModuleType":"im_msvistalog","RuleName":"-"}
{"SourceModuleType":"im_msvistalog","tags":["mordorDataset"],"@version":"1","EventType":"INFO","Version":2,"ThreadID":4364,"EventTime":"2020-08-06 12:13:14","Task":11,"AccountType":"User","Channel":"Microsoft-Windows-Sysmon/Operational","SourceName":"Microsoft-Windows-Sysmon","OpcodeValue":0,"Hostname":"WORKSTATION5.theshire.local","@timestamp":"2020-08-06T16:13:15.869Z","Message":"File created:\r\nRuleName: -\r\nUtcTime: 2020-08-06 16:13:14.942\r\nProcessGuid: {297bc33e-5c31-5f2b-2800-000000000400}\r\nProcessId: 1740\r\nImage: C:\\windows\\System32\\svchost.exe\r\nTargetFilename: C:\\Windows\\ServiceState\\EventLog\\Data\\lastalive1.dat\r\nCreationUtcTime: 2020-08-06 01:27:10.520","SourceModuleName":"eventlog","ProcessId":"1740","EventReceivedTime":"2020-08-06 12:13:15","port":60122,"AccountName":"SYSTEM","UtcTime":"2020-08-06 16:13:14.942","Domain":"NT AUTHORITY","ExecutionProcessID":3284,"TargetFilename":"C:\\Windows\\ServiceState\\EventLog\\Data\\lastalive1.dat","host":"wec.internal.cloudapp.net","Severity":"INFO","SeverityValue":2,"EventID":11,"UserID":"S-1-5-18","ProviderGuid":"{5770385F-C22A-43E0-BF4C-06F5698FFBD9}","RecordNumber":403269,"Image":"C:\\windows\\System32\\svchost.exe","Keywords":-9223372036854775808,"ProcessGuid":"{297bc33e-5c31-5f2b-2800-000000000400}","CreationUtcTime":"2020-08-06 01:27:10.520","RuleName":"-"}
{"@version":"1","EventType":"AUDIT_SUCCESS","Version":0,"ThreadID":1916,"EventTime":"2020-08-06 12:13:14","Task":12810,"SourcePort":"59322","Channel":"Security","SourceName":"Microsoft-Windows-Security-Auditing","OpcodeValue":0,"Hostname":"WORKSTATION5.theshire.local","@timestamp":"2020-08-06T16:13:15.869Z","Message":"The Windows Filtering Platform has permitted a bind to a local port.\r\n\r\nApplication Information:\r\n\tProcess ID:\t\t768\r\n\tApplication Name:\t\\device\\harddiskvolume2\\windows\\system32\\lsass.exe\r\n\r\nNetwork Information:\r\n\tSource Address:\t\t0.0.0.0\r\n\tSource Port:\t\t59322\r\n\tProtocol:\t\t17\r\n\r\nFilter Information:\r\n\tFilter Run-Time ID:\t0\r\n\tLayer Name:\t\tResource Assignment\r\n\tLayer Run-Time ID:\t36","Category":"Filtering Platform Connection","Opcode":"Info","SourceModuleName":"eventlog","ProcessId":"768","EventReceivedTime":"2020-08-06 12:13:15","port":60122,"Application":"\\device\\harddiskvolume2\\windows\\system32\\lsass.exe","ExecutionProcessID":4,"host":"wec.internal.cloudapp.net","Severity":"INFO","LayerRTID":"36","LayerName":"%%14608","SeverityValue":2,"EventID":5158,"SourceAddress":"0.0.0.0","ProviderGuid":"{54849625-5478-4994-A5BA-3E3B0328C30D}","RecordNumber":115048,"SourceModuleType":"im_msvistalog","Keywords":-9214364837600034816,"FilterRTID":"0","Protocol":"17","tags":["mordorDataset"]}
{"tags":["mordorDataset"],"@version":"1","EventType":"AUDIT_SUCCESS","Version":1,"ThreadID":1916,"EventTime":"2020-08-06 12:13:14","Task":12810,"DestAddress":"172.18.38.5","SourcePort":"59322","Channel":"Security","SourceName":"Microsoft-Windows-Security-Auditing","OpcodeValue":0,"Hostname":"WORKSTATION5.theshire.local","@timestamp":"2020-08-06T16:13:15.869Z","Message":"The Windows Filtering Platform has permitted a connection.\r\n\r\nApplication Information:\r\n\tProcess ID:\t\t768\r\n\tApplication Name:\t\\device\\harddiskvolume2\\windows\\system32\\lsass.exe\r\n\r\nNetwork Information:\r\n\tDirection:\t\tOutbound\r\n\tSource Address:\t\t172.18.39.5\r\n\tSource Port:\t\t59322\r\n\tDestination Address:\t172.18.38.5\r\n\tDestination Port:\t\t389\r\n\tProtocol:\t\t17\r\n\r\nFilter Information:\r\n\tFilter Run-Time ID:\t69420\r\n\tLayer Name:\t\tConnect\r\n\tLayer Run-Time ID:\t48","Category":"Filtering Platform Connection","Opcode":"Info","SourceModuleName":"eventlog","ProcessId":"768","EventReceivedTime":"2020-08-06 12:13:15","port":60122,"Application":"\\device\\harddiskvolume2\\windows\\system32\\lsass.exe","ExecutionProcessID":4,"Direction":"%%14593","RemoteMachineID":"S-1-0-0","host":"wec.internal.cloudapp.net","DestPort":"389","Severity":"INFO","LayerRTID":"48","LayerName":"%%14611","SeverityValue":2,"EventID":5156,"SourceAddress":"172.18.39.5","ProviderGuid":"{54849625-5478-4994-A5BA-3E3B0328C30D}","RecordNumber":115049,"SourceModuleType":"im_msvistalog","Keywords":-9214364837600034816,"FilterRTID":"69420","Protocol":"17","RemoteUserID":"S-1-0-0"}
{"@version":"1","EventType":"AUDIT_SUCCESS","Version":0,"ThreadID":1916,"EventTime":"2020-08-06 12:13:14","Task":12810,"SourcePort":"59323","Channel":"Security","SourceName":"Microsoft-Windows-Security-Auditing","OpcodeValue":0,"Hostname":"WORKSTATION5.theshire.local","@timestamp":"2020-08-06T16:13:15.870Z","Message":"The Windows Filtering Platform has permitted a bind to a local port.\r\n\r\nApplication Information:\r\n\tProcess ID:\t\t7240\r\n\tApplication Name:\t\\device\\harddiskvolume2\\users\\pgustavo\\desktop\\grunthttp.exe\r\n\r\nNetwork Information:\r\n\tSource Address:\t\t127.0.0.1\r\n\tSource Port:\t\t59323\r\n\tProtocol:\t\t17\r\n\r\nFilter Information:\r\n\tFilter Run-Time ID:\t0\r\n\tLayer Name:\t\tResource Assignment\r\n\tLayer Run-Time ID:\t36","Category":"Filtering Platform Connection","Opcode":"Info","SourceModuleName":"eventlog","ProcessId":"7240","EventReceivedTime":"2020-08-06 12:13:15","port":60122,"Application":"\\device\\harddiskvolume2\\users\\pgustavo\\desktop\\grunthttp.exe","ExecutionProcessID":4,"host":"wec.internal.cloudapp.net","Severity":"INFO","LayerRTID":"36","LayerName":"%%14608","SeverityValue":2,"EventID":5158,"SourceAddress":"127.0.0.1","ProviderGuid":"{54849625-5478-4994-A5BA-3E3B0328C30D}","RecordNumber":115050,"SourceModuleType":"im_msvistalog","Keywords":-9214364837600034816,"FilterRTID":"0","Protocol":"17","tags":["mordorDataset"]}
{"@version":"1","EventType":"AUDIT_SUCCESS","Version":0,"ThreadID":1916,"EventTime":"2020-08-06 12:13:14","Task":12810,"SourcePort":"58065","Channel":"Security","SourceName":"Microsoft-Windows-Security-Auditing","OpcodeValue":0,"Hostname":"WORKSTATION5.theshire.local","@timestamp":"2020-08-06T16:13:15.870Z","Message":"The Windows Filtering Platform has permitted a bind to a local port.\r\n\r\nApplication Information:\r\n\tProcess ID:\t\t7240\r\n\tApplication Name:\t\\device\\harddiskvolume2\\users\\pgustavo\\desktop\\grunthttp.exe\r\n\r\nNetwork Information:\r\n\tSource Address:\t\t0.0.0.0\r\n\tSource Port:\t\t58065\r\n\tProtocol:\t\t6\r\n\r\nFilter Information:\r\n\tFilter Run-Time ID:\t0\r\n\tLayer Name:\t\tResource Assignment\r\n\tLayer Run-Time ID:\t36","Category":"Filtering Platform Connection","Opcode":"Info","SourceModuleName":"eventlog","ProcessId":"7240","EventReceivedTime":"2020-08-06 12:13:15","port":60122,"Application":"\\device\\harddiskvolume2\\users\\pgustavo\\desktop\\grunthttp.exe","ExecutionProcessID":4,"host":"wec.internal.cloudapp.net","Severity":"INFO","LayerRTID":"36","LayerName":"%%14608","SeverityValue":2,"EventID":5158,"SourceAddress":"0.0.0.0","ProviderGuid":"{54849625-5478-4994-A5BA-3E3B0328C30D}","RecordNumber":115051,"SourceModuleType":"im_msvistalog","Keywords":-9214364837600034816,"FilterRTID":"0","Protocol":"6","tags":["mordorDataset"]}
{"tags":["mordorDataset"],"@version":"1","EventType":"AUDIT_SUCCESS","Version":1,"ThreadID":1916,"EventTime":"2020-08-06 12:13:14","Task":12810,"DestAddress":"172.18.38.5","SourcePort":"58065","Channel":"Security","SourceName":"Microsoft-Windows-Security-Auditing","OpcodeValue":0,"Hostname":"WORKSTATION5.theshire.local","@timestamp":"2020-08-06T16:13:15.870Z","Message":"The Windows Filtering Platform has permitted a connection.\r\n\r\nApplication Information:\r\n\tProcess ID:\t\t7240\r\n\tApplication Name:\t\\device\\harddiskvolume2\\users\\pgustavo\\desktop\\grunthttp.exe\r\n\r\nNetwork Information:\r\n\tDirection:\t\tOutbound\r\n\tSource Address:\t\t172.18.39.5\r\n\tSource Port:\t\t58065\r\n\tDestination Address:\t172.18.38.5\r\n\tDestination Port:\t\t389\r\n\tProtocol:\t\t6\r\n\r\nFilter Information:\r\n\tFilter Run-Time ID:\t69420\r\n\tLayer Name:\t\tConnect\r\n\tLayer Run-Time ID:\t48","Category":"Filtering Platform Connection","Opcode":"Info","SourceModuleName":"eventlog","ProcessId":"7240","EventReceivedTime":"2020-08-06 12:13:15","port":60122,"Application":"\\device\\harddiskvolume2\\users\\pgustavo\\desktop\\grunthttp.exe","ExecutionProcessID":4,"Direction":"%%14593","RemoteMachineID":"S-1-0-0","host":"wec.internal.cloudapp.net","DestPort":"389","Severity":"INFO","LayerRTID":"48","LayerName":"%%14611","SeverityValue":2,"EventID":5156,"SourceAddress":"172.18.39.5","ProviderGuid":"{54849625-5478-4994-A5BA-3E3B0328C30D}","RecordNumber":115052,"SourceModuleType":"im_msvistalog","Keywords":-9214364837600034816,"FilterRTID":"69420","Protocol":"6","RemoteUserID":"S-1-0-0"}
{"@version":"1","EventType":"AUDIT_SUCCESS","Version":0,"ThreadID":1916,"EventTime":"2020-08-06 12:13:14","Task":12810,"SourcePort":"58066","Channel":"Security","SourceName":"Microsoft-Windows-Security-Auditing","OpcodeValue":0,"Hostname":"WORKSTATION5.theshire.local","@timestamp":"2020-08-06T16:13:15.870Z","Message":"The Windows Filtering Platform has permitted a bind to a local port.\r\n\r\nApplication Information:\r\n\tProcess ID:\t\t768\r\n\tApplication Name:\t\\device\\harddiskvolume2\\windows\\system32\\lsass.exe\r\n\r\nNetwork Information:\r\n\tSource Address:\t\t0.0.0.0\r\n\tSource Port:\t\t58066\r\n\tProtocol:\t\t6\r\n\r\nFilter Information:\r\n\tFilter Run-Time ID:\t0\r\n\tLayer Name:\t\tResource Assignment\r\n\tLayer Run-Time ID:\t36","Category":"Filtering Platform Connection","Opcode":"Info","SourceModuleName":"eventlog","ProcessId":"768","EventReceivedTime":"2020-08-06 12:13:15","port":60122,"Application":"\\device\\harddiskvolume2\\windows\\system32\\lsass.exe","ExecutionProcessID":4,"host":"wec.internal.cloudapp.net","Severity":"INFO","LayerRTID":"36","LayerName":"%%14608","SeverityValue":2,"EventID":5158,"SourceAddress":"0.0.0.0","ProviderGuid":"{54849625-5478-4994-A5BA-3E3B0328C30D}","RecordNumber":115053,"SourceModuleType":"im_msvistalog","Keywords":-9214364837600034816,"FilterRTID":"0","Protocol":"6","tags":["mordorDataset"]}
{"tags":["mordorDataset"],"@version":"1","EventType":"AUDIT_SUCCESS","Version":1,"ThreadID":328,"EventTime":"2020-08-06 12:13:14","Task":12810,"DestAddress":"172.18.38.5","SourcePort":"59322","Channel":"Security","SourceName":"Microsoft-Windows-Security-Auditing","OpcodeValue":0,"Hostname":"MORDORDC.theshire.local","@timestamp":"2020-08-06T16:13:15.870Z","Message":"The Windows Filtering Platform has permitted a connection.\r\n\r\nApplication Information:\r\n\tProcess ID:\t\t704\r\n\tApplication Name:\t\\device\\harddiskvolume2\\windows\\system32\\lsass.exe\r\n\r\nNetwork Information:\r\n\tDirection:\t\tInbound\r\n\tSource Address:\t\t172.18.39.5\r\n\tSource Port:\t\t59322\r\n\tDestination Address:\t172.18.38.5\r\n\tDestination Port:\t\t389\r\n\tProtocol:\t\t17\r\n\r\nFilter Information:\r\n\tFilter Run-Time ID:\t67835\r\n\tLayer Name:\t\tReceive/Accept\r\n\tLayer Run-Time ID:\t44","Category":"Filtering Platform Connection","Opcode":"Info","SourceModuleName":"eventlog","ProcessId":"704","EventReceivedTime":"2020-08-06 12:13:15","port":60122,"Application":"\\device\\harddiskvolume2\\windows\\system32\\lsass.exe","ExecutionProcessID":4,"Direction":"%%14592","RemoteMachineID":"S-1-0-0","host":"wec.internal.cloudapp.net","DestPort":"389","Severity":"INFO","LayerRTID":"44","LayerName":"%%14610","SeverityValue":2,"EventID":5156,"SourceAddress":"172.18.39.5","ProviderGuid":"{54849625-5478-4994-A5BA-3E3B0328C30D}","RecordNumber":447800,"SourceModuleType":"im_msvistalog","Keywords":-9214364837600034816,"FilterRTID":"67835","Protocol":"17","RemoteUserID":"S-1-0-0"}
{"tags":["mordorDataset"],"@version":"1","EventType":"AUDIT_SUCCESS","Version":1,"ThreadID":1916,"EventTime":"2020-08-06 12:13:14","Task":12810,"DestAddress":"172.18.38.5","SourcePort":"58066","Channel":"Security","SourceName":"Microsoft-Windows-Security-Auditing","OpcodeValue":0,"Hostname":"WORKSTATION5.theshire.local","@timestamp":"2020-08-06T16:13:15.870Z","Message":"The Windows Filtering Platform has permitted a connection.\r\n\r\nApplication Information:\r\n\tProcess ID:\t\t768\r\n\tApplication Name:\t\\device\\harddiskvolume2\\windows\\system32\\lsass.exe\r\n\r\nNetwork Information:\r\n\tDirection:\t\tOutbound\r\n\tSource Address:\t\t172.18.39.5\r\n\tSource Port:\t\t58066\r\n\tDestination Address:\t172.18.38.5\r\n\tDestination Port:\t\t88\r\n\tProtocol:\t\t6\r\n\r\nFilter Information:\r\n\tFilter Run-Time ID:\t69420\r\n\tLayer Name:\t\tConnect\r\n\tLayer Run-Time ID:\t48","Category":"Filtering Platform Connection","Opcode":"Info","SourceModuleName":"eventlog","ProcessId":"768","EventReceivedTime":"2020-08-06 12:13:15","port":60122,"Application":"\\device\\harddiskvolume2\\windows\\system32\\lsass.exe","ExecutionProcessID":4,"Direction":"%%14593","RemoteMachineID":"S-1-0-0","host":"wec.internal.cloudapp.net","DestPort":"88","Severity":"INFO","LayerRTID":"48","LayerName":"%%14611","SeverityValue":2,"EventID":5156,"SourceAddress":"172.18.39.5","ProviderGuid":"{54849625-5478-4994-A5BA-3E3B0328C30D}","RecordNumber":115054,"SourceModuleType":"im_msvistalog","Keywords":-9214364837600034816,"FilterRTID":"69420","Protocol":"6","RemoteUserID":"S-1-0-0"}
{"tags":["mordorDataset"],"@version":"1","EventType":"AUDIT_SUCCESS","Version":1,"ThreadID":328,"EventTime":"2020-08-06 12:13:14","Task":12810,"DestAddress":"172.18.38.5","SourcePort":"58065","Channel":"Security","SourceName":"Microsoft-Windows-Security-Auditing","OpcodeValue":0,"Hostname":"MORDORDC.theshire.local","@timestamp":"2020-08-06T16:13:15.870Z","Message":"The Windows Filtering Platform has permitted a connection.\r\n\r\nApplication Information:\r\n\tProcess ID:\t\t704\r\n\tApplication Name:\t\\device\\harddiskvolume2\\windows\\system32\\lsass.exe\r\n\r\nNetwork Information:\r\n\tDirection:\t\tInbound\r\n\tSource Address:\t\t172.18.39.5\r\n\tSource Port:\t\t58065\r\n\tDestination Address:\t172.18.38.5\r\n\tDestination Port:\t\t389\r\n\tProtocol:\t\t6\r\n\r\nFilter Information:\r\n\tFilter Run-Time ID:\t67835\r\n\tLayer Name:\t\tReceive/Accept\r\n\tLayer Run-Time ID:\t44","Category":"Filtering Platform Connection","Opcode":"Info","SourceModuleName":"eventlog","ProcessId":"704","EventReceivedTime":"2020-08-06 12:13:15","port":60122,"Application":"\\device\\harddiskvolume2\\windows\\system32\\lsass.exe","ExecutionProcessID":4,"Direction":"%%14592","RemoteMachineID":"S-1-0-0","host":"wec.internal.cloudapp.net","DestPort":"389","Severity":"INFO","LayerRTID":"44","LayerName":"%%14610","SeverityValue":2,"EventID":5156,"SourceAddress":"172.18.39.5","ProviderGuid":"{54849625-5478-4994-A5BA-3E3B0328C30D}","RecordNumber":447801,"SourceModuleType":"im_msvistalog","Keywords":-9214364837600034816,"FilterRTID":"67835","Protocol":"6","RemoteUserID":"S-1-0-0"}
{"@version":"1","EventType":"AUDIT_SUCCESS","Version":0,"ThreadID":1916,"EventTime":"2020-08-06 12:13:14","Task":12810,"SourcePort":"58067","Channel":"Security","SourceName":"Microsoft-Windows-Security-Auditing","OpcodeValue":0,"Hostname":"WORKSTATION5.theshire.local","@timestamp":"2020-08-06T16:13:15.871Z","Message":"The Windows Filtering Platform has permitted a bind to a local port.\r\n\r\nApplication Information:\r\n\tProcess ID:\t\t7240\r\n\tApplication Name:\t\\device\\harddiskvolume2\\users\\pgustavo\\desktop\\grunthttp.exe\r\n\r\nNetwork Information:\r\n\tSource Address:\t\t0.0.0.0\r\n\tSource Port:\t\t58067\r\n\tProtocol:\t\t6\r\n\r\nFilter Information:\r\n\tFilter Run-Time ID:\t0\r\n\tLayer Name:\t\tResource Assignment\r\n\tLayer Run-Time ID:\t36","Category":"Filtering Platform Connection","Opcode":"Info","SourceModuleName":"eventlog","ProcessId":"7240","EventReceivedTime":"2020-08-06 12:13:15","port":60122,"Application":"\\device\\harddiskvolume2\\users\\pgustavo\\desktop\\grunthttp.exe","ExecutionProcessID":4,"host":"wec.internal.cloudapp.net","Severity":"INFO","LayerRTID":"36","LayerName":"%%14608","SeverityValue":2,"EventID":5158,"SourceAddress":"0.0.0.0","ProviderGuid":"{54849625-5478-4994-A5BA-3E3B0328C30D}","RecordNumber":115055,"SourceModuleType":"im_msvistalog","Keywords":-9214364837600034816,"FilterRTID":"0","Protocol":"6","tags":["mordorDataset"]}
{"tags":["mordorDataset"],"@version":"1","EventType":"AUDIT_SUCCESS","Version":1,"ThreadID":1916,"EventTime":"2020-08-06 12:13:14","Task":12810,"DestAddress":"172.18.38.5","SourcePort":"58067","Channel":"Security","SourceName":"Microsoft-Windows-Security-Auditing","OpcodeValue":0,"Hostname":"WORKSTATION5.theshire.local","@timestamp":"2020-08-06T16:13:15.871Z","Message":"The Windows Filtering Platform has permitted a connection.\r\n\r\nApplication Information:\r\n\tProcess ID:\t\t7240\r\n\tApplication Name:\t\\device\\harddiskvolume2\\users\\pgustavo\\desktop\\grunthttp.exe\r\n\r\nNetwork Information:\r\n\tDirection:\t\tOutbound\r\n\tSource Address:\t\t172.18.39.5\r\n\tSource Port:\t\t58067\r\n\tDestination Address:\t172.18.38.5\r\n\tDestination Port:\t\t389\r\n\tProtocol:\t\t6\r\n\r\nFilter Information:\r\n\tFilter Run-Time ID:\t69420\r\n\tLayer Name:\t\tConnect\r\n\tLayer Run-Time ID:\t48","Category":"Filtering Platform Connection","Opcode":"Info","SourceModuleName":"eventlog","ProcessId":"7240","EventReceivedTime":"2020-08-06 12:13:15","port":60122,"Application":"\\device\\harddiskvolume2\\users\\pgustavo\\desktop\\grunthttp.exe","ExecutionProcessID":4,"Direction":"%%14593","RemoteMachineID":"S-1-0-0","host":"wec.internal.cloudapp.net","DestPort":"389","Severity":"INFO","LayerRTID":"48","LayerName":"%%14611","SeverityValue":2,"EventID":5156,"SourceAddress":"172.18.39.5","ProviderGuid":"{54849625-5478-4994-A5BA-3E3B0328C30D}","RecordNumber":115056,"SourceModuleType":"im_msvistalog","Keywords":-9214364837600034816,"FilterRTID":"69420","Protocol":"6","RemoteUserID":"S-1-0-0"}
{"tags":["mordorDataset"],"@version":"1","EventType":"AUDIT_SUCCESS","Version":1,"ThreadID":328,"EventTime":"2020-08-06 12:13:14","Task":12810,"DestAddress":"172.18.38.5","SourcePort":"58066","Channel":"Security","SourceName":"Microsoft-Windows-Security-Auditing","OpcodeValue":0,"Hostname":"MORDORDC.theshire.local","@timestamp":"2020-08-06T16:13:15.871Z","Message":"The Windows Filtering Platform has permitted a connection.\r\n\r\nApplication Information:\r\n\tProcess ID:\t\t704\r\n\tApplication Name:\t\\device\\harddiskvolume2\\windows\\system32\\lsass.exe\r\n\r\nNetwork Information:\r\n\tDirection:\t\tInbound\r\n\tSource Address:\t\t172.18.39.5\r\n\tSource Port:\t\t58066\r\n\tDestination Address:\t172.18.38.5\r\n\tDestination Port:\t\t88\r\n\tProtocol:\t\t6\r\n\r\nFilter Information:\r\n\tFilter Run-Time ID:\t67835\r\n\tLayer Name:\t\tReceive/Accept\r\n\tLayer Run-Time ID:\t44","Category":"Filtering Platform Connection","Opcode":"Info","SourceModuleName":"eventlog","ProcessId":"704","EventReceivedTime":"2020-08-06 12:13:15","port":60122,"Application":"\\device\\harddiskvolume2\\windows\\system32\\lsass.exe","ExecutionProcessID":4,"Direction":"%%14592","RemoteMachineID":"S-1-0-0","host":"wec.internal.cloudapp.net","DestPort":"88","Severity":"INFO","LayerRTID":"44","LayerName":"%%14610","SeverityValue":2,"EventID":5156,"SourceAddress":"172.18.39.5","ProviderGuid":"{54849625-5478-4994-A5BA-3E3B0328C30D}","RecordNumber":447802,"SourceModuleType":"im_msvistalog","Keywords":-9214364837600034816,"FilterRTID":"67835","Protocol":"6","RemoteUserID":"S-1-0-0"}
{"TargetDomainName":"THESHIRE.LOCAL","TicketEncryptionType":"0x12","@version":"1","EventType":"AUDIT_SUCCESS","Version":0,"ThreadID":3392,"EventTime":"2020-08-06 12:13:14","Task":14337,"Channel":"Security","SourceName":"Microsoft-Windows-Security-Auditing","OpcodeValue":0,"Hostname":"MORDORDC.theshire.local","@timestamp":"2020-08-06T16:13:15.871Z","Message":"A Kerberos service ticket was requested.\r\n\r\nAccount Information:\r\n\tAccount Name:\t\tpgustavo@THESHIRE.LOCAL\r\n\tAccount Domain:\t\tTHESHIRE.LOCAL\r\n\tLogon GUID:\t\t{787bc23a-89a8-8bdf-1114-c03e2ca244f1}\r\n\r\nService Information:\r\n\tService Name:\t\tMORDORDC$\r\n\tService ID:\t\tS-1-5-21-1363495622-3806888128-621328882-1000\r\n\r\nNetwork Information:\r\n\tClient Address:\t\t::ffff:172.18.39.5\r\n\tClient Port:\t\t58066\r\n\r\nAdditional Information:\r\n\tTicket Options:\t\t0x40810000\r\n\tTicket Encryption Type:\t0x12\r\n\tFailure Code:\t\t0x0\r\n\tTransited Services:\t-\r\n\r\nThis event is generated every time access is requested to a resource such as a computer or a Windows service.  The service name indicates the resource to which access was requested.\r\n\r\nThis event can be correlated with Windows logon events by comparing the Logon GUID fields in each event.  The logon event occurs on the machine that was accessed, which is often a different machine than the domain controller which issued the service ticket.\r\n\r\nTicket options, encryption types, and failure codes are defined in RFC 4120.","Category":"Kerberos Service Ticket Operations","Opcode":"Info","ServiceName":"MORDORDC$","TransmittedServices":"-","SourceModuleName":"eventlog","IpPort":"58066","port":60122,"EventReceivedTime":"2020-08-06 12:13:15","ServiceSid":"S-1-5-21-1363495622-3806888128-621328882-1000","IpAddress":"::ffff:172.18.39.5","ExecutionProcessID":704,"host":"wec.internal.cloudapp.net","Status":"0x0","Severity":"INFO","TicketOptions":"0x40810000","TargetUserName":"pgustavo@THESHIRE.LOCAL","SeverityValue":2,"EventID":4769,"ProviderGuid":"{54849625-5478-4994-A5BA-3E3B0328C30D}","RecordNumber":447803,"LogonGuid":"{787bc23a-89a8-8bdf-1114-c03e2ca244f1}","Keywords":-9214364837600034816,"SourceModuleType":"im_msvistalog","tags":["mordorDataset"]}
{"SubjectLogonId":"0x14cd39c","@version":"1","EventType":"AUDIT_SUCCESS","Version":0,"ThreadID":3392,"EventTime":"2020-08-06 12:13:14","Task":12548,"PrivilegeList":"SeSecurityPrivilege\r\n\t\t\tSeBackupPrivilege\r\n\t\t\tSeRestorePrivilege\r\n\t\t\tSeTakeOwnershipPrivilege\r\n\t\t\tSeDebugPrivilege\r\n\t\t\tSeSystemEnvironmentPrivilege\r\n\t\t\tSeLoadDriverPrivilege\r\n\t\t\tSeImpersonatePrivilege\r\n\t\t\tSeDelegateSessionUserImpersonatePrivilege\r\n\t\t\tSeEnableDelegationPrivilege","Channel":"Security","SourceName":"Microsoft-Windows-Security-Auditing","OpcodeValue":0,"Hostname":"MORDORDC.theshire.local","@timestamp":"2020-08-06T16:13:15.871Z","Message":"Special privileges assigned to new logon.\r\n\r\nSubject:\r\n\tSecurity ID:\t\tS-1-5-21-1363495622-3806888128-621328882-1104\r\n\tAccount Name:\t\tpgustavo\r\n\tAccount Domain:\t\tTHESHIRE\r\n\tLogon ID:\t\t0x14CD39C\r\n\r\nPrivileges:\t\tSeSecurityPrivilege\r\n\t\t\tSeBackupPrivilege\r\n\t\t\tSeRestorePrivilege\r\n\t\t\tSeTakeOwnershipPrivilege\r\n\t\t\tSeDebugPrivilege\r\n\t\t\tSeSystemEnvironmentPrivilege\r\n\t\t\tSeLoadDriverPrivilege\r\n\t\t\tSeImpersonatePrivilege\r\n\t\t\tSeDelegateSessionUserImpersonatePrivilege\r\n\t\t\tSeEnableDelegationPrivilege","Category":"Special Logon","Opcode":"Info","SubjectDomainName":"THESHIRE","SourceModuleName":"eventlog","EventReceivedTime":"2020-08-06 12:13:15","port":60122,"ExecutionProcessID":704,"host":"wec.internal.cloudapp.net","SubjectUserSid":"S-1-5-21-1363495622-3806888128-621328882-1104","SubjectUserName":"pgustavo","Severity":"INFO","SeverityValue":2,"EventID":4672,"ProviderGuid":"{54849625-5478-4994-A5BA-3E3B0328C30D}","RecordNumber":447804,"SourceModuleType":"im_msvistalog","Keywords":-9214364837600034816,"tags":["mordorDataset"]}
{"TargetDomainName":"THESHIRE.LOCAL","tags":["mordorDataset"],"@version":"1","EventType":"AUDIT_SUCCESS","ThreadID":3392,"ElevatedToken":"%%1842","Channel":"Security","OpcodeValue":0,"SubjectDomainName":"-","Hostname":"MORDORDC.theshire.local","@timestamp":"2020-08-06T16:13:15.872Z","Category":"Logon","ProcessId":"0x0","TargetOutboundDomainName":"-","IpPort":"58065","ImpersonationLevel":"%%1833","ProcessName":"-","KeyLength":"0","host":"wec.internal.cloudapp.net","TargetOutboundUserName":"-","SubjectUserName":"-","RestrictedAdminMode":"-","Severity":"INFO","LogonProcessName":"Kerberos","SeverityValue":2,"LogonGuid":"{c4851997-d65b-71ab-57fe-56cd96b62ffa}","SourceModuleType":"im_msvistalog","SubjectLogonId":"0x0","WorkstationName":"-","TargetLinkedLogonId":"0x0","Version":2,"EventTime":"2020-08-06 12:13:14","Task":12544,"SourceName":"Microsoft-Windows-Security-Auditing","Opcode":"Info","Message":"An account was successfully logged on.\r\n\r\nSubject:\r\n\tSecurity ID:\t\tS-1-0-0\r\n\tAccount Name:\t\t-\r\n\tAccount Domain:\t\t-\r\n\tLogon ID:\t\t0x0\r\n\r\nLogon Information:\r\n\tLogon Type:\t\t3\r\n\tRestricted Admin Mode:\t-\r\n\tVirtual Account:\t\tNo\r\n\tElevated Token:\t\tYes\r\n\r\nImpersonation Level:\t\tImpersonation\r\n\r\nNew Logon:\r\n\tSecurity ID:\t\tS-1-5-21-1363495622-3806888128-621328882-1104\r\n\tAccount Name:\t\tpgustavo\r\n\tAccount Domain:\t\tTHESHIRE.LOCAL\r\n\tLogon ID:\t\t0x14CD39C\r\n\tLinked Logon ID:\t\t0x0\r\n\tNetwork Account Name:\t-\r\n\tNetwork Account Domain:\t-\r\n\tLogon GUID:\t\t{c4851997-d65b-71ab-57fe-56cd96b62ffa}\r\n\r\nProcess Information:\r\n\tProcess ID:\t\t0x0\r\n\tProcess Name:\t\t-\r\n\r\nNetwork Information:\r\n\tWorkstation Name:\t-\r\n\tSource Network Address:\t172.18.39.5\r\n\tSource Port:\t\t58065\r\n\r\nDetailed Authentication Information:\r\n\tLogon Process:\t\tKerberos\r\n\tAuthentication Package:\tKerberos\r\n\tTransited Services:\t-\r\n\tPackage Name (NTLM only):\t-\r\n\tKey Length:\t\t0\r\n\r\nThis event is generated when a logon session is created. It is generated on the computer that was accessed.\r\n\r\nThe subject fields indicate the account on the local system which requested the logon. This is most commonly a service such as the Server service, or a local process such as Winlogon.exe or Services.exe.\r\n\r\nThe logon type field indicates the kind of logon that occurred. The most common types are 2 (interactive) and 3 (network).\r\n\r\nThe New Logon fields indicate the account for whom the new logon was created, i.e. the account that was logged on.\r\n\r\nThe network fields indicate where a remote logon request originated. Workstation name is not always available and may be left blank in some cases.\r\n\r\nThe impersonation level field indicates the extent to which a process in the logon session can impersonate.\r\n\r\nThe authentication information fields provide detailed information about this specific logon request.\r\n\t- Logon GUID is a unique identifier that can be used to correlate this event with a KDC event.\r\n\t- Transited services indicate which intermediate services have participated in this logon request.\r\n\t- Package name indicates which sub-protocol was used among the NTLM protocols.\r\n\t- Key length indicates the length of the generated session key. This will be 0 if no session key was requested.","SourceModuleName":"eventlog","TargetLogonId":"0x14cd39c","TargetUserSid":"S-1-5-21-1363495622-3806888128-621328882-1104","TransmittedServices":"-","EventReceivedTime":"2020-08-06 12:13:15","port":60122,"IpAddress":"172.18.39.5","LmPackageName":"-","ExecutionProcessID":704,"SubjectUserSid":"S-1-0-0","TargetUserName":"pgustavo","EventID":4624,"AuthenticationPackageName":"Kerberos","ProviderGuid":"{54849625-5478-4994-A5BA-3E3B0328C30D}","RecordNumber":447805,"Keywords":-9214364837600034816,"VirtualAccount":"%%1843","LogonType":"3"}
{"TargetDomainName":"THESHIRE.LOCAL","SubjectLogonId":"0x0","@version":"1","EventType":"AUDIT_SUCCESS","Version":0,"ThreadID":3392,"EventTime":"2020-08-06 12:13:14","Task":12554,"Channel":"Security","SourceName":"Microsoft-Windows-Security-Auditing","OpcodeValue":0,"Hostname":"MORDORDC.theshire.local","@timestamp":"2020-08-06T16:13:15.872Z","Message":"Group membership information.\r\n\r\nSubject:\r\n\tSecurity ID:\t\tS-1-0-0\r\n\tAccount Name:\t\t-\r\n\tAccount Domain:\t\t-\r\n\tLogon ID:\t\t0x0\r\n\r\nLogon Type:\t\t\t3\r\n\r\nNew Logon:\r\n\tSecurity ID:\t\tS-1-5-21-1363495622-3806888128-621328882-1104\r\n\tAccount Name:\t\tpgustavo\r\n\tAccount Domain:\t\tTHESHIRE.LOCAL\r\n\tLogon ID:\t\t0x14CD39C\r\n\r\nEvent in sequence:\t\t1 of 1\r\n\r\nGroup Membership:\t\t\t\r\n\t\t%{S-1-5-21-1363495622-3806888128-621328882-513}\r\n\t\t%{S-1-1-0}\r\n\t\t%{S-1-5-32-545}\r\n\t\t%{S-1-5-32-554}\r\n\t\t%{S-1-5-32-555}\r\n\t\t%{S-1-5-32-544}\r\n\t\t%{S-1-5-2}\r\n\t\t%{S-1-5-11}\r\n\t\t%{S-1-5-15}\r\n\t\t%{S-1-5-21-1363495622-3806888128-621328882-512}\r\n\t\t%{S-1-5-21-1363495622-3806888128-621328882-518}\r\n\t\t%{S-1-5-21-1363495622-3806888128-621328882-519}\r\n\t\t%{S-1-18-1}\r\n\t\t%{S-1-5-21-1363495622-3806888128-621328882-572}\r\n\t\t%{S-1-16-12288}\r\n\r\nThe subject fields indicate the account on the local system which requested the logon. This is most commonly a service such as the Server service, or a local process such as Winlogon.exe or Services.exe.\r\n\r\nThe logon type field indicates the kind of logon that occurred. The most common types are 2 (interactive) and 3 (network).\r\n\r\nThe New Logon fields indicate the account for whom the new logon was created, i.e. the account that was logged on.\r\n\r\nThis event is generated when the Audit Group Membership subcategory is configured.  The Logon ID field can be used to correlate this event with the corresponding user logon event as well as to any other security audit events generated during this logon session.","Category":"Group Membership","Opcode":"Info","SubjectDomainName":"-","TargetUserSid":"S-1-5-21-1363495622-3806888128-621328882-1104","TargetLogonId":"0x14cd39c","GroupMembership":"\r\n\t\t%{S-1-5-21-1363495622-3806888128-621328882-513}\r\n\t\t%{S-1-1-0}\r\n\t\t%{S-1-5-32-545}\r\n\t\t%{S-1-5-32-554}\r\n\t\t%{S-1-5-32-555}\r\n\t\t%{S-1-5-32-544}\r\n\t\t%{S-1-5-2}\r\n\t\t%{S-1-5-11}\r\n\t\t%{S-1-5-15}\r\n\t\t%{S-1-5-21-1363495622-3806888128-621328882-512}\r\n\t\t%{S-1-5-21-1363495622-3806888128-621328882-518}\r\n\t\t%{S-1-5-21-1363495622-3806888128-621328882-519}\r\n\t\t%{S-1-18-1}\r\n\t\t%{S-1-5-21-1363495622-3806888128-621328882-572}\r\n\t\t%{S-1-16-12288}","port":60122,"EventReceivedTime":"2020-08-06 12:13:15","SourceModuleName":"eventlog","ExecutionProcessID":704,"EventIdx":"1","host":"wec.internal.cloudapp.net","SubjectUserSid":"S-1-0-0","SubjectUserName":"-","EventCountTotal":"1","Severity":"INFO","TargetUserName":"pgustavo","SeverityValue":2,"EventID":4627,"ProviderGuid":"{54849625-5478-4994-A5BA-3E3B0328C30D}","RecordNumber":447806,"SourceModuleType":"im_msvistalog","Keywords":-9214364837600034816,"tags":["mordorDataset"],"LogonType":"3"}
{"TargetDomainName":"THESHIRE","@version":"1","EventType":"AUDIT_SUCCESS","Version":0,"ThreadID":5764,"EventTime":"2020-08-06 12:13:14","Task":12545,"Channel":"Security","SourceName":"Microsoft-Windows-Security-Auditing","OpcodeValue":0,"Hostname":"MORDORDC.theshire.local","@timestamp":"2020-08-06T16:13:15.872Z","Message":"An account was logged off.\r\n\r\nSubject:\r\n\tSecurity ID:\t\tS-1-5-21-1363495622-3806888128-621328882-1104\r\n\tAccount Name:\t\tpgustavo\r\n\tAccount Domain:\t\tTHESHIRE\r\n\tLogon ID:\t\t0x14CD39C\r\n\r\nLogon Type:\t\t\t3\r\n\r\nThis event is generated when a logon session is destroyed. It may be positively correlated with a logon event using the Logon ID value. Logon IDs are only unique between reboots on the same computer.","Category":"Logoff","Opcode":"Info","TargetUserSid":"S-1-5-21-1363495622-3806888128-621328882-1104","TargetLogonId":"0x14cd39c","SourceModuleName":"eventlog","EventReceivedTime":"2020-08-06 12:13:15","port":60122,"ExecutionProcessID":704,"host":"wec.internal.cloudapp.net","Severity":"INFO","TargetUserName":"pgustavo","SeverityValue":2,"EventID":4634,"ProviderGuid":"{54849625-5478-4994-A5BA-3E3B0328C30D}","RecordNumber":447807,"SourceModuleType":"im_msvistalog","Keywords":-9214364837600034816,"tags":["mordorDataset"],"LogonType":"3"}
{"tags":["mordorDataset"],"@version":"1","EventType":"AUDIT_SUCCESS","Version":1,"ThreadID":328,"EventTime":"2020-08-06 12:13:14","Task":12810,"DestAddress":"172.18.38.5","SourcePort":"58067","Channel":"Security","SourceName":"Microsoft-Windows-Security-Auditing","OpcodeValue":0,"Hostname":"MORDORDC.theshire.local","@timestamp":"2020-08-06T16:13:15.872Z","Message":"The Windows Filtering Platform has permitted a connection.\r\n\r\nApplication Information:\r\n\tProcess ID:\t\t704\r\n\tApplication Name:\t\\device\\harddiskvolume2\\windows\\system32\\lsass.exe\r\n\r\nNetwork Information:\r\n\tDirection:\t\tInbound\r\n\tSource Address:\t\t172.18.39.5\r\n\tSource Port:\t\t58067\r\n\tDestination Address:\t172.18.38.5\r\n\tDestination Port:\t\t389\r\n\tProtocol:\t\t6\r\n\r\nFilter Information:\r\n\tFilter Run-Time ID:\t67835\r\n\tLayer Name:\t\tReceive/Accept\r\n\tLayer Run-Time ID:\t44","Category":"Filtering Platform Connection","Opcode":"Info","SourceModuleName":"eventlog","ProcessId":"704","EventReceivedTime":"2020-08-06 12:13:15","port":60122,"Application":"\\device\\harddiskvolume2\\windows\\system32\\lsass.exe","ExecutionProcessID":4,"Direction":"%%14592","RemoteMachineID":"S-1-0-0","host":"wec.internal.cloudapp.net","DestPort":"389","Severity":"INFO","LayerRTID":"44","LayerName":"%%14610","SeverityValue":2,"EventID":5156,"SourceAddress":"172.18.39.5","ProviderGuid":"{54849625-5478-4994-A5BA-3E3B0328C30D}","RecordNumber":447808,"SourceModuleType":"im_msvistalog","Keywords":-9214364837600034816,"FilterRTID":"67835","Protocol":"6","RemoteUserID":"S-1-0-0"}
{"SubjectLogonId":"0x14cd3b4","@version":"1","EventType":"AUDIT_SUCCESS","Version":0,"ThreadID":2644,"EventTime":"2020-08-06 12:13:14","Task":12548,"PrivilegeList":"SeSecurityPrivilege\r\n\t\t\tSeBackupPrivilege\r\n\t\t\tSeRestorePrivilege\r\n\t\t\tSeTakeOwnershipPrivilege\r\n\t\t\tSeDebugPrivilege\r\n\t\t\tSeSystemEnvironmentPrivilege\r\n\t\t\tSeLoadDriverPrivilege\r\n\t\t\tSeImpersonatePrivilege\r\n\t\t\tSeDelegateSessionUserImpersonatePrivilege\r\n\t\t\tSeEnableDelegationPrivilege","Channel":"Security","SourceName":"Microsoft-Windows-Security-Auditing","OpcodeValue":0,"Hostname":"MORDORDC.theshire.local","@timestamp":"2020-08-06T16:13:15.872Z","Message":"Special privileges assigned to new logon.\r\n\r\nSubject:\r\n\tSecurity ID:\t\tS-1-5-21-1363495622-3806888128-621328882-1104\r\n\tAccount Name:\t\tpgustavo\r\n\tAccount Domain:\t\tTHESHIRE\r\n\tLogon ID:\t\t0x14CD3B4\r\n\r\nPrivileges:\t\tSeSecurityPrivilege\r\n\t\t\tSeBackupPrivilege\r\n\t\t\tSeRestorePrivilege\r\n\t\t\tSeTakeOwnershipPrivilege\r\n\t\t\tSeDebugPrivilege\r\n\t\t\tSeSystemEnvironmentPrivilege\r\n\t\t\tSeLoadDriverPrivilege\r\n\t\t\tSeImpersonatePrivilege\r\n\t\t\tSeDelegateSessionUserImpersonatePrivilege\r\n\t\t\tSeEnableDelegationPrivilege","Category":"Special Logon","Opcode":"Info","SubjectDomainName":"THESHIRE","SourceModuleName":"eventlog","EventReceivedTime":"2020-08-06 12:13:15","port":60122,"ExecutionProcessID":704,"host":"wec.internal.cloudapp.net","SubjectUserSid":"S-1-5-21-1363495622-3806888128-621328882-1104","SubjectUserName":"pgustavo","Severity":"INFO","SeverityValue":2,"EventID":4672,"ProviderGuid":"{54849625-5478-4994-A5BA-3E3B0328C30D}","RecordNumber":447809,"SourceModuleType":"im_msvistalog","Keywords":-9214364837600034816,"tags":["mordorDataset"]}
